2022-09-05 14:32:42,912: detec_zd: 接收参数：[图片路径：./photo/61img/PICTURE1\3730001000000892640164.jpg，配置文件路径：./photo/ini61 ]
识别结果：[('当前上18月组合反正向无有功IIIV总费率18', 0.9526405334472656), ('ABCNCOSQ阶梯剩余需电量费价失压流功率时间段', 0.9330014586448669), ('元', 0.9985949397087097), ('88', 0.8807339668273926), ('kVAh', 0.9053657054901123), ('kvarh', 0.905440628528595), ('88.888888uaubuc-la-b-1oL8T18', 0.8025065064430237), ('88金88送相序成功失败请购电拉闸', 0.8826595544815063)]

2022-09-05 14:32:42,913: detec_zd: 接收参数：[图片路径：./photo/61img/PICTURE1\3730001000000892640164.jpg，配置文件路径：./photo/ini61 ]
识别结果：[('当前上18月组合反正向无有功IIIV总费率18', 0.9526405334472656), ('ABCNCOSQ阶梯剩余需电量费价失压流功率时间段', 0.9330014586448669), ('元', 0.9985949397087097), ('88', 0.8807339668273926), ('kVAh', 0.9053657054901123), ('kvarh', 0.905440628528595), ('88.888888uaubuc-la-b-1oL8T18', 0.8025065064430237), ('88金88送相序成功失败请购电拉闸', 0.8826595544815063)]

2022-09-05 14:32:44,078: detec_zd: 接收参数：[图片路径：./photo/61img/PICTURE1\3730001000000892641994.jpg，配置文件路径：./photo/ini61 ]
识别结果：[]

2022-09-05 14:32:45,959: detec_zd: 接收参数：[图片路径：./photo/61img/PICTURE1\3730001000000892663187.jpg，配置文件路径：./photo/ini61 ]
识别结果：[('当前上18月组合反正向无有动IV总费', 0.8427025675773621), ('ABCNCOSΦ阶梯乘余需', 0.844143807888031), ('8888888', 0.8729215264320374), ('元', 0.9982062578201294), ('kWAh', 0.8526304364204407), ('kvarh', 0.8945221900939941), ('88888888060-1a-16-16L88T18', 0.7206806540489197), ('88金88相序成功失败请购电拉间', 0.7917710542678833)]

2022-09-05 14:32:45,959: detec_zd: 接收参数：[图片路径：./photo/61img/PICTURE1\3730001000000892663187.jpg，配置文件路径：./photo/ini61 ]
识别结果：[('当前上18月组合反正向无有动IV总费', 0.8427025675773621), ('ABCNCOSΦ阶梯乘余需', 0.844143807888031), ('8888888', 0.8729215264320374), ('元', 0.9982062578201294), ('kWAh', 0.8526304364204407), ('kvarh', 0.8945221900939941), ('88888888060-1a-16-16L88T18', 0.7206806540489197), ('88金88相序成功失败请购电拉间', 0.7917710542678833)]

2022-09-05 14:32:46,746: detec_zd: 接收参数：[图片路径：./photo/61img/PICTURE2\3730001000000892641970.jpg，配置文件路径：./photo/ini61 ]
识别结果：[]

2022-09-05 14:32:48,840: detec_zd: 接收参数：[图片路径：./photo/61img/PICTURE3\3730001000000892656387.jpg，配置文件路径：./photo/ini61 ]
识别结果：[('当前上18月组合反正向无有功IV总费率18', 0.9313927888870239), ('ABCNCOS0阶梯剩余需电量费价失压流功率时间段', 0.9341179728507996), ('元', 0.9988969564437866), ('kWAh', 0.9805392622947693), ('kvarh', 0.9923259019851685), ('88888888uaubc-la-1b-1oL8T18', 0.77599036693573), ('88金88送相序成功失败请购电拉闸', 0.8571298122406006)]

2022-09-05 14:32:48,840: detec_zd: 接收参数：[图片路径：./photo/61img/PICTURE3\3730001000000892656387.jpg，配置文件路径：./photo/ini61 ]
识别结果：[('当前上18月组合反正向无有功IV总费率18', 0.9313927888870239), ('ABCNCOS0阶梯剩余需电量费价失压流功率时间段', 0.9341179728507996), ('元', 0.9988969564437866), ('kWAh', 0.9805392622947693), ('kvarh', 0.9923259019851685), ('88888888uaubc-la-1b-1oL8T18', 0.77599036693573), ('88金88送相序成功失败请购电拉闸', 0.8571298122406006)]

2022-09-05 14:32:49,579: detec_zd: 接收参数：[图片路径：./photo/61img/PICTURE3\3730001000000892660612.jpg，配置文件路径：./photo/ini61 ]
识别结果：[]

2022-09-05 14:32:51,540: detec_zd: 接收参数：[图片路径：./photo/61img/PICTURE4\3730001000000892630677.jpg，配置文件路径：./photo/ini61 ]
识别结果：[('当前上18月组合反正向无有功IIIV总费率18', 0.9147094488143921), ('ABCNCOSO阶梯剩余需电量费价失压流功率时间段', 0.9326583743095398), ('元', 0.9973178505897522), ('-888', 0.9034281969070435), ('kWAh', 0.9576173424720764), ('kvarh', 0.9329760670661926), ('88888888uabUc-la-1b-loL8T18', 0.7869099974632263), ('88金88送相序成功失败请购电拉闸', 0.8840221166610718)]

2022-09-05 14:32:51,540: detec_zd: 接收参数：[图片路径：./photo/61img/PICTURE4\3730001000000892630677.jpg，配置文件路径：./photo/ini61 ]
识别结果：[('当前上18月组合反正向无有功IIIV总费率18', 0.9147094488143921), ('ABCNCOSO阶梯剩余需电量费价失压流功率时间段', 0.9326583743095398), ('元', 0.9973178505897522), ('-888', 0.9034281969070435), ('kWAh', 0.9576173424720764), ('kvarh', 0.9329760670661926), ('88888888uabUc-la-1b-loL8T18', 0.7869099974632263), ('88金88送相序成功失败请购电拉闸', 0.8840221166610718)]

2022-09-05 14:32:53,559: detec_zd: 接收参数：[图片路径：./photo/61img/PICTURE4\3730001000000892679829.jpg，配置文件路径：./photo/ini61 ]
识别结果：[('当前上18月组合反正向无有功IIIV总费率18', 0.9459637999534607), ('ABCNCOS@阶梯剩余需电量费价失压流功率时间段', 0.9215875864028931), ('元', 0.9960092306137085), ('kWAh', 0.9297724366188049), ('kvarh', 0.9702929258346558), ('88888888uaubuc-la-Ib-1oL8T18', 0.7891592383384705), ('88金88送相序成功失败请购电拉闸', 0.8455179929733276)]

2022-09-05 14:32:53,559: detec_zd: 接收参数：[图片路径：./photo/61img/PICTURE4\3730001000000892679829.jpg，配置文件路径：./photo/ini61 ]
识别结果：[('当前上18月组合反正向无有功IIIV总费率18', 0.9459637999534607), ('ABCNCOS@阶梯剩余需电量费价失压流功率时间段', 0.9215875864028931), ('元', 0.9960092306137085), ('kWAh', 0.9297724366188049), ('kvarh', 0.9702929258346558), ('88888888uaubuc-la-Ib-1oL8T18', 0.7891592383384705), ('88金88送相序成功失败请购电拉闸', 0.8455179929733276)]

2022-09-05 14:32:55,533: detec_zd: 接收参数：[图片路径：./photo/61img/PICTURE5\3730001000000892645503.jpg，配置文件路径：./photo/ini61 ]
识别结果：[('当前上18月组合反正向无有功IIIV总费率18', 0.917559802532196), ('ABCNCOS阶梯剩余需电量费价失压流功率时间段', 0.9705002903938293), ('元', 0.9983029365539551), ('kWAh', 0.932746410369873), ('kvarh', 0.889990508556366), ('8888.8888uaube-a-1b-lL8T18', 0.8337284922599792), ('8888送相序成功失败请购电拉闸', 0.8917795419692993)]

2022-09-05 14:32:55,533: detec_zd: 接收参数：[图片路径：./photo/61img/PICTURE5\3730001000000892645503.jpg，配置文件路径：./photo/ini61 ]
识别结果：[('当前上18月组合反正向无有功IIIV总费率18', 0.917559802532196), ('ABCNCOS阶梯剩余需电量费价失压流功率时间段', 0.9705002903938293), ('元', 0.9983029365539551), ('kWAh', 0.932746410369873), ('kvarh', 0.889990508556366), ('8888.8888uaube-a-1b-lL8T18', 0.8337284922599792), ('8888送相序成功失败请购电拉闸', 0.8917795419692993)]

2022-09-05 14:32:57,674: detec_zd: 接收参数：[图片路径：./photo/61img/PICTURE5\3730001000000892648184.jpg，配置文件路径：./photo/ini61 ]
识别结果：[('当前上18月组合反正向无有功IIIV总费率18', 0.9243872165679932), ('ABCNCOS0阶梯剩余需电量费价失压流功率时间段', 0.9539803862571716), ('元', 0.997731626033783), ('-881', 0.7753154039382935), ('kWAh', 0.8379474878311157), ('kvarh', 0.9778976440429688), ('88888888uaubUc-la-Ib-loL8T18', 0.8068394064903259), ('8888送相序成功失败请购电拉闸', 0.8864685297012329)]

2022-09-05 14:32:57,674: detec_zd: 接收参数：[图片路径：./photo/61img/PICTURE5\3730001000000892648184.jpg，配置文件路径：./photo/ini61 ]
识别结果：[('当前上18月组合反正向无有功IIIV总费率18', 0.9243872165679932), ('ABCNCOS0阶梯剩余需电量费价失压流功率时间段', 0.9539803862571716), ('元', 0.997731626033783), ('-881', 0.7753154039382935), ('kWAh', 0.8379474878311157), ('kvarh', 0.9778976440429688), ('88888888uaubUc-la-Ib-loL8T18', 0.8068394064903259), ('8888送相序成功失败请购电拉闸', 0.8864685297012329)]

2022-09-05 14:32:58,551: detec_zd: 接收参数：[图片路径：./photo/61img/PICTURE5\3730001000000892670031.jpg，配置文件路径：./photo/ini61 ]
识别结果：[]

2022-09-05 14:33:00,862: detec_zd: 接收参数：[图片路径：./photo/61img/PICTURE6\3730001000000892678778.jpg，配置文件路径：./photo/ini61 ]
识别结果：[('当前上18月组合反正向无有功IIV总费率18', 0.8984724283218384), ('ABCNCOS阶梯剩余需电量费价失压流功率时间段', 0.9644463658332825), ('元', 0.998651921749115), ('kWVAh', 0.7465082406997681), ('kvarh', 0.9911705851554871), ('88888888uaubuc-la-1b-loL8T18', 0.8048554062843323), ('8888送相序成功失败请购电拉闸', 0.8261101245880127)]

2022-09-05 14:33:00,862: detec_zd: 接收参数：[图片路径：./photo/61img/PICTURE6\3730001000000892678778.jpg，配置文件路径：./photo/ini61 ]
识别结果：[('当前上18月组合反正向无有功IIV总费率18', 0.8984724283218384), ('ABCNCOS阶梯剩余需电量费价失压流功率时间段', 0.9644463658332825), ('元', 0.998651921749115), ('kWVAh', 0.7465082406997681), ('kvarh', 0.9911705851554871), ('88888888uaubuc-la-1b-loL8T18', 0.8048554062843323), ('8888送相序成功失败请购电拉闸', 0.8261101245880127)]

2022-09-05 14:39:15,251: detec_zd: 接收参数：[图片路径：./photo/61img/PICTURE1\3730001000000892640164.jpg，配置文件路径：./photo/ini61 ]
识别结果：[('★', 0.9992687106132507), ('当前上18月组合反正向无有功IIIV总费率18', 0.9672249555587769), ('ABCNCOSΦ阶梯剩余需电量费价失压流功率时间段', 0.9541639089584351), ('8888.8.8:8.8:8.8', 0.9756032228469849), ('元', 0.9768165946006775), ('KWAh', 0.9704837799072266), ('―', 0.8115940093994141), ('Kvarh', 0.9609018564224243), ('88.88.88.88UaUbUc-Ia-Ib-Ic△L8◎T18', 0.9642879366874695), ('88氘§｛∩ē阀Й逆相序成功失败请购电拉闸', 0.9331334233283997)]

2022-09-05 14:39:15,251: detec_zd: 接收参数：[图片路径：./photo/61img/PICTURE1\3730001000000892640164.jpg，配置文件路径：./photo/ini61 ]
识别结果：[('★', 0.9992687106132507), ('当前上18月组合反正向无有功IIIV总费率18', 0.9672249555587769), ('ABCNCOSΦ阶梯剩余需电量费价失压流功率时间段', 0.9541639089584351), ('8888.8.8:8.8:8.8', 0.9756032228469849), ('元', 0.9768165946006775), ('KWAh', 0.9704837799072266), ('―', 0.8115940093994141), ('Kvarh', 0.9609018564224243), ('88.88.88.88UaUbUc-Ia-Ib-Ic△L8◎T18', 0.9642879366874695), ('88氘§｛∩ē阀Й逆相序成功失败请购电拉闸', 0.9331334233283997)]

2022-09-05 14:39:16,654: detec_zd: 接收参数：[图片路径：./photo/61img/PICTURE1\3730001000000892641994.jpg，配置文件路径：./photo/ini61 ]
识别结果：[('――', 0.6356686353683472)]

2022-09-05 14:39:16,654: detec_zd: 接收参数：[图片路径：./photo/61img/PICTURE1\3730001000000892641994.jpg，配置文件路径：./photo/ini61 ]
识别结果：[('――', 0.6356686353683472)]

2022-09-05 14:39:18,971: detec_zd: 接收参数：[图片路径：./photo/61img/PICTURE1\3730001000000892663187.jpg，配置文件路径：./photo/ini61 ]
识别结果：[('当前上18月组合反上向无有功IIIV总费率18', 0.9318853616714478), ('ABCNCOSΦ阶梯剩余需电量费价失压流功率时间段', 0.9902651906013489), ('8888.8.8.8.8.8.8', 0.9452289342880249), ('元', 0.9882320761680603), ('KWAh', 0.9575862288475037), ('―', 0.9903759360313416), ('Kvarh', 0.9616388082504272), ('88.88.88.88UaUbUc-Ia-Ib-Ic△L8◎T18', 0.9684333205223083), ('88氘§｛∩ē阀Й逆相序成功失败请购电拉闸', 0.9403423070907593)]

2022-09-05 14:39:18,971: detec_zd: 接收参数：[图片路径：./photo/61img/PICTURE1\3730001000000892663187.jpg，配置文件路径：./photo/ini61 ]
识别结果：[('当前上18月组合反上向无有功IIIV总费率18', 0.9318853616714478), ('ABCNCOSΦ阶梯剩余需电量费价失压流功率时间段', 0.9902651906013489), ('8888.8.8.8.8.8.8', 0.9452289342880249), ('元', 0.9882320761680603), ('KWAh', 0.9575862288475037), ('―', 0.9903759360313416), ('Kvarh', 0.9616388082504272), ('88.88.88.88UaUbUc-Ia-Ib-Ic△L8◎T18', 0.9684333205223083), ('88氘§｛∩ē阀Й逆相序成功失败请购电拉闸', 0.9403423070907593)]

2022-09-05 14:39:19,676: detec_zd: 接收参数：[图片路径：./photo/61img/PICTURE2\3730001000000892641970.jpg，配置文件路径：./photo/ini61 ]
识别结果：[]

2022-09-05 14:39:21,877: detec_zd: 接收参数：[图片路径：./photo/61img/PICTURE3\3730001000000892656387.jpg，配置文件路径：./photo/ini61 ]
识别结果：[('★', 0.9983640313148499), ('当前上18月组合反正向无有功IIIV总费率18', 0.982283890247345), ('ABCNCOSΦ阶梯剩余需电量费价失压流功率时间段', 0.9747344851493835), ('8888.8.8:8.8:8.8', 0.9249604344367981), ('元', 0.9718239903450012), ('KWAh', 0.9549272656440735), ('―', 0.9979755282402039), ('Kvarh', 0.9557523727416992), ('88.88.88.88UaUbUc-Ia-Ib-Ic△L8◎T18', 0.9349876046180725), ('88氘§｛∩ē阀Й逆相序成功失败请购电拉闸', 0.9538479447364807)]

2022-09-05 14:39:21,877: detec_zd: 接收参数：[图片路径：./photo/61img/PICTURE3\3730001000000892656387.jpg，配置文件路径：./photo/ini61 ]
识别结果：[('★', 0.9983640313148499), ('当前上18月组合反正向无有功IIIV总费率18', 0.982283890247345), ('ABCNCOSΦ阶梯剩余需电量费价失压流功率时间段', 0.9747344851493835), ('8888.8.8:8.8:8.8', 0.9249604344367981), ('元', 0.9718239903450012), ('KWAh', 0.9549272656440735), ('―', 0.9979755282402039), ('Kvarh', 0.9557523727416992), ('88.88.88.88UaUbUc-Ia-Ib-Ic△L8◎T18', 0.9349876046180725), ('88氘§｛∩ē阀Й逆相序成功失败请购电拉闸', 0.9538479447364807)]

2022-09-05 14:39:22,563: detec_zd: 接收参数：[图片路径：./photo/61img/PICTURE3\3730001000000892660612.jpg，配置文件路径：./photo/ini61 ]
识别结果：[]

2022-09-05 14:39:24,756: detec_zd: 接收参数：[图片路径：./photo/61img/PICTURE4\3730001000000892630677.jpg，配置文件路径：./photo/ini61 ]
识别结果：[('★', 0.9989672899246216), ('当前上18月组合反正向无有功IIIV总费率18', 0.9776846766471863), ('ABCNCOSΦ阶梯剩余需电量费价失压流功率时间段', 0.9424956440925598), ('8888.8.8:8.8:8.8', 0.9419470429420471), ('元', 0.9908648133277893), ('KWAh', 0.8786503076553345), ('―', 0.6722465753555298), ('Kvarh', 0.9454501867294312), ('88.88.88.88UaUbUc-Ia-Ib-Ic△L8◎T18', 0.9430973529815674), ('88氘§｛∩ē阀Й逆相序成功失败请购电拉闸', 0.97205650806427)]

2022-09-05 14:39:24,756: detec_zd: 接收参数：[图片路径：./photo/61img/PICTURE4\3730001000000892630677.jpg，配置文件路径：./photo/ini61 ]
识别结果：[('★', 0.9989672899246216), ('当前上18月组合反正向无有功IIIV总费率18', 0.9776846766471863), ('ABCNCOSΦ阶梯剩余需电量费价失压流功率时间段', 0.9424956440925598), ('8888.8.8:8.8:8.8', 0.9419470429420471), ('元', 0.9908648133277893), ('KWAh', 0.8786503076553345), ('―', 0.6722465753555298), ('Kvarh', 0.9454501867294312), ('88.88.88.88UaUbUc-Ia-Ib-Ic△L8◎T18', 0.9430973529815674), ('88氘§｛∩ē阀Й逆相序成功失败请购电拉闸', 0.97205650806427)]

2022-09-05 14:39:26,901: detec_zd: 接收参数：[图片路径：./photo/61img/PICTURE4\3730001000000892679829.jpg，配置文件路径：./photo/ini61 ]
识别结果：[('★', 0.9971054196357727), ('当前上18月组合反正向无有功IIIV总费率18', 0.9544298648834229), ('ABCNCOSΦ阶梯剩余需电量费价失压流功率时间段', 0.9420974254608154), ('8888.8.8:8.8:8.8', 0.9642846584320068), ('元', 0.9856266379356384), ('KWAh', 0.8930444717407227), ('―', 0.9911186099052429), ('Kvarh', 0.9690264463424683), ('88.88.88.88UaUbUc-Ia-Ib-Ic△L8◎T18', 0.9538511633872986), ('88氘§｛∩ē阀Й逆相序成功失败请购电拉闸', 0.9703632593154907)]

2022-09-05 14:39:26,901: detec_zd: 接收参数：[图片路径：./photo/61img/PICTURE4\3730001000000892679829.jpg，配置文件路径：./photo/ini61 ]
识别结果：[('★', 0.9971054196357727), ('当前上18月组合反正向无有功IIIV总费率18', 0.9544298648834229), ('ABCNCOSΦ阶梯剩余需电量费价失压流功率时间段', 0.9420974254608154), ('8888.8.8:8.8:8.8', 0.9642846584320068), ('元', 0.9856266379356384), ('KWAh', 0.8930444717407227), ('―', 0.9911186099052429), ('Kvarh', 0.9690264463424683), ('88.88.88.88UaUbUc-Ia-Ib-Ic△L8◎T18', 0.9538511633872986), ('88氘§｛∩ē阀Й逆相序成功失败请购电拉闸', 0.9703632593154907)]

2022-09-05 14:39:29,047: detec_zd: 接收参数：[图片路径：./photo/61img/PICTURE5\3730001000000892645503.jpg，配置文件路径：./photo/ini61 ]
识别结果：[('★', 0.9977836012840271), ('当前上18月组合反正向无有功IIIV总费率18', 0.9705759286880493), ('ABCNCOSΦ阶梯剩余需电量费价失压流功率时间段', 0.9645198583602905), ('8888.8.8:8.8:8.8', 0.996857225894928), ('元', 0.6552505493164062), ('KWAh', 0.9685818552970886), ('―', 0.9865275025367737), ('Kvarh', 0.9655717611312866), ('88.88.88.88UaUbUc-Ia-Ib-Ic△L8◎T18', 0.9693012833595276), ('88氘§｛∩ē阀Й逆相序成功失败请购电拉闸', 0.9548258781433105)]

2022-09-05 14:39:29,047: detec_zd: 接收参数：[图片路径：./photo/61img/PICTURE5\3730001000000892645503.jpg，配置文件路径：./photo/ini61 ]
识别结果：[('★', 0.9977836012840271), ('当前上18月组合反正向无有功IIIV总费率18', 0.9705759286880493), ('ABCNCOSΦ阶梯剩余需电量费价失压流功率时间段', 0.9645198583602905), ('8888.8.8:8.8:8.8', 0.996857225894928), ('元', 0.6552505493164062), ('KWAh', 0.9685818552970886), ('―', 0.9865275025367737), ('Kvarh', 0.9655717611312866), ('88.88.88.88UaUbUc-Ia-Ib-Ic△L8◎T18', 0.9693012833595276), ('88氘§｛∩ē阀Й逆相序成功失败请购电拉闸', 0.9548258781433105)]

2022-09-05 14:39:31,193: detec_zd: 接收参数：[图片路径：./photo/61img/PICTURE5\3730001000000892648184.jpg，配置文件路径：./photo/ini61 ]
识别结果：[('★', 0.9985008239746094), ('当前上18月组合反正向无有功IIIV总费率18', 0.9424466490745544), ('ABCNCOSΦ阶梯剩余需电量费价失压流功率时间段', 0.9508830308914185), ('8888.8.8:8.8:8.8', 0.9965173006057739), ('元', 0.9735960960388184), ('KWAh', 0.9641598463058472), ('―', 0.9973449110984802), ('Kvarh', 0.9500526189804077), ('88.88.88.88UaUbUc-Ia-Ib-Ic△L8◎T18', 0.9633380174636841), ('88氘§｛∩ē阀Й逆相序成功失败请购电拉闸', 0.9601963758468628)]

2022-09-05 14:39:31,193: detec_zd: 接收参数：[图片路径：./photo/61img/PICTURE5\3730001000000892648184.jpg，配置文件路径：./photo/ini61 ]
识别结果：[('★', 0.9985008239746094), ('当前上18月组合反正向无有功IIIV总费率18', 0.9424466490745544), ('ABCNCOSΦ阶梯剩余需电量费价失压流功率时间段', 0.9508830308914185), ('8888.8.8:8.8:8.8', 0.9965173006057739), ('元', 0.9735960960388184), ('KWAh', 0.9641598463058472), ('―', 0.9973449110984802), ('Kvarh', 0.9500526189804077), ('88.88.88.88UaUbUc-Ia-Ib-Ic△L8◎T18', 0.9633380174636841), ('88氘§｛∩ē阀Й逆相序成功失败请购电拉闸', 0.9601963758468628)]

2022-09-05 14:39:31,885: detec_zd: 接收参数：[图片路径：./photo/61img/PICTURE5\3730001000000892670031.jpg，配置文件路径：./photo/ini61 ]
识别结果：[]

2022-09-05 14:39:34,178: detec_zd: 接收参数：[图片路径：./photo/61img/PICTURE6\3730001000000892678778.jpg，配置文件路径：./photo/ini61 ]
识别结果：[('★', 0.9956093430519104), ('当前上18月组合反正向无有功IIIV总费率18', 0.9333282709121704), ('ABCNCOSΦ阶梯剩余需电量费价失压流功率时间段', 0.9781122803688049), ('8888.8.8:8.8:8.8', 0.9790221452713013), ('元', 0.9927669763565063), ('KWAh', 0.8752577900886536), ('―', 0.9699380397796631), ('Kvarh', 0.9563664197921753), ('88.88.88.88UaUbUc-Ia-Ib-Ic△L8◎T18', 0.9432141780853271), ('88氘§｛∩ē阀Й逆相序成功失败请购电拉闸', 0.969694197177887)]

2022-09-05 14:39:34,178: detec_zd: 接收参数：[图片路径：./photo/61img/PICTURE6\3730001000000892678778.jpg，配置文件路径：./photo/ini61 ]
识别结果：[('★', 0.9956093430519104), ('当前上18月组合反正向无有功IIIV总费率18', 0.9333282709121704), ('ABCNCOSΦ阶梯剩余需电量费价失压流功率时间段', 0.9781122803688049), ('8888.8.8:8.8:8.8', 0.9790221452713013), ('元', 0.9927669763565063), ('KWAh', 0.8752577900886536), ('―', 0.9699380397796631), ('Kvarh', 0.9563664197921753), ('88.88.88.88UaUbUc-Ia-Ib-Ic△L8◎T18', 0.9432141780853271), ('88氘§｛∩ē阀Й逆相序成功失败请购电拉闸', 0.969694197177887)]

2022-09-05 14:42:30,618: detec_zd: 接收参数：[图片路径：./photo/61img/PICTURE1\3730001000000892640164.jpg，配置文件路径：./photo/ini61 ]
识别结果：[('★', 0.9992687106132507), ('当前上18月组合反正向无有功IIIV总费率18', 0.9672249555587769), ('ABCNCOSΦ阶梯剩余需电量费价失压流功率时间段', 0.9541639089584351), ('8888.8.8:8.8:8.8', 0.9756032228469849), ('元', 0.9768165946006775), ('KWAh', 0.9704837799072266), ('―', 0.8115940093994141), ('Kvarh', 0.9609018564224243), ('88.88.88.88UaUbUc-Ia-Ib-Ic△L8◎T18', 0.9642879366874695), ('88氘§｛∩ē阀Й逆相序成功失败请购电拉闸', 0.9331334233283997)]

2022-09-05 14:42:30,618: detec_zd: 接收参数：[图片路径：./photo/61img/PICTURE1\3730001000000892640164.jpg，配置文件路径：./photo/ini61 ]
识别结果：[('★', 0.9992687106132507), ('当前上18月组合反正向无有功IIIV总费率18', 0.9672249555587769), ('ABCNCOSΦ阶梯剩余需电量费价失压流功率时间段', 0.9541639089584351), ('8888.8.8:8.8:8.8', 0.9756032228469849), ('元', 0.9768165946006775), ('KWAh', 0.9704837799072266), ('―', 0.8115940093994141), ('Kvarh', 0.9609018564224243), ('88.88.88.88UaUbUc-Ia-Ib-Ic△L8◎T18', 0.9642879366874695), ('88氘§｛∩ē阀Й逆相序成功失败请购电拉闸', 0.9331334233283997)]

2022-09-05 14:42:31,882: detec_zd: 接收参数：[图片路径：./photo/61img/PICTURE1\3730001000000892641994.jpg，配置文件路径：./photo/ini61 ]
识别结果：[('――', 0.6356686353683472)]

2022-09-05 14:42:31,882: detec_zd: 接收参数：[图片路径：./photo/61img/PICTURE1\3730001000000892641994.jpg，配置文件路径：./photo/ini61 ]
识别结果：[('――', 0.6356686353683472)]

2022-09-05 14:42:34,035: detec_zd: 接收参数：[图片路径：./photo/61img/PICTURE1\3730001000000892663187.jpg，配置文件路径：./photo/ini61 ]
识别结果：[('当前上18月组合反上向无有功IIIV总费率18', 0.9318853616714478), ('ABCNCOSΦ阶梯剩余需电量费价失压流功率时间段', 0.9902651906013489), ('8888.8.8.8.8.8.8', 0.9452289342880249), ('元', 0.9882320761680603), ('KWAh', 0.9575862288475037), ('―', 0.9903759360313416), ('Kvarh', 0.9616388082504272), ('88.88.88.88UaUbUc-Ia-Ib-Ic△L8◎T18', 0.9684333205223083), ('88氘§｛∩ē阀Й逆相序成功失败请购电拉闸', 0.9403423070907593)]

2022-09-05 14:42:34,035: detec_zd: 接收参数：[图片路径：./photo/61img/PICTURE1\3730001000000892663187.jpg，配置文件路径：./photo/ini61 ]
识别结果：[('当前上18月组合反上向无有功IIIV总费率18', 0.9318853616714478), ('ABCNCOSΦ阶梯剩余需电量费价失压流功率时间段', 0.9902651906013489), ('8888.8.8.8.8.8.8', 0.9452289342880249), ('元', 0.9882320761680603), ('KWAh', 0.9575862288475037), ('―', 0.9903759360313416), ('Kvarh', 0.9616388082504272), ('88.88.88.88UaUbUc-Ia-Ib-Ic△L8◎T18', 0.9684333205223083), ('88氘§｛∩ē阀Й逆相序成功失败请购电拉闸', 0.9403423070907593)]

2022-09-05 14:42:34,750: detec_zd: 接收参数：[图片路径：./photo/61img/PICTURE2\3730001000000892641970.jpg，配置文件路径：./photo/ini61 ]
识别结果：[]

2022-09-05 14:42:36,838: detec_zd: 接收参数：[图片路径：./photo/61img/PICTURE3\3730001000000892656387.jpg，配置文件路径：./photo/ini61 ]
识别结果：[('★', 0.9983640313148499), ('当前上18月组合反正向无有功IIIV总费率18', 0.982283890247345), ('ABCNCOSΦ阶梯剩余需电量费价失压流功率时间段', 0.9747344851493835), ('8888.8.8:8.8:8.8', 0.9249604344367981), ('元', 0.9718239903450012), ('KWAh', 0.9549272656440735), ('―', 0.9979755282402039), ('Kvarh', 0.9557523727416992), ('88.88.88.88UaUbUc-Ia-Ib-Ic△L8◎T18', 0.9349876046180725), ('88氘§｛∩ē阀Й逆相序成功失败请购电拉闸', 0.9538479447364807)]

2022-09-05 14:42:36,838: detec_zd: 接收参数：[图片路径：./photo/61img/PICTURE3\3730001000000892656387.jpg，配置文件路径：./photo/ini61 ]
识别结果：[('★', 0.9983640313148499), ('当前上18月组合反正向无有功IIIV总费率18', 0.982283890247345), ('ABCNCOSΦ阶梯剩余需电量费价失压流功率时间段', 0.9747344851493835), ('8888.8.8:8.8:8.8', 0.9249604344367981), ('元', 0.9718239903450012), ('KWAh', 0.9549272656440735), ('―', 0.9979755282402039), ('Kvarh', 0.9557523727416992), ('88.88.88.88UaUbUc-Ia-Ib-Ic△L8◎T18', 0.9349876046180725), ('88氘§｛∩ē阀Й逆相序成功失败请购电拉闸', 0.9538479447364807)]

2022-09-05 14:42:37,552: detec_zd: 接收参数：[图片路径：./photo/61img/PICTURE3\3730001000000892660612.jpg，配置文件路径：./photo/ini61 ]
识别结果：[]

2022-09-05 14:42:39,646: detec_zd: 接收参数：[图片路径：./photo/61img/PICTURE4\3730001000000892630677.jpg，配置文件路径：./photo/ini61 ]
识别结果：[('★', 0.9989672899246216), ('当前上18月组合反正向无有功IIIV总费率18', 0.9776846766471863), ('ABCNCOSΦ阶梯剩余需电量费价失压流功率时间段', 0.9424956440925598), ('8888.8.8:8.8:8.8', 0.9419470429420471), ('元', 0.9908648133277893), ('KWAh', 0.8786503076553345), ('―', 0.6722465753555298), ('Kvarh', 0.9454501867294312), ('88.88.88.88UaUbUc-Ia-Ib-Ic△L8◎T18', 0.9430973529815674), ('88氘§｛∩ē阀Й逆相序成功失败请购电拉闸', 0.97205650806427)]

2022-09-05 14:42:39,646: detec_zd: 接收参数：[图片路径：./photo/61img/PICTURE4\3730001000000892630677.jpg，配置文件路径：./photo/ini61 ]
识别结果：[('★', 0.9989672899246216), ('当前上18月组合反正向无有功IIIV总费率18', 0.9776846766471863), ('ABCNCOSΦ阶梯剩余需电量费价失压流功率时间段', 0.9424956440925598), ('8888.8.8:8.8:8.8', 0.9419470429420471), ('元', 0.9908648133277893), ('KWAh', 0.8786503076553345), ('―', 0.6722465753555298), ('Kvarh', 0.9454501867294312), ('88.88.88.88UaUbUc-Ia-Ib-Ic△L8◎T18', 0.9430973529815674), ('88氘§｛∩ē阀Й逆相序成功失败请购电拉闸', 0.97205650806427)]

2022-09-05 14:42:41,755: detec_zd: 接收参数：[图片路径：./photo/61img/PICTURE4\3730001000000892679829.jpg，配置文件路径：./photo/ini61 ]
识别结果：[('★', 0.9971054196357727), ('当前上18月组合反正向无有功IIIV总费率18', 0.9544298648834229), ('ABCNCOSΦ阶梯剩余需电量费价失压流功率时间段', 0.9420974254608154), ('8888.8.8:8.8:8.8', 0.9642846584320068), ('元', 0.9856266379356384), ('KWAh', 0.8930444717407227), ('―', 0.9911186099052429), ('Kvarh', 0.9690264463424683), ('88.88.88.88UaUbUc-Ia-Ib-Ic△L8◎T18', 0.9538511633872986), ('88氘§｛∩ē阀Й逆相序成功失败请购电拉闸', 0.9703632593154907)]

2022-09-05 14:42:41,755: detec_zd: 接收参数：[图片路径：./photo/61img/PICTURE4\3730001000000892679829.jpg，配置文件路径：./photo/ini61 ]
识别结果：[('★', 0.9971054196357727), ('当前上18月组合反正向无有功IIIV总费率18', 0.9544298648834229), ('ABCNCOSΦ阶梯剩余需电量费价失压流功率时间段', 0.9420974254608154), ('8888.8.8:8.8:8.8', 0.9642846584320068), ('元', 0.9856266379356384), ('KWAh', 0.8930444717407227), ('―', 0.9911186099052429), ('Kvarh', 0.9690264463424683), ('88.88.88.88UaUbUc-Ia-Ib-Ic△L8◎T18', 0.9538511633872986), ('88氘§｛∩ē阀Й逆相序成功失败请购电拉闸', 0.9703632593154907)]

2022-09-05 14:42:43,798: detec_zd: 接收参数：[图片路径：./photo/61img/PICTURE5\3730001000000892645503.jpg，配置文件路径：./photo/ini61 ]
识别结果：[('★', 0.9977836012840271), ('当前上18月组合反正向无有功IIIV总费率18', 0.9705759286880493), ('ABCNCOSΦ阶梯剩余需电量费价失压流功率时间段', 0.9645198583602905), ('8888.8.8:8.8:8.8', 0.996857225894928), ('元', 0.6552505493164062), ('KWAh', 0.9685818552970886), ('―', 0.9865275025367737), ('Kvarh', 0.9655717611312866), ('88.88.88.88UaUbUc-Ia-Ib-Ic△L8◎T18', 0.9693012833595276), ('88氘§｛∩ē阀Й逆相序成功失败请购电拉闸', 0.9548258781433105)]

2022-09-05 14:42:43,798: detec_zd: 接收参数：[图片路径：./photo/61img/PICTURE5\3730001000000892645503.jpg，配置文件路径：./photo/ini61 ]
识别结果：[('★', 0.9977836012840271), ('当前上18月组合反正向无有功IIIV总费率18', 0.9705759286880493), ('ABCNCOSΦ阶梯剩余需电量费价失压流功率时间段', 0.9645198583602905), ('8888.8.8:8.8:8.8', 0.996857225894928), ('元', 0.6552505493164062), ('KWAh', 0.9685818552970886), ('―', 0.9865275025367737), ('Kvarh', 0.9655717611312866), ('88.88.88.88UaUbUc-Ia-Ib-Ic△L8◎T18', 0.9693012833595276), ('88氘§｛∩ē阀Й逆相序成功失败请购电拉闸', 0.9548258781433105)]

2022-09-05 14:42:45,901: detec_zd: 接收参数：[图片路径：./photo/61img/PICTURE5\3730001000000892648184.jpg，配置文件路径：./photo/ini61 ]
识别结果：[('★', 0.9985008239746094), ('当前上18月组合反正向无有功IIIV总费率18', 0.9424466490745544), ('ABCNCOSΦ阶梯剩余需电量费价失压流功率时间段', 0.9508830308914185), ('8888.8.8:8.8:8.8', 0.9965173006057739), ('元', 0.9735960960388184), ('KWAh', 0.9641598463058472), ('―', 0.9973449110984802), ('Kvarh', 0.9500526189804077), ('88.88.88.88UaUbUc-Ia-Ib-Ic△L8◎T18', 0.9633380174636841), ('88氘§｛∩ē阀Й逆相序成功失败请购电拉闸', 0.9601963758468628)]

2022-09-05 14:42:45,901: detec_zd: 接收参数：[图片路径：./photo/61img/PICTURE5\3730001000000892648184.jpg，配置文件路径：./photo/ini61 ]
识别结果：[('★', 0.9985008239746094), ('当前上18月组合反正向无有功IIIV总费率18', 0.9424466490745544), ('ABCNCOSΦ阶梯剩余需电量费价失压流功率时间段', 0.9508830308914185), ('8888.8.8:8.8:8.8', 0.9965173006057739), ('元', 0.9735960960388184), ('KWAh', 0.9641598463058472), ('―', 0.9973449110984802), ('Kvarh', 0.9500526189804077), ('88.88.88.88UaUbUc-Ia-Ib-Ic△L8◎T18', 0.9633380174636841), ('88氘§｛∩ē阀Й逆相序成功失败请购电拉闸', 0.9601963758468628)]

2022-09-05 14:42:46,612: detec_zd: 接收参数：[图片路径：./photo/61img/PICTURE5\3730001000000892670031.jpg，配置文件路径：./photo/ini61 ]
识别结果：[]

2022-09-05 14:42:48,830: detec_zd: 接收参数：[图片路径：./photo/61img/PICTURE6\3730001000000892678778.jpg，配置文件路径：./photo/ini61 ]
识别结果：[('★', 0.9956093430519104), ('当前上18月组合反正向无有功IIIV总费率18', 0.9333282709121704), ('ABCNCOSΦ阶梯剩余需电量费价失压流功率时间段', 0.9781122803688049), ('8888.8.8:8.8:8.8', 0.9790221452713013), ('元', 0.9927669763565063), ('KWAh', 0.8752577900886536), ('―', 0.9699380397796631), ('Kvarh', 0.9563664197921753), ('88.88.88.88UaUbUc-Ia-Ib-Ic△L8◎T18', 0.9432141780853271), ('88氘§｛∩ē阀Й逆相序成功失败请购电拉闸', 0.969694197177887)]

2022-09-05 14:42:48,830: detec_zd: 接收参数：[图片路径：./photo/61img/PICTURE6\3730001000000892678778.jpg，配置文件路径：./photo/ini61 ]
识别结果：[('★', 0.9956093430519104), ('当前上18月组合反正向无有功IIIV总费率18', 0.9333282709121704), ('ABCNCOSΦ阶梯剩余需电量费价失压流功率时间段', 0.9781122803688049), ('8888.8.8:8.8:8.8', 0.9790221452713013), ('元', 0.9927669763565063), ('KWAh', 0.8752577900886536), ('―', 0.9699380397796631), ('Kvarh', 0.9563664197921753), ('88.88.88.88UaUbUc-Ia-Ib-Ic△L8◎T18', 0.9432141780853271), ('88氘§｛∩ē阀Й逆相序成功失败请购电拉闸', 0.969694197177887)]

2022-09-05 14:44:03,745: detec_zd: 接收参数：[图片路径：./photo/61img/PICTURE1\3730001000000892640164.jpg，配置文件路径：./photo/ini61 ]
识别结果：[('★', 0.9992687106132507), ('当前上18月组合反正向无有功IIIV总费率18', 0.9672249555587769), ('ABCNCOSΦ阶梯剩余需电量费价失压流功率时间段', 0.9541639089584351), ('8888.8.8:8.8:8.8', 0.9756032228469849), ('元', 0.9768165946006775), ('KWAh', 0.9704837799072266), ('―', 0.8115940093994141), ('Kvarh', 0.9609018564224243), ('88.88.88.88UaUbUc-Ia-Ib-Ic△L8◎T18', 0.9642879366874695), ('88氘§｛∩ē阀Й逆相序成功失败请购电拉闸', 0.9331334233283997)]

2022-09-05 14:44:03,745: detec_zd: 接收参数：[图片路径：./photo/61img/PICTURE1\3730001000000892640164.jpg，配置文件路径：./photo/ini61 ]
识别结果：[('★', 0.9992687106132507), ('当前上18月组合反正向无有功IIIV总费率18', 0.9672249555587769), ('ABCNCOSΦ阶梯剩余需电量费价失压流功率时间段', 0.9541639089584351), ('8888.8.8:8.8:8.8', 0.9756032228469849), ('元', 0.9768165946006775), ('KWAh', 0.9704837799072266), ('―', 0.8115940093994141), ('Kvarh', 0.9609018564224243), ('88.88.88.88UaUbUc-Ia-Ib-Ic△L8◎T18', 0.9642879366874695), ('88氘§｛∩ē阀Й逆相序成功失败请购电拉闸', 0.9331334233283997)]

2022-09-05 14:44:04,994: detec_zd: 接收参数：[图片路径：./photo/61img/PICTURE1\3730001000000892641994.jpg，配置文件路径：./photo/ini61 ]
识别结果：[('――', 0.6356686353683472)]

2022-09-05 14:44:04,994: detec_zd: 接收参数：[图片路径：./photo/61img/PICTURE1\3730001000000892641994.jpg，配置文件路径：./photo/ini61 ]
识别结果：[('――', 0.6356686353683472)]

2022-09-05 14:44:07,097: detec_zd: 接收参数：[图片路径：./photo/61img/PICTURE1\3730001000000892663187.jpg，配置文件路径：./photo/ini61 ]
识别结果：[('当前上18月组合反上向无有功IIIV总费率18', 0.9318853616714478), ('ABCNCOSΦ阶梯剩余需电量费价失压流功率时间段', 0.9902651906013489), ('8888.8.8.8.8.8.8', 0.9452289342880249), ('元', 0.9882320761680603), ('KWAh', 0.9575862288475037), ('―', 0.9903759360313416), ('Kvarh', 0.9616388082504272), ('88.88.88.88UaUbUc-Ia-Ib-Ic△L8◎T18', 0.9684333205223083), ('88氘§｛∩ē阀Й逆相序成功失败请购电拉闸', 0.9403423070907593)]

2022-09-05 14:44:07,097: detec_zd: 接收参数：[图片路径：./photo/61img/PICTURE1\3730001000000892663187.jpg，配置文件路径：./photo/ini61 ]
识别结果：[('当前上18月组合反上向无有功IIIV总费率18', 0.9318853616714478), ('ABCNCOSΦ阶梯剩余需电量费价失压流功率时间段', 0.9902651906013489), ('8888.8.8.8.8.8.8', 0.9452289342880249), ('元', 0.9882320761680603), ('KWAh', 0.9575862288475037), ('―', 0.9903759360313416), ('Kvarh', 0.9616388082504272), ('88.88.88.88UaUbUc-Ia-Ib-Ic△L8◎T18', 0.9684333205223083), ('88氘§｛∩ē阀Й逆相序成功失败请购电拉闸', 0.9403423070907593)]

2022-09-05 14:44:07,835: detec_zd: 接收参数：[图片路径：./photo/61img/PICTURE2\3730001000000892641970.jpg，配置文件路径：./photo/ini61 ]
识别结果：[]

2022-09-05 14:44:09,889: detec_zd: 接收参数：[图片路径：./photo/61img/PICTURE3\3730001000000892656387.jpg，配置文件路径：./photo/ini61 ]
识别结果：[('★', 0.9983640313148499), ('当前上18月组合反正向无有功IIIV总费率18', 0.982283890247345), ('ABCNCOSΦ阶梯剩余需电量费价失压流功率时间段', 0.9747344851493835), ('8888.8.8:8.8:8.8', 0.9249604344367981), ('元', 0.9718239903450012), ('KWAh', 0.9549272656440735), ('―', 0.9979755282402039), ('Kvarh', 0.9557523727416992), ('88.88.88.88UaUbUc-Ia-Ib-Ic△L8◎T18', 0.9349876046180725), ('88氘§｛∩ē阀Й逆相序成功失败请购电拉闸', 0.9538479447364807)]

2022-09-05 14:44:09,890: detec_zd: 接收参数：[图片路径：./photo/61img/PICTURE3\3730001000000892656387.jpg，配置文件路径：./photo/ini61 ]
识别结果：[('★', 0.9983640313148499), ('当前上18月组合反正向无有功IIIV总费率18', 0.982283890247345), ('ABCNCOSΦ阶梯剩余需电量费价失压流功率时间段', 0.9747344851493835), ('8888.8.8:8.8:8.8', 0.9249604344367981), ('元', 0.9718239903450012), ('KWAh', 0.9549272656440735), ('―', 0.9979755282402039), ('Kvarh', 0.9557523727416992), ('88.88.88.88UaUbUc-Ia-Ib-Ic△L8◎T18', 0.9349876046180725), ('88氘§｛∩ē阀Й逆相序成功失败请购电拉闸', 0.9538479447364807)]

2022-09-05 14:44:10,594: detec_zd: 接收参数：[图片路径：./photo/61img/PICTURE3\3730001000000892660612.jpg，配置文件路径：./photo/ini61 ]
识别结果：[]

2022-09-05 14:44:12,690: detec_zd: 接收参数：[图片路径：./photo/61img/PICTURE4\3730001000000892630677.jpg，配置文件路径：./photo/ini61 ]
识别结果：[('★', 0.9989672899246216), ('当前上18月组合反正向无有功IIIV总费率18', 0.9776846766471863), ('ABCNCOSΦ阶梯剩余需电量费价失压流功率时间段', 0.9424956440925598), ('8888.8.8:8.8:8.8', 0.9419470429420471), ('元', 0.9908648133277893), ('KWAh', 0.8786503076553345), ('―', 0.6722465753555298), ('Kvarh', 0.9454501867294312), ('88.88.88.88UaUbUc-Ia-Ib-Ic△L8◎T18', 0.9430973529815674), ('88氘§｛∩ē阀Й逆相序成功失败请购电拉闸', 0.97205650806427)]

2022-09-05 14:44:12,691: detec_zd: 接收参数：[图片路径：./photo/61img/PICTURE4\3730001000000892630677.jpg，配置文件路径：./photo/ini61 ]
识别结果：[('★', 0.9989672899246216), ('当前上18月组合反正向无有功IIIV总费率18', 0.9776846766471863), ('ABCNCOSΦ阶梯剩余需电量费价失压流功率时间段', 0.9424956440925598), ('8888.8.8:8.8:8.8', 0.9419470429420471), ('元', 0.9908648133277893), ('KWAh', 0.8786503076553345), ('―', 0.6722465753555298), ('Kvarh', 0.9454501867294312), ('88.88.88.88UaUbUc-Ia-Ib-Ic△L8◎T18', 0.9430973529815674), ('88氘§｛∩ē阀Й逆相序成功失败请购电拉闸', 0.97205650806427)]

2022-09-05 14:44:14,735: detec_zd: 接收参数：[图片路径：./photo/61img/PICTURE4\3730001000000892679829.jpg，配置文件路径：./photo/ini61 ]
识别结果：[('★', 0.9971054196357727), ('当前上18月组合反正向无有功IIIV总费率18', 0.9544298648834229), ('ABCNCOSΦ阶梯剩余需电量费价失压流功率时间段', 0.9420974254608154), ('8888.8.8:8.8:8.8', 0.9642846584320068), ('元', 0.9856266379356384), ('KWAh', 0.8930444717407227), ('―', 0.9911186099052429), ('Kvarh', 0.9690264463424683), ('88.88.88.88UaUbUc-Ia-Ib-Ic△L8◎T18', 0.9538511633872986), ('88氘§｛∩ē阀Й逆相序成功失败请购电拉闸', 0.9703632593154907)]

2022-09-05 14:44:14,735: detec_zd: 接收参数：[图片路径：./photo/61img/PICTURE4\3730001000000892679829.jpg，配置文件路径：./photo/ini61 ]
识别结果：[('★', 0.9971054196357727), ('当前上18月组合反正向无有功IIIV总费率18', 0.9544298648834229), ('ABCNCOSΦ阶梯剩余需电量费价失压流功率时间段', 0.9420974254608154), ('8888.8.8:8.8:8.8', 0.9642846584320068), ('元', 0.9856266379356384), ('KWAh', 0.8930444717407227), ('―', 0.9911186099052429), ('Kvarh', 0.9690264463424683), ('88.88.88.88UaUbUc-Ia-Ib-Ic△L8◎T18', 0.9538511633872986), ('88氘§｛∩ē阀Й逆相序成功失败请购电拉闸', 0.9703632593154907)]

2022-09-05 14:44:16,796: detec_zd: 接收参数：[图片路径：./photo/61img/PICTURE5\3730001000000892645503.jpg，配置文件路径：./photo/ini61 ]
识别结果：[('★', 0.9977836012840271), ('当前上18月组合反正向无有功IIIV总费率18', 0.9705759286880493), ('ABCNCOSΦ阶梯剩余需电量费价失压流功率时间段', 0.9645198583602905), ('8888.8.8:8.8:8.8', 0.996857225894928), ('元', 0.6552505493164062), ('KWAh', 0.9685818552970886), ('―', 0.9865275025367737), ('Kvarh', 0.9655717611312866), ('88.88.88.88UaUbUc-Ia-Ib-Ic△L8◎T18', 0.9693012833595276), ('88氘§｛∩ē阀Й逆相序成功失败请购电拉闸', 0.9548258781433105)]

2022-09-05 14:44:16,796: detec_zd: 接收参数：[图片路径：./photo/61img/PICTURE5\3730001000000892645503.jpg，配置文件路径：./photo/ini61 ]
识别结果：[('★', 0.9977836012840271), ('当前上18月组合反正向无有功IIIV总费率18', 0.9705759286880493), ('ABCNCOSΦ阶梯剩余需电量费价失压流功率时间段', 0.9645198583602905), ('8888.8.8:8.8:8.8', 0.996857225894928), ('元', 0.6552505493164062), ('KWAh', 0.9685818552970886), ('―', 0.9865275025367737), ('Kvarh', 0.9655717611312866), ('88.88.88.88UaUbUc-Ia-Ib-Ic△L8◎T18', 0.9693012833595276), ('88氘§｛∩ē阀Й逆相序成功失败请购电拉闸', 0.9548258781433105)]

2022-09-05 14:44:18,839: detec_zd: 接收参数：[图片路径：./photo/61img/PICTURE5\3730001000000892648184.jpg，配置文件路径：./photo/ini61 ]
识别结果：[('★', 0.9985008239746094), ('当前上18月组合反正向无有功IIIV总费率18', 0.9424466490745544), ('ABCNCOSΦ阶梯剩余需电量费价失压流功率时间段', 0.9508830308914185), ('8888.8.8:8.8:8.8', 0.9965173006057739), ('元', 0.9735960960388184), ('KWAh', 0.9641598463058472), ('―', 0.9973449110984802), ('Kvarh', 0.9500526189804077), ('88.88.88.88UaUbUc-Ia-Ib-Ic△L8◎T18', 0.9633380174636841), ('88氘§｛∩ē阀Й逆相序成功失败请购电拉闸', 0.9601963758468628)]

2022-09-05 14:44:18,839: detec_zd: 接收参数：[图片路径：./photo/61img/PICTURE5\3730001000000892648184.jpg，配置文件路径：./photo/ini61 ]
识别结果：[('★', 0.9985008239746094), ('当前上18月组合反正向无有功IIIV总费率18', 0.9424466490745544), ('ABCNCOSΦ阶梯剩余需电量费价失压流功率时间段', 0.9508830308914185), ('8888.8.8:8.8:8.8', 0.9965173006057739), ('元', 0.9735960960388184), ('KWAh', 0.9641598463058472), ('―', 0.9973449110984802), ('Kvarh', 0.9500526189804077), ('88.88.88.88UaUbUc-Ia-Ib-Ic△L8◎T18', 0.9633380174636841), ('88氘§｛∩ē阀Й逆相序成功失败请购电拉闸', 0.9601963758468628)]

2022-09-05 14:44:19,563: detec_zd: 接收参数：[图片路径：./photo/61img/PICTURE5\3730001000000892670031.jpg，配置文件路径：./photo/ini61 ]
识别结果：[]

2022-09-05 14:44:21,796: detec_zd: 接收参数：[图片路径：./photo/61img/PICTURE6\3730001000000892678778.jpg，配置文件路径：./photo/ini61 ]
识别结果：[('★', 0.9956093430519104), ('当前上18月组合反正向无有功IIIV总费率18', 0.9333282709121704), ('ABCNCOSΦ阶梯剩余需电量费价失压流功率时间段', 0.9781122803688049), ('8888.8.8:8.8:8.8', 0.9790221452713013), ('元', 0.9927669763565063), ('KWAh', 0.8752577900886536), ('―', 0.9699380397796631), ('Kvarh', 0.9563664197921753), ('88.88.88.88UaUbUc-Ia-Ib-Ic△L8◎T18', 0.9432141780853271), ('88氘§｛∩ē阀Й逆相序成功失败请购电拉闸', 0.969694197177887)]

2022-09-05 14:44:21,796: detec_zd: 接收参数：[图片路径：./photo/61img/PICTURE6\3730001000000892678778.jpg，配置文件路径：./photo/ini61 ]
识别结果：[('★', 0.9956093430519104), ('当前上18月组合反正向无有功IIIV总费率18', 0.9333282709121704), ('ABCNCOSΦ阶梯剩余需电量费价失压流功率时间段', 0.9781122803688049), ('8888.8.8:8.8:8.8', 0.9790221452713013), ('元', 0.9927669763565063), ('KWAh', 0.8752577900886536), ('―', 0.9699380397796631), ('Kvarh', 0.9563664197921753), ('88.88.88.88UaUbUc-Ia-Ib-Ic△L8◎T18', 0.9432141780853271), ('88氘§｛∩ē阀Й逆相序成功失败请购电拉闸', 0.969694197177887)]

2022-09-05 14:44:22,510: detec_zd: 接收参数：[图片路径：./photo/61img/PICTURE7\3730001000000892627394.jpg，配置文件路径：./photo/ini61 ]
识别结果：[]

2022-09-05 14:44:23,240: detec_zd: 接收参数：[图片路径：./photo/61img/PICTURE7\3730001000000892636969.jpg，配置文件路径：./photo/ini61 ]
识别结果：[]

2022-09-05 14:44:23,954: detec_zd: 接收参数：[图片路径：./photo/61img/PICTURE7\3730001000000892663262.jpg，配置文件路径：./photo/ini61 ]
识别结果：[]

2022-09-05 14:44:24,665: detec_zd: 接收参数：[图片路径：./photo/61img/PICTURE8\3730001000000892627400.jpg，配置文件路径：./photo/ini61 ]
识别结果：[]

2022-09-05 14:44:26,305: detec_zd: 接收参数：[图片路径：./photo/61img/PICTURE8\3730001000000892644520.jpg，配置文件路径：./photo/ini61 ]
识别结果：[('当前上18月当反1向有IV费平18', 0.8347452878952026), ('888.8.8.8.8', 0.7948710918426514), ('元', 0.9869750738143921), ('KWAh', 0.9758426547050476), ('―', 0.5354822278022766), ('Kvarh', 0.9569687843322754), ('88.88.88.88UUbUc-+I-I-Ic△L8T18', 0.8737758994102478), ('88氘§｛｛∩ē阀Й逆相序成功失败请购电拉闸', 0.9292802810668945)]

2022-09-05 14:44:26,305: detec_zd: 接收参数：[图片路径：./photo/61img/PICTURE8\3730001000000892644520.jpg，配置文件路径：./photo/ini61 ]
识别结果：[('当前上18月当反1向有IV费平18', 0.8347452878952026), ('888.8.8.8.8', 0.7948710918426514), ('元', 0.9869750738143921), ('KWAh', 0.9758426547050476), ('―', 0.5354822278022766), ('Kvarh', 0.9569687843322754), ('88.88.88.88UUbUc-+I-I-Ic△L8T18', 0.8737758994102478), ('88氘§｛｛∩ē阀Й逆相序成功失败请购电拉闸', 0.9292802810668945)]

2022-09-05 14:44:27,026: detec_zd: 接收参数：[图片路径：./photo/61img/PICTURE8\3730001000000892668731.jpg，配置文件路径：./photo/ini61 ]
识别结果：[]

2022-09-05 14:44:27,743: detec_zd: 接收参数：[图片路径：./photo/61img/PICTURE9\3730001000000892627417.jpg，配置文件路径：./photo/ini61 ]
识别结果：[]

2022-09-05 14:48:12,558: detec_zd: 接收参数：[图片路径：./photo/61img/PICTURE1\3730001000000892640164.jpg，配置文件路径：./photo/ini61 ]
识别结果：[('★', 0.9992687106132507), ('当前上18月组合反正向无有功IIIV总费率18', 0.9672249555587769), ('ABCNCOSΦ阶梯剩余需电量费价失压流功率时间段', 0.9541639089584351), ('8888.8.8:8.8:8.8', 0.9756032228469849), ('元', 0.9768165946006775), ('KWAh', 0.9704837799072266), ('―', 0.8115940093994141), ('Kvarh', 0.9609018564224243), ('88.88.88.88UaUbUc-Ia-Ib-Ic△L8◎T18', 0.9642879366874695), ('88氘§｛∩ē阀Й逆相序成功失败请购电拉闸', 0.9331334233283997)]

2022-09-05 14:48:12,558: detec_zd: 接收参数：[图片路径：./photo/61img/PICTURE1\3730001000000892640164.jpg，配置文件路径：./photo/ini61 ]
识别结果：[('★', 0.9992687106132507), ('当前上18月组合反正向无有功IIIV总费率18', 0.9672249555587769), ('ABCNCOSΦ阶梯剩余需电量费价失压流功率时间段', 0.9541639089584351), ('8888.8.8:8.8:8.8', 0.9756032228469849), ('元', 0.9768165946006775), ('KWAh', 0.9704837799072266), ('―', 0.8115940093994141), ('Kvarh', 0.9609018564224243), ('88.88.88.88UaUbUc-Ia-Ib-Ic△L8◎T18', 0.9642879366874695), ('88氘§｛∩ē阀Й逆相序成功失败请购电拉闸', 0.9331334233283997)]

2022-09-05 14:48:13,917: detec_zd: 接收参数：[图片路径：./photo/61img/PICTURE1\3730001000000892641994.jpg，配置文件路径：./photo/ini61 ]
识别结果：[('――', 0.6356686353683472)]

2022-09-05 14:48:13,917: detec_zd: 接收参数：[图片路径：./photo/61img/PICTURE1\3730001000000892641994.jpg，配置文件路径：./photo/ini61 ]
识别结果：[('――', 0.6356686353683472)]

2022-09-05 14:48:16,083: detec_zd: 接收参数：[图片路径：./photo/61img/PICTURE1\3730001000000892663187.jpg，配置文件路径：./photo/ini61 ]
识别结果：[('当前上18月组合反上向无有功IIIV总费率18', 0.9318853616714478), ('ABCNCOSΦ阶梯剩余需电量费价失压流功率时间段', 0.9902651906013489), ('8888.8.8.8.8.8.8', 0.9452289342880249), ('元', 0.9882320761680603), ('KWAh', 0.9575862288475037), ('―', 0.9903759360313416), ('Kvarh', 0.9616388082504272), ('88.88.88.88UaUbUc-Ia-Ib-Ic△L8◎T18', 0.9684333205223083), ('88氘§｛∩ē阀Й逆相序成功失败请购电拉闸', 0.9403423070907593)]

2022-09-05 14:48:16,083: detec_zd: 接收参数：[图片路径：./photo/61img/PICTURE1\3730001000000892663187.jpg，配置文件路径：./photo/ini61 ]
识别结果：[('当前上18月组合反上向无有功IIIV总费率18', 0.9318853616714478), ('ABCNCOSΦ阶梯剩余需电量费价失压流功率时间段', 0.9902651906013489), ('8888.8.8.8.8.8.8', 0.9452289342880249), ('元', 0.9882320761680603), ('KWAh', 0.9575862288475037), ('―', 0.9903759360313416), ('Kvarh', 0.9616388082504272), ('88.88.88.88UaUbUc-Ia-Ib-Ic△L8◎T18', 0.9684333205223083), ('88氘§｛∩ē阀Й逆相序成功失败请购电拉闸', 0.9403423070907593)]

2022-09-05 14:48:16,781: detec_zd: 接收参数：[图片路径：./photo/61img/PICTURE2\3730001000000892641970.jpg，配置文件路径：./photo/ini61 ]
识别结果：[]

2022-09-05 14:48:18,842: detec_zd: 接收参数：[图片路径：./photo/61img/PICTURE3\3730001000000892656387.jpg，配置文件路径：./photo/ini61 ]
识别结果：[('★', 0.9983640313148499), ('当前上18月组合反正向无有功IIIV总费率18', 0.982283890247345), ('ABCNCOSΦ阶梯剩余需电量费价失压流功率时间段', 0.9747344851493835), ('8888.8.8:8.8:8.8', 0.9249604344367981), ('元', 0.9718239903450012), ('KWAh', 0.9549272656440735), ('―', 0.9979755282402039), ('Kvarh', 0.9557523727416992), ('88.88.88.88UaUbUc-Ia-Ib-Ic△L8◎T18', 0.9349876046180725), ('88氘§｛∩ē阀Й逆相序成功失败请购电拉闸', 0.9538479447364807)]

2022-09-05 14:48:18,842: detec_zd: 接收参数：[图片路径：./photo/61img/PICTURE3\3730001000000892656387.jpg，配置文件路径：./photo/ini61 ]
识别结果：[('★', 0.9983640313148499), ('当前上18月组合反正向无有功IIIV总费率18', 0.982283890247345), ('ABCNCOSΦ阶梯剩余需电量费价失压流功率时间段', 0.9747344851493835), ('8888.8.8:8.8:8.8', 0.9249604344367981), ('元', 0.9718239903450012), ('KWAh', 0.9549272656440735), ('―', 0.9979755282402039), ('Kvarh', 0.9557523727416992), ('88.88.88.88UaUbUc-Ia-Ib-Ic△L8◎T18', 0.9349876046180725), ('88氘§｛∩ē阀Й逆相序成功失败请购电拉闸', 0.9538479447364807)]

2022-09-05 14:48:19,561: detec_zd: 接收参数：[图片路径：./photo/61img/PICTURE3\3730001000000892660612.jpg，配置文件路径：./photo/ini61 ]
识别结果：[]

2022-09-05 14:48:21,644: detec_zd: 接收参数：[图片路径：./photo/61img/PICTURE4\3730001000000892630677.jpg，配置文件路径：./photo/ini61 ]
识别结果：[('★', 0.9989672899246216), ('当前上18月组合反正向无有功IIIV总费率18', 0.9776846766471863), ('ABCNCOSΦ阶梯剩余需电量费价失压流功率时间段', 0.9424956440925598), ('8888.8.8:8.8:8.8', 0.9419470429420471), ('元', 0.9908648133277893), ('KWAh', 0.8786503076553345), ('―', 0.6722465753555298), ('Kvarh', 0.9454501867294312), ('88.88.88.88UaUbUc-Ia-Ib-Ic△L8◎T18', 0.9430973529815674), ('88氘§｛∩ē阀Й逆相序成功失败请购电拉闸', 0.97205650806427)]

2022-09-05 14:48:21,645: detec_zd: 接收参数：[图片路径：./photo/61img/PICTURE4\3730001000000892630677.jpg，配置文件路径：./photo/ini61 ]
识别结果：[('★', 0.9989672899246216), ('当前上18月组合反正向无有功IIIV总费率18', 0.9776846766471863), ('ABCNCOSΦ阶梯剩余需电量费价失压流功率时间段', 0.9424956440925598), ('8888.8.8:8.8:8.8', 0.9419470429420471), ('元', 0.9908648133277893), ('KWAh', 0.8786503076553345), ('―', 0.6722465753555298), ('Kvarh', 0.9454501867294312), ('88.88.88.88UaUbUc-Ia-Ib-Ic△L8◎T18', 0.9430973529815674), ('88氘§｛∩ē阀Й逆相序成功失败请购电拉闸', 0.97205650806427)]

2022-09-05 14:48:23,737: detec_zd: 接收参数：[图片路径：./photo/61img/PICTURE4\3730001000000892679829.jpg，配置文件路径：./photo/ini61 ]
识别结果：[('★', 0.9971054196357727), ('当前上18月组合反正向无有功IIIV总费率18', 0.9544298648834229), ('ABCNCOSΦ阶梯剩余需电量费价失压流功率时间段', 0.9420974254608154), ('8888.8.8:8.8:8.8', 0.9642846584320068), ('元', 0.9856266379356384), ('KWAh', 0.8930444717407227), ('―', 0.9911186099052429), ('Kvarh', 0.9690264463424683), ('88.88.88.88UaUbUc-Ia-Ib-Ic△L8◎T18', 0.9538511633872986), ('88氘§｛∩ē阀Й逆相序成功失败请购电拉闸', 0.9703632593154907)]

2022-09-05 14:48:23,737: detec_zd: 接收参数：[图片路径：./photo/61img/PICTURE4\3730001000000892679829.jpg，配置文件路径：./photo/ini61 ]
识别结果：[('★', 0.9971054196357727), ('当前上18月组合反正向无有功IIIV总费率18', 0.9544298648834229), ('ABCNCOSΦ阶梯剩余需电量费价失压流功率时间段', 0.9420974254608154), ('8888.8.8:8.8:8.8', 0.9642846584320068), ('元', 0.9856266379356384), ('KWAh', 0.8930444717407227), ('―', 0.9911186099052429), ('Kvarh', 0.9690264463424683), ('88.88.88.88UaUbUc-Ia-Ib-Ic△L8◎T18', 0.9538511633872986), ('88氘§｛∩ē阀Й逆相序成功失败请购电拉闸', 0.9703632593154907)]

2022-09-05 14:48:25,808: detec_zd: 接收参数：[图片路径：./photo/61img/PICTURE5\3730001000000892645503.jpg，配置文件路径：./photo/ini61 ]
识别结果：[('★', 0.9977836012840271), ('当前上18月组合反正向无有功IIIV总费率18', 0.9705759286880493), ('ABCNCOSΦ阶梯剩余需电量费价失压流功率时间段', 0.9645198583602905), ('8888.8.8:8.8:8.8', 0.996857225894928), ('元', 0.6552505493164062), ('KWAh', 0.9685818552970886), ('―', 0.9865275025367737), ('Kvarh', 0.9655717611312866), ('88.88.88.88UaUbUc-Ia-Ib-Ic△L8◎T18', 0.9693012833595276), ('88氘§｛∩ē阀Й逆相序成功失败请购电拉闸', 0.9548258781433105)]

2022-09-05 14:48:25,808: detec_zd: 接收参数：[图片路径：./photo/61img/PICTURE5\3730001000000892645503.jpg，配置文件路径：./photo/ini61 ]
识别结果：[('★', 0.9977836012840271), ('当前上18月组合反正向无有功IIIV总费率18', 0.9705759286880493), ('ABCNCOSΦ阶梯剩余需电量费价失压流功率时间段', 0.9645198583602905), ('8888.8.8:8.8:8.8', 0.996857225894928), ('元', 0.6552505493164062), ('KWAh', 0.9685818552970886), ('―', 0.9865275025367737), ('Kvarh', 0.9655717611312866), ('88.88.88.88UaUbUc-Ia-Ib-Ic△L8◎T18', 0.9693012833595276), ('88氘§｛∩ē阀Й逆相序成功失败请购电拉闸', 0.9548258781433105)]

2022-09-05 14:48:27,851: detec_zd: 接收参数：[图片路径：./photo/61img/PICTURE5\3730001000000892648184.jpg，配置文件路径：./photo/ini61 ]
识别结果：[('★', 0.9985008239746094), ('当前上18月组合反正向无有功IIIV总费率18', 0.9424466490745544), ('ABCNCOSΦ阶梯剩余需电量费价失压流功率时间段', 0.9508830308914185), ('8888.8.8:8.8:8.8', 0.9965173006057739), ('元', 0.9735960960388184), ('KWAh', 0.9641598463058472), ('―', 0.9973449110984802), ('Kvarh', 0.9500526189804077), ('88.88.88.88UaUbUc-Ia-Ib-Ic△L8◎T18', 0.9633380174636841), ('88氘§｛∩ē阀Й逆相序成功失败请购电拉闸', 0.9601963758468628)]

2022-09-05 14:48:27,852: detec_zd: 接收参数：[图片路径：./photo/61img/PICTURE5\3730001000000892648184.jpg，配置文件路径：./photo/ini61 ]
识别结果：[('★', 0.9985008239746094), ('当前上18月组合反正向无有功IIIV总费率18', 0.9424466490745544), ('ABCNCOSΦ阶梯剩余需电量费价失压流功率时间段', 0.9508830308914185), ('8888.8.8:8.8:8.8', 0.9965173006057739), ('元', 0.9735960960388184), ('KWAh', 0.9641598463058472), ('―', 0.9973449110984802), ('Kvarh', 0.9500526189804077), ('88.88.88.88UaUbUc-Ia-Ib-Ic△L8◎T18', 0.9633380174636841), ('88氘§｛∩ē阀Й逆相序成功失败请购电拉闸', 0.9601963758468628)]

2022-09-05 14:48:28,537: detec_zd: 接收参数：[图片路径：./photo/61img/PICTURE5\3730001000000892670031.jpg，配置文件路径：./photo/ini61 ]
识别结果：[]

2022-09-05 14:48:30,788: detec_zd: 接收参数：[图片路径：./photo/61img/PICTURE6\3730001000000892678778.jpg，配置文件路径：./photo/ini61 ]
识别结果：[('★', 0.9956093430519104), ('当前上18月组合反正向无有功IIIV总费率18', 0.9333282709121704), ('ABCNCOSΦ阶梯剩余需电量费价失压流功率时间段', 0.9781122803688049), ('8888.8.8:8.8:8.8', 0.9790221452713013), ('元', 0.9927669763565063), ('KWAh', 0.8752577900886536), ('―', 0.9699380397796631), ('Kvarh', 0.9563664197921753), ('88.88.88.88UaUbUc-Ia-Ib-Ic△L8◎T18', 0.9432141780853271), ('88氘§｛∩ē阀Й逆相序成功失败请购电拉闸', 0.969694197177887)]

2022-09-05 14:48:30,788: detec_zd: 接收参数：[图片路径：./photo/61img/PICTURE6\3730001000000892678778.jpg，配置文件路径：./photo/ini61 ]
识别结果：[('★', 0.9956093430519104), ('当前上18月组合反正向无有功IIIV总费率18', 0.9333282709121704), ('ABCNCOSΦ阶梯剩余需电量费价失压流功率时间段', 0.9781122803688049), ('8888.8.8:8.8:8.8', 0.9790221452713013), ('元', 0.9927669763565063), ('KWAh', 0.8752577900886536), ('―', 0.9699380397796631), ('Kvarh', 0.9563664197921753), ('88.88.88.88UaUbUc-Ia-Ib-Ic△L8◎T18', 0.9432141780853271), ('88氘§｛∩ē阀Й逆相序成功失败请购电拉闸', 0.969694197177887)]

2022-09-05 14:48:31,502: detec_zd: 接收参数：[图片路径：./photo/61img/PICTURE7\3730001000000892627394.jpg，配置文件路径：./photo/ini61 ]
识别结果：[]

2022-09-05 14:48:32,215: detec_zd: 接收参数：[图片路径：./photo/61img/PICTURE7\3730001000000892636969.jpg，配置文件路径：./photo/ini61 ]
识别结果：[]

2022-09-05 14:48:32,925: detec_zd: 接收参数：[图片路径：./photo/61img/PICTURE7\3730001000000892663262.jpg，配置文件路径：./photo/ini61 ]
识别结果：[]

2022-09-05 14:48:33,636: detec_zd: 接收参数：[图片路径：./photo/61img/PICTURE8\3730001000000892627400.jpg，配置文件路径：./photo/ini61 ]
识别结果：[]

2022-09-05 14:48:35,282: detec_zd: 接收参数：[图片路径：./photo/61img/PICTURE8\3730001000000892644520.jpg，配置文件路径：./photo/ini61 ]
识别结果：[('当前上18月当反1向有IV费平18', 0.8347452878952026), ('888.8.8.8.8', 0.7948710918426514), ('元', 0.9869750738143921), ('KWAh', 0.9758426547050476), ('―', 0.5354822278022766), ('Kvarh', 0.9569687843322754), ('88.88.88.88UUbUc-+I-I-Ic△L8T18', 0.8737758994102478), ('88氘§｛｛∩ē阀Й逆相序成功失败请购电拉闸', 0.9292802810668945)]

2022-09-05 14:48:35,283: detec_zd: 接收参数：[图片路径：./photo/61img/PICTURE8\3730001000000892644520.jpg，配置文件路径：./photo/ini61 ]
识别结果：[('当前上18月当反1向有IV费平18', 0.8347452878952026), ('888.8.8.8.8', 0.7948710918426514), ('元', 0.9869750738143921), ('KWAh', 0.9758426547050476), ('―', 0.5354822278022766), ('Kvarh', 0.9569687843322754), ('88.88.88.88UUbUc-+I-I-Ic△L8T18', 0.8737758994102478), ('88氘§｛｛∩ē阀Й逆相序成功失败请购电拉闸', 0.9292802810668945)]

2022-09-05 14:48:36,015: detec_zd: 接收参数：[图片路径：./photo/61img/PICTURE8\3730001000000892668731.jpg，配置文件路径：./photo/ini61 ]
识别结果：[]

2022-09-05 14:48:36,732: detec_zd: 接收参数：[图片路径：./photo/61img/PICTURE9\3730001000000892627417.jpg，配置文件路径：./photo/ini61 ]
识别结果：[]

2022-09-05 14:50:33,586: detec_zd: 接收参数：[图片路径：./photo/61img/PICTURE1\3730001000000892640164.jpg，配置文件路径：./photo/ini61 ]
识别结果：[('★', 0.9992687106132507), ('当前上18月组合反正向无有功IIIV总费率18', 0.9672249555587769), ('ABCNCOSΦ阶梯剩余需电量费价失压流功率时间段', 0.9541639089584351), ('8888.8.8:8.8:8.8', 0.9756032228469849), ('元', 0.9768165946006775), ('KWAh', 0.9704837799072266), ('―', 0.8115940093994141), ('Kvarh', 0.9609018564224243), ('88.88.88.88UaUbUc-Ia-Ib-Ic△L8◎T18', 0.9642879366874695), ('88氘§｛∩ē阀Й逆相序成功失败请购电拉闸', 0.9331334233283997)]

2022-09-05 14:50:33,586: detec_zd: 接收参数：[图片路径：./photo/61img/PICTURE1\3730001000000892640164.jpg，配置文件路径：./photo/ini61 ]
识别结果：[('★', 0.9992687106132507), ('当前上18月组合反正向无有功IIIV总费率18', 0.9672249555587769), ('ABCNCOSΦ阶梯剩余需电量费价失压流功率时间段', 0.9541639089584351), ('8888.8.8:8.8:8.8', 0.9756032228469849), ('元', 0.9768165946006775), ('KWAh', 0.9704837799072266), ('―', 0.8115940093994141), ('Kvarh', 0.9609018564224243), ('88.88.88.88UaUbUc-Ia-Ib-Ic△L8◎T18', 0.9642879366874695), ('88氘§｛∩ē阀Й逆相序成功失败请购电拉闸', 0.9331334233283997)]

2022-09-05 14:50:34,891: detec_zd: 接收参数：[图片路径：./photo/61img/PICTURE1\3730001000000892641994.jpg，配置文件路径：./photo/ini61 ]
识别结果：[('――', 0.6356686353683472)]

2022-09-05 14:50:34,891: detec_zd: 接收参数：[图片路径：./photo/61img/PICTURE1\3730001000000892641994.jpg，配置文件路径：./photo/ini61 ]
识别结果：[('――', 0.6356686353683472)]

2022-09-05 14:50:37,033: detec_zd: 接收参数：[图片路径：./photo/61img/PICTURE1\3730001000000892663187.jpg，配置文件路径：./photo/ini61 ]
识别结果：[('当前上18月组合反上向无有功IIIV总费率18', 0.9318853616714478), ('ABCNCOSΦ阶梯剩余需电量费价失压流功率时间段', 0.9902651906013489), ('8888.8.8.8.8.8.8', 0.9452289342880249), ('元', 0.9882320761680603), ('KWAh', 0.9575862288475037), ('―', 0.9903759360313416), ('Kvarh', 0.9616388082504272), ('88.88.88.88UaUbUc-Ia-Ib-Ic△L8◎T18', 0.9684333205223083), ('88氘§｛∩ē阀Й逆相序成功失败请购电拉闸', 0.9403423070907593)]

2022-09-05 14:50:37,033: detec_zd: 接收参数：[图片路径：./photo/61img/PICTURE1\3730001000000892663187.jpg，配置文件路径：./photo/ini61 ]
识别结果：[('当前上18月组合反上向无有功IIIV总费率18', 0.9318853616714478), ('ABCNCOSΦ阶梯剩余需电量费价失压流功率时间段', 0.9902651906013489), ('8888.8.8.8.8.8.8', 0.9452289342880249), ('元', 0.9882320761680603), ('KWAh', 0.9575862288475037), ('―', 0.9903759360313416), ('Kvarh', 0.9616388082504272), ('88.88.88.88UaUbUc-Ia-Ib-Ic△L8◎T18', 0.9684333205223083), ('88氘§｛∩ē阀Й逆相序成功失败请购电拉闸', 0.9403423070907593)]

2022-09-05 14:50:37,820: detec_zd: 接收参数：[图片路径：./photo/61img/PICTURE2\3730001000000892641970.jpg，配置文件路径：./photo/ini61 ]
识别结果：[]

2022-09-05 14:50:39,889: detec_zd: 接收参数：[图片路径：./photo/61img/PICTURE3\3730001000000892656387.jpg，配置文件路径：./photo/ini61 ]
识别结果：[('★', 0.9983640313148499), ('当前上18月组合反正向无有功IIIV总费率18', 0.982283890247345), ('ABCNCOSΦ阶梯剩余需电量费价失压流功率时间段', 0.9747344851493835), ('8888.8.8:8.8:8.8', 0.9249604344367981), ('元', 0.9718239903450012), ('KWAh', 0.9549272656440735), ('―', 0.9979755282402039), ('Kvarh', 0.9557523727416992), ('88.88.88.88UaUbUc-Ia-Ib-Ic△L8◎T18', 0.9349876046180725), ('88氘§｛∩ē阀Й逆相序成功失败请购电拉闸', 0.9538479447364807)]

2022-09-05 14:50:39,889: detec_zd: 接收参数：[图片路径：./photo/61img/PICTURE3\3730001000000892656387.jpg，配置文件路径：./photo/ini61 ]
识别结果：[('★', 0.9983640313148499), ('当前上18月组合反正向无有功IIIV总费率18', 0.982283890247345), ('ABCNCOSΦ阶梯剩余需电量费价失压流功率时间段', 0.9747344851493835), ('8888.8.8:8.8:8.8', 0.9249604344367981), ('元', 0.9718239903450012), ('KWAh', 0.9549272656440735), ('―', 0.9979755282402039), ('Kvarh', 0.9557523727416992), ('88.88.88.88UaUbUc-Ia-Ib-Ic△L8◎T18', 0.9349876046180725), ('88氘§｛∩ē阀Й逆相序成功失败请购电拉闸', 0.9538479447364807)]

2022-09-05 14:50:40,618: detec_zd: 接收参数：[图片路径：./photo/61img/PICTURE3\3730001000000892660612.jpg，配置文件路径：./photo/ini61 ]
识别结果：[]

2022-09-05 14:50:42,701: detec_zd: 接收参数：[图片路径：./photo/61img/PICTURE4\3730001000000892630677.jpg，配置文件路径：./photo/ini61 ]
识别结果：[('★', 0.9989672899246216), ('当前上18月组合反正向无有功IIIV总费率18', 0.9776846766471863), ('ABCNCOSΦ阶梯剩余需电量费价失压流功率时间段', 0.9424956440925598), ('8888.8.8:8.8:8.8', 0.9419470429420471), ('元', 0.9908648133277893), ('KWAh', 0.8786503076553345), ('―', 0.6722465753555298), ('Kvarh', 0.9454501867294312), ('88.88.88.88UaUbUc-Ia-Ib-Ic△L8◎T18', 0.9430973529815674), ('88氘§｛∩ē阀Й逆相序成功失败请购电拉闸', 0.97205650806427)]

2022-09-05 14:50:42,701: detec_zd: 接收参数：[图片路径：./photo/61img/PICTURE4\3730001000000892630677.jpg，配置文件路径：./photo/ini61 ]
识别结果：[('★', 0.9989672899246216), ('当前上18月组合反正向无有功IIIV总费率18', 0.9776846766471863), ('ABCNCOSΦ阶梯剩余需电量费价失压流功率时间段', 0.9424956440925598), ('8888.8.8:8.8:8.8', 0.9419470429420471), ('元', 0.9908648133277893), ('KWAh', 0.8786503076553345), ('―', 0.6722465753555298), ('Kvarh', 0.9454501867294312), ('88.88.88.88UaUbUc-Ia-Ib-Ic△L8◎T18', 0.9430973529815674), ('88氘§｛∩ē阀Й逆相序成功失败请购电拉闸', 0.97205650806427)]

2022-09-05 14:50:44,800: detec_zd: 接收参数：[图片路径：./photo/61img/PICTURE4\3730001000000892679829.jpg，配置文件路径：./photo/ini61 ]
识别结果：[('★', 0.9971054196357727), ('当前上18月组合反正向无有功IIIV总费率18', 0.9544298648834229), ('ABCNCOSΦ阶梯剩余需电量费价失压流功率时间段', 0.9420974254608154), ('8888.8.8:8.8:8.8', 0.9642846584320068), ('元', 0.9856266379356384), ('KWAh', 0.8930444717407227), ('―', 0.9911186099052429), ('Kvarh', 0.9690264463424683), ('88.88.88.88UaUbUc-Ia-Ib-Ic△L8◎T18', 0.9538511633872986), ('88氘§｛∩ē阀Й逆相序成功失败请购电拉闸', 0.9703632593154907)]

2022-09-05 14:50:44,800: detec_zd: 接收参数：[图片路径：./photo/61img/PICTURE4\3730001000000892679829.jpg，配置文件路径：./photo/ini61 ]
识别结果：[('★', 0.9971054196357727), ('当前上18月组合反正向无有功IIIV总费率18', 0.9544298648834229), ('ABCNCOSΦ阶梯剩余需电量费价失压流功率时间段', 0.9420974254608154), ('8888.8.8:8.8:8.8', 0.9642846584320068), ('元', 0.9856266379356384), ('KWAh', 0.8930444717407227), ('―', 0.9911186099052429), ('Kvarh', 0.9690264463424683), ('88.88.88.88UaUbUc-Ia-Ib-Ic△L8◎T18', 0.9538511633872986), ('88氘§｛∩ē阀Й逆相序成功失败请购电拉闸', 0.9703632593154907)]

2022-09-05 14:50:46,886: detec_zd: 接收参数：[图片路径：./photo/61img/PICTURE5\3730001000000892645503.jpg，配置文件路径：./photo/ini61 ]
识别结果：[('★', 0.9977836012840271), ('当前上18月组合反正向无有功IIIV总费率18', 0.9705759286880493), ('ABCNCOSΦ阶梯剩余需电量费价失压流功率时间段', 0.9645198583602905), ('8888.8.8:8.8:8.8', 0.996857225894928), ('元', 0.6552505493164062), ('KWAh', 0.9685818552970886), ('―', 0.9865275025367737), ('Kvarh', 0.9655717611312866), ('88.88.88.88UaUbUc-Ia-Ib-Ic△L8◎T18', 0.9693012833595276), ('88氘§｛∩ē阀Й逆相序成功失败请购电拉闸', 0.9548258781433105)]

2022-09-05 14:50:46,886: detec_zd: 接收参数：[图片路径：./photo/61img/PICTURE5\3730001000000892645503.jpg，配置文件路径：./photo/ini61 ]
识别结果：[('★', 0.9977836012840271), ('当前上18月组合反正向无有功IIIV总费率18', 0.9705759286880493), ('ABCNCOSΦ阶梯剩余需电量费价失压流功率时间段', 0.9645198583602905), ('8888.8.8:8.8:8.8', 0.996857225894928), ('元', 0.6552505493164062), ('KWAh', 0.9685818552970886), ('―', 0.9865275025367737), ('Kvarh', 0.9655717611312866), ('88.88.88.88UaUbUc-Ia-Ib-Ic△L8◎T18', 0.9693012833595276), ('88氘§｛∩ē阀Й逆相序成功失败请购电拉闸', 0.9548258781433105)]

2022-09-05 14:50:48,944: detec_zd: 接收参数：[图片路径：./photo/61img/PICTURE5\3730001000000892648184.jpg，配置文件路径：./photo/ini61 ]
识别结果：[('★', 0.9985008239746094), ('当前上18月组合反正向无有功IIIV总费率18', 0.9424466490745544), ('ABCNCOSΦ阶梯剩余需电量费价失压流功率时间段', 0.9508830308914185), ('8888.8.8:8.8:8.8', 0.9965173006057739), ('元', 0.9735960960388184), ('KWAh', 0.9641598463058472), ('―', 0.9973449110984802), ('Kvarh', 0.9500526189804077), ('88.88.88.88UaUbUc-Ia-Ib-Ic△L8◎T18', 0.9633380174636841), ('88氘§｛∩ē阀Й逆相序成功失败请购电拉闸', 0.9601963758468628)]

2022-09-05 14:50:48,945: detec_zd: 接收参数：[图片路径：./photo/61img/PICTURE5\3730001000000892648184.jpg，配置文件路径：./photo/ini61 ]
识别结果：[('★', 0.9985008239746094), ('当前上18月组合反正向无有功IIIV总费率18', 0.9424466490745544), ('ABCNCOSΦ阶梯剩余需电量费价失压流功率时间段', 0.9508830308914185), ('8888.8.8:8.8:8.8', 0.9965173006057739), ('元', 0.9735960960388184), ('KWAh', 0.9641598463058472), ('―', 0.9973449110984802), ('Kvarh', 0.9500526189804077), ('88.88.88.88UaUbUc-Ia-Ib-Ic△L8◎T18', 0.9633380174636841), ('88氘§｛∩ē阀Й逆相序成功失败请购电拉闸', 0.9601963758468628)]

2022-09-05 14:50:49,675: detec_zd: 接收参数：[图片路径：./photo/61img/PICTURE5\3730001000000892670031.jpg，配置文件路径：./photo/ini61 ]
识别结果：[]

2022-09-05 14:50:51,908: detec_zd: 接收参数：[图片路径：./photo/61img/PICTURE6\3730001000000892678778.jpg，配置文件路径：./photo/ini61 ]
识别结果：[('★', 0.9956093430519104), ('当前上18月组合反正向无有功IIIV总费率18', 0.9333282709121704), ('ABCNCOSΦ阶梯剩余需电量费价失压流功率时间段', 0.9781122803688049), ('8888.8.8:8.8:8.8', 0.9790221452713013), ('元', 0.9927669763565063), ('KWAh', 0.8752577900886536), ('―', 0.9699380397796631), ('Kvarh', 0.9563664197921753), ('88.88.88.88UaUbUc-Ia-Ib-Ic△L8◎T18', 0.9432141780853271), ('88氘§｛∩ē阀Й逆相序成功失败请购电拉闸', 0.969694197177887)]

2022-09-05 14:50:51,908: detec_zd: 接收参数：[图片路径：./photo/61img/PICTURE6\3730001000000892678778.jpg，配置文件路径：./photo/ini61 ]
识别结果：[('★', 0.9956093430519104), ('当前上18月组合反正向无有功IIIV总费率18', 0.9333282709121704), ('ABCNCOSΦ阶梯剩余需电量费价失压流功率时间段', 0.9781122803688049), ('8888.8.8:8.8:8.8', 0.9790221452713013), ('元', 0.9927669763565063), ('KWAh', 0.8752577900886536), ('―', 0.9699380397796631), ('Kvarh', 0.9563664197921753), ('88.88.88.88UaUbUc-Ia-Ib-Ic△L8◎T18', 0.9432141780853271), ('88氘§｛∩ē阀Й逆相序成功失败请购电拉闸', 0.969694197177887)]

2022-09-05 14:50:52,621: detec_zd: 接收参数：[图片路径：./photo/61img/PICTURE7\3730001000000892627394.jpg，配置文件路径：./photo/ini61 ]
识别结果：[]

2022-09-05 14:50:53,357: detec_zd: 接收参数：[图片路径：./photo/61img/PICTURE7\3730001000000892636969.jpg，配置文件路径：./photo/ini61 ]
识别结果：[]

2022-09-05 14:50:54,102: detec_zd: 接收参数：[图片路径：./photo/61img/PICTURE7\3730001000000892663262.jpg，配置文件路径：./photo/ini61 ]
识别结果：[]

2022-09-05 14:50:54,851: detec_zd: 接收参数：[图片路径：./photo/61img/PICTURE8\3730001000000892627400.jpg，配置文件路径：./photo/ini61 ]
识别结果：[]

2022-09-05 14:50:56,505: detec_zd: 接收参数：[图片路径：./photo/61img/PICTURE8\3730001000000892644520.jpg，配置文件路径：./photo/ini61 ]
识别结果：[('当前上18月当反1向有IV费平18', 0.8347452878952026), ('888.8.8.8.8', 0.7948710918426514), ('元', 0.9869750738143921), ('KWAh', 0.9758426547050476), ('―', 0.5354822278022766), ('Kvarh', 0.9569687843322754), ('88.88.88.88UUbUc-+I-I-Ic△L8T18', 0.8737758994102478), ('88氘§｛｛∩ē阀Й逆相序成功失败请购电拉闸', 0.9292802810668945)]

2022-09-05 14:50:56,505: detec_zd: 接收参数：[图片路径：./photo/61img/PICTURE8\3730001000000892644520.jpg，配置文件路径：./photo/ini61 ]
识别结果：[('当前上18月当反1向有IV费平18', 0.8347452878952026), ('888.8.8.8.8', 0.7948710918426514), ('元', 0.9869750738143921), ('KWAh', 0.9758426547050476), ('―', 0.5354822278022766), ('Kvarh', 0.9569687843322754), ('88.88.88.88UUbUc-+I-I-Ic△L8T18', 0.8737758994102478), ('88氘§｛｛∩ē阀Й逆相序成功失败请购电拉闸', 0.9292802810668945)]

2022-09-05 14:50:57,221: detec_zd: 接收参数：[图片路径：./photo/61img/PICTURE8\3730001000000892668731.jpg，配置文件路径：./photo/ini61 ]
识别结果：[]

2022-09-05 14:50:57,942: detec_zd: 接收参数：[图片路径：./photo/61img/PICTURE9\3730001000000892627417.jpg，配置文件路径：./photo/ini61 ]
识别结果：[]

2022-09-05 15:04:50,931: detec_zd: 接收参数：[图片路径：./photo/61img/PICTURE1\3730001000000892640164.jpg，配置文件路径：./photo/ini61 ]
识别结果：[('★', 0.9992687106132507), ('当前上18月组合反正向无有功IIIV总费率18', 0.9672249555587769), ('ABCNCOSΦ阶梯剩余需电量费价失压流功率时间段', 0.9541639089584351), ('8888.8.8:8.8:8.8', 0.9756032228469849), ('元', 0.9768165946006775), ('KWAh', 0.9704837799072266), ('―', 0.8115940093994141), ('Kvarh', 0.9609018564224243), ('88.88.88.88UaUbUc-Ia-Ib-Ic△L8◎T18', 0.9642879366874695), ('88氘§｛∩ē阀Й逆相序成功失败请购电拉闸', 0.9331334233283997)]

2022-09-05 15:04:50,931: detec_zd: 接收参数：[图片路径：./photo/61img/PICTURE1\3730001000000892640164.jpg，配置文件路径：./photo/ini61 ]
识别结果：[('★', 0.9992687106132507), ('当前上18月组合反正向无有功IIIV总费率18', 0.9672249555587769), ('ABCNCOSΦ阶梯剩余需电量费价失压流功率时间段', 0.9541639089584351), ('8888.8.8:8.8:8.8', 0.9756032228469849), ('元', 0.9768165946006775), ('KWAh', 0.9704837799072266), ('―', 0.8115940093994141), ('Kvarh', 0.9609018564224243), ('88.88.88.88UaUbUc-Ia-Ib-Ic△L8◎T18', 0.9642879366874695), ('88氘§｛∩ē阀Й逆相序成功失败请购电拉闸', 0.9331334233283997)]

2022-09-05 15:04:52,243: detec_zd: 接收参数：[图片路径：./photo/61img/PICTURE1\3730001000000892641994.jpg，配置文件路径：./photo/ini61 ]
识别结果：[('――', 0.6356686353683472)]

2022-09-05 15:04:52,243: detec_zd: 接收参数：[图片路径：./photo/61img/PICTURE1\3730001000000892641994.jpg，配置文件路径：./photo/ini61 ]
识别结果：[('――', 0.6356686353683472)]

2022-09-05 15:04:54,418: detec_zd: 接收参数：[图片路径：./photo/61img/PICTURE1\3730001000000892663187.jpg，配置文件路径：./photo/ini61 ]
识别结果：[('当前上18月组合反上向无有功IIIV总费率18', 0.9318853616714478), ('ABCNCOSΦ阶梯剩余需电量费价失压流功率时间段', 0.9902651906013489), ('8888.8.8.8.8.8.8', 0.9452289342880249), ('元', 0.9882320761680603), ('KWAh', 0.9575862288475037), ('―', 0.9903759360313416), ('Kvarh', 0.9616388082504272), ('88.88.88.88UaUbUc-Ia-Ib-Ic△L8◎T18', 0.9684333205223083), ('88氘§｛∩ē阀Й逆相序成功失败请购电拉闸', 0.9403423070907593)]

2022-09-05 15:04:54,419: detec_zd: 接收参数：[图片路径：./photo/61img/PICTURE1\3730001000000892663187.jpg，配置文件路径：./photo/ini61 ]
识别结果：[('当前上18月组合反上向无有功IIIV总费率18', 0.9318853616714478), ('ABCNCOSΦ阶梯剩余需电量费价失压流功率时间段', 0.9902651906013489), ('8888.8.8.8.8.8.8', 0.9452289342880249), ('元', 0.9882320761680603), ('KWAh', 0.9575862288475037), ('―', 0.9903759360313416), ('Kvarh', 0.9616388082504272), ('88.88.88.88UaUbUc-Ia-Ib-Ic△L8◎T18', 0.9684333205223083), ('88氘§｛∩ē阀Й逆相序成功失败请购电拉闸', 0.9403423070907593)]

2022-09-05 15:04:55,163: detec_zd: 接收参数：[图片路径：./photo/61img/PICTURE2\3730001000000892641970.jpg，配置文件路径：./photo/ini61 ]
识别结果：[]

2022-09-05 15:04:57,212: detec_zd: 接收参数：[图片路径：./photo/61img/PICTURE3\3730001000000892656387.jpg，配置文件路径：./photo/ini61 ]
识别结果：[('★', 0.9983640313148499), ('当前上18月组合反正向无有功IIIV总费率18', 0.982283890247345), ('ABCNCOSΦ阶梯剩余需电量费价失压流功率时间段', 0.9747344851493835), ('8888.8.8:8.8:8.8', 0.9249604344367981), ('元', 0.9718239903450012), ('KWAh', 0.9549272656440735), ('―', 0.9979755282402039), ('Kvarh', 0.9557523727416992), ('88.88.88.88UaUbUc-Ia-Ib-Ic△L8◎T18', 0.9349876046180725), ('88氘§｛∩ē阀Й逆相序成功失败请购电拉闸', 0.9538479447364807)]

2022-09-05 15:04:57,213: detec_zd: 接收参数：[图片路径：./photo/61img/PICTURE3\3730001000000892656387.jpg，配置文件路径：./photo/ini61 ]
识别结果：[('★', 0.9983640313148499), ('当前上18月组合反正向无有功IIIV总费率18', 0.982283890247345), ('ABCNCOSΦ阶梯剩余需电量费价失压流功率时间段', 0.9747344851493835), ('8888.8.8:8.8:8.8', 0.9249604344367981), ('元', 0.9718239903450012), ('KWAh', 0.9549272656440735), ('―', 0.9979755282402039), ('Kvarh', 0.9557523727416992), ('88.88.88.88UaUbUc-Ia-Ib-Ic△L8◎T18', 0.9349876046180725), ('88氘§｛∩ē阀Й逆相序成功失败请购电拉闸', 0.9538479447364807)]

2022-09-05 15:04:57,915: detec_zd: 接收参数：[图片路径：./photo/61img/PICTURE3\3730001000000892660612.jpg，配置文件路径：./photo/ini61 ]
识别结果：[]

2022-09-05 15:05:00,003: detec_zd: 接收参数：[图片路径：./photo/61img/PICTURE4\3730001000000892630677.jpg，配置文件路径：./photo/ini61 ]
识别结果：[('★', 0.9989672899246216), ('当前上18月组合反正向无有功IIIV总费率18', 0.9776846766471863), ('ABCNCOSΦ阶梯剩余需电量费价失压流功率时间段', 0.9424956440925598), ('8888.8.8:8.8:8.8', 0.9419470429420471), ('元', 0.9908648133277893), ('KWAh', 0.8786503076553345), ('―', 0.6722465753555298), ('Kvarh', 0.9454501867294312), ('88.88.88.88UaUbUc-Ia-Ib-Ic△L8◎T18', 0.9430973529815674), ('88氘§｛∩ē阀Й逆相序成功失败请购电拉闸', 0.97205650806427)]

2022-09-05 15:05:00,003: detec_zd: 接收参数：[图片路径：./photo/61img/PICTURE4\3730001000000892630677.jpg，配置文件路径：./photo/ini61 ]
识别结果：[('★', 0.9989672899246216), ('当前上18月组合反正向无有功IIIV总费率18', 0.9776846766471863), ('ABCNCOSΦ阶梯剩余需电量费价失压流功率时间段', 0.9424956440925598), ('8888.8.8:8.8:8.8', 0.9419470429420471), ('元', 0.9908648133277893), ('KWAh', 0.8786503076553345), ('―', 0.6722465753555298), ('Kvarh', 0.9454501867294312), ('88.88.88.88UaUbUc-Ia-Ib-Ic△L8◎T18', 0.9430973529815674), ('88氘§｛∩ē阀Й逆相序成功失败请购电拉闸', 0.97205650806427)]

2022-09-05 15:05:02,096: detec_zd: 接收参数：[图片路径：./photo/61img/PICTURE4\3730001000000892679829.jpg，配置文件路径：./photo/ini61 ]
识别结果：[('★', 0.9971054196357727), ('当前上18月组合反正向无有功IIIV总费率18', 0.9544298648834229), ('ABCNCOSΦ阶梯剩余需电量费价失压流功率时间段', 0.9420974254608154), ('8888.8.8:8.8:8.8', 0.9642846584320068), ('元', 0.9856266379356384), ('KWAh', 0.8930444717407227), ('―', 0.9911186099052429), ('Kvarh', 0.9690264463424683), ('88.88.88.88UaUbUc-Ia-Ib-Ic△L8◎T18', 0.9538511633872986), ('88氘§｛∩ē阀Й逆相序成功失败请购电拉闸', 0.9703632593154907)]

2022-09-05 15:05:02,096: detec_zd: 接收参数：[图片路径：./photo/61img/PICTURE4\3730001000000892679829.jpg，配置文件路径：./photo/ini61 ]
识别结果：[('★', 0.9971054196357727), ('当前上18月组合反正向无有功IIIV总费率18', 0.9544298648834229), ('ABCNCOSΦ阶梯剩余需电量费价失压流功率时间段', 0.9420974254608154), ('8888.8.8:8.8:8.8', 0.9642846584320068), ('元', 0.9856266379356384), ('KWAh', 0.8930444717407227), ('―', 0.9911186099052429), ('Kvarh', 0.9690264463424683), ('88.88.88.88UaUbUc-Ia-Ib-Ic△L8◎T18', 0.9538511633872986), ('88氘§｛∩ē阀Й逆相序成功失败请购电拉闸', 0.9703632593154907)]

2022-09-05 15:05:04,177: detec_zd: 接收参数：[图片路径：./photo/61img/PICTURE5\3730001000000892645503.jpg，配置文件路径：./photo/ini61 ]
识别结果：[('★', 0.9977836012840271), ('当前上18月组合反正向无有功IIIV总费率18', 0.9705759286880493), ('ABCNCOSΦ阶梯剩余需电量费价失压流功率时间段', 0.9645198583602905), ('8888.8.8:8.8:8.8', 0.996857225894928), ('元', 0.6552505493164062), ('KWAh', 0.9685818552970886), ('―', 0.9865275025367737), ('Kvarh', 0.9655717611312866), ('88.88.88.88UaUbUc-Ia-Ib-Ic△L8◎T18', 0.9693012833595276), ('88氘§｛∩ē阀Й逆相序成功失败请购电拉闸', 0.9548258781433105)]

2022-09-05 15:05:04,177: detec_zd: 接收参数：[图片路径：./photo/61img/PICTURE5\3730001000000892645503.jpg，配置文件路径：./photo/ini61 ]
识别结果：[('★', 0.9977836012840271), ('当前上18月组合反正向无有功IIIV总费率18', 0.9705759286880493), ('ABCNCOSΦ阶梯剩余需电量费价失压流功率时间段', 0.9645198583602905), ('8888.8.8:8.8:8.8', 0.996857225894928), ('元', 0.6552505493164062), ('KWAh', 0.9685818552970886), ('―', 0.9865275025367737), ('Kvarh', 0.9655717611312866), ('88.88.88.88UaUbUc-Ia-Ib-Ic△L8◎T18', 0.9693012833595276), ('88氘§｛∩ē阀Й逆相序成功失败请购电拉闸', 0.9548258781433105)]

2022-09-05 15:05:06,284: detec_zd: 接收参数：[图片路径：./photo/61img/PICTURE5\3730001000000892648184.jpg，配置文件路径：./photo/ini61 ]
识别结果：[('★', 0.9985008239746094), ('当前上18月组合反正向无有功IIIV总费率18', 0.9424466490745544), ('ABCNCOSΦ阶梯剩余需电量费价失压流功率时间段', 0.9508830308914185), ('8888.8.8:8.8:8.8', 0.9965173006057739), ('元', 0.9735960960388184), ('KWAh', 0.9641598463058472), ('―', 0.9973449110984802), ('Kvarh', 0.9500526189804077), ('88.88.88.88UaUbUc-Ia-Ib-Ic△L8◎T18', 0.9633380174636841), ('88氘§｛∩ē阀Й逆相序成功失败请购电拉闸', 0.9601963758468628)]

2022-09-05 15:05:06,284: detec_zd: 接收参数：[图片路径：./photo/61img/PICTURE5\3730001000000892648184.jpg，配置文件路径：./photo/ini61 ]
识别结果：[('★', 0.9985008239746094), ('当前上18月组合反正向无有功IIIV总费率18', 0.9424466490745544), ('ABCNCOSΦ阶梯剩余需电量费价失压流功率时间段', 0.9508830308914185), ('8888.8.8:8.8:8.8', 0.9965173006057739), ('元', 0.9735960960388184), ('KWAh', 0.9641598463058472), ('―', 0.9973449110984802), ('Kvarh', 0.9500526189804077), ('88.88.88.88UaUbUc-Ia-Ib-Ic△L8◎T18', 0.9633380174636841), ('88氘§｛∩ē阀Й逆相序成功失败请购电拉闸', 0.9601963758468628)]

2022-09-05 15:05:06,987: detec_zd: 接收参数：[图片路径：./photo/61img/PICTURE5\3730001000000892670031.jpg，配置文件路径：./photo/ini61 ]
识别结果：[]

2022-09-05 15:05:09,165: detec_zd: 接收参数：[图片路径：./photo/61img/PICTURE6\3730001000000892678778.jpg，配置文件路径：./photo/ini61 ]
识别结果：[('★', 0.9956093430519104), ('当前上18月组合反正向无有功IIIV总费率18', 0.9333282709121704), ('ABCNCOSΦ阶梯剩余需电量费价失压流功率时间段', 0.9781122803688049), ('8888.8.8:8.8:8.8', 0.9790221452713013), ('元', 0.9927669763565063), ('KWAh', 0.8752577900886536), ('―', 0.9699380397796631), ('Kvarh', 0.9563664197921753), ('88.88.88.88UaUbUc-Ia-Ib-Ic△L8◎T18', 0.9432141780853271), ('88氘§｛∩ē阀Й逆相序成功失败请购电拉闸', 0.969694197177887)]

2022-09-05 15:05:09,165: detec_zd: 接收参数：[图片路径：./photo/61img/PICTURE6\3730001000000892678778.jpg，配置文件路径：./photo/ini61 ]
识别结果：[('★', 0.9956093430519104), ('当前上18月组合反正向无有功IIIV总费率18', 0.9333282709121704), ('ABCNCOSΦ阶梯剩余需电量费价失压流功率时间段', 0.9781122803688049), ('8888.8.8:8.8:8.8', 0.9790221452713013), ('元', 0.9927669763565063), ('KWAh', 0.8752577900886536), ('―', 0.9699380397796631), ('Kvarh', 0.9563664197921753), ('88.88.88.88UaUbUc-Ia-Ib-Ic△L8◎T18', 0.9432141780853271), ('88氘§｛∩ē阀Й逆相序成功失败请购电拉闸', 0.969694197177887)]

2022-09-05 15:05:09,890: detec_zd: 接收参数：[图片路径：./photo/61img/PICTURE7\3730001000000892627394.jpg，配置文件路径：./photo/ini61 ]
识别结果：[]

2022-09-05 15:05:10,592: detec_zd: 接收参数：[图片路径：./photo/61img/PICTURE7\3730001000000892636969.jpg，配置文件路径：./photo/ini61 ]
识别结果：[]

2022-09-05 15:05:11,336: detec_zd: 接收参数：[图片路径：./photo/61img/PICTURE7\3730001000000892663262.jpg，配置文件路径：./photo/ini61 ]
识别结果：[]

2022-09-05 15:05:12,038: detec_zd: 接收参数：[图片路径：./photo/61img/PICTURE8\3730001000000892627400.jpg，配置文件路径：./photo/ini61 ]
识别结果：[]

2022-09-05 15:05:13,677: detec_zd: 接收参数：[图片路径：./photo/61img/PICTURE8\3730001000000892644520.jpg，配置文件路径：./photo/ini61 ]
识别结果：[('当前上18月当反1向有IV费平18', 0.8347452878952026), ('888.8.8.8.8', 0.7948710918426514), ('元', 0.9869750738143921), ('KWAh', 0.9758426547050476), ('―', 0.5354822278022766), ('Kvarh', 0.9569687843322754), ('88.88.88.88UUbUc-+I-I-Ic△L8T18', 0.8737758994102478), ('88氘§｛｛∩ē阀Й逆相序成功失败请购电拉闸', 0.9292802810668945)]

2022-09-05 15:05:13,677: detec_zd: 接收参数：[图片路径：./photo/61img/PICTURE8\3730001000000892644520.jpg，配置文件路径：./photo/ini61 ]
识别结果：[('当前上18月当反1向有IV费平18', 0.8347452878952026), ('888.8.8.8.8', 0.7948710918426514), ('元', 0.9869750738143921), ('KWAh', 0.9758426547050476), ('―', 0.5354822278022766), ('Kvarh', 0.9569687843322754), ('88.88.88.88UUbUc-+I-I-Ic△L8T18', 0.8737758994102478), ('88氘§｛｛∩ē阀Й逆相序成功失败请购电拉闸', 0.9292802810668945)]

2022-09-05 15:05:14,404: detec_zd: 接收参数：[图片路径：./photo/61img/PICTURE8\3730001000000892668731.jpg，配置文件路径：./photo/ini61 ]
识别结果：[]

2022-09-05 15:05:15,126: detec_zd: 接收参数：[图片路径：./photo/61img/PICTURE9\3730001000000892627417.jpg，配置文件路径：./photo/ini61 ]
识别结果：[]

2022-09-05 15:08:12,175: detec_zd: 接收参数：[图片路径：./photo/61img/PICTURE1\3730001000000892640164.jpg，配置文件路径：./photo/ini61 ]
识别结果：[('★', 0.9992687106132507), ('当前上18月组合反正向无有功IIIV总费率18', 0.9672249555587769), ('ABCNCOSΦ阶梯剩余需电量费价失压流功率时间段', 0.9541639089584351), ('8888.8.8:8.8:8.8', 0.9756032228469849), ('元', 0.9768165946006775), ('KWAh', 0.9704837799072266), ('―', 0.8115940093994141), ('Kvarh', 0.9609018564224243), ('88.88.88.88UaUbUc-Ia-Ib-Ic△L8◎T18', 0.9642879366874695), ('88氘§｛∩ē阀Й逆相序成功失败请购电拉闸', 0.9331334233283997)]

2022-09-05 15:08:12,176: detec_zd: 接收参数：[图片路径：./photo/61img/PICTURE1\3730001000000892640164.jpg，配置文件路径：./photo/ini61 ]
识别结果：[('★', 0.9992687106132507), ('当前上18月组合反正向无有功IIIV总费率18', 0.9672249555587769), ('ABCNCOSΦ阶梯剩余需电量费价失压流功率时间段', 0.9541639089584351), ('8888.8.8:8.8:8.8', 0.9756032228469849), ('元', 0.9768165946006775), ('KWAh', 0.9704837799072266), ('―', 0.8115940093994141), ('Kvarh', 0.9609018564224243), ('88.88.88.88UaUbUc-Ia-Ib-Ic△L8◎T18', 0.9642879366874695), ('88氘§｛∩ē阀Й逆相序成功失败请购电拉闸', 0.9331334233283997)]

2022-09-05 15:08:13,430: detec_zd: 接收参数：[图片路径：./photo/61img/PICTURE1\3730001000000892641994.jpg，配置文件路径：./photo/ini61 ]
识别结果：[('――', 0.6356686353683472)]

2022-09-05 15:08:13,430: detec_zd: 接收参数：[图片路径：./photo/61img/PICTURE1\3730001000000892641994.jpg，配置文件路径：./photo/ini61 ]
识别结果：[('――', 0.6356686353683472)]

2022-09-05 15:08:15,568: detec_zd: 接收参数：[图片路径：./photo/61img/PICTURE1\3730001000000892663187.jpg，配置文件路径：./photo/ini61 ]
识别结果：[('当前上18月组合反上向无有功IIIV总费率18', 0.9318853616714478), ('ABCNCOSΦ阶梯剩余需电量费价失压流功率时间段', 0.9902651906013489), ('8888.8.8.8.8.8.8', 0.9452289342880249), ('元', 0.9882320761680603), ('KWAh', 0.9575862288475037), ('―', 0.9903759360313416), ('Kvarh', 0.9616388082504272), ('88.88.88.88UaUbUc-Ia-Ib-Ic△L8◎T18', 0.9684333205223083), ('88氘§｛∩ē阀Й逆相序成功失败请购电拉闸', 0.9403423070907593)]

2022-09-05 15:08:15,568: detec_zd: 接收参数：[图片路径：./photo/61img/PICTURE1\3730001000000892663187.jpg，配置文件路径：./photo/ini61 ]
识别结果：[('当前上18月组合反上向无有功IIIV总费率18', 0.9318853616714478), ('ABCNCOSΦ阶梯剩余需电量费价失压流功率时间段', 0.9902651906013489), ('8888.8.8.8.8.8.8', 0.9452289342880249), ('元', 0.9882320761680603), ('KWAh', 0.9575862288475037), ('―', 0.9903759360313416), ('Kvarh', 0.9616388082504272), ('88.88.88.88UaUbUc-Ia-Ib-Ic△L8◎T18', 0.9684333205223083), ('88氘§｛∩ē阀Й逆相序成功失败请购电拉闸', 0.9403423070907593)]

2022-09-05 15:08:16,268: detec_zd: 接收参数：[图片路径：./photo/61img/PICTURE2\3730001000000892641970.jpg，配置文件路径：./photo/ini61 ]
识别结果：[]

2022-09-05 15:08:18,323: detec_zd: 接收参数：[图片路径：./photo/61img/PICTURE3\3730001000000892656387.jpg，配置文件路径：./photo/ini61 ]
识别结果：[('★', 0.9983640313148499), ('当前上18月组合反正向无有功IIIV总费率18', 0.982283890247345), ('ABCNCOSΦ阶梯剩余需电量费价失压流功率时间段', 0.9747344851493835), ('8888.8.8:8.8:8.8', 0.9249604344367981), ('元', 0.9718239903450012), ('KWAh', 0.9549272656440735), ('―', 0.9979755282402039), ('Kvarh', 0.9557523727416992), ('88.88.88.88UaUbUc-Ia-Ib-Ic△L8◎T18', 0.9349876046180725), ('88氘§｛∩ē阀Й逆相序成功失败请购电拉闸', 0.9538479447364807)]

2022-09-05 15:08:18,323: detec_zd: 接收参数：[图片路径：./photo/61img/PICTURE3\3730001000000892656387.jpg，配置文件路径：./photo/ini61 ]
识别结果：[('★', 0.9983640313148499), ('当前上18月组合反正向无有功IIIV总费率18', 0.982283890247345), ('ABCNCOSΦ阶梯剩余需电量费价失压流功率时间段', 0.9747344851493835), ('8888.8.8:8.8:8.8', 0.9249604344367981), ('元', 0.9718239903450012), ('KWAh', 0.9549272656440735), ('―', 0.9979755282402039), ('Kvarh', 0.9557523727416992), ('88.88.88.88UaUbUc-Ia-Ib-Ic△L8◎T18', 0.9349876046180725), ('88氘§｛∩ē阀Й逆相序成功失败请购电拉闸', 0.9538479447364807)]

2022-09-05 15:08:19,026: detec_zd: 接收参数：[图片路径：./photo/61img/PICTURE3\3730001000000892660612.jpg，配置文件路径：./photo/ini61 ]
识别结果：[]

2022-09-05 15:08:21,133: detec_zd: 接收参数：[图片路径：./photo/61img/PICTURE4\3730001000000892630677.jpg，配置文件路径：./photo/ini61 ]
识别结果：[('★', 0.9989672899246216), ('当前上18月组合反正向无有功IIIV总费率18', 0.9776846766471863), ('ABCNCOSΦ阶梯剩余需电量费价失压流功率时间段', 0.9424956440925598), ('8888.8.8:8.8:8.8', 0.9419470429420471), ('元', 0.9908648133277893), ('KWAh', 0.8786503076553345), ('―', 0.6722465753555298), ('Kvarh', 0.9454501867294312), ('88.88.88.88UaUbUc-Ia-Ib-Ic△L8◎T18', 0.9430973529815674), ('88氘§｛∩ē阀Й逆相序成功失败请购电拉闸', 0.97205650806427)]

2022-09-05 15:08:21,133: detec_zd: 接收参数：[图片路径：./photo/61img/PICTURE4\3730001000000892630677.jpg，配置文件路径：./photo/ini61 ]
识别结果：[('★', 0.9989672899246216), ('当前上18月组合反正向无有功IIIV总费率18', 0.9776846766471863), ('ABCNCOSΦ阶梯剩余需电量费价失压流功率时间段', 0.9424956440925598), ('8888.8.8:8.8:8.8', 0.9419470429420471), ('元', 0.9908648133277893), ('KWAh', 0.8786503076553345), ('―', 0.6722465753555298), ('Kvarh', 0.9454501867294312), ('88.88.88.88UaUbUc-Ia-Ib-Ic△L8◎T18', 0.9430973529815674), ('88氘§｛∩ē阀Й逆相序成功失败请购电拉闸', 0.97205650806427)]

2022-09-05 15:08:23,241: detec_zd: 接收参数：[图片路径：./photo/61img/PICTURE4\3730001000000892679829.jpg，配置文件路径：./photo/ini61 ]
识别结果：[('★', 0.9971054196357727), ('当前上18月组合反正向无有功IIIV总费率18', 0.9544298648834229), ('ABCNCOSΦ阶梯剩余需电量费价失压流功率时间段', 0.9420974254608154), ('8888.8.8:8.8:8.8', 0.9642846584320068), ('元', 0.9856266379356384), ('KWAh', 0.8930444717407227), ('―', 0.9911186099052429), ('Kvarh', 0.9690264463424683), ('88.88.88.88UaUbUc-Ia-Ib-Ic△L8◎T18', 0.9538511633872986), ('88氘§｛∩ē阀Й逆相序成功失败请购电拉闸', 0.9703632593154907)]

2022-09-05 15:08:23,241: detec_zd: 接收参数：[图片路径：./photo/61img/PICTURE4\3730001000000892679829.jpg，配置文件路径：./photo/ini61 ]
识别结果：[('★', 0.9971054196357727), ('当前上18月组合反正向无有功IIIV总费率18', 0.9544298648834229), ('ABCNCOSΦ阶梯剩余需电量费价失压流功率时间段', 0.9420974254608154), ('8888.8.8:8.8:8.8', 0.9642846584320068), ('元', 0.9856266379356384), ('KWAh', 0.8930444717407227), ('―', 0.9911186099052429), ('Kvarh', 0.9690264463424683), ('88.88.88.88UaUbUc-Ia-Ib-Ic△L8◎T18', 0.9538511633872986), ('88氘§｛∩ē阀Й逆相序成功失败请购电拉闸', 0.9703632593154907)]

2022-09-05 15:08:25,290: detec_zd: 接收参数：[图片路径：./photo/61img/PICTURE5\3730001000000892645503.jpg，配置文件路径：./photo/ini61 ]
识别结果：[('★', 0.9977836012840271), ('当前上18月组合反正向无有功IIIV总费率18', 0.9705759286880493), ('ABCNCOSΦ阶梯剩余需电量费价失压流功率时间段', 0.9645198583602905), ('8888.8.8:8.8:8.8', 0.996857225894928), ('元', 0.6552505493164062), ('KWAh', 0.9685818552970886), ('―', 0.9865275025367737), ('Kvarh', 0.9655717611312866), ('88.88.88.88UaUbUc-Ia-Ib-Ic△L8◎T18', 0.9693012833595276), ('88氘§｛∩ē阀Й逆相序成功失败请购电拉闸', 0.9548258781433105)]

2022-09-05 15:08:25,290: detec_zd: 接收参数：[图片路径：./photo/61img/PICTURE5\3730001000000892645503.jpg，配置文件路径：./photo/ini61 ]
识别结果：[('★', 0.9977836012840271), ('当前上18月组合反正向无有功IIIV总费率18', 0.9705759286880493), ('ABCNCOSΦ阶梯剩余需电量费价失压流功率时间段', 0.9645198583602905), ('8888.8.8:8.8:8.8', 0.996857225894928), ('元', 0.6552505493164062), ('KWAh', 0.9685818552970886), ('―', 0.9865275025367737), ('Kvarh', 0.9655717611312866), ('88.88.88.88UaUbUc-Ia-Ib-Ic△L8◎T18', 0.9693012833595276), ('88氘§｛∩ē阀Й逆相序成功失败请购电拉闸', 0.9548258781433105)]

2022-09-05 15:08:27,353: detec_zd: 接收参数：[图片路径：./photo/61img/PICTURE5\3730001000000892648184.jpg，配置文件路径：./photo/ini61 ]
识别结果：[('★', 0.9985008239746094), ('当前上18月组合反正向无有功IIIV总费率18', 0.9424466490745544), ('ABCNCOSΦ阶梯剩余需电量费价失压流功率时间段', 0.9508830308914185), ('8888.8.8:8.8:8.8', 0.9965173006057739), ('元', 0.9735960960388184), ('KWAh', 0.9641598463058472), ('―', 0.9973449110984802), ('Kvarh', 0.9500526189804077), ('88.88.88.88UaUbUc-Ia-Ib-Ic△L8◎T18', 0.9633380174636841), ('88氘§｛∩ē阀Й逆相序成功失败请购电拉闸', 0.9601963758468628)]

2022-09-05 15:08:27,353: detec_zd: 接收参数：[图片路径：./photo/61img/PICTURE5\3730001000000892648184.jpg，配置文件路径：./photo/ini61 ]
识别结果：[('★', 0.9985008239746094), ('当前上18月组合反正向无有功IIIV总费率18', 0.9424466490745544), ('ABCNCOSΦ阶梯剩余需电量费价失压流功率时间段', 0.9508830308914185), ('8888.8.8:8.8:8.8', 0.9965173006057739), ('元', 0.9735960960388184), ('KWAh', 0.9641598463058472), ('―', 0.9973449110984802), ('Kvarh', 0.9500526189804077), ('88.88.88.88UaUbUc-Ia-Ib-Ic△L8◎T18', 0.9633380174636841), ('88氘§｛∩ē阀Й逆相序成功失败请购电拉闸', 0.9601963758468628)]

2022-09-05 15:08:28,075: detec_zd: 接收参数：[图片路径：./photo/61img/PICTURE5\3730001000000892670031.jpg，配置文件路径：./photo/ini61 ]
识别结果：[]

2022-09-05 15:08:30,342: detec_zd: 接收参数：[图片路径：./photo/61img/PICTURE6\3730001000000892678778.jpg，配置文件路径：./photo/ini61 ]
识别结果：[('★', 0.9956093430519104), ('当前上18月组合反正向无有功IIIV总费率18', 0.9333282709121704), ('ABCNCOSΦ阶梯剩余需电量费价失压流功率时间段', 0.9781122803688049), ('8888.8.8:8.8:8.8', 0.9790221452713013), ('元', 0.9927669763565063), ('KWAh', 0.8752577900886536), ('―', 0.9699380397796631), ('Kvarh', 0.9563664197921753), ('88.88.88.88UaUbUc-Ia-Ib-Ic△L8◎T18', 0.9432141780853271), ('88氘§｛∩ē阀Й逆相序成功失败请购电拉闸', 0.969694197177887)]

2022-09-05 15:08:30,342: detec_zd: 接收参数：[图片路径：./photo/61img/PICTURE6\3730001000000892678778.jpg，配置文件路径：./photo/ini61 ]
识别结果：[('★', 0.9956093430519104), ('当前上18月组合反正向无有功IIIV总费率18', 0.9333282709121704), ('ABCNCOSΦ阶梯剩余需电量费价失压流功率时间段', 0.9781122803688049), ('8888.8.8:8.8:8.8', 0.9790221452713013), ('元', 0.9927669763565063), ('KWAh', 0.8752577900886536), ('―', 0.9699380397796631), ('Kvarh', 0.9563664197921753), ('88.88.88.88UaUbUc-Ia-Ib-Ic△L8◎T18', 0.9432141780853271), ('88氘§｛∩ē阀Й逆相序成功失败请购电拉闸', 0.969694197177887)]

2022-09-05 15:08:31,046: detec_zd: 接收参数：[图片路径：./photo/61img/PICTURE7\3730001000000892627394.jpg，配置文件路径：./photo/ini61 ]
识别结果：[]

2022-09-05 15:08:31,760: detec_zd: 接收参数：[图片路径：./photo/61img/PICTURE7\3730001000000892636969.jpg，配置文件路径：./photo/ini61 ]
识别结果：[]

2022-09-05 15:08:32,460: detec_zd: 接收参数：[图片路径：./photo/61img/PICTURE7\3730001000000892663262.jpg，配置文件路径：./photo/ini61 ]
识别结果：[]

2022-09-05 15:08:33,192: detec_zd: 接收参数：[图片路径：./photo/61img/PICTURE8\3730001000000892627400.jpg，配置文件路径：./photo/ini61 ]
识别结果：[]

2022-09-05 15:08:34,821: detec_zd: 接收参数：[图片路径：./photo/61img/PICTURE8\3730001000000892644520.jpg，配置文件路径：./photo/ini61 ]
识别结果：[('当前上18月当反1向有IV费平18', 0.8347452878952026), ('888.8.8.8.8', 0.7948710918426514), ('元', 0.9869750738143921), ('KWAh', 0.9758426547050476), ('―', 0.5354822278022766), ('Kvarh', 0.9569687843322754), ('88.88.88.88UUbUc-+I-I-Ic△L8T18', 0.8737758994102478), ('88氘§｛｛∩ē阀Й逆相序成功失败请购电拉闸', 0.9292802810668945)]

2022-09-05 15:08:34,821: detec_zd: 接收参数：[图片路径：./photo/61img/PICTURE8\3730001000000892644520.jpg，配置文件路径：./photo/ini61 ]
识别结果：[('当前上18月当反1向有IV费平18', 0.8347452878952026), ('888.8.8.8.8', 0.7948710918426514), ('元', 0.9869750738143921), ('KWAh', 0.9758426547050476), ('―', 0.5354822278022766), ('Kvarh', 0.9569687843322754), ('88.88.88.88UUbUc-+I-I-Ic△L8T18', 0.8737758994102478), ('88氘§｛｛∩ē阀Й逆相序成功失败请购电拉闸', 0.9292802810668945)]

2022-09-05 15:08:35,541: detec_zd: 接收参数：[图片路径：./photo/61img/PICTURE8\3730001000000892668731.jpg，配置文件路径：./photo/ini61 ]
识别结果：[]

2022-09-05 15:08:36,257: detec_zd: 接收参数：[图片路径：./photo/61img/PICTURE9\3730001000000892627417.jpg，配置文件路径：./photo/ini61 ]
识别结果：[]

