2022-12-22 14:06:51,880: detec_wulian: 接收参数：[图片路径：./photo/hugan/PICTURE1\638055083344984864.jpg，配置文件路径：photo/huini ]
识别结果：[('DHZM333-4G型三相智能电能表', 0.9234600067138672), ('3X57.7/1OV-3X1OV0.15-O.O75(6A21O0imp/KW', 0.7445835471153259), ('250hz', 0.7192507982254028), ('丫h3', 0.7025273442268372), ('1.5(6)A21110imp/Kvarh', 0.8796820640563965), ('2022年', 0.8305794596672058), ('GB/T17215.321-2021', 0.973047137260437)]

2022-12-22 14:06:51,881: detec_wulian: 接收参数：[图片路径：./photo/hugan/PICTURE1\638055083344984864.jpg，配置文件路径：photo/huini ]
识别结果：[('DHZM333-4G型三相智能电能表', 0.9234600067138672), ('3X57.7/1OV-3X1OV0.15-O.O75(6A21O0imp/KW', 0.7445835471153259), ('250hz', 0.7192507982254028), ('丫h3', 0.7025273442268372), ('1.5(6)A21110imp/Kvarh', 0.8796820640563965), ('2022年', 0.8305794596672058), ('GB/T17215.321-2021', 0.973047137260437)]

2022-12-22 14:06:53,650: detec_wulian: 接收参数：[图片路径：./photo/hugan/PICTURE1\6380550850072092101.jpg，配置文件路径：photo/huini ]
识别结果：[('DHZM333-4G型三相智能电能表', 0.9238962531089783), ('3X57.7/1OV-3X1OVO.15-O.O75(6A21O0Imp/KW', 0.753986656665802), ('250hz', 0.7107425332069397), ('丫h3', 0.6782917976379395), ('1.5(6)A21110imp/Kvarh', 0.8755286335945129), ('2022年', 0.9513365030288696), ('GB/T17215.321-2021', 0.9425624012947083)]

2022-12-22 14:06:53,650: detec_wulian: 接收参数：[图片路径：./photo/hugan/PICTURE1\6380550850072092101.jpg，配置文件路径：photo/huini ]
识别结果：[('DHZM333-4G型三相智能电能表', 0.9238962531089783), ('3X57.7/1OV-3X1OVO.15-O.O75(6A21O0Imp/KW', 0.753986656665802), ('250hz', 0.7107425332069397), ('丫h3', 0.6782917976379395), ('1.5(6)A21110imp/Kvarh', 0.8755286335945129), ('2022年', 0.9513365030288696), ('GB/T17215.321-2021', 0.9425624012947083)]

2022-12-22 14:06:55,476: detec_wulian: 接收参数：[图片路径：./photo/hugan/PICTURE2\638055083345104792.jpg，配置文件路径：photo/huini ]
识别结果：[('DHZM333-4G型三相智能电能表', 0.8859453797340393), ('3X57.7/1OV-3X1OVO.015-I1.075(6A20101O0imp/KWh0', 0.78734290599823), ('1.5(6)A20000imp/kvarh25', 0.8854584097862244), ('50hz', 0.7894250750541687), ('z丫x3', 0.6136031150817871), ('2022年', 0.870622992515564), ('GB/T17215.321-2021', 0.951610267162323)]

2022-12-22 14:06:55,476: detec_wulian: 接收参数：[图片路径：./photo/hugan/PICTURE2\638055083345104792.jpg，配置文件路径：photo/huini ]
识别结果：[('DHZM333-4G型三相智能电能表', 0.8859453797340393), ('3X57.7/1OV-3X1OVO.015-I1.075(6A20101O0imp/KWh0', 0.78734290599823), ('1.5(6)A20000imp/kvarh25', 0.8854584097862244), ('50hz', 0.7894250750541687), ('z丫x3', 0.6136031150817871), ('2022年', 0.870622992515564), ('GB/T17215.321-2021', 0.951610267162323)]

2022-12-22 14:06:57,195: detec_wulian: 接收参数：[图片路径：./photo/hugan/PICTURE2\6380550850073291421.jpg，配置文件路径：photo/huini ]
识别结果：[('DHZM333-4G型三相智能电能表', 0.9203548431396484), ('3x57.7/1OV-3X1OVO.15-O.O75(6IA20O1O1mp/KWh0', 0.7766110897064209), ('1.5(6)A2010100imp/Kvarh25', 0.8100281357765198), ('50hz丫h3', 0.7718283534049988), ('PA', 0.5870886445045471), ('2022年', 0.9678611755371094), ('GB/T17215.321-2021', 0.932750403881073)]

2022-12-22 14:06:57,195: detec_wulian: 接收参数：[图片路径：./photo/hugan/PICTURE2\6380550850073291421.jpg，配置文件路径：photo/huini ]
识别结果：[('DHZM333-4G型三相智能电能表', 0.9203548431396484), ('3x57.7/1OV-3X1OVO.15-O.O75(6IA20O1O1mp/KWh0', 0.7766110897064209), ('1.5(6)A2010100imp/Kvarh25', 0.8100281357765198), ('50hz丫h3', 0.7718283534049988), ('PA', 0.5870886445045471), ('2022年', 0.9678611755371094), ('GB/T17215.321-2021', 0.932750403881073)]

2022-12-22 14:09:24,556: detec_wulian: 接收参数：[图片路径：./photo/hugan/PICTURE1\638055083344984864.jpg，配置文件路径：photo/huini ]
识别结果：[('DHZM333-4G型三相智能电能表', 0.9234600067138672), ('3X57.7/1OV-3X1OV0.15-O.O75(6A21O0imp/KW', 0.7445835471153259), ('250hz', 0.7192507982254028), ('丫h3', 0.7025273442268372), ('1.5(6)A21110imp/Kvarh', 0.8796820640563965), ('2022年', 0.8305794596672058), ('GB/T17215.321-2021', 0.973047137260437)]

2022-12-22 14:09:24,556: detec_wulian: 接收参数：[图片路径：./photo/hugan/PICTURE1\638055083344984864.jpg，配置文件路径：photo/huini ]
识别结果：[('DHZM333-4G型三相智能电能表', 0.9234600067138672), ('3X57.7/1OV-3X1OV0.15-O.O75(6A21O0imp/KW', 0.7445835471153259), ('250hz', 0.7192507982254028), ('丫h3', 0.7025273442268372), ('1.5(6)A21110imp/Kvarh', 0.8796820640563965), ('2022年', 0.8305794596672058), ('GB/T17215.321-2021', 0.973047137260437)]

2022-12-22 14:09:26,291: detec_wulian: 接收参数：[图片路径：./photo/hugan/PICTURE1\6380550850072092101.jpg，配置文件路径：photo/huini ]
识别结果：[('DHZM333-4G型三相智能电能表', 0.9238962531089783), ('3X57.7/1OV-3X1OVO.15-O.O75(6A21O0Imp/KW', 0.753986656665802), ('250hz', 0.7107425332069397), ('丫h3', 0.6782917976379395), ('1.5(6)A21110imp/Kvarh', 0.8755286335945129), ('2022年', 0.9513365030288696), ('GB/T17215.321-2021', 0.9425624012947083)]

2022-12-22 14:09:26,291: detec_wulian: 接收参数：[图片路径：./photo/hugan/PICTURE1\6380550850072092101.jpg，配置文件路径：photo/huini ]
识别结果：[('DHZM333-4G型三相智能电能表', 0.9238962531089783), ('3X57.7/1OV-3X1OVO.15-O.O75(6A21O0Imp/KW', 0.753986656665802), ('250hz', 0.7107425332069397), ('丫h3', 0.6782917976379395), ('1.5(6)A21110imp/Kvarh', 0.8755286335945129), ('2022年', 0.9513365030288696), ('GB/T17215.321-2021', 0.9425624012947083)]

2022-12-22 14:09:28,149: detec_wulian: 接收参数：[图片路径：./photo/hugan/PICTURE2\638055083345104792.jpg，配置文件路径：photo/huini ]
识别结果：[('DHZM333-4G型三相智能电能表', 0.8859453797340393), ('3X57.7/1OV-3X1OVO.015-I1.075(6A20101O0imp/KWh0', 0.78734290599823), ('1.5(6)A20000imp/kvarh25', 0.8854584097862244), ('50hz', 0.7894250750541687), ('z丫x3', 0.6136031150817871), ('2022年', 0.870622992515564), ('GB/T17215.321-2021', 0.951610267162323)]

2022-12-22 14:09:28,149: detec_wulian: 接收参数：[图片路径：./photo/hugan/PICTURE2\638055083345104792.jpg，配置文件路径：photo/huini ]
识别结果：[('DHZM333-4G型三相智能电能表', 0.8859453797340393), ('3X57.7/1OV-3X1OVO.015-I1.075(6A20101O0imp/KWh0', 0.78734290599823), ('1.5(6)A20000imp/kvarh25', 0.8854584097862244), ('50hz', 0.7894250750541687), ('z丫x3', 0.6136031150817871), ('2022年', 0.870622992515564), ('GB/T17215.321-2021', 0.951610267162323)]

2022-12-22 14:09:29,819: detec_wulian: 接收参数：[图片路径：./photo/hugan/PICTURE2\6380550850073291421.jpg，配置文件路径：photo/huini ]
识别结果：[('DHZM333-4G型三相智能电能表', 0.9203548431396484), ('3x57.7/1OV-3X1OVO.15-O.O75(6IA20O1O1mp/KWh0', 0.7766110897064209), ('1.5(6)A2010100imp/Kvarh25', 0.8100281357765198), ('50hz丫h3', 0.7718283534049988), ('PA', 0.5870886445045471), ('2022年', 0.9678611755371094), ('GB/T17215.321-2021', 0.932750403881073)]

2022-12-22 14:09:29,819: detec_wulian: 接收参数：[图片路径：./photo/hugan/PICTURE2\6380550850073291421.jpg，配置文件路径：photo/huini ]
识别结果：[('DHZM333-4G型三相智能电能表', 0.9203548431396484), ('3x57.7/1OV-3X1OVO.15-O.O75(6IA20O1O1mp/KWh0', 0.7766110897064209), ('1.5(6)A2010100imp/Kvarh25', 0.8100281357765198), ('50hz丫h3', 0.7718283534049988), ('PA', 0.5870886445045471), ('2022年', 0.9678611755371094), ('GB/T17215.321-2021', 0.932750403881073)]

2022-12-22 14:11:25,618: detec_wulian: 接收参数：[图片路径：./photo/hugan/PICTURE1\638055083344984864.jpg，配置文件路径：photo/huini ]
识别结果：[('DHZM333-4G型三相智能电能表', 0.9234600067138672), ('3X57.7/1OV-3X1OV0.15-O.O75(6A21O0imp/KW', 0.7445835471153259), ('250hz', 0.7192507982254028), ('丫h3', 0.7025273442268372), ('1.5(6)A21110imp/Kvarh', 0.8796820640563965), ('2022年', 0.8305794596672058), ('GB/T17215.321-2021', 0.973047137260437)]

2022-12-22 14:11:25,618: detec_wulian: 接收参数：[图片路径：./photo/hugan/PICTURE1\638055083344984864.jpg，配置文件路径：photo/huini ]
识别结果：[('DHZM333-4G型三相智能电能表', 0.9234600067138672), ('3X57.7/1OV-3X1OV0.15-O.O75(6A21O0imp/KW', 0.7445835471153259), ('250hz', 0.7192507982254028), ('丫h3', 0.7025273442268372), ('1.5(6)A21110imp/Kvarh', 0.8796820640563965), ('2022年', 0.8305794596672058), ('GB/T17215.321-2021', 0.973047137260437)]

2022-12-22 14:11:27,363: detec_wulian: 接收参数：[图片路径：./photo/hugan/PICTURE1\6380550850072092101.jpg，配置文件路径：photo/huini ]
识别结果：[('DHZM333-4G型三相智能电能表', 0.9238962531089783), ('3X57.7/1OV-3X1OVO.15-O.O75(6A21O0Imp/KW', 0.753986656665802), ('250hz', 0.7107425332069397), ('丫h3', 0.6782917976379395), ('1.5(6)A21110imp/Kvarh', 0.8755286335945129), ('2022年', 0.9513365030288696), ('GB/T17215.321-2021', 0.9425624012947083)]

2022-12-22 14:11:27,363: detec_wulian: 接收参数：[图片路径：./photo/hugan/PICTURE1\6380550850072092101.jpg，配置文件路径：photo/huini ]
识别结果：[('DHZM333-4G型三相智能电能表', 0.9238962531089783), ('3X57.7/1OV-3X1OVO.15-O.O75(6A21O0Imp/KW', 0.753986656665802), ('250hz', 0.7107425332069397), ('丫h3', 0.6782917976379395), ('1.5(6)A21110imp/Kvarh', 0.8755286335945129), ('2022年', 0.9513365030288696), ('GB/T17215.321-2021', 0.9425624012947083)]

2022-12-22 14:11:29,161: detec_wulian: 接收参数：[图片路径：./photo/hugan/PICTURE2\638055083345104792.jpg，配置文件路径：photo/huini ]
识别结果：[('DHZM333-4G型三相智能电能表', 0.8859453797340393), ('3X57.7/1OV-3X1OVO.015-I1.075(6A20101O0imp/KWh0', 0.78734290599823), ('1.5(6)A20000imp/kvarh25', 0.8854584097862244), ('50hz', 0.7894250750541687), ('z丫x3', 0.6136031150817871), ('2022年', 0.870622992515564), ('GB/T17215.321-2021', 0.951610267162323)]

2022-12-22 14:11:29,161: detec_wulian: 接收参数：[图片路径：./photo/hugan/PICTURE2\638055083345104792.jpg，配置文件路径：photo/huini ]
识别结果：[('DHZM333-4G型三相智能电能表', 0.8859453797340393), ('3X57.7/1OV-3X1OVO.015-I1.075(6A20101O0imp/KWh0', 0.78734290599823), ('1.5(6)A20000imp/kvarh25', 0.8854584097862244), ('50hz', 0.7894250750541687), ('z丫x3', 0.6136031150817871), ('2022年', 0.870622992515564), ('GB/T17215.321-2021', 0.951610267162323)]

2022-12-22 14:11:30,828: detec_wulian: 接收参数：[图片路径：./photo/hugan/PICTURE2\6380550850073291421.jpg，配置文件路径：photo/huini ]
识别结果：[('DHZM333-4G型三相智能电能表', 0.9203548431396484), ('3x57.7/1OV-3X1OVO.15-O.O75(6IA20O1O1mp/KWh0', 0.7766110897064209), ('1.5(6)A2010100imp/Kvarh25', 0.8100281357765198), ('50hz丫h3', 0.7718283534049988), ('PA', 0.5870886445045471), ('2022年', 0.9678611755371094), ('GB/T17215.321-2021', 0.932750403881073)]

2022-12-22 14:11:30,828: detec_wulian: 接收参数：[图片路径：./photo/hugan/PICTURE2\6380550850073291421.jpg，配置文件路径：photo/huini ]
识别结果：[('DHZM333-4G型三相智能电能表', 0.9203548431396484), ('3x57.7/1OV-3X1OVO.15-O.O75(6IA20O1O1mp/KWh0', 0.7766110897064209), ('1.5(6)A2010100imp/Kvarh25', 0.8100281357765198), ('50hz丫h3', 0.7718283534049988), ('PA', 0.5870886445045471), ('2022年', 0.9678611755371094), ('GB/T17215.321-2021', 0.932750403881073)]

2022-12-22 14:15:06,679: detec_wulian: 接收参数：[图片路径：./photo/hugan/PICTURE1\638055083344984864.jpg，配置文件路径：photo/huini ]
识别结果：[('DHZM333-4G型三相智能电能表', 0.9234600067138672), ('3X57.7/1OV-3X1OV0.15-O.O75(6A21O0imp/KW', 0.7445835471153259), ('250hz', 0.7192507982254028), ('丫h3', 0.7025273442268372), ('1.5(6)A21110imp/Kvarh', 0.8796820640563965), ('2022年', 0.8305794596672058), ('GB/T17215.321-2021', 0.973047137260437)]

2022-12-22 14:15:06,679: detec_wulian: 接收参数：[图片路径：./photo/hugan/PICTURE1\638055083344984864.jpg，配置文件路径：photo/huini ]
识别结果：[('DHZM333-4G型三相智能电能表', 0.9234600067138672), ('3X57.7/1OV-3X1OV0.15-O.O75(6A21O0imp/KW', 0.7445835471153259), ('250hz', 0.7192507982254028), ('丫h3', 0.7025273442268372), ('1.5(6)A21110imp/Kvarh', 0.8796820640563965), ('2022年', 0.8305794596672058), ('GB/T17215.321-2021', 0.973047137260437)]

2022-12-22 14:15:08,462: detec_wulian: 接收参数：[图片路径：./photo/hugan/PICTURE1\6380550850072092101.jpg，配置文件路径：photo/huini ]
识别结果：[('DHZM333-4G型三相智能电能表', 0.9238962531089783), ('3X57.7/1OV-3X1OVO.15-O.O75(6A21O0Imp/KW', 0.753986656665802), ('250hz', 0.7107425332069397), ('丫h3', 0.6782917976379395), ('1.5(6)A21110imp/Kvarh', 0.8755286335945129), ('2022年', 0.9513365030288696), ('GB/T17215.321-2021', 0.9425624012947083)]

2022-12-22 14:15:08,462: detec_wulian: 接收参数：[图片路径：./photo/hugan/PICTURE1\6380550850072092101.jpg，配置文件路径：photo/huini ]
识别结果：[('DHZM333-4G型三相智能电能表', 0.9238962531089783), ('3X57.7/1OV-3X1OVO.15-O.O75(6A21O0Imp/KW', 0.753986656665802), ('250hz', 0.7107425332069397), ('丫h3', 0.6782917976379395), ('1.5(6)A21110imp/Kvarh', 0.8755286335945129), ('2022年', 0.9513365030288696), ('GB/T17215.321-2021', 0.9425624012947083)]

2022-12-22 14:15:10,274: detec_wulian: 接收参数：[图片路径：./photo/hugan/PICTURE2\638055083345104792.jpg，配置文件路径：photo/huini ]
识别结果：[('DHZM333-4G型三相智能电能表', 0.8859453797340393), ('3X57.7/1OV-3X1OVO.015-I1.075(6A20101O0imp/KWh0', 0.78734290599823), ('1.5(6)A20000imp/kvarh25', 0.8854584097862244), ('50hz', 0.7894250750541687), ('z丫x3', 0.6136031150817871), ('2022年', 0.870622992515564), ('GB/T17215.321-2021', 0.951610267162323)]

2022-12-22 14:15:10,274: detec_wulian: 接收参数：[图片路径：./photo/hugan/PICTURE2\638055083345104792.jpg，配置文件路径：photo/huini ]
识别结果：[('DHZM333-4G型三相智能电能表', 0.8859453797340393), ('3X57.7/1OV-3X1OVO.015-I1.075(6A20101O0imp/KWh0', 0.78734290599823), ('1.5(6)A20000imp/kvarh25', 0.8854584097862244), ('50hz', 0.7894250750541687), ('z丫x3', 0.6136031150817871), ('2022年', 0.870622992515564), ('GB/T17215.321-2021', 0.951610267162323)]

2022-12-22 14:15:11,950: detec_wulian: 接收参数：[图片路径：./photo/hugan/PICTURE2\6380550850073291421.jpg，配置文件路径：photo/huini ]
识别结果：[('DHZM333-4G型三相智能电能表', 0.9203548431396484), ('3x57.7/1OV-3X1OVO.15-O.O75(6IA20O1O1mp/KWh0', 0.7766110897064209), ('1.5(6)A2010100imp/Kvarh25', 0.8100281357765198), ('50hz丫h3', 0.7718283534049988), ('PA', 0.5870886445045471), ('2022年', 0.9678611755371094), ('GB/T17215.321-2021', 0.932750403881073)]

2022-12-22 14:15:11,950: detec_wulian: 接收参数：[图片路径：./photo/hugan/PICTURE2\6380550850073291421.jpg，配置文件路径：photo/huini ]
识别结果：[('DHZM333-4G型三相智能电能表', 0.9203548431396484), ('3x57.7/1OV-3X1OVO.15-O.O75(6IA20O1O1mp/KWh0', 0.7766110897064209), ('1.5(6)A2010100imp/Kvarh25', 0.8100281357765198), ('50hz丫h3', 0.7718283534049988), ('PA', 0.5870886445045471), ('2022年', 0.9678611755371094), ('GB/T17215.321-2021', 0.932750403881073)]

2022-12-22 14:17:22,461: detec_wulian: 接收参数：[图片路径：./photo/zhijie/PICTURE1\638055077197136762.jpg，配置文件路径：photo/zhiini ]
识别结果：[('DTZM341-Z型三相四线智能电能表', 0.9611210227012634), ('3x220/380V1.4-1(10)A', 0.8689973950386047), ('500imp/KWh8', 0.8694809079170227), ('10(10)A510imp/Kvarh2', 0.8948552012443542), ('50hz丫h3', 0.6951471567153931), ('2022年', 0.9030863046646118), ('GB/T17215.321-2021', 0.8916876912117004), ('202E13-43', 0.830802857875824)]

2022-12-22 14:17:22,461: detec_wulian: 接收参数：[图片路径：./photo/zhijie/PICTURE1\638055077197136762.jpg，配置文件路径：photo/zhiini ]
识别结果：[('DTZM341-Z型三相四线智能电能表', 0.9611210227012634), ('3x220/380V1.4-1(10)A', 0.8689973950386047), ('500imp/KWh8', 0.8694809079170227), ('10(10)A510imp/Kvarh2', 0.8948552012443542), ('50hz丫h3', 0.6951471567153931), ('2022年', 0.9030863046646118), ('GB/T17215.321-2021', 0.8916876912117004), ('202E13-43', 0.830802857875824)]

2022-12-22 14:17:24,569: detec_wulian: 接收参数：[图片路径：./photo/zhijie/PICTURE1\6380550804225375531.jpg，配置文件路径：photo/zhiini ]
识别结果：[('DTZM341-Z型三相四线智能电能表', 0.9298046231269836), ('3x220/380V0.4-1(10)A', 0.8742141723632812), ('500imp/KWh8', 0.8670673370361328), ('10(10)A510imp/Kvarh2', 0.8923020362854004), ('5hz丫h3', 0.7424862384796143), ('2022年', 0.9297035932540894), ('GB/T17215.321-2021', 0.9343212842941284), ('2022E163-43', 0.8310353755950928)]

2022-12-22 14:17:24,569: detec_wulian: 接收参数：[图片路径：./photo/zhijie/PICTURE1\6380550804225375531.jpg，配置文件路径：photo/zhiini ]
识别结果：[('DTZM341-Z型三相四线智能电能表', 0.9298046231269836), ('3x220/380V0.4-1(10)A', 0.8742141723632812), ('500imp/KWh8', 0.8670673370361328), ('10(10)A510imp/Kvarh2', 0.8923020362854004), ('5hz丫h3', 0.7424862384796143), ('2022年', 0.9297035932540894), ('GB/T17215.321-2021', 0.9343212842941284), ('2022E163-43', 0.8310353755950928)]

2022-12-22 14:17:26,556: detec_wulian: 接收参数：[图片路径：./photo/zhijie/PICTURE2\638055077197256693.jpg，配置文件路径：photo/zhiini ]
识别结果：[('DTZM341-Z型相四线智能电能表', 0.9193525314331055), ('3x220/380V0.4-1(10)A', 0.8544079661369324), ('510imp/KWh8', 0.8849501013755798), ('10(10)A500imp/Kvarh2', 0.8798999786376953), ('50hz丫h3', 0.7097401022911072), ('PA', 0.7383114099502563), ('GB/T17215.321-2021', 0.9331328272819519), ('2022年', 0.840124249458313), ('2022E163-43', 0.883029580116272)]

2022-12-22 14:17:26,556: detec_wulian: 接收参数：[图片路径：./photo/zhijie/PICTURE2\638055077197256693.jpg，配置文件路径：photo/zhiini ]
识别结果：[('DTZM341-Z型相四线智能电能表', 0.9193525314331055), ('3x220/380V0.4-1(10)A', 0.8544079661369324), ('510imp/KWh8', 0.8849501013755798), ('10(10)A500imp/Kvarh2', 0.8798999786376953), ('50hz丫h3', 0.7097401022911072), ('PA', 0.7383114099502563), ('GB/T17215.321-2021', 0.9331328272819519), ('2022年', 0.840124249458313), ('2022E163-43', 0.883029580116272)]

2022-12-22 14:17:28,721: detec_wulian: 接收参数：[图片路径：./photo/zhijie/PICTURE2\6380550804226574841.jpg，配置文件路径：photo/zhiini ]
识别结果：[('DTZM341-Z型相四线智能电能表', 0.9209184646606445), ('3x220/380V0.4-1(10)A', 0.8538597226142883), ('510imp/KWh8', 0.8771969079971313), ('10(110)A510imp/Kvarh', 0.8695708513259888), ('50hz丫h3', 0.7079423069953918), ('2', 0.9103153944015503), ('A', 0.9470077753067017), ('GB/T17215.321-2021', 0.9324038624763489), ('2022年', 0.8530740737915039), ('2022E163-43', 0.8831007480621338)]

2022-12-22 14:17:28,721: detec_wulian: 接收参数：[图片路径：./photo/zhijie/PICTURE2\6380550804226574841.jpg，配置文件路径：photo/zhiini ]
识别结果：[('DTZM341-Z型相四线智能电能表', 0.9209184646606445), ('3x220/380V0.4-1(10)A', 0.8538597226142883), ('510imp/KWh8', 0.8771969079971313), ('10(110)A510imp/Kvarh', 0.8695708513259888), ('50hz丫h3', 0.7079423069953918), ('2', 0.9103153944015503), ('A', 0.9470077753067017), ('GB/T17215.321-2021', 0.9324038624763489), ('2022年', 0.8530740737915039), ('2022E163-43', 0.8831007480621338)]

2022-12-22 14:19:58,060: detec_wulian: 接收参数：[图片路径：./photo/zhijie/PICTURE1\638055077197136762.jpg，配置文件路径：photo/zhiini ]
识别结果：[('DTZM341-Z型三相四线智能电能表', 0.9611210227012634), ('3x220/380V1.4-1(10)A', 0.8689973950386047), ('500imp/KWh8', 0.8694809079170227), ('10(10)A510imp/Kvarh2', 0.8948552012443542), ('50hz丫h3', 0.6951471567153931), ('2022年', 0.9030863046646118), ('GB/T17215.321-2021', 0.8916876912117004), ('202E13-43', 0.830802857875824)]

2022-12-22 14:19:58,060: detec_wulian: 接收参数：[图片路径：./photo/zhijie/PICTURE1\638055077197136762.jpg，配置文件路径：photo/zhiini ]
识别结果：[('DTZM341-Z型三相四线智能电能表', 0.9611210227012634), ('3x220/380V1.4-1(10)A', 0.8689973950386047), ('500imp/KWh8', 0.8694809079170227), ('10(10)A510imp/Kvarh2', 0.8948552012443542), ('50hz丫h3', 0.6951471567153931), ('2022年', 0.9030863046646118), ('GB/T17215.321-2021', 0.8916876912117004), ('202E13-43', 0.830802857875824)]

2022-12-22 14:20:00,175: detec_wulian: 接收参数：[图片路径：./photo/zhijie/PICTURE1\6380550804225375531.jpg，配置文件路径：photo/zhiini ]
识别结果：[('DTZM341-Z型三相四线智能电能表', 0.9298046231269836), ('3x220/380V0.4-1(10)A', 0.8742141723632812), ('500imp/KWh8', 0.8670673370361328), ('10(10)A510imp/Kvarh2', 0.8923020362854004), ('5hz丫h3', 0.7424862384796143), ('2022年', 0.9297035932540894), ('GB/T17215.321-2021', 0.9343212842941284), ('2022E163-43', 0.8310353755950928)]

2022-12-22 14:20:00,175: detec_wulian: 接收参数：[图片路径：./photo/zhijie/PICTURE1\6380550804225375531.jpg，配置文件路径：photo/zhiini ]
识别结果：[('DTZM341-Z型三相四线智能电能表', 0.9298046231269836), ('3x220/380V0.4-1(10)A', 0.8742141723632812), ('500imp/KWh8', 0.8670673370361328), ('10(10)A510imp/Kvarh2', 0.8923020362854004), ('5hz丫h3', 0.7424862384796143), ('2022年', 0.9297035932540894), ('GB/T17215.321-2021', 0.9343212842941284), ('2022E163-43', 0.8310353755950928)]

2022-12-22 14:20:02,160: detec_wulian: 接收参数：[图片路径：./photo/zhijie/PICTURE2\638055077197256693.jpg，配置文件路径：photo/zhiini ]
识别结果：[('DTZM341-Z型相四线智能电能表', 0.9193525314331055), ('3x220/380V0.4-1(10)A', 0.8544079661369324), ('510imp/KWh8', 0.8849501013755798), ('10(10)A500imp/Kvarh2', 0.8798999786376953), ('50hz丫h3', 0.7097401022911072), ('PA', 0.7383114099502563), ('GB/T17215.321-2021', 0.9331328272819519), ('2022年', 0.840124249458313), ('2022E163-43', 0.883029580116272)]

2022-12-22 14:20:02,160: detec_wulian: 接收参数：[图片路径：./photo/zhijie/PICTURE2\638055077197256693.jpg，配置文件路径：photo/zhiini ]
识别结果：[('DTZM341-Z型相四线智能电能表', 0.9193525314331055), ('3x220/380V0.4-1(10)A', 0.8544079661369324), ('510imp/KWh8', 0.8849501013755798), ('10(10)A500imp/Kvarh2', 0.8798999786376953), ('50hz丫h3', 0.7097401022911072), ('PA', 0.7383114099502563), ('GB/T17215.321-2021', 0.9331328272819519), ('2022年', 0.840124249458313), ('2022E163-43', 0.883029580116272)]

2022-12-22 14:20:04,237: detec_wulian: 接收参数：[图片路径：./photo/zhijie/PICTURE2\6380550804226574841.jpg，配置文件路径：photo/zhiini ]
识别结果：[('DTZM341-Z型相四线智能电能表', 0.9209184646606445), ('3x220/380V0.4-1(10)A', 0.8538597226142883), ('510imp/KWh8', 0.8771969079971313), ('10(110)A510imp/Kvarh', 0.8695708513259888), ('50hz丫h3', 0.7079423069953918), ('2', 0.9103153944015503), ('A', 0.9470077753067017), ('GB/T17215.321-2021', 0.9324038624763489), ('2022年', 0.8530740737915039), ('2022E163-43', 0.8831007480621338)]

2022-12-22 14:20:04,237: detec_wulian: 接收参数：[图片路径：./photo/zhijie/PICTURE2\6380550804226574841.jpg，配置文件路径：photo/zhiini ]
识别结果：[('DTZM341-Z型相四线智能电能表', 0.9209184646606445), ('3x220/380V0.4-1(10)A', 0.8538597226142883), ('510imp/KWh8', 0.8771969079971313), ('10(110)A510imp/Kvarh', 0.8695708513259888), ('50hz丫h3', 0.7079423069953918), ('2', 0.9103153944015503), ('A', 0.9470077753067017), ('GB/T17215.321-2021', 0.9324038624763489), ('2022年', 0.8530740737915039), ('2022E163-43', 0.8831007480621338)]

2022-12-22 14:21:41,484: detec_wulian: 接收参数：[图片路径：./photo/zhijie/PICTURE1\638055077197136762.jpg，配置文件路径：photo/zhiini ]
识别结果：[('DTZM341-Z型三相四线智能电能表', 0.9611210227012634), ('3x220/380V1.4-1(10)A', 0.8689973950386047), ('500imp/KWh8', 0.8694809079170227), ('10(10)A510imp/Kvarh2', 0.8948552012443542), ('50hz丫h3', 0.6951471567153931), ('2022年', 0.9030863046646118), ('GB/T17215.321-2021', 0.8916876912117004), ('202E13-43', 0.830802857875824)]

2022-12-22 14:21:41,484: detec_wulian: 接收参数：[图片路径：./photo/zhijie/PICTURE1\638055077197136762.jpg，配置文件路径：photo/zhiini ]
识别结果：[('DTZM341-Z型三相四线智能电能表', 0.9611210227012634), ('3x220/380V1.4-1(10)A', 0.8689973950386047), ('500imp/KWh8', 0.8694809079170227), ('10(10)A510imp/Kvarh2', 0.8948552012443542), ('50hz丫h3', 0.6951471567153931), ('2022年', 0.9030863046646118), ('GB/T17215.321-2021', 0.8916876912117004), ('202E13-43', 0.830802857875824)]

2022-12-22 14:21:43,706: detec_wulian: 接收参数：[图片路径：./photo/zhijie/PICTURE1\6380550804225375531.jpg，配置文件路径：photo/zhiini ]
识别结果：[('DTZM341-Z型三相四线智能电能表', 0.9298046231269836), ('3x220/380V0.4-1(10)A', 0.8742141723632812), ('500imp/KWh8', 0.8670673370361328), ('10(10)A510imp/Kvarh2', 0.8923020362854004), ('5hz丫h3', 0.7424862384796143), ('2022年', 0.9297035932540894), ('GB/T17215.321-2021', 0.9343212842941284), ('2022E163-43', 0.8310353755950928)]

2022-12-22 14:21:43,706: detec_wulian: 接收参数：[图片路径：./photo/zhijie/PICTURE1\6380550804225375531.jpg，配置文件路径：photo/zhiini ]
识别结果：[('DTZM341-Z型三相四线智能电能表', 0.9298046231269836), ('3x220/380V0.4-1(10)A', 0.8742141723632812), ('500imp/KWh8', 0.8670673370361328), ('10(10)A510imp/Kvarh2', 0.8923020362854004), ('5hz丫h3', 0.7424862384796143), ('2022年', 0.9297035932540894), ('GB/T17215.321-2021', 0.9343212842941284), ('2022E163-43', 0.8310353755950928)]

2022-12-22 14:21:45,671: detec_wulian: 接收参数：[图片路径：./photo/zhijie/PICTURE2\638055077197256693.jpg，配置文件路径：photo/zhiini ]
识别结果：[('DTZM341-Z型相四线智能电能表', 0.9193525314331055), ('3x220/380V0.4-1(10)A', 0.8544079661369324), ('510imp/KWh8', 0.8849501013755798), ('10(10)A500imp/Kvarh2', 0.8798999786376953), ('50hz丫h3', 0.7097401022911072), ('PA', 0.7383114099502563), ('GB/T17215.321-2021', 0.9331328272819519), ('2022年', 0.840124249458313), ('2022E163-43', 0.883029580116272)]

2022-12-22 14:21:45,671: detec_wulian: 接收参数：[图片路径：./photo/zhijie/PICTURE2\638055077197256693.jpg，配置文件路径：photo/zhiini ]
识别结果：[('DTZM341-Z型相四线智能电能表', 0.9193525314331055), ('3x220/380V0.4-1(10)A', 0.8544079661369324), ('510imp/KWh8', 0.8849501013755798), ('10(10)A500imp/Kvarh2', 0.8798999786376953), ('50hz丫h3', 0.7097401022911072), ('PA', 0.7383114099502563), ('GB/T17215.321-2021', 0.9331328272819519), ('2022年', 0.840124249458313), ('2022E163-43', 0.883029580116272)]

2022-12-22 14:21:47,868: detec_wulian: 接收参数：[图片路径：./photo/zhijie/PICTURE2\6380550804226574841.jpg，配置文件路径：photo/zhiini ]
识别结果：[('DTZM341-Z型相四线智能电能表', 0.9209184646606445), ('3x220/380V0.4-1(10)A', 0.8538597226142883), ('510imp/KWh8', 0.8771969079971313), ('10(110)A510imp/Kvarh', 0.8695708513259888), ('50hz丫h3', 0.7079423069953918), ('2', 0.9103153944015503), ('A', 0.9470077753067017), ('GB/T17215.321-2021', 0.9324038624763489), ('2022年', 0.8530740737915039), ('2022E163-43', 0.8831007480621338)]

2022-12-22 14:21:47,868: detec_wulian: 接收参数：[图片路径：./photo/zhijie/PICTURE2\6380550804226574841.jpg，配置文件路径：photo/zhiini ]
识别结果：[('DTZM341-Z型相四线智能电能表', 0.9209184646606445), ('3x220/380V0.4-1(10)A', 0.8538597226142883), ('510imp/KWh8', 0.8771969079971313), ('10(110)A510imp/Kvarh', 0.8695708513259888), ('50hz丫h3', 0.7079423069953918), ('2', 0.9103153944015503), ('A', 0.9470077753067017), ('GB/T17215.321-2021', 0.9324038624763489), ('2022年', 0.8530740737915039), ('2022E163-43', 0.8831007480621338)]

2022-12-22 14:22:48,707: detec_wulian: 接收参数：[图片路径：./photo/zhijie/PICTURE1\638055077197136762.jpg，配置文件路径：photo/zhiini ]
识别结果：[('DTZM341-Z型三相四线智能电能表', 0.9611210227012634), ('3x220/380V1.4-1(10)A', 0.8689973950386047), ('500imp/KWh8', 0.8694809079170227), ('10(10)A510imp/Kvarh2', 0.8948552012443542), ('50hz丫h3', 0.6951471567153931), ('2022年', 0.9030863046646118), ('GB/T17215.321-2021', 0.8916876912117004), ('202E13-43', 0.830802857875824)]

2022-12-22 14:22:48,707: detec_wulian: 接收参数：[图片路径：./photo/zhijie/PICTURE1\638055077197136762.jpg，配置文件路径：photo/zhiini ]
识别结果：[('DTZM341-Z型三相四线智能电能表', 0.9611210227012634), ('3x220/380V1.4-1(10)A', 0.8689973950386047), ('500imp/KWh8', 0.8694809079170227), ('10(10)A510imp/Kvarh2', 0.8948552012443542), ('50hz丫h3', 0.6951471567153931), ('2022年', 0.9030863046646118), ('GB/T17215.321-2021', 0.8916876912117004), ('202E13-43', 0.830802857875824)]

2022-12-22 14:22:50,852: detec_wulian: 接收参数：[图片路径：./photo/zhijie/PICTURE1\6380550804225375531.jpg，配置文件路径：photo/zhiini ]
识别结果：[('DTZM341-Z型三相四线智能电能表', 0.9298046231269836), ('3x220/380V0.4-1(10)A', 0.8742141723632812), ('500imp/KWh8', 0.8670673370361328), ('10(10)A510imp/Kvarh2', 0.8923020362854004), ('5hz丫h3', 0.7424862384796143), ('2022年', 0.9297035932540894), ('GB/T17215.321-2021', 0.9343212842941284), ('2022E163-43', 0.8310353755950928)]

2022-12-22 14:22:50,852: detec_wulian: 接收参数：[图片路径：./photo/zhijie/PICTURE1\6380550804225375531.jpg，配置文件路径：photo/zhiini ]
识别结果：[('DTZM341-Z型三相四线智能电能表', 0.9298046231269836), ('3x220/380V0.4-1(10)A', 0.8742141723632812), ('500imp/KWh8', 0.8670673370361328), ('10(10)A510imp/Kvarh2', 0.8923020362854004), ('5hz丫h3', 0.7424862384796143), ('2022年', 0.9297035932540894), ('GB/T17215.321-2021', 0.9343212842941284), ('2022E163-43', 0.8310353755950928)]

2022-12-22 14:22:52,796: detec_wulian: 接收参数：[图片路径：./photo/zhijie/PICTURE2\638055077197256693.jpg，配置文件路径：photo/zhiini ]
识别结果：[('DTZM341-Z型相四线智能电能表', 0.9193525314331055), ('3x220/380V0.4-1(10)A', 0.8544079661369324), ('510imp/KWh8', 0.8849501013755798), ('10(10)A500imp/Kvarh2', 0.8798999786376953), ('50hz丫h3', 0.7097401022911072), ('PA', 0.7383114099502563), ('GB/T17215.321-2021', 0.9331328272819519), ('2022年', 0.840124249458313), ('2022E163-43', 0.883029580116272)]

2022-12-22 14:22:52,796: detec_wulian: 接收参数：[图片路径：./photo/zhijie/PICTURE2\638055077197256693.jpg，配置文件路径：photo/zhiini ]
识别结果：[('DTZM341-Z型相四线智能电能表', 0.9193525314331055), ('3x220/380V0.4-1(10)A', 0.8544079661369324), ('510imp/KWh8', 0.8849501013755798), ('10(10)A500imp/Kvarh2', 0.8798999786376953), ('50hz丫h3', 0.7097401022911072), ('PA', 0.7383114099502563), ('GB/T17215.321-2021', 0.9331328272819519), ('2022年', 0.840124249458313), ('2022E163-43', 0.883029580116272)]

2022-12-22 14:22:54,903: detec_wulian: 接收参数：[图片路径：./photo/zhijie/PICTURE2\6380550804226574841.jpg，配置文件路径：photo/zhiini ]
识别结果：[('DTZM341-Z型相四线智能电能表', 0.9209184646606445), ('3x220/380V0.4-1(10)A', 0.8538597226142883), ('510imp/KWh8', 0.8771969079971313), ('10(110)A510imp/Kvarh', 0.8695708513259888), ('50hz丫h3', 0.7079423069953918), ('2', 0.9103153944015503), ('A', 0.9470077753067017), ('GB/T17215.321-2021', 0.9324038624763489), ('2022年', 0.8530740737915039), ('2022E163-43', 0.8831007480621338)]

2022-12-22 14:22:54,903: detec_wulian: 接收参数：[图片路径：./photo/zhijie/PICTURE2\6380550804226574841.jpg，配置文件路径：photo/zhiini ]
识别结果：[('DTZM341-Z型相四线智能电能表', 0.9209184646606445), ('3x220/380V0.4-1(10)A', 0.8538597226142883), ('510imp/KWh8', 0.8771969079971313), ('10(110)A510imp/Kvarh', 0.8695708513259888), ('50hz丫h3', 0.7079423069953918), ('2', 0.9103153944015503), ('A', 0.9470077753067017), ('GB/T17215.321-2021', 0.9324038624763489), ('2022年', 0.8530740737915039), ('2022E163-43', 0.8831007480621338)]

2022-12-22 14:27:42,839: detec_wulian: 接收参数：[图片路径：./photo/zhijie/PICTURE1\638055077197136762.jpg，配置文件路径：photo/zhiini ]
识别结果：[('DTZM341-Z型三相四线智能电能表', 0.9611210227012634), ('3x220/380V1.4-1(10)A', 0.8689973950386047), ('500imp/KWh8', 0.8694809079170227), ('10(10)A510imp/Kvarh2', 0.8948552012443542), ('50hz丫h3', 0.6951471567153931), ('2022年', 0.9030863046646118), ('GB/T17215.321-2021', 0.8916876912117004), ('202E13-43', 0.830802857875824)]

2022-12-22 14:27:42,839: detec_wulian: 接收参数：[图片路径：./photo/zhijie/PICTURE1\638055077197136762.jpg，配置文件路径：photo/zhiini ]
识别结果：[('DTZM341-Z型三相四线智能电能表', 0.9611210227012634), ('3x220/380V1.4-1(10)A', 0.8689973950386047), ('500imp/KWh8', 0.8694809079170227), ('10(10)A510imp/Kvarh2', 0.8948552012443542), ('50hz丫h3', 0.6951471567153931), ('2022年', 0.9030863046646118), ('GB/T17215.321-2021', 0.8916876912117004), ('202E13-43', 0.830802857875824)]

2022-12-22 14:27:44,917: detec_wulian: 接收参数：[图片路径：./photo/zhijie/PICTURE1\6380550804225375531.jpg，配置文件路径：photo/zhiini ]
识别结果：[('DTZM341-Z型三相四线智能电能表', 0.9298046231269836), ('3x220/380V0.4-1(10)A', 0.8742141723632812), ('500imp/KWh8', 0.8670673370361328), ('10(10)A510imp/Kvarh2', 0.8923020362854004), ('5hz丫h3', 0.7424862384796143), ('2022年', 0.9297035932540894), ('GB/T17215.321-2021', 0.9343212842941284), ('2022E163-43', 0.8310353755950928)]

2022-12-22 14:27:44,918: detec_wulian: 接收参数：[图片路径：./photo/zhijie/PICTURE1\6380550804225375531.jpg，配置文件路径：photo/zhiini ]
识别结果：[('DTZM341-Z型三相四线智能电能表', 0.9298046231269836), ('3x220/380V0.4-1(10)A', 0.8742141723632812), ('500imp/KWh8', 0.8670673370361328), ('10(10)A510imp/Kvarh2', 0.8923020362854004), ('5hz丫h3', 0.7424862384796143), ('2022年', 0.9297035932540894), ('GB/T17215.321-2021', 0.9343212842941284), ('2022E163-43', 0.8310353755950928)]

2022-12-22 14:27:46,876: detec_wulian: 接收参数：[图片路径：./photo/zhijie/PICTURE2\638055077197256693.jpg，配置文件路径：photo/zhiini ]
识别结果：[('DTZM341-Z型相四线智能电能表', 0.9193525314331055), ('3x220/380V0.4-1(10)A', 0.8544079661369324), ('510imp/KWh8', 0.8849501013755798), ('10(10)A500imp/Kvarh2', 0.8798999786376953), ('50hz丫h3', 0.7097401022911072), ('PA', 0.7383114099502563), ('GB/T17215.321-2021', 0.9331328272819519), ('2022年', 0.840124249458313), ('2022E163-43', 0.883029580116272)]

2022-12-22 14:27:46,876: detec_wulian: 接收参数：[图片路径：./photo/zhijie/PICTURE2\638055077197256693.jpg，配置文件路径：photo/zhiini ]
识别结果：[('DTZM341-Z型相四线智能电能表', 0.9193525314331055), ('3x220/380V0.4-1(10)A', 0.8544079661369324), ('510imp/KWh8', 0.8849501013755798), ('10(10)A500imp/Kvarh2', 0.8798999786376953), ('50hz丫h3', 0.7097401022911072), ('PA', 0.7383114099502563), ('GB/T17215.321-2021', 0.9331328272819519), ('2022年', 0.840124249458313), ('2022E163-43', 0.883029580116272)]

2022-12-22 14:27:49,045: detec_wulian: 接收参数：[图片路径：./photo/zhijie/PICTURE2\6380550804226574841.jpg，配置文件路径：photo/zhiini ]
识别结果：[('DTZM341-Z型相四线智能电能表', 0.9209184646606445), ('3x220/380V0.4-1(10)A', 0.8538597226142883), ('510imp/KWh8', 0.8771969079971313), ('10(110)A510imp/Kvarh', 0.8695708513259888), ('50hz丫h3', 0.7079423069953918), ('2', 0.9103153944015503), ('A', 0.9470077753067017), ('GB/T17215.321-2021', 0.9324038624763489), ('2022年', 0.8530740737915039), ('2022E163-43', 0.8831007480621338)]

2022-12-22 14:27:49,046: detec_wulian: 接收参数：[图片路径：./photo/zhijie/PICTURE2\6380550804226574841.jpg，配置文件路径：photo/zhiini ]
识别结果：[('DTZM341-Z型相四线智能电能表', 0.9209184646606445), ('3x220/380V0.4-1(10)A', 0.8538597226142883), ('510imp/KWh8', 0.8771969079971313), ('10(110)A510imp/Kvarh', 0.8695708513259888), ('50hz丫h3', 0.7079423069953918), ('2', 0.9103153944015503), ('A', 0.9470077753067017), ('GB/T17215.321-2021', 0.9324038624763489), ('2022年', 0.8530740737915039), ('2022E163-43', 0.8831007480621338)]

2022-12-22 14:28:27,049: detec_wulian: 接收参数：[图片路径：./photo/zhijie/PICTURE1\638055077197136762.jpg，配置文件路径：photo/zhiini ]
识别结果：[('DTZM341-Z型三相四线智能电能表', 0.9611210227012634), ('3x220/380V1.4-1(10)A', 0.8689973950386047), ('500imp/KWh8', 0.8694809079170227), ('10(10)A510imp/Kvarh2', 0.8948552012443542), ('50hz丫h3', 0.6951471567153931), ('2022年', 0.9030863046646118), ('GB/T17215.321-2021', 0.8916876912117004), ('202E13-43', 0.830802857875824)]

2022-12-22 14:28:27,049: detec_wulian: 接收参数：[图片路径：./photo/zhijie/PICTURE1\638055077197136762.jpg，配置文件路径：photo/zhiini ]
识别结果：[('DTZM341-Z型三相四线智能电能表', 0.9611210227012634), ('3x220/380V1.4-1(10)A', 0.8689973950386047), ('500imp/KWh8', 0.8694809079170227), ('10(10)A510imp/Kvarh2', 0.8948552012443542), ('50hz丫h3', 0.6951471567153931), ('2022年', 0.9030863046646118), ('GB/T17215.321-2021', 0.8916876912117004), ('202E13-43', 0.830802857875824)]

2022-12-22 14:28:29,067: detec_wulian: 接收参数：[图片路径：./photo/zhijie/PICTURE1\6380550804225375531.jpg，配置文件路径：photo/zhiini ]
识别结果：[('DTZM341-Z型三相四线智能电能表', 0.9298046231269836), ('3x220/380V0.4-1(10)A', 0.8742141723632812), ('500imp/KWh8', 0.8670673370361328), ('10(10)A510imp/Kvarh2', 0.8923020362854004), ('5hz丫h3', 0.7424862384796143), ('2022年', 0.9297035932540894), ('GB/T17215.321-2021', 0.9343212842941284), ('2022E163-43', 0.8310353755950928)]

2022-12-22 14:28:29,067: detec_wulian: 接收参数：[图片路径：./photo/zhijie/PICTURE1\6380550804225375531.jpg，配置文件路径：photo/zhiini ]
识别结果：[('DTZM341-Z型三相四线智能电能表', 0.9298046231269836), ('3x220/380V0.4-1(10)A', 0.8742141723632812), ('500imp/KWh8', 0.8670673370361328), ('10(10)A510imp/Kvarh2', 0.8923020362854004), ('5hz丫h3', 0.7424862384796143), ('2022年', 0.9297035932540894), ('GB/T17215.321-2021', 0.9343212842941284), ('2022E163-43', 0.8310353755950928)]

2022-12-22 14:28:30,933: detec_wulian: 接收参数：[图片路径：./photo/zhijie/PICTURE2\638055077197256693.jpg，配置文件路径：photo/zhiini ]
识别结果：[('DTZM341-Z型相四线智能电能表', 0.9193525314331055), ('3x220/380V0.4-1(10)A', 0.8544079661369324), ('510imp/KWh8', 0.8849501013755798), ('10(10)A500imp/Kvarh2', 0.8798999786376953), ('50hz丫h3', 0.7097401022911072), ('PA', 0.7383114099502563), ('GB/T17215.321-2021', 0.9331328272819519), ('2022年', 0.840124249458313), ('2022E163-43', 0.883029580116272)]

2022-12-22 14:28:30,933: detec_wulian: 接收参数：[图片路径：./photo/zhijie/PICTURE2\638055077197256693.jpg，配置文件路径：photo/zhiini ]
识别结果：[('DTZM341-Z型相四线智能电能表', 0.9193525314331055), ('3x220/380V0.4-1(10)A', 0.8544079661369324), ('510imp/KWh8', 0.8849501013755798), ('10(10)A500imp/Kvarh2', 0.8798999786376953), ('50hz丫h3', 0.7097401022911072), ('PA', 0.7383114099502563), ('GB/T17215.321-2021', 0.9331328272819519), ('2022年', 0.840124249458313), ('2022E163-43', 0.883029580116272)]

2022-12-22 14:28:32,945: detec_wulian: 接收参数：[图片路径：./photo/zhijie/PICTURE2\6380550804226574841.jpg，配置文件路径：photo/zhiini ]
识别结果：[('DTZM341-Z型相四线智能电能表', 0.9209184646606445), ('3x220/380V0.4-1(10)A', 0.8538597226142883), ('510imp/KWh8', 0.8771969079971313), ('10(110)A510imp/Kvarh', 0.8695708513259888), ('50hz丫h3', 0.7079423069953918), ('2', 0.9103153944015503), ('A', 0.9470077753067017), ('GB/T17215.321-2021', 0.9324038624763489), ('2022年', 0.8530740737915039), ('2022E163-43', 0.8831007480621338)]

2022-12-22 14:28:32,945: detec_wulian: 接收参数：[图片路径：./photo/zhijie/PICTURE2\6380550804226574841.jpg，配置文件路径：photo/zhiini ]
识别结果：[('DTZM341-Z型相四线智能电能表', 0.9209184646606445), ('3x220/380V0.4-1(10)A', 0.8538597226142883), ('510imp/KWh8', 0.8771969079971313), ('10(110)A510imp/Kvarh', 0.8695708513259888), ('50hz丫h3', 0.7079423069953918), ('2', 0.9103153944015503), ('A', 0.9470077753067017), ('GB/T17215.321-2021', 0.9324038624763489), ('2022年', 0.8530740737915039), ('2022E163-43', 0.8831007480621338)]

2022-12-22 14:36:02,024: detec_wulian: 接收参数：[图片路径：./photo/zhijie/PICTURE1\638055077197136762.jpg，配置文件路径：photo/zhiini ]
识别结果：[('DTZM341-Z型三相四线智能电能表', 0.9611210227012634), ('3x220/380V1.4-1(10)A', 0.8689973950386047), ('500imp/KWh8', 0.8694809079170227), ('10(10)A510imp/Kvarh2', 0.8948552012443542), ('50hz丫h3', 0.6951471567153931), ('2022年', 0.9030863046646118), ('GB/T17215.321-2021', 0.8916876912117004), ('202E13-43', 0.830802857875824)]

2022-12-22 14:36:02,024: detec_wulian: 接收参数：[图片路径：./photo/zhijie/PICTURE1\638055077197136762.jpg，配置文件路径：photo/zhiini ]
识别结果：[('DTZM341-Z型三相四线智能电能表', 0.9611210227012634), ('3x220/380V1.4-1(10)A', 0.8689973950386047), ('500imp/KWh8', 0.8694809079170227), ('10(10)A510imp/Kvarh2', 0.8948552012443542), ('50hz丫h3', 0.6951471567153931), ('2022年', 0.9030863046646118), ('GB/T17215.321-2021', 0.8916876912117004), ('202E13-43', 0.830802857875824)]

2022-12-22 14:36:04,054: detec_wulian: 接收参数：[图片路径：./photo/zhijie/PICTURE1\6380550804225375531.jpg，配置文件路径：photo/zhiini ]
识别结果：[('DTZM341-Z型三相四线智能电能表', 0.9298046231269836), ('3x220/380V0.4-1(10)A', 0.8742141723632812), ('500imp/KWh8', 0.8670673370361328), ('10(10)A510imp/Kvarh2', 0.8923020362854004), ('5hz丫h3', 0.7424862384796143), ('2022年', 0.9297035932540894), ('GB/T17215.321-2021', 0.9343212842941284), ('2022E163-43', 0.8310353755950928)]

2022-12-22 14:36:04,054: detec_wulian: 接收参数：[图片路径：./photo/zhijie/PICTURE1\6380550804225375531.jpg，配置文件路径：photo/zhiini ]
识别结果：[('DTZM341-Z型三相四线智能电能表', 0.9298046231269836), ('3x220/380V0.4-1(10)A', 0.8742141723632812), ('500imp/KWh8', 0.8670673370361328), ('10(10)A510imp/Kvarh2', 0.8923020362854004), ('5hz丫h3', 0.7424862384796143), ('2022年', 0.9297035932540894), ('GB/T17215.321-2021', 0.9343212842941284), ('2022E163-43', 0.8310353755950928)]

2022-12-22 14:36:05,941: detec_wulian: 接收参数：[图片路径：./photo/zhijie/PICTURE2\638055077197256693.jpg，配置文件路径：photo/zhiini ]
识别结果：[('DTZM341-Z型相四线智能电能表', 0.9193525314331055), ('3x220/380V0.4-1(10)A', 0.8544079661369324), ('510imp/KWh8', 0.8849501013755798), ('10(10)A500imp/Kvarh2', 0.8798999786376953), ('50hz丫h3', 0.7097401022911072), ('PA', 0.7383114099502563), ('GB/T17215.321-2021', 0.9331328272819519), ('2022年', 0.840124249458313), ('2022E163-43', 0.883029580116272)]

2022-12-22 14:36:05,941: detec_wulian: 接收参数：[图片路径：./photo/zhijie/PICTURE2\638055077197256693.jpg，配置文件路径：photo/zhiini ]
识别结果：[('DTZM341-Z型相四线智能电能表', 0.9193525314331055), ('3x220/380V0.4-1(10)A', 0.8544079661369324), ('510imp/KWh8', 0.8849501013755798), ('10(10)A500imp/Kvarh2', 0.8798999786376953), ('50hz丫h3', 0.7097401022911072), ('PA', 0.7383114099502563), ('GB/T17215.321-2021', 0.9331328272819519), ('2022年', 0.840124249458313), ('2022E163-43', 0.883029580116272)]

2022-12-22 14:36:07,970: detec_wulian: 接收参数：[图片路径：./photo/zhijie/PICTURE2\6380550804226574841.jpg，配置文件路径：photo/zhiini ]
识别结果：[('DTZM341-Z型相四线智能电能表', 0.9209184646606445), ('3x220/380V0.4-1(10)A', 0.8538597226142883), ('510imp/KWh8', 0.8771969079971313), ('10(110)A510imp/Kvarh', 0.8695708513259888), ('50hz丫h3', 0.7079423069953918), ('2', 0.9103153944015503), ('A', 0.9470077753067017), ('GB/T17215.321-2021', 0.9324038624763489), ('2022年', 0.8530740737915039), ('2022E163-43', 0.8831007480621338)]

2022-12-22 14:36:07,970: detec_wulian: 接收参数：[图片路径：./photo/zhijie/PICTURE2\6380550804226574841.jpg，配置文件路径：photo/zhiini ]
识别结果：[('DTZM341-Z型相四线智能电能表', 0.9209184646606445), ('3x220/380V0.4-1(10)A', 0.8538597226142883), ('510imp/KWh8', 0.8771969079971313), ('10(110)A510imp/Kvarh', 0.8695708513259888), ('50hz丫h3', 0.7079423069953918), ('2', 0.9103153944015503), ('A', 0.9470077753067017), ('GB/T17215.321-2021', 0.9324038624763489), ('2022年', 0.8530740737915039), ('2022E163-43', 0.8831007480621338)]

2022-12-22 14:37:41,379: detec_wulian: 接收参数：[图片路径：./photo/zhijie/PICTURE1\638055077197136762.jpg，配置文件路径：photo/zhiini ]
识别结果：[('DTZM341-Z型三相四线智能电能表', 0.9611210227012634), ('3x220/380V1.4-1(10)A', 0.8689973950386047), ('500imp/KWh8', 0.8694809079170227), ('10(10)A510imp/Kvarh2', 0.8948552012443542), ('50hz丫h3', 0.6951471567153931), ('2022年', 0.9030863046646118), ('GB/T17215.321-2021', 0.8916876912117004), ('202E13-43', 0.830802857875824)]

2022-12-22 14:37:41,380: detec_wulian: 接收参数：[图片路径：./photo/zhijie/PICTURE1\638055077197136762.jpg，配置文件路径：photo/zhiini ]
识别结果：[('DTZM341-Z型三相四线智能电能表', 0.9611210227012634), ('3x220/380V1.4-1(10)A', 0.8689973950386047), ('500imp/KWh8', 0.8694809079170227), ('10(10)A510imp/Kvarh2', 0.8948552012443542), ('50hz丫h3', 0.6951471567153931), ('2022年', 0.9030863046646118), ('GB/T17215.321-2021', 0.8916876912117004), ('202E13-43', 0.830802857875824)]

2022-12-22 14:37:43,422: detec_wulian: 接收参数：[图片路径：./photo/zhijie/PICTURE1\6380550804225375531.jpg，配置文件路径：photo/zhiini ]
识别结果：[('DTZM341-Z型三相四线智能电能表', 0.9298046231269836), ('3x220/380V0.4-1(10)A', 0.8742141723632812), ('500imp/KWh8', 0.8670673370361328), ('10(10)A510imp/Kvarh2', 0.8923020362854004), ('5hz丫h3', 0.7424862384796143), ('2022年', 0.9297035932540894), ('GB/T17215.321-2021', 0.9343212842941284), ('2022E163-43', 0.8310353755950928)]

2022-12-22 14:37:43,423: detec_wulian: 接收参数：[图片路径：./photo/zhijie/PICTURE1\6380550804225375531.jpg，配置文件路径：photo/zhiini ]
识别结果：[('DTZM341-Z型三相四线智能电能表', 0.9298046231269836), ('3x220/380V0.4-1(10)A', 0.8742141723632812), ('500imp/KWh8', 0.8670673370361328), ('10(10)A510imp/Kvarh2', 0.8923020362854004), ('5hz丫h3', 0.7424862384796143), ('2022年', 0.9297035932540894), ('GB/T17215.321-2021', 0.9343212842941284), ('2022E163-43', 0.8310353755950928)]

2022-12-22 14:37:45,314: detec_wulian: 接收参数：[图片路径：./photo/zhijie/PICTURE2\638055077197256693.jpg，配置文件路径：photo/zhiini ]
识别结果：[('DTZM341-Z型相四线智能电能表', 0.9193525314331055), ('3x220/380V0.4-1(10)A', 0.8544079661369324), ('510imp/KWh8', 0.8849501013755798), ('10(10)A500imp/Kvarh2', 0.8798999786376953), ('50hz丫h3', 0.7097401022911072), ('PA', 0.7383114099502563), ('GB/T17215.321-2021', 0.9331328272819519), ('2022年', 0.840124249458313), ('2022E163-43', 0.883029580116272)]

2022-12-22 14:37:45,315: detec_wulian: 接收参数：[图片路径：./photo/zhijie/PICTURE2\638055077197256693.jpg，配置文件路径：photo/zhiini ]
识别结果：[('DTZM341-Z型相四线智能电能表', 0.9193525314331055), ('3x220/380V0.4-1(10)A', 0.8544079661369324), ('510imp/KWh8', 0.8849501013755798), ('10(10)A500imp/Kvarh2', 0.8798999786376953), ('50hz丫h3', 0.7097401022911072), ('PA', 0.7383114099502563), ('GB/T17215.321-2021', 0.9331328272819519), ('2022年', 0.840124249458313), ('2022E163-43', 0.883029580116272)]

2022-12-22 14:37:47,355: detec_wulian: 接收参数：[图片路径：./photo/zhijie/PICTURE2\6380550804226574841.jpg，配置文件路径：photo/zhiini ]
识别结果：[('DTZM341-Z型相四线智能电能表', 0.9209184646606445), ('3x220/380V0.4-1(10)A', 0.8538597226142883), ('510imp/KWh8', 0.8771969079971313), ('10(110)A510imp/Kvarh', 0.8695708513259888), ('50hz丫h3', 0.7079423069953918), ('2', 0.9103153944015503), ('A', 0.9470077753067017), ('GB/T17215.321-2021', 0.9324038624763489), ('2022年', 0.8530740737915039), ('2022E163-43', 0.8831007480621338)]

2022-12-22 14:37:47,355: detec_wulian: 接收参数：[图片路径：./photo/zhijie/PICTURE2\6380550804226574841.jpg，配置文件路径：photo/zhiini ]
识别结果：[('DTZM341-Z型相四线智能电能表', 0.9209184646606445), ('3x220/380V0.4-1(10)A', 0.8538597226142883), ('510imp/KWh8', 0.8771969079971313), ('10(110)A510imp/Kvarh', 0.8695708513259888), ('50hz丫h3', 0.7079423069953918), ('2', 0.9103153944015503), ('A', 0.9470077753067017), ('GB/T17215.321-2021', 0.9324038624763489), ('2022年', 0.8530740737915039), ('2022E163-43', 0.8831007480621338)]

2022-12-22 14:56:22,839: detec_wulian: 接收参数：[图片路径：./photo/zhijie/PICTURE1\638055077197136762.jpg，配置文件路径：photo/zhiini ]
识别结果：[('DTZM341-Z型三相四线智能电能表', 0.9430090188980103), ('3x220/380V0.4-1（100)A500imp/kWhB', 0.896010160446167), ('10（100)A500imp/kvarh②50HzYH3', 0.9011496305465698), ('PA', 0.8107355833053589), ('2022年', 0.8915271759033203), ('GB/T17215.321-2021', 0.9073219299316406), ('2022E163-43', 0.9452224373817444)]

2022-12-22 14:56:22,839: detec_wulian: 接收参数：[图片路径：./photo/zhijie/PICTURE1\638055077197136762.jpg，配置文件路径：photo/zhiini ]
识别结果：[('DTZM341-Z型三相四线智能电能表', 0.9430090188980103), ('3x220/380V0.4-1（100)A500imp/kWhB', 0.896010160446167), ('10（100)A500imp/kvarh②50HzYH3', 0.9011496305465698), ('PA', 0.8107355833053589), ('2022年', 0.8915271759033203), ('GB/T17215.321-2021', 0.9073219299316406), ('2022E163-43', 0.9452224373817444)]

2022-12-22 14:56:25,296: detec_wulian: 接收参数：[图片路径：./photo/zhijie/PICTURE1\6380550804225375531.jpg，配置文件路径：photo/zhiini ]
识别结果：[('DTZM341-Z型三相四线智能电能表', 0.9299851655960083), ('3x220/380V0.4-1（100)A500imp/kWhB', 0.8961319923400879), ('10（100)A500imp/kvarh②50HzYH3', 0.9034369587898254), ('PA', 0.6526660919189453), ('2022年', 0.8920488357543945), ('GB/T17215.321-2021', 0.9095269441604614), ('2022E163-43', 0.9245504140853882)]

2022-12-22 14:56:25,296: detec_wulian: 接收参数：[图片路径：./photo/zhijie/PICTURE1\6380550804225375531.jpg，配置文件路径：photo/zhiini ]
识别结果：[('DTZM341-Z型三相四线智能电能表', 0.9299851655960083), ('3x220/380V0.4-1（100)A500imp/kWhB', 0.8961319923400879), ('10（100)A500imp/kvarh②50HzYH3', 0.9034369587898254), ('PA', 0.6526660919189453), ('2022年', 0.8920488357543945), ('GB/T17215.321-2021', 0.9095269441604614), ('2022E163-43', 0.9245504140853882)]

2022-12-22 14:56:27,606: detec_wulian: 接收参数：[图片路径：./photo/zhijie/PICTURE2\638055077197256693.jpg，配置文件路径：photo/zhiini ]
识别结果：[('DTZM341-Z型三相四线智能电能表', 0.9529096484184265), ('3x220/380V0.4-1（100)A500imp/kWhB', 0.9007045030593872), ('10（100)A500imp/kvarh②50Hz回YH3', 0.8883113861083984), ('PA', 0.9151204824447632), ('GB/T17215.321-2021', 0.9257153272628784), ('2022E163-43', 0.9612598419189453), ('2022年', 0.9822556376457214)]

2022-12-22 14:56:27,606: detec_wulian: 接收参数：[图片路径：./photo/zhijie/PICTURE2\638055077197256693.jpg，配置文件路径：photo/zhiini ]
识别结果：[('DTZM341-Z型三相四线智能电能表', 0.9529096484184265), ('3x220/380V0.4-1（100)A500imp/kWhB', 0.9007045030593872), ('10（100)A500imp/kvarh②50Hz回YH3', 0.8883113861083984), ('PA', 0.9151204824447632), ('GB/T17215.321-2021', 0.9257153272628784), ('2022E163-43', 0.9612598419189453), ('2022年', 0.9822556376457214)]

2022-12-22 14:56:29,910: detec_wulian: 接收参数：[图片路径：./photo/zhijie/PICTURE2\6380550804226574841.jpg，配置文件路径：photo/zhiini ]
识别结果：[('DTZM341-Z型三相四线智能电能表', 0.9528183937072754), ('3x220/380V0.4-1（100)A500imp/kWhB', 0.8973761796951294), ('10（100)A500imp/kvarh50Hz口YH3', 0.902206301689148), ('PA', 0.9135440587997437), ('GB/T17215.321-2021', 0.9231951236724854), ('2022E163-43', 0.9171633124351501), ('2022年', 0.98198401927948)]

2022-12-22 14:56:29,910: detec_wulian: 接收参数：[图片路径：./photo/zhijie/PICTURE2\6380550804226574841.jpg，配置文件路径：photo/zhiini ]
识别结果：[('DTZM341-Z型三相四线智能电能表', 0.9528183937072754), ('3x220/380V0.4-1（100)A500imp/kWhB', 0.8973761796951294), ('10（100)A500imp/kvarh50Hz口YH3', 0.902206301689148), ('PA', 0.9135440587997437), ('GB/T17215.321-2021', 0.9231951236724854), ('2022E163-43', 0.9171633124351501), ('2022年', 0.98198401927948)]

2022-12-22 14:59:16,827: detec_wulian: 接收参数：[图片路径：./photo/zhijie/PICTURE1\638055077197136762.jpg，配置文件路径：photo/zhiini ]
识别结果：[('DTZM341-Z型三相四线智能电能表', 0.9430090188980103), ('3x220/380V0.4-1（100)A500imp/kWhB', 0.896010160446167), ('10（100)A500imp/kvarh②50HzYH3', 0.9011496305465698), ('PA', 0.8107355833053589), ('2022年', 0.8915271759033203), ('GB/T17215.321-2021', 0.9073219299316406), ('2022E163-43', 0.9452224373817444)]

2022-12-22 14:59:16,828: detec_wulian: 接收参数：[图片路径：./photo/zhijie/PICTURE1\638055077197136762.jpg，配置文件路径：photo/zhiini ]
识别结果：[('DTZM341-Z型三相四线智能电能表', 0.9430090188980103), ('3x220/380V0.4-1（100)A500imp/kWhB', 0.896010160446167), ('10（100)A500imp/kvarh②50HzYH3', 0.9011496305465698), ('PA', 0.8107355833053589), ('2022年', 0.8915271759033203), ('GB/T17215.321-2021', 0.9073219299316406), ('2022E163-43', 0.9452224373817444)]

2022-12-22 14:59:19,261: detec_wulian: 接收参数：[图片路径：./photo/zhijie/PICTURE1\6380550804225375531.jpg，配置文件路径：photo/zhiini ]
识别结果：[('DTZM341-Z型三相四线智能电能表', 0.9299851655960083), ('3x220/380V0.4-1（100)A500imp/kWhB', 0.8961319923400879), ('10（100)A500imp/kvarh②50HzYH3', 0.9034369587898254), ('PA', 0.6526660919189453), ('2022年', 0.8920488357543945), ('GB/T17215.321-2021', 0.9095269441604614), ('2022E163-43', 0.9245504140853882)]

2022-12-22 14:59:19,261: detec_wulian: 接收参数：[图片路径：./photo/zhijie/PICTURE1\6380550804225375531.jpg，配置文件路径：photo/zhiini ]
识别结果：[('DTZM341-Z型三相四线智能电能表', 0.9299851655960083), ('3x220/380V0.4-1（100)A500imp/kWhB', 0.8961319923400879), ('10（100)A500imp/kvarh②50HzYH3', 0.9034369587898254), ('PA', 0.6526660919189453), ('2022年', 0.8920488357543945), ('GB/T17215.321-2021', 0.9095269441604614), ('2022E163-43', 0.9245504140853882)]

2022-12-22 14:59:21,672: detec_wulian: 接收参数：[图片路径：./photo/zhijie/PICTURE2\638055077197256693.jpg，配置文件路径：photo/zhiini ]
识别结果：[('DTZM341-Z型三相四线智能电能表', 0.9529096484184265), ('3x220/380V0.4-1（100)A500imp/kWhB', 0.9007045030593872), ('10（100)A500imp/kvarh②50Hz回YH3', 0.8883113861083984), ('PA', 0.9151204824447632), ('GB/T17215.321-2021', 0.9257153272628784), ('2022E163-43', 0.9612598419189453), ('2022年', 0.9822556376457214)]

2022-12-22 14:59:21,673: detec_wulian: 接收参数：[图片路径：./photo/zhijie/PICTURE2\638055077197256693.jpg，配置文件路径：photo/zhiini ]
识别结果：[('DTZM341-Z型三相四线智能电能表', 0.9529096484184265), ('3x220/380V0.4-1（100)A500imp/kWhB', 0.9007045030593872), ('10（100)A500imp/kvarh②50Hz回YH3', 0.8883113861083984), ('PA', 0.9151204824447632), ('GB/T17215.321-2021', 0.9257153272628784), ('2022E163-43', 0.9612598419189453), ('2022年', 0.9822556376457214)]

2022-12-22 14:59:24,026: detec_wulian: 接收参数：[图片路径：./photo/zhijie/PICTURE2\6380550804226574841.jpg，配置文件路径：photo/zhiini ]
识别结果：[('DTZM341-Z型三相四线智能电能表', 0.9528183937072754), ('3x220/380V0.4-1（100)A500imp/kWhB', 0.8973761796951294), ('10（100)A500imp/kvarh50Hz口YH3', 0.902206301689148), ('PA', 0.9135440587997437), ('GB/T17215.321-2021', 0.9231951236724854), ('2022E163-43', 0.9171633124351501), ('2022年', 0.98198401927948)]

2022-12-22 14:59:24,027: detec_wulian: 接收参数：[图片路径：./photo/zhijie/PICTURE2\6380550804226574841.jpg，配置文件路径：photo/zhiini ]
识别结果：[('DTZM341-Z型三相四线智能电能表', 0.9528183937072754), ('3x220/380V0.4-1（100)A500imp/kWhB', 0.8973761796951294), ('10（100)A500imp/kvarh50Hz口YH3', 0.902206301689148), ('PA', 0.9135440587997437), ('GB/T17215.321-2021', 0.9231951236724854), ('2022E163-43', 0.9171633124351501), ('2022年', 0.98198401927948)]

2022-12-22 15:01:26,224: detec_wulian: 接收参数：[图片路径：./photo/zhijie/PICTURE1\638055077197136762.jpg，配置文件路径：photo/zhiini ]
识别结果：[('DTZM341-Z型三相四线智能电能表', 0.9430090188980103), ('3x220/380V0.4-1（100)A500imp/kWhB', 0.896010160446167), ('10（100)A500imp/kvarh②50HzYH3', 0.9011496305465698), ('PA', 0.8107355833053589), ('2022年', 0.8915271759033203), ('GB/T17215.321-2021', 0.9073219299316406), ('2022E163-43', 0.9452224373817444)]

2022-12-22 15:01:26,224: detec_wulian: 接收参数：[图片路径：./photo/zhijie/PICTURE1\638055077197136762.jpg，配置文件路径：photo/zhiini ]
识别结果：[('DTZM341-Z型三相四线智能电能表', 0.9430090188980103), ('3x220/380V0.4-1（100)A500imp/kWhB', 0.896010160446167), ('10（100)A500imp/kvarh②50HzYH3', 0.9011496305465698), ('PA', 0.8107355833053589), ('2022年', 0.8915271759033203), ('GB/T17215.321-2021', 0.9073219299316406), ('2022E163-43', 0.9452224373817444)]

2022-12-22 15:01:28,551: detec_wulian: 接收参数：[图片路径：./photo/zhijie/PICTURE1\6380550804225375531.jpg，配置文件路径：photo/zhiini ]
识别结果：[('DTZM341-Z型三相四线智能电能表', 0.9299851655960083), ('3x220/380V0.4-1（100)A500imp/kWhB', 0.8961319923400879), ('10（100)A500imp/kvarh②50HzYH3', 0.9034369587898254), ('PA', 0.6526660919189453), ('2022年', 0.8920488357543945), ('GB/T17215.321-2021', 0.9095269441604614), ('2022E163-43', 0.9245504140853882)]

2022-12-22 15:01:28,551: detec_wulian: 接收参数：[图片路径：./photo/zhijie/PICTURE1\6380550804225375531.jpg，配置文件路径：photo/zhiini ]
识别结果：[('DTZM341-Z型三相四线智能电能表', 0.9299851655960083), ('3x220/380V0.4-1（100)A500imp/kWhB', 0.8961319923400879), ('10（100)A500imp/kvarh②50HzYH3', 0.9034369587898254), ('PA', 0.6526660919189453), ('2022年', 0.8920488357543945), ('GB/T17215.321-2021', 0.9095269441604614), ('2022E163-43', 0.9245504140853882)]

2022-12-22 15:01:30,802: detec_wulian: 接收参数：[图片路径：./photo/zhijie/PICTURE2\638055077197256693.jpg，配置文件路径：photo/zhiini ]
识别结果：[('DTZM341-Z型三相四线智能电能表', 0.9529096484184265), ('3x220/380V0.4-1（100)A500imp/kWhB', 0.9007045030593872), ('10（100)A500imp/kvarh②50Hz回YH3', 0.8883113861083984), ('PA', 0.9151204824447632), ('GB/T17215.321-2021', 0.9257153272628784), ('2022E163-43', 0.9612598419189453), ('2022年', 0.9822556376457214)]

2022-12-22 15:01:30,802: detec_wulian: 接收参数：[图片路径：./photo/zhijie/PICTURE2\638055077197256693.jpg，配置文件路径：photo/zhiini ]
识别结果：[('DTZM341-Z型三相四线智能电能表', 0.9529096484184265), ('3x220/380V0.4-1（100)A500imp/kWhB', 0.9007045030593872), ('10（100)A500imp/kvarh②50Hz回YH3', 0.8883113861083984), ('PA', 0.9151204824447632), ('GB/T17215.321-2021', 0.9257153272628784), ('2022E163-43', 0.9612598419189453), ('2022年', 0.9822556376457214)]

2022-12-22 15:01:33,057: detec_wulian: 接收参数：[图片路径：./photo/zhijie/PICTURE2\6380550804226574841.jpg，配置文件路径：photo/zhiini ]
识别结果：[('DTZM341-Z型三相四线智能电能表', 0.9528183937072754), ('3x220/380V0.4-1（100)A500imp/kWhB', 0.8973761796951294), ('10（100)A500imp/kvarh50Hz口YH3', 0.902206301689148), ('PA', 0.9135440587997437), ('GB/T17215.321-2021', 0.9231951236724854), ('2022E163-43', 0.9171633124351501), ('2022年', 0.98198401927948)]

2022-12-22 15:01:33,057: detec_wulian: 接收参数：[图片路径：./photo/zhijie/PICTURE2\6380550804226574841.jpg，配置文件路径：photo/zhiini ]
识别结果：[('DTZM341-Z型三相四线智能电能表', 0.9528183937072754), ('3x220/380V0.4-1（100)A500imp/kWhB', 0.8973761796951294), ('10（100)A500imp/kvarh50Hz口YH3', 0.902206301689148), ('PA', 0.9135440587997437), ('GB/T17215.321-2021', 0.9231951236724854), ('2022E163-43', 0.9171633124351501), ('2022年', 0.98198401927948)]

