2023-02-10 09:59:13,957: detec_list: 接收参数：[图片路径：./photo/87/PICTURE1\3530001000101493282974.jpg，配置文件路径：photo/ini87 ]
识别结果：[('PA2021E214-31', 0.9248030185699463), ('GB/T17215.321-', 0.9304290413856506), ('当前上18月组合正反向总费率18剩余常', 0.9558649659156799), ('§｛阶梯透支用电量价户时间段金额表', 0.9686711430549622), ('8888:8.8:8.8', 0.9160683751106262), ('L', 0.9888513684272766), ('COS', 0.9914939999580383), ('―', 0.9987766146659851), ('VA', 0.9815399050712585), ('N', 0.8410220742225647), ('KW', 0.724229097366333)]

2023-02-10 09:59:13,959: detec_list: 接收参数：[图片路径：./photo/87/PICTURE1\3530001000101493282974.jpg，配置文件路径：photo/ini87 ]
识别结果：[('PA2021E214-31', 0.9248030185699463), ('GB/T17215.321-', 0.9304290413856506), ('当前上18月组合正反向总费率18剩余常', 0.9558649659156799), ('§｛阶梯透支用电量价户时间段金额表', 0.9686711430549622), ('8888:8.8:8.8', 0.9160683751106262), ('L', 0.9888513684272766), ('COS', 0.9914939999580383), ('―', 0.9987766146659851), ('VA', 0.9815399050712585), ('N', 0.8410220742225647), ('KW', 0.724229097366333)]

2023-02-10 09:59:16,179: detec_list: 接收参数：[图片路径：./photo/87/PICTURE1\3530001000101493283889.jpg，配置文件路径：photo/ini87 ]
识别结果：[('当前上18月组合正反向总费率18剩余常数', 0.9662639498710632), ('§｛阶梯透支用电量价户时间段金额表号', 0.9956399202346802), ('8888:8.8:8.8', 0.9457200169563293), ('L', 0.9956597685813904), ('COSΦ', 0.9384901523590088), ('VA元', 0.9912080764770508), ('―', 0.9955079555511475), ('KWh', 0.8283829092979431), ('N', 0.9988511800765991), ('←Й∩成功失败请购电拉闸12L812T18', 0.9720973372459412)]

2023-02-10 09:59:16,179: detec_list: 接收参数：[图片路径：./photo/87/PICTURE1\3530001000101493283889.jpg，配置文件路径：photo/ini87 ]
识别结果：[('当前上18月组合正反向总费率18剩余常数', 0.9662639498710632), ('§｛阶梯透支用电量价户时间段金额表号', 0.9956399202346802), ('8888:8.8:8.8', 0.9457200169563293), ('L', 0.9956597685813904), ('COSΦ', 0.9384901523590088), ('VA元', 0.9912080764770508), ('―', 0.9955079555511475), ('KWh', 0.8283829092979431), ('N', 0.9988511800765991), ('←Й∩成功失败请购电拉闸12L812T18', 0.9720973372459412)]

2023-02-10 09:59:18,381: detec_list: 接收参数：[图片路径：./photo/87/PICTURE2\3530001000101493282974.jpg，配置文件路径：photo/ini87 ]
识别结果：[('当前上18月组合正反向总费率18剩余常数', 0.9239146113395691), ('§｛阶梯透支用电量价户时间段金额表号', 0.9848335385322571), ('8888:.8.8:8.8', 0.8547061085700989), ('L', 0.9933648109436035), ('COSΦ', 0.9887906908988953), ('―', 0.997251570224762), ('VA元', 0.8304862380027771), ('N', 0.9889506697654724), ('kWh', 0.904379665851593), ('←Й∩成功失败请购电拉闸12L812T18', 0.9551629424095154)]

2023-02-10 09:59:18,381: detec_list: 接收参数：[图片路径：./photo/87/PICTURE2\3530001000101493282974.jpg，配置文件路径：photo/ini87 ]
识别结果：[('当前上18月组合正反向总费率18剩余常数', 0.9239146113395691), ('§｛阶梯透支用电量价户时间段金额表号', 0.9848335385322571), ('8888:.8.8:8.8', 0.8547061085700989), ('L', 0.9933648109436035), ('COSΦ', 0.9887906908988953), ('―', 0.997251570224762), ('VA元', 0.8304862380027771), ('N', 0.9889506697654724), ('kWh', 0.904379665851593), ('←Й∩成功失败请购电拉闸12L812T18', 0.9551629424095154)]

2023-02-10 09:59:20,590: detec_list: 接收参数：[图片路径：./photo/87/PICTURE2\3530001000101493283858.jpg，配置文件路径：photo/ini87 ]
识别结果：[('当前上18月组合正反向总费率18剩余常数', 0.969782829284668), ('§｛阶梯透支用电量价户时间段金额表号', 0.9552493095397949), ('8888:8.8:8.8', 0.9447271823883057), ('L', 0.9784265160560608), ('COSΦ', 0.9812885522842407), ('―', 0.9988952279090881), ('VA元', 0.9899535179138184), ('N', 0.9983090162277222), ('kWh', 0.8956413269042969), ('←Й∩成功失败请购电拉闸12L812T18', 0.953328549861908)]

2023-02-10 09:59:20,590: detec_list: 接收参数：[图片路径：./photo/87/PICTURE2\3530001000101493283858.jpg，配置文件路径：photo/ini87 ]
识别结果：[('当前上18月组合正反向总费率18剩余常数', 0.969782829284668), ('§｛阶梯透支用电量价户时间段金额表号', 0.9552493095397949), ('8888:8.8:8.8', 0.9447271823883057), ('L', 0.9784265160560608), ('COSΦ', 0.9812885522842407), ('―', 0.9988952279090881), ('VA元', 0.9899535179138184), ('N', 0.9983090162277222), ('kWh', 0.8956413269042969), ('←Й∩成功失败请购电拉闸12L812T18', 0.953328549861908)]

2023-02-10 09:59:23,142: detec_list: 接收参数：[图片路径：./photo/87/PICTURE3\3530001000101493282974.jpg，配置文件路径：photo/ini87 ]
识别结果：[('PA1', 0.7739664912223816), ('2021E214-31', 0.9191347360610962), ('GB/T17215.321-20', 0.9285738468170166), ('―', 0.7176540493965149), ('当前上18月组合正反向总费率18剩余常数', 0.9735960960388184), ('§｛阶梯透支用电量价户时间段金额表号', 0.9953851103782654), ('8888:8.8:8.8', 0.9647452235221863), ('L', 0.8919077515602112), ('COSΦ', 0.9920563101768494), ('―', 0.9987142086029053), ('VA元', 0.9888870716094971), ('N', 0.9910212159156799), ('KWh', 0.8638989329338074)]

2023-02-10 09:59:23,142: detec_list: 接收参数：[图片路径：./photo/87/PICTURE3\3530001000101493282974.jpg，配置文件路径：photo/ini87 ]
识别结果：[('PA1', 0.7739664912223816), ('2021E214-31', 0.9191347360610962), ('GB/T17215.321-20', 0.9285738468170166), ('―', 0.7176540493965149), ('当前上18月组合正反向总费率18剩余常数', 0.9735960960388184), ('§｛阶梯透支用电量价户时间段金额表号', 0.9953851103782654), ('8888:8.8:8.8', 0.9647452235221863), ('L', 0.8919077515602112), ('COSΦ', 0.9920563101768494), ('―', 0.9987142086029053), ('VA元', 0.9888870716094971), ('N', 0.9910212159156799), ('KWh', 0.8638989329338074)]

2023-02-10 09:59:25,241: detec_list: 接收参数：[图片路径：./photo/87/PICTURE3\3530001000101493321413.jpg，配置文件路径：photo/ini87 ]
识别结果：[('当前上18月组合正反向总费率18剩余常数', 0.9498164057731628), ('§｛阶梯透支用电量价户时间段金额表号', 0.9965648651123047), ('8888:8.8:8.8', 0.9649637341499329), ('L', 0.9208176136016846), ('COSΦ', 0.8655204772949219), ('―', 0.9978731870651245), ('VA元', 0.9833480715751648), ('N', 0.9718529582023621), ('kWh', 0.8318338394165039), ('←Й∩成功失败请购电拉闸12L812T18', 0.9537036418914795)]

2023-02-10 09:59:25,241: detec_list: 接收参数：[图片路径：./photo/87/PICTURE3\3530001000101493321413.jpg，配置文件路径：photo/ini87 ]
识别结果：[('当前上18月组合正反向总费率18剩余常数', 0.9498164057731628), ('§｛阶梯透支用电量价户时间段金额表号', 0.9965648651123047), ('8888:8.8:8.8', 0.9649637341499329), ('L', 0.9208176136016846), ('COSΦ', 0.8655204772949219), ('―', 0.9978731870651245), ('VA元', 0.9833480715751648), ('N', 0.9718529582023621), ('kWh', 0.8318338394165039), ('←Й∩成功失败请购电拉闸12L812T18', 0.9537036418914795)]

2023-02-10 09:59:27,380: detec_list: 接收参数：[图片路径：./photo/87/PICTURE4\3530001000101493259495.jpg，配置文件路径：photo/ini87 ]
识别结果：[('当前上18月组合正反向总费率18剩余常数', 0.9593104124069214), ('§｛阶梯透支用电量价户时间段金额表号', 0.9730848073959351), ('8888:8.8:8.8', 0.9866818785667419), ('L', 0.9980387091636658), ('COSΦ', 0.8578190207481384), ('―', 0.986065149307251), ('VA元', 0.9895686507225037), ('N', 0.8675055503845215), ('kWh', 0.8916704058647156), ('←Й∩成功失败请购电拉闸12L812T18', 0.965461015701294)]

2023-02-10 09:59:27,380: detec_list: 接收参数：[图片路径：./photo/87/PICTURE4\3530001000101493259495.jpg，配置文件路径：photo/ini87 ]
识别结果：[('当前上18月组合正反向总费率18剩余常数', 0.9593104124069214), ('§｛阶梯透支用电量价户时间段金额表号', 0.9730848073959351), ('8888:8.8:8.8', 0.9866818785667419), ('L', 0.9980387091636658), ('COSΦ', 0.8578190207481384), ('―', 0.986065149307251), ('VA元', 0.9895686507225037), ('N', 0.8675055503845215), ('kWh', 0.8916704058647156), ('←Й∩成功失败请购电拉闸12L812T18', 0.965461015701294)]

2023-02-10 09:59:30,345: detec_list: 接收参数：[图片路径：./photo/87/PICTURE4\3530001000101493282974.jpg，配置文件路径：photo/ini87 ]
识别结果：[('阶梯透支用电量价时间段金额表号', 0.9375713467597961), ('1', 0.9102518558502197), ('8888:8.8:8.8', 0.9073548316955566), ('L', 0.9981058835983276), ('COSΦ', 0.9905595779418945), ('―', 0.9987432360649109), ('VA元', 0.9401669502258301), ('N', 0.7499654293060303), ('kWh', 0.9202175140380859), ('←Й∩成功失败请购电拉闸12L812T18', 0.9367243051528931), ('K冲', 0.812626838684082), ('跳闸', 0.952326774597168), ('红外', 0.9763727188110352), ('―', 0.7891168594360352), ('―', 0.5300824046134949), ('―', 0.8229843378067017)]

2023-02-10 09:59:30,345: detec_list: 接收参数：[图片路径：./photo/87/PICTURE4\3530001000101493282974.jpg，配置文件路径：photo/ini87 ]
识别结果：[('阶梯透支用电量价时间段金额表号', 0.9375713467597961), ('1', 0.9102518558502197), ('8888:8.8:8.8', 0.9073548316955566), ('L', 0.9981058835983276), ('COSΦ', 0.9905595779418945), ('―', 0.9987432360649109), ('VA元', 0.9401669502258301), ('N', 0.7499654293060303), ('kWh', 0.9202175140380859), ('←Й∩成功失败请购电拉闸12L812T18', 0.9367243051528931), ('K冲', 0.812626838684082), ('跳闸', 0.952326774597168), ('红外', 0.9763727188110352), ('―', 0.7891168594360352), ('―', 0.5300824046134949), ('―', 0.8229843378067017)]

2023-02-10 09:59:32,888: detec_list: 接收参数：[图片路径：./photo/87/PICTURE5\3530001000101493282974.jpg，配置文件路径：photo/ini87 ]
识别结果：[('当阶梯透支用电量价户时间段金额表号', 0.9692704677581787), ('8888:8.8:8.8', 0.9314352869987488), ('COSΦ', 0.997347354888916), ('VA元', 0.9904911518096924), ('kWh', 0.7666091322898865), ('∩成功失败请购电拉闸12L812T18', 0.9592016339302063), ('跳闸', 0.7961546182632446), ('外', 0.973919689655304)]

2023-02-10 09:59:32,888: detec_list: 接收参数：[图片路径：./photo/87/PICTURE5\3530001000101493282974.jpg，配置文件路径：photo/ini87 ]
识别结果：[('当阶梯透支用电量价户时间段金额表号', 0.9692704677581787), ('8888:8.8:8.8', 0.9314352869987488), ('COSΦ', 0.997347354888916), ('VA元', 0.9904911518096924), ('kWh', 0.7666091322898865), ('∩成功失败请购电拉闸12L812T18', 0.9592016339302063), ('跳闸', 0.7961546182632446), ('外', 0.973919689655304)]

2023-02-10 09:59:35,136: detec_list: 接收参数：[图片路径：./photo/87/PICTURE5\3530001000101493283940.jpg，配置文件路径：photo/ini87 ]
识别结果：[('当前上18月组合正反向总费率18剩余常数', 0.9895954132080078), ('§｛阶梯透支用电量价户时间段金额表号', 0.9403787851333618), ('L', 0.9925294518470764), ('8888:8.8:8.8', 0.9148598313331604), ('COSΦ', 0.9965310096740723), ('―', 0.9986456036567688), ('VA元', 0.984825611114502), ('N', 0.9974299073219299), ('kWh', 0.8778564929962158), ('←Й∩成功失败请购电拉闸12L812T18', 0.940882682800293)]

2023-02-10 09:59:35,136: detec_list: 接收参数：[图片路径：./photo/87/PICTURE5\3530001000101493283940.jpg，配置文件路径：photo/ini87 ]
识别结果：[('当前上18月组合正反向总费率18剩余常数', 0.9895954132080078), ('§｛阶梯透支用电量价户时间段金额表号', 0.9403787851333618), ('L', 0.9925294518470764), ('8888:8.8:8.8', 0.9148598313331604), ('COSΦ', 0.9965310096740723), ('―', 0.9986456036567688), ('VA元', 0.984825611114502), ('N', 0.9974299073219299), ('kWh', 0.8778564929962158), ('←Й∩成功失败请购电拉闸12L812T18', 0.940882682800293)]

2023-02-10 09:59:38,215: detec_list: 接收参数：[图片路径：./photo/87/PICTURE6\3530001000101493282974.jpg，配置文件路径：photo/ini87 ]
识别结果：[('上18月组合正反向总费率18剩余常数', 0.8920716047286987), ('｛当阶梯透支用电量价户时间段金额表号', 0.9452762603759766), ('8888:8.8:8.8', 0.9729998111724854), ('COSΦ', 0.9389212131500244), ('VA元', 0.9901332855224609), ('kWh', 0.9189360737800598), ('Й∩成功失败请购电拉闸12L812T18', 0.9245558977127075), ('闸', 0.7276630401611328), ('外', 0.8627358078956604)]

2023-02-10 09:59:38,215: detec_list: 接收参数：[图片路径：./photo/87/PICTURE6\3530001000101493282974.jpg，配置文件路径：photo/ini87 ]
识别结果：[('上18月组合正反向总费率18剩余常数', 0.8920716047286987), ('｛当阶梯透支用电量价户时间段金额表号', 0.9452762603759766), ('8888:8.8:8.8', 0.9729998111724854), ('COSΦ', 0.9389212131500244), ('VA元', 0.9901332855224609), ('kWh', 0.9189360737800598), ('Й∩成功失败请购电拉闸12L812T18', 0.9245558977127075), ('闸', 0.7276630401611328), ('外', 0.8627358078956604)]

2023-02-10 09:59:40,664: detec_list: 接收参数：[图片路径：./photo/87/PICTURE6\3530001000101493321451.jpg，配置文件路径：photo/ini87 ]
识别结果：[('当前上18月组合正反向总费率18剩余常数', 0.9660592079162598), ('§｛阶梯透支用电量价户时间段金额表号', 0.9171128273010254), ('8888:8.8:8.8', 0.9476411938667297), ('L', 0.95877605676651), ('COSΦ', 0.9958537817001343), ('―', 0.998375654220581), ('VA元', 0.9839240908622742), ('N', 0.9989983439445496), ('kWh', 0.9023518562316895), ('←Й∩成功失败请购电拉闸12L812T18', 0.9326862096786499)]

2023-02-10 09:59:40,664: detec_list: 接收参数：[图片路径：./photo/87/PICTURE6\3530001000101493321451.jpg，配置文件路径：photo/ini87 ]
识别结果：[('当前上18月组合正反向总费率18剩余常数', 0.9660592079162598), ('§｛阶梯透支用电量价户时间段金额表号', 0.9171128273010254), ('8888:8.8:8.8', 0.9476411938667297), ('L', 0.95877605676651), ('COSΦ', 0.9958537817001343), ('―', 0.998375654220581), ('VA元', 0.9839240908622742), ('N', 0.9989983439445496), ('kWh', 0.9023518562316895), ('←Й∩成功失败请购电拉闸12L812T18', 0.9326862096786499)]

2023-02-10 10:00:55,182: detec_list: 接收参数：[图片路径：./photo/87/PICTURE1\3530001000101493283889.jpg，配置文件路径：photo/ini87 ]
识别结果：[('当前上18月组合正反向总费率18剩余常数', 0.9662639498710632), ('§｛阶梯透支用电量价户时间段金额表号', 0.9956399202346802), ('8888:8.8:8.8', 0.9457200169563293), ('L', 0.9956597685813904), ('COSΦ', 0.9384901523590088), ('VA元', 0.9912080764770508), ('―', 0.9955079555511475), ('KWh', 0.8283829092979431), ('N', 0.9988511800765991), ('←Й∩成功失败请购电拉闸12L812T18', 0.9720973372459412)]

2023-02-10 10:00:55,182: detec_list: 接收参数：[图片路径：./photo/87/PICTURE1\3530001000101493283889.jpg，配置文件路径：photo/ini87 ]
识别结果：[('当前上18月组合正反向总费率18剩余常数', 0.9662639498710632), ('§｛阶梯透支用电量价户时间段金额表号', 0.9956399202346802), ('8888:8.8:8.8', 0.9457200169563293), ('L', 0.9956597685813904), ('COSΦ', 0.9384901523590088), ('VA元', 0.9912080764770508), ('―', 0.9955079555511475), ('KWh', 0.8283829092979431), ('N', 0.9988511800765991), ('←Й∩成功失败请购电拉闸12L812T18', 0.9720973372459412)]

2023-02-10 10:00:57,427: detec_list: 接收参数：[图片路径：./photo/87/PICTURE2\3530001000101493282974.jpg，配置文件路径：photo/ini87 ]
识别结果：[('当前上18月组合正反向总费率18剩余常数', 0.9239146113395691), ('§｛阶梯透支用电量价户时间段金额表号', 0.9848335385322571), ('8888:.8.8:8.8', 0.8547061085700989), ('L', 0.9933648109436035), ('COSΦ', 0.9887906908988953), ('―', 0.997251570224762), ('VA元', 0.8304862380027771), ('N', 0.9889506697654724), ('kWh', 0.904379665851593), ('←Й∩成功失败请购电拉闸12L812T18', 0.9551629424095154)]

2023-02-10 10:00:57,427: detec_list: 接收参数：[图片路径：./photo/87/PICTURE2\3530001000101493282974.jpg，配置文件路径：photo/ini87 ]
识别结果：[('当前上18月组合正反向总费率18剩余常数', 0.9239146113395691), ('§｛阶梯透支用电量价户时间段金额表号', 0.9848335385322571), ('8888:.8.8:8.8', 0.8547061085700989), ('L', 0.9933648109436035), ('COSΦ', 0.9887906908988953), ('―', 0.997251570224762), ('VA元', 0.8304862380027771), ('N', 0.9889506697654724), ('kWh', 0.904379665851593), ('←Й∩成功失败请购电拉闸12L812T18', 0.9551629424095154)]

2023-02-10 10:00:59,641: detec_list: 接收参数：[图片路径：./photo/87/PICTURE2\3530001000101493283858.jpg，配置文件路径：photo/ini87 ]
识别结果：[('当前上18月组合正反向总费率18剩余常数', 0.969782829284668), ('§｛阶梯透支用电量价户时间段金额表号', 0.9552493095397949), ('8888:8.8:8.8', 0.9447271823883057), ('L', 0.9784265160560608), ('COSΦ', 0.9812885522842407), ('―', 0.9988952279090881), ('VA元', 0.9899535179138184), ('N', 0.9983090162277222), ('kWh', 0.8956413269042969), ('←Й∩成功失败请购电拉闸12L812T18', 0.953328549861908)]

2023-02-10 10:00:59,641: detec_list: 接收参数：[图片路径：./photo/87/PICTURE2\3530001000101493283858.jpg，配置文件路径：photo/ini87 ]
识别结果：[('当前上18月组合正反向总费率18剩余常数', 0.969782829284668), ('§｛阶梯透支用电量价户时间段金额表号', 0.9552493095397949), ('8888:8.8:8.8', 0.9447271823883057), ('L', 0.9784265160560608), ('COSΦ', 0.9812885522842407), ('―', 0.9988952279090881), ('VA元', 0.9899535179138184), ('N', 0.9983090162277222), ('kWh', 0.8956413269042969), ('←Й∩成功失败请购电拉闸12L812T18', 0.953328549861908)]

2023-02-10 10:01:01,724: detec_list: 接收参数：[图片路径：./photo/87/PICTURE3\3530001000101493321413.jpg，配置文件路径：photo/ini87 ]
识别结果：[('当前上18月组合正反向总费率18剩余常数', 0.9498164057731628), ('§｛阶梯透支用电量价户时间段金额表号', 0.9965648651123047), ('8888:8.8:8.8', 0.9649637341499329), ('L', 0.9208176136016846), ('COSΦ', 0.8655204772949219), ('―', 0.9978731870651245), ('VA元', 0.9833480715751648), ('N', 0.9718529582023621), ('kWh', 0.8318338394165039), ('←Й∩成功失败请购电拉闸12L812T18', 0.9537036418914795)]

2023-02-10 10:01:01,725: detec_list: 接收参数：[图片路径：./photo/87/PICTURE3\3530001000101493321413.jpg，配置文件路径：photo/ini87 ]
识别结果：[('当前上18月组合正反向总费率18剩余常数', 0.9498164057731628), ('§｛阶梯透支用电量价户时间段金额表号', 0.9965648651123047), ('8888:8.8:8.8', 0.9649637341499329), ('L', 0.9208176136016846), ('COSΦ', 0.8655204772949219), ('―', 0.9978731870651245), ('VA元', 0.9833480715751648), ('N', 0.9718529582023621), ('kWh', 0.8318338394165039), ('←Й∩成功失败请购电拉闸12L812T18', 0.9537036418914795)]

2023-02-10 10:01:03,827: detec_list: 接收参数：[图片路径：./photo/87/PICTURE4\3530001000101493259495.jpg，配置文件路径：photo/ini87 ]
识别结果：[('当前上18月组合正反向总费率18剩余常数', 0.9593104124069214), ('§｛阶梯透支用电量价户时间段金额表号', 0.9730848073959351), ('8888:8.8:8.8', 0.9866818785667419), ('L', 0.9980387091636658), ('COSΦ', 0.8578190207481384), ('―', 0.986065149307251), ('VA元', 0.9895686507225037), ('N', 0.8675055503845215), ('kWh', 0.8916704058647156), ('←Й∩成功失败请购电拉闸12L812T18', 0.965461015701294)]

2023-02-10 10:01:03,827: detec_list: 接收参数：[图片路径：./photo/87/PICTURE4\3530001000101493259495.jpg，配置文件路径：photo/ini87 ]
识别结果：[('当前上18月组合正反向总费率18剩余常数', 0.9593104124069214), ('§｛阶梯透支用电量价户时间段金额表号', 0.9730848073959351), ('8888:8.8:8.8', 0.9866818785667419), ('L', 0.9980387091636658), ('COSΦ', 0.8578190207481384), ('―', 0.986065149307251), ('VA元', 0.9895686507225037), ('N', 0.8675055503845215), ('kWh', 0.8916704058647156), ('←Й∩成功失败请购电拉闸12L812T18', 0.965461015701294)]

2023-02-10 10:01:05,915: detec_list: 接收参数：[图片路径：./photo/87/PICTURE5\3530001000101493283940.jpg，配置文件路径：photo/ini87 ]
识别结果：[('当前上18月组合正反向总费率18剩余常数', 0.9895954132080078), ('§｛阶梯透支用电量价户时间段金额表号', 0.9403787851333618), ('L', 0.9925294518470764), ('8888:8.8:8.8', 0.9148598313331604), ('COSΦ', 0.9965310096740723), ('―', 0.9986456036567688), ('VA元', 0.984825611114502), ('N', 0.9974299073219299), ('kWh', 0.8778564929962158), ('←Й∩成功失败请购电拉闸12L812T18', 0.940882682800293)]

2023-02-10 10:01:05,915: detec_list: 接收参数：[图片路径：./photo/87/PICTURE5\3530001000101493283940.jpg，配置文件路径：photo/ini87 ]
识别结果：[('当前上18月组合正反向总费率18剩余常数', 0.9895954132080078), ('§｛阶梯透支用电量价户时间段金额表号', 0.9403787851333618), ('L', 0.9925294518470764), ('8888:8.8:8.8', 0.9148598313331604), ('COSΦ', 0.9965310096740723), ('―', 0.9986456036567688), ('VA元', 0.984825611114502), ('N', 0.9974299073219299), ('kWh', 0.8778564929962158), ('←Й∩成功失败请购电拉闸12L812T18', 0.940882682800293)]

2023-02-10 10:01:08,012: detec_list: 接收参数：[图片路径：./photo/87/PICTURE6\3530001000101493321451.jpg，配置文件路径：photo/ini87 ]
识别结果：[('当前上18月组合正反向总费率18剩余常数', 0.9660592079162598), ('§｛阶梯透支用电量价户时间段金额表号', 0.9171128273010254), ('8888:8.8:8.8', 0.9476411938667297), ('L', 0.95877605676651), ('COSΦ', 0.9958537817001343), ('―', 0.998375654220581), ('VA元', 0.9839240908622742), ('N', 0.9989983439445496), ('kWh', 0.9023518562316895), ('←Й∩成功失败请购电拉闸12L812T18', 0.9326862096786499)]

2023-02-10 10:01:08,012: detec_list: 接收参数：[图片路径：./photo/87/PICTURE6\3530001000101493321451.jpg，配置文件路径：photo/ini87 ]
识别结果：[('当前上18月组合正反向总费率18剩余常数', 0.9660592079162598), ('§｛阶梯透支用电量价户时间段金额表号', 0.9171128273010254), ('8888:8.8:8.8', 0.9476411938667297), ('L', 0.95877605676651), ('COSΦ', 0.9958537817001343), ('―', 0.998375654220581), ('VA元', 0.9839240908622742), ('N', 0.9989983439445496), ('kWh', 0.9023518562316895), ('←Й∩成功失败请购电拉闸12L812T18', 0.9326862096786499)]

2023-02-10 10:03:45,353: detec_list: 接收参数：[图片路径：./photo/87/PICTURE1\3530001000101493283889.jpg，配置文件路径：photo/ini87 ]
识别结果：[('当前上18月组合正反向总费率18剩余常数', 0.9662639498710632), ('§｛阶梯透支用电量价户时间段金额表号', 0.9956399202346802), ('8888:8.8:8.8', 0.9457200169563293), ('L', 0.9956597685813904), ('COSΦ', 0.9384901523590088), ('VA元', 0.9912080764770508), ('―', 0.9955079555511475), ('KWh', 0.8283829092979431), ('N', 0.9988511800765991), ('←Й∩成功失败请购电拉闸12L812T18', 0.9720973372459412)]

2023-02-10 10:03:45,353: detec_list: 接收参数：[图片路径：./photo/87/PICTURE1\3530001000101493283889.jpg，配置文件路径：photo/ini87 ]
识别结果：[('当前上18月组合正反向总费率18剩余常数', 0.9662639498710632), ('§｛阶梯透支用电量价户时间段金额表号', 0.9956399202346802), ('8888:8.8:8.8', 0.9457200169563293), ('L', 0.9956597685813904), ('COSΦ', 0.9384901523590088), ('VA元', 0.9912080764770508), ('―', 0.9955079555511475), ('KWh', 0.8283829092979431), ('N', 0.9988511800765991), ('←Й∩成功失败请购电拉闸12L812T18', 0.9720973372459412)]

2023-02-10 10:03:47,582: detec_list: 接收参数：[图片路径：./photo/87/PICTURE2\3530001000101493282974.jpg，配置文件路径：photo/ini87 ]
识别结果：[('当前上18月组合正反向总费率18剩余常数', 0.9239146113395691), ('§｛阶梯透支用电量价户时间段金额表号', 0.9848335385322571), ('8888:.8.8:8.8', 0.8547061085700989), ('L', 0.9933648109436035), ('COSΦ', 0.9887906908988953), ('―', 0.997251570224762), ('VA元', 0.8304862380027771), ('N', 0.9889506697654724), ('kWh', 0.904379665851593), ('←Й∩成功失败请购电拉闸12L812T18', 0.9551629424095154)]

2023-02-10 10:03:47,582: detec_list: 接收参数：[图片路径：./photo/87/PICTURE2\3530001000101493282974.jpg，配置文件路径：photo/ini87 ]
识别结果：[('当前上18月组合正反向总费率18剩余常数', 0.9239146113395691), ('§｛阶梯透支用电量价户时间段金额表号', 0.9848335385322571), ('8888:.8.8:8.8', 0.8547061085700989), ('L', 0.9933648109436035), ('COSΦ', 0.9887906908988953), ('―', 0.997251570224762), ('VA元', 0.8304862380027771), ('N', 0.9889506697654724), ('kWh', 0.904379665851593), ('←Й∩成功失败请购电拉闸12L812T18', 0.9551629424095154)]

2023-02-10 10:03:49,772: detec_list: 接收参数：[图片路径：./photo/87/PICTURE2\3530001000101493283858.jpg，配置文件路径：photo/ini87 ]
识别结果：[('当前上18月组合正反向总费率18剩余常数', 0.969782829284668), ('§｛阶梯透支用电量价户时间段金额表号', 0.9552493095397949), ('8888:8.8:8.8', 0.9447271823883057), ('L', 0.9784265160560608), ('COSΦ', 0.9812885522842407), ('―', 0.9988952279090881), ('VA元', 0.9899535179138184), ('N', 0.9983090162277222), ('kWh', 0.8956413269042969), ('←Й∩成功失败请购电拉闸12L812T18', 0.953328549861908)]

2023-02-10 10:03:49,772: detec_list: 接收参数：[图片路径：./photo/87/PICTURE2\3530001000101493283858.jpg，配置文件路径：photo/ini87 ]
识别结果：[('当前上18月组合正反向总费率18剩余常数', 0.969782829284668), ('§｛阶梯透支用电量价户时间段金额表号', 0.9552493095397949), ('8888:8.8:8.8', 0.9447271823883057), ('L', 0.9784265160560608), ('COSΦ', 0.9812885522842407), ('―', 0.9988952279090881), ('VA元', 0.9899535179138184), ('N', 0.9983090162277222), ('kWh', 0.8956413269042969), ('←Й∩成功失败请购电拉闸12L812T18', 0.953328549861908)]

2023-02-10 10:03:51,861: detec_list: 接收参数：[图片路径：./photo/87/PICTURE3\3530001000101493321413.jpg，配置文件路径：photo/ini87 ]
识别结果：[('当前上18月组合正反向总费率18剩余常数', 0.9498164057731628), ('§｛阶梯透支用电量价户时间段金额表号', 0.9965648651123047), ('8888:8.8:8.8', 0.9649637341499329), ('L', 0.9208176136016846), ('COSΦ', 0.8655204772949219), ('―', 0.9978731870651245), ('VA元', 0.9833480715751648), ('N', 0.9718529582023621), ('kWh', 0.8318338394165039), ('←Й∩成功失败请购电拉闸12L812T18', 0.9537036418914795)]

2023-02-10 10:03:51,861: detec_list: 接收参数：[图片路径：./photo/87/PICTURE3\3530001000101493321413.jpg，配置文件路径：photo/ini87 ]
识别结果：[('当前上18月组合正反向总费率18剩余常数', 0.9498164057731628), ('§｛阶梯透支用电量价户时间段金额表号', 0.9965648651123047), ('8888:8.8:8.8', 0.9649637341499329), ('L', 0.9208176136016846), ('COSΦ', 0.8655204772949219), ('―', 0.9978731870651245), ('VA元', 0.9833480715751648), ('N', 0.9718529582023621), ('kWh', 0.8318338394165039), ('←Й∩成功失败请购电拉闸12L812T18', 0.9537036418914795)]

2023-02-10 10:03:53,996: detec_list: 接收参数：[图片路径：./photo/87/PICTURE4\3530001000101493259495.jpg，配置文件路径：photo/ini87 ]
识别结果：[('当前上18月组合正反向总费率18剩余常数', 0.9593104124069214), ('§｛阶梯透支用电量价户时间段金额表号', 0.9730848073959351), ('8888:8.8:8.8', 0.9866818785667419), ('L', 0.9980387091636658), ('COSΦ', 0.8578190207481384), ('―', 0.986065149307251), ('VA元', 0.9895686507225037), ('N', 0.8675055503845215), ('kWh', 0.8916704058647156), ('←Й∩成功失败请购电拉闸12L812T18', 0.965461015701294)]

2023-02-10 10:03:53,996: detec_list: 接收参数：[图片路径：./photo/87/PICTURE4\3530001000101493259495.jpg，配置文件路径：photo/ini87 ]
识别结果：[('当前上18月组合正反向总费率18剩余常数', 0.9593104124069214), ('§｛阶梯透支用电量价户时间段金额表号', 0.9730848073959351), ('8888:8.8:8.8', 0.9866818785667419), ('L', 0.9980387091636658), ('COSΦ', 0.8578190207481384), ('―', 0.986065149307251), ('VA元', 0.9895686507225037), ('N', 0.8675055503845215), ('kWh', 0.8916704058647156), ('←Й∩成功失败请购电拉闸12L812T18', 0.965461015701294)]

2023-02-10 10:03:56,130: detec_list: 接收参数：[图片路径：./photo/87/PICTURE5\3530001000101493283940.jpg，配置文件路径：photo/ini87 ]
识别结果：[('当前上18月组合正反向总费率18剩余常数', 0.9895954132080078), ('§｛阶梯透支用电量价户时间段金额表号', 0.9403787851333618), ('L', 0.9925294518470764), ('8888:8.8:8.8', 0.9148598313331604), ('COSΦ', 0.9965310096740723), ('―', 0.9986456036567688), ('VA元', 0.984825611114502), ('N', 0.9974299073219299), ('kWh', 0.8778564929962158), ('←Й∩成功失败请购电拉闸12L812T18', 0.940882682800293)]

2023-02-10 10:03:56,130: detec_list: 接收参数：[图片路径：./photo/87/PICTURE5\3530001000101493283940.jpg，配置文件路径：photo/ini87 ]
识别结果：[('当前上18月组合正反向总费率18剩余常数', 0.9895954132080078), ('§｛阶梯透支用电量价户时间段金额表号', 0.9403787851333618), ('L', 0.9925294518470764), ('8888:8.8:8.8', 0.9148598313331604), ('COSΦ', 0.9965310096740723), ('―', 0.9986456036567688), ('VA元', 0.984825611114502), ('N', 0.9974299073219299), ('kWh', 0.8778564929962158), ('←Й∩成功失败请购电拉闸12L812T18', 0.940882682800293)]

2023-02-10 10:03:58,281: detec_list: 接收参数：[图片路径：./photo/87/PICTURE6\3530001000101493321451.jpg，配置文件路径：photo/ini87 ]
识别结果：[('当前上18月组合正反向总费率18剩余常数', 0.9660592079162598), ('§｛阶梯透支用电量价户时间段金额表号', 0.9171128273010254), ('8888:8.8:8.8', 0.9476411938667297), ('L', 0.95877605676651), ('COSΦ', 0.9958537817001343), ('―', 0.998375654220581), ('VA元', 0.9839240908622742), ('N', 0.9989983439445496), ('kWh', 0.9023518562316895), ('←Й∩成功失败请购电拉闸12L812T18', 0.9326862096786499)]

2023-02-10 10:03:58,281: detec_list: 接收参数：[图片路径：./photo/87/PICTURE6\3530001000101493321451.jpg，配置文件路径：photo/ini87 ]
识别结果：[('当前上18月组合正反向总费率18剩余常数', 0.9660592079162598), ('§｛阶梯透支用电量价户时间段金额表号', 0.9171128273010254), ('8888:8.8:8.8', 0.9476411938667297), ('L', 0.95877605676651), ('COSΦ', 0.9958537817001343), ('―', 0.998375654220581), ('VA元', 0.9839240908622742), ('N', 0.9989983439445496), ('kWh', 0.9023518562316895), ('←Й∩成功失败请购电拉闸12L812T18', 0.9326862096786499)]

