2023-02-06 09:08:57,518: detec_list: 接收参数：[图片路径：./photo/87/PICTURE1\3530001000101493283889.jpg，配置文件路径：photo/ini87 ]
识别结果：[('当前上18月组合正反向总费率18剩余常数', 0.9662639498710632), ('§｛阶梯透支用电量价户时间段金额表号', 0.9956399202346802), ('8888:8.8:8.8', 0.9457200169563293), ('L', 0.9956597685813904), ('COSΦ', 0.9384901523590088), ('VA元', 0.9912080764770508), ('―', 0.9955079555511475), ('KWh', 0.8283829092979431), ('N', 0.9988511800765991), ('←Й∩成功失败请购电拉闸12L812T18', 0.9720973372459412)]

2023-02-06 09:08:57,518: detec_list: 接收参数：[图片路径：./photo/87/PICTURE1\3530001000101493283889.jpg，配置文件路径：photo/ini87 ]
识别结果：[('当前上18月组合正反向总费率18剩余常数', 0.9662639498710632), ('§｛阶梯透支用电量价户时间段金额表号', 0.9956399202346802), ('8888:8.8:8.8', 0.9457200169563293), ('L', 0.9956597685813904), ('COSΦ', 0.9384901523590088), ('VA元', 0.9912080764770508), ('―', 0.9955079555511475), ('KWh', 0.8283829092979431), ('N', 0.9988511800765991), ('←Й∩成功失败请购电拉闸12L812T18', 0.9720973372459412)]

2023-02-06 09:08:59,640: detec_list: 接收参数：[图片路径：./photo/87/PICTURE2\3530001000101493283858.jpg，配置文件路径：photo/ini87 ]
识别结果：[('当前上18月组合正反向总费率18剩余常数', 0.969782829284668), ('§｛阶梯透支用电量价户时间段金额表号', 0.9552493095397949), ('8888:8.8:8.8', 0.9447271823883057), ('L', 0.9784265160560608), ('COSΦ', 0.9812885522842407), ('―', 0.9988952279090881), ('VA元', 0.9899535179138184), ('N', 0.9983090162277222), ('kWh', 0.8956413269042969), ('←Й∩成功失败请购电拉闸12L812T18', 0.953328549861908)]

2023-02-06 09:08:59,640: detec_list: 接收参数：[图片路径：./photo/87/PICTURE2\3530001000101493283858.jpg，配置文件路径：photo/ini87 ]
识别结果：[('当前上18月组合正反向总费率18剩余常数', 0.969782829284668), ('§｛阶梯透支用电量价户时间段金额表号', 0.9552493095397949), ('8888:8.8:8.8', 0.9447271823883057), ('L', 0.9784265160560608), ('COSΦ', 0.9812885522842407), ('―', 0.9988952279090881), ('VA元', 0.9899535179138184), ('N', 0.9983090162277222), ('kWh', 0.8956413269042969), ('←Й∩成功失败请购电拉闸12L812T18', 0.953328549861908)]

2023-02-06 09:10:26,752: detec_list: 接收参数：[图片路径：./photo/87/PICTURE1\3530001000101493283889.jpg，配置文件路径：photo/ini87 ]
识别结果：[('当前上18月组合正反向总费率18剩余常数', 0.9662639498710632), ('§｛阶梯透支用电量价户时间段金额表号', 0.9956399202346802), ('8888:8.8:8.8', 0.9457200169563293), ('L', 0.9956597685813904), ('COSΦ', 0.9384901523590088), ('VA元', 0.9912080764770508), ('―', 0.9955079555511475), ('KWh', 0.8283829092979431), ('N', 0.9988511800765991), ('←Й∩成功失败请购电拉闸12L812T18', 0.9720973372459412)]

2023-02-06 09:10:26,752: detec_list: 接收参数：[图片路径：./photo/87/PICTURE1\3530001000101493283889.jpg，配置文件路径：photo/ini87 ]
识别结果：[('当前上18月组合正反向总费率18剩余常数', 0.9662639498710632), ('§｛阶梯透支用电量价户时间段金额表号', 0.9956399202346802), ('8888:8.8:8.8', 0.9457200169563293), ('L', 0.9956597685813904), ('COSΦ', 0.9384901523590088), ('VA元', 0.9912080764770508), ('―', 0.9955079555511475), ('KWh', 0.8283829092979431), ('N', 0.9988511800765991), ('←Й∩成功失败请购电拉闸12L812T18', 0.9720973372459412)]

2023-02-06 09:10:28,850: detec_list: 接收参数：[图片路径：./photo/87/PICTURE2\3530001000101493283858.jpg，配置文件路径：photo/ini87 ]
识别结果：[('当前上18月组合正反向总费率18剩余常数', 0.969782829284668), ('§｛阶梯透支用电量价户时间段金额表号', 0.9552493095397949), ('8888:8.8:8.8', 0.9447271823883057), ('L', 0.9784265160560608), ('COSΦ', 0.9812885522842407), ('―', 0.9988952279090881), ('VA元', 0.9899535179138184), ('N', 0.9983090162277222), ('kWh', 0.8956413269042969), ('←Й∩成功失败请购电拉闸12L812T18', 0.953328549861908)]

2023-02-06 09:10:28,851: detec_list: 接收参数：[图片路径：./photo/87/PICTURE2\3530001000101493283858.jpg，配置文件路径：photo/ini87 ]
识别结果：[('当前上18月组合正反向总费率18剩余常数', 0.969782829284668), ('§｛阶梯透支用电量价户时间段金额表号', 0.9552493095397949), ('8888:8.8:8.8', 0.9447271823883057), ('L', 0.9784265160560608), ('COSΦ', 0.9812885522842407), ('―', 0.9988952279090881), ('VA元', 0.9899535179138184), ('N', 0.9983090162277222), ('kWh', 0.8956413269042969), ('←Й∩成功失败请购电拉闸12L812T18', 0.953328549861908)]

2023-02-06 09:10:30,896: detec_list: 接收参数：[图片路径：./photo/87/PICTURE3\3530001000101493321413.jpg，配置文件路径：photo/ini87 ]
识别结果：[('当前上18月组合正反向总费率18剩余常数', 0.9498164057731628), ('§｛阶梯透支用电量价户时间段金额表号', 0.9965648651123047), ('8888:8.8:8.8', 0.9649637341499329), ('L', 0.9208176136016846), ('COSΦ', 0.8655204772949219), ('―', 0.9978731870651245), ('VA元', 0.9833480715751648), ('N', 0.9718529582023621), ('kWh', 0.8318338394165039), ('←Й∩成功失败请购电拉闸12L812T18', 0.9537036418914795)]

2023-02-06 09:10:30,897: detec_list: 接收参数：[图片路径：./photo/87/PICTURE3\3530001000101493321413.jpg，配置文件路径：photo/ini87 ]
识别结果：[('当前上18月组合正反向总费率18剩余常数', 0.9498164057731628), ('§｛阶梯透支用电量价户时间段金额表号', 0.9965648651123047), ('8888:8.8:8.8', 0.9649637341499329), ('L', 0.9208176136016846), ('COSΦ', 0.8655204772949219), ('―', 0.9978731870651245), ('VA元', 0.9833480715751648), ('N', 0.9718529582023621), ('kWh', 0.8318338394165039), ('←Й∩成功失败请购电拉闸12L812T18', 0.9537036418914795)]

2023-02-06 09:10:32,986: detec_list: 接收参数：[图片路径：./photo/87/PICTURE4\3530001000101493259495.jpg，配置文件路径：photo/ini87 ]
识别结果：[('当前上18月组合正反向总费率18剩余常数', 0.9593104124069214), ('§｛阶梯透支用电量价户时间段金额表号', 0.9730848073959351), ('8888:8.8:8.8', 0.9866818785667419), ('L', 0.9980387091636658), ('COSΦ', 0.8578190207481384), ('―', 0.986065149307251), ('VA元', 0.9895686507225037), ('N', 0.8675055503845215), ('kWh', 0.8916704058647156), ('←Й∩成功失败请购电拉闸12L812T18', 0.965461015701294)]

2023-02-06 09:10:32,987: detec_list: 接收参数：[图片路径：./photo/87/PICTURE4\3530001000101493259495.jpg，配置文件路径：photo/ini87 ]
识别结果：[('当前上18月组合正反向总费率18剩余常数', 0.9593104124069214), ('§｛阶梯透支用电量价户时间段金额表号', 0.9730848073959351), ('8888:8.8:8.8', 0.9866818785667419), ('L', 0.9980387091636658), ('COSΦ', 0.8578190207481384), ('―', 0.986065149307251), ('VA元', 0.9895686507225037), ('N', 0.8675055503845215), ('kWh', 0.8916704058647156), ('←Й∩成功失败请购电拉闸12L812T18', 0.965461015701294)]

2023-02-06 09:10:35,556: detec_list: 接收参数：[图片路径：./photo/87/PICTURE5\3530001000101493283940.jpg，配置文件路径：photo/ini87 ]
识别结果：[('TL', 0.6019290089607239), ('§｛阶梯透支用电量价户时间段金额', 0.9959410429000854), ('8888:8.8:8.8', 0.9539861083030701), ('L', 0.9963032007217407), ('―', 0.9976584911346436), ('N', 0.9980777502059937), ('←Й∩成功失败请购电拉闸12L812', 0.9595900177955627), ('闸', 0.6239942312240601), ('4T', 0.6690406203269958), ('外', 0.6164578199386597)]

2023-02-06 09:10:35,556: detec_list: 接收参数：[图片路径：./photo/87/PICTURE5\3530001000101493283940.jpg，配置文件路径：photo/ini87 ]
识别结果：[('TL', 0.6019290089607239), ('§｛阶梯透支用电量价户时间段金额', 0.9959410429000854), ('8888:8.8:8.8', 0.9539861083030701), ('L', 0.9963032007217407), ('―', 0.9976584911346436), ('N', 0.9980777502059937), ('←Й∩成功失败请购电拉闸12L812', 0.9595900177955627), ('闸', 0.6239942312240601), ('4T', 0.6690406203269958), ('外', 0.6164578199386597)]

2023-02-06 09:10:37,644: detec_list: 接收参数：[图片路径：./photo/87/PICTURE6\3530001000101493321451.jpg，配置文件路径：photo/ini87 ]
识别结果：[('当前上18月组合正反向总费率18剩余常数', 0.9660592079162598), ('§｛阶梯透支用电量价户时间段金额表号', 0.9171128273010254), ('8888:8.8:8.8', 0.9476411938667297), ('L', 0.95877605676651), ('COSΦ', 0.9958537817001343), ('―', 0.998375654220581), ('VA元', 0.9839240908622742), ('N', 0.9989983439445496), ('kWh', 0.9023518562316895), ('←Й∩成功失败请购电拉闸12L812T18', 0.9326862096786499)]

2023-02-06 09:10:37,644: detec_list: 接收参数：[图片路径：./photo/87/PICTURE6\3530001000101493321451.jpg，配置文件路径：photo/ini87 ]
识别结果：[('当前上18月组合正反向总费率18剩余常数', 0.9660592079162598), ('§｛阶梯透支用电量价户时间段金额表号', 0.9171128273010254), ('8888:8.8:8.8', 0.9476411938667297), ('L', 0.95877605676651), ('COSΦ', 0.9958537817001343), ('―', 0.998375654220581), ('VA元', 0.9839240908622742), ('N', 0.9989983439445496), ('kWh', 0.9023518562316895), ('←Й∩成功失败请购电拉闸12L812T18', 0.9326862096786499)]

2023-02-06 09:12:45,950: detec_list: 接收参数：[图片路径：./photo/87/PICTURE1\3530001000101493283889.jpg，配置文件路径：photo/ini87 ]
识别结果：[('当前上18月组合正反向总费率18剩余常数', 0.9662639498710632), ('§｛阶梯透支用电量价户时间段金额表号', 0.9956399202346802), ('8888:8.8:8.8', 0.9457200169563293), ('L', 0.9956597685813904), ('COSΦ', 0.9384901523590088), ('VA元', 0.9912080764770508), ('―', 0.9955079555511475), ('KWh', 0.8283829092979431), ('N', 0.9988511800765991), ('←Й∩成功失败请购电拉闸12L812T18', 0.9720973372459412)]

2023-02-06 09:12:45,950: detec_list: 接收参数：[图片路径：./photo/87/PICTURE1\3530001000101493283889.jpg，配置文件路径：photo/ini87 ]
识别结果：[('当前上18月组合正反向总费率18剩余常数', 0.9662639498710632), ('§｛阶梯透支用电量价户时间段金额表号', 0.9956399202346802), ('8888:8.8:8.8', 0.9457200169563293), ('L', 0.9956597685813904), ('COSΦ', 0.9384901523590088), ('VA元', 0.9912080764770508), ('―', 0.9955079555511475), ('KWh', 0.8283829092979431), ('N', 0.9988511800765991), ('←Й∩成功失败请购电拉闸12L812T18', 0.9720973372459412)]

2023-02-06 09:12:48,107: detec_list: 接收参数：[图片路径：./photo/87/PICTURE2\3530001000101493283858.jpg，配置文件路径：photo/ini87 ]
识别结果：[('当前上18月组合正反向总费率18剩余常数', 0.969782829284668), ('§｛阶梯透支用电量价户时间段金额表号', 0.9552493095397949), ('8888:8.8:8.8', 0.9447271823883057), ('L', 0.9784265160560608), ('COSΦ', 0.9812885522842407), ('―', 0.9988952279090881), ('VA元', 0.9899535179138184), ('N', 0.9983090162277222), ('kWh', 0.8956413269042969), ('←Й∩成功失败请购电拉闸12L812T18', 0.953328549861908)]

2023-02-06 09:12:48,107: detec_list: 接收参数：[图片路径：./photo/87/PICTURE2\3530001000101493283858.jpg，配置文件路径：photo/ini87 ]
识别结果：[('当前上18月组合正反向总费率18剩余常数', 0.969782829284668), ('§｛阶梯透支用电量价户时间段金额表号', 0.9552493095397949), ('8888:8.8:8.8', 0.9447271823883057), ('L', 0.9784265160560608), ('COSΦ', 0.9812885522842407), ('―', 0.9988952279090881), ('VA元', 0.9899535179138184), ('N', 0.9983090162277222), ('kWh', 0.8956413269042969), ('←Й∩成功失败请购电拉闸12L812T18', 0.953328549861908)]

2023-02-06 09:12:50,130: detec_list: 接收参数：[图片路径：./photo/87/PICTURE3\3530001000101493321413.jpg，配置文件路径：photo/ini87 ]
识别结果：[('当前上18月组合正反向总费率18剩余常数', 0.9498164057731628), ('§｛阶梯透支用电量价户时间段金额表号', 0.9965648651123047), ('8888:8.8:8.8', 0.9649637341499329), ('L', 0.9208176136016846), ('COSΦ', 0.8655204772949219), ('―', 0.9978731870651245), ('VA元', 0.9833480715751648), ('N', 0.9718529582023621), ('kWh', 0.8318338394165039), ('←Й∩成功失败请购电拉闸12L812T18', 0.9537036418914795)]

2023-02-06 09:12:50,130: detec_list: 接收参数：[图片路径：./photo/87/PICTURE3\3530001000101493321413.jpg，配置文件路径：photo/ini87 ]
识别结果：[('当前上18月组合正反向总费率18剩余常数', 0.9498164057731628), ('§｛阶梯透支用电量价户时间段金额表号', 0.9965648651123047), ('8888:8.8:8.8', 0.9649637341499329), ('L', 0.9208176136016846), ('COSΦ', 0.8655204772949219), ('―', 0.9978731870651245), ('VA元', 0.9833480715751648), ('N', 0.9718529582023621), ('kWh', 0.8318338394165039), ('←Й∩成功失败请购电拉闸12L812T18', 0.9537036418914795)]

2023-02-06 09:12:52,238: detec_list: 接收参数：[图片路径：./photo/87/PICTURE4\3530001000101493259495.jpg，配置文件路径：photo/ini87 ]
识别结果：[('当前上18月组合正反向总费率18剩余常数', 0.9593104124069214), ('§｛阶梯透支用电量价户时间段金额表号', 0.9730848073959351), ('8888:8.8:8.8', 0.9866818785667419), ('L', 0.9980387091636658), ('COSΦ', 0.8578190207481384), ('―', 0.986065149307251), ('VA元', 0.9895686507225037), ('N', 0.8675055503845215), ('kWh', 0.8916704058647156), ('←Й∩成功失败请购电拉闸12L812T18', 0.965461015701294)]

2023-02-06 09:12:52,238: detec_list: 接收参数：[图片路径：./photo/87/PICTURE4\3530001000101493259495.jpg，配置文件路径：photo/ini87 ]
识别结果：[('当前上18月组合正反向总费率18剩余常数', 0.9593104124069214), ('§｛阶梯透支用电量价户时间段金额表号', 0.9730848073959351), ('8888:8.8:8.8', 0.9866818785667419), ('L', 0.9980387091636658), ('COSΦ', 0.8578190207481384), ('―', 0.986065149307251), ('VA元', 0.9895686507225037), ('N', 0.8675055503845215), ('kWh', 0.8916704058647156), ('←Й∩成功失败请购电拉闸12L812T18', 0.965461015701294)]

2023-02-06 09:12:54,309: detec_list: 接收参数：[图片路径：./photo/87/PICTURE5\3530001000101493283940.jpg，配置文件路径：photo/ini87 ]
识别结果：[('当前上18月组合正反向总费率18剩余常数', 0.9895954132080078), ('§｛阶梯透支用电量价户时间段金额表号', 0.9403787851333618), ('L', 0.9925294518470764), ('8888:8.8:8.8', 0.9148598313331604), ('COSΦ', 0.9965310096740723), ('―', 0.9986456036567688), ('VA元', 0.984825611114502), ('N', 0.9974299073219299), ('kWh', 0.8778564929962158), ('←Й∩成功失败请购电拉闸12L812T18', 0.940882682800293)]

2023-02-06 09:12:54,309: detec_list: 接收参数：[图片路径：./photo/87/PICTURE5\3530001000101493283940.jpg，配置文件路径：photo/ini87 ]
识别结果：[('当前上18月组合正反向总费率18剩余常数', 0.9895954132080078), ('§｛阶梯透支用电量价户时间段金额表号', 0.9403787851333618), ('L', 0.9925294518470764), ('8888:8.8:8.8', 0.9148598313331604), ('COSΦ', 0.9965310096740723), ('―', 0.9986456036567688), ('VA元', 0.984825611114502), ('N', 0.9974299073219299), ('kWh', 0.8778564929962158), ('←Й∩成功失败请购电拉闸12L812T18', 0.940882682800293)]

2023-02-06 09:12:56,364: detec_list: 接收参数：[图片路径：./photo/87/PICTURE6\3530001000101493321451.jpg，配置文件路径：photo/ini87 ]
识别结果：[('当前上18月组合正反向总费率18剩余常数', 0.9660592079162598), ('§｛阶梯透支用电量价户时间段金额表号', 0.9171128273010254), ('8888:8.8:8.8', 0.9476411938667297), ('L', 0.95877605676651), ('COSΦ', 0.9958537817001343), ('―', 0.998375654220581), ('VA元', 0.9839240908622742), ('N', 0.9989983439445496), ('kWh', 0.9023518562316895), ('←Й∩成功失败请购电拉闸12L812T18', 0.9326862096786499)]

2023-02-06 09:12:56,365: detec_list: 接收参数：[图片路径：./photo/87/PICTURE6\3530001000101493321451.jpg，配置文件路径：photo/ini87 ]
识别结果：[('当前上18月组合正反向总费率18剩余常数', 0.9660592079162598), ('§｛阶梯透支用电量价户时间段金额表号', 0.9171128273010254), ('8888:8.8:8.8', 0.9476411938667297), ('L', 0.95877605676651), ('COSΦ', 0.9958537817001343), ('―', 0.998375654220581), ('VA元', 0.9839240908622742), ('N', 0.9989983439445496), ('kWh', 0.9023518562316895), ('←Й∩成功失败请购电拉闸12L812T18', 0.9326862096786499)]

2023-02-06 13:07:33,606: detec_list: 接收参数：[图片路径：./photo/86/PICTURE1\3530001000101493321420.jpg，配置文件路径：photo/86ini ]
识别结果：[('当前上18月组合正反向总费率18剩余常数', 0.9564602971076965), ('§｛阶梯透支用电量价户时间段金额表号', 0.9731488227844238), ('8888:8.8:8.8', 0.9495725035667419), ('L', 0.9970918893814087), ('COSΦ', 0.9464377164840698), ('―', 0.9988320469856262), ('VA元', 0.9920132756233215), ('N', 0.9988897442817688), ('kWh', 0.893463134765625), ('←Й∩成功失败请购电拉闸12L812T18', 0.9519088864326477)]

2023-02-06 13:07:33,607: detec_list: 接收参数：[图片路径：./photo/86/PICTURE1\3530001000101493321420.jpg，配置文件路径：photo/86ini ]
识别结果：[('当前上18月组合正反向总费率18剩余常数', 0.9564602971076965), ('§｛阶梯透支用电量价户时间段金额表号', 0.9731488227844238), ('8888:8.8:8.8', 0.9495725035667419), ('L', 0.9970918893814087), ('COSΦ', 0.9464377164840698), ('―', 0.9988320469856262), ('VA元', 0.9920132756233215), ('N', 0.9988897442817688), ('kWh', 0.893463134765625), ('←Й∩成功失败请购电拉闸12L812T18', 0.9519088864326477)]

2023-02-06 13:07:35,690: detec_list: 接收参数：[图片路径：./photo/86/PICTURE2\3530001000101493259563.jpg，配置文件路径：photo/86ini ]
识别结果：[('当前上18月组合正反向总费率18剩余常数', 0.9435129165649414), ('§｛阶梯透支用电量价户时间段金额表号', 0.9443550109863281), ('8888:8.8:8.8', 0.9337360262870789), ('L', 0.9968997240066528), ('COSΦ', 0.9990308284759521), ('―', 0.9995511174201965), ('VA元', 0.9898955821990967), ('N', 0.9991371035575867), ('kWh', 0.8380188941955566), ('←Й∩成功失败请购电拉闸12L812T18', 0.9855625033378601)]

2023-02-06 13:07:35,690: detec_list: 接收参数：[图片路径：./photo/86/PICTURE2\3530001000101493259563.jpg，配置文件路径：photo/86ini ]
识别结果：[('当前上18月组合正反向总费率18剩余常数', 0.9435129165649414), ('§｛阶梯透支用电量价户时间段金额表号', 0.9443550109863281), ('8888:8.8:8.8', 0.9337360262870789), ('L', 0.9968997240066528), ('COSΦ', 0.9990308284759521), ('―', 0.9995511174201965), ('VA元', 0.9898955821990967), ('N', 0.9991371035575867), ('kWh', 0.8380188941955566), ('←Й∩成功失败请购电拉闸12L812T18', 0.9855625033378601)]

2023-02-06 13:07:37,834: detec_list: 接收参数：[图片路径：./photo/86/PICTURE3\3530001000101493259525.jpg，配置文件路径：photo/86ini ]
识别结果：[('当前上18月组合正反向总费率18剩余常数', 0.9926037788391113), ('§｛阶梯透支用电量价户时间段金额表号', 0.9847712516784668), ('8888:8.8:8.8', 0.9474712014198303), ('L', 0.9968287348747253), ('COSΦ', 0.9985924959182739), ('―', 0.9975869655609131), ('VA元', 0.987004280090332), ('N', 0.8229259252548218), ('kWh', 0.8974399566650391), ('←Й∩成功失败请购电拉闸12L812T18', 0.9492670297622681)]

2023-02-06 13:07:37,834: detec_list: 接收参数：[图片路径：./photo/86/PICTURE3\3530001000101493259525.jpg，配置文件路径：photo/86ini ]
识别结果：[('当前上18月组合正反向总费率18剩余常数', 0.9926037788391113), ('§｛阶梯透支用电量价户时间段金额表号', 0.9847712516784668), ('8888:8.8:8.8', 0.9474712014198303), ('L', 0.9968287348747253), ('COSΦ', 0.9985924959182739), ('―', 0.9975869655609131), ('VA元', 0.987004280090332), ('N', 0.8229259252548218), ('kWh', 0.8974399566650391), ('←Й∩成功失败请购电拉闸12L812T18', 0.9492670297622681)]

2023-02-06 13:07:39,918: detec_list: 接收参数：[图片路径：./photo/86/PICTURE4\3530001000101493283865.jpg，配置文件路径：photo/86ini ]
识别结果：[('当前上18月组合正反向总费率18剩余常数', 0.9923434257507324), ('§｛阶梯透支用电量价户时间段金额表号', 0.9732440114021301), ('8888:8.8:8.8', 0.9167159199714661), ('L', 0.995270311832428), ('COSΦ', 0.9987038373947144), ('―', 0.6411813497543335), ('VA元', 0.8621949553489685), ('N', 0.9927511215209961), ('kWh', 0.9014768600463867), ('←Й∩成功失败请购电拉闸12L812T18', 0.967975378036499)]

2023-02-06 13:07:39,918: detec_list: 接收参数：[图片路径：./photo/86/PICTURE4\3530001000101493283865.jpg，配置文件路径：photo/86ini ]
识别结果：[('当前上18月组合正反向总费率18剩余常数', 0.9923434257507324), ('§｛阶梯透支用电量价户时间段金额表号', 0.9732440114021301), ('8888:8.8:8.8', 0.9167159199714661), ('L', 0.995270311832428), ('COSΦ', 0.9987038373947144), ('―', 0.6411813497543335), ('VA元', 0.8621949553489685), ('N', 0.9927511215209961), ('kWh', 0.9014768600463867), ('←Й∩成功失败请购电拉闸12L812T18', 0.967975378036499)]

2023-02-06 13:07:41,990: detec_list: 接收参数：[图片路径：./photo/86/PICTURE5\3530001000101493283933.jpg，配置文件路径：photo/86ini ]
识别结果：[('当前上18月组合正反向总费率18剩余常数', 0.9625590443611145), ('§｛阶梯透支用电量价户时间段金额表号', 0.9926653504371643), ('8888:8.8:8.8', 0.9593092799186707), ('L', 0.9979210495948792), ('COSΦ', 0.9308063983917236), ('―', 0.5046053528785706), ('VA元', 0.9919977188110352), ('N', 0.5663931965827942), ('kWh', 0.8085892200469971), ('←Й∩成功失败请购电拉闸12L812T18', 0.9491729736328125)]

2023-02-06 13:07:41,991: detec_list: 接收参数：[图片路径：./photo/86/PICTURE5\3530001000101493283933.jpg，配置文件路径：photo/86ini ]
识别结果：[('当前上18月组合正反向总费率18剩余常数', 0.9625590443611145), ('§｛阶梯透支用电量价户时间段金额表号', 0.9926653504371643), ('8888:8.8:8.8', 0.9593092799186707), ('L', 0.9979210495948792), ('COSΦ', 0.9308063983917236), ('―', 0.5046053528785706), ('VA元', 0.9919977188110352), ('N', 0.5663931965827942), ('kWh', 0.8085892200469971), ('←Й∩成功失败请购电拉闸12L812T18', 0.9491729736328125)]

2023-02-06 13:08:54,775: detec_list: 接收参数：[图片路径：./photo/86/PICTURE1\3530001000101493321420.jpg，配置文件路径：photo/86ini ]
识别结果：[('当前上18月组合正反向总费率18剩余常数', 0.9564602971076965), ('§｛阶梯透支用电量价户时间段金额表号', 0.9731488227844238), ('8888:8.8:8.8', 0.9495725035667419), ('L', 0.9970918893814087), ('COSΦ', 0.9464377164840698), ('―', 0.9988320469856262), ('VA元', 0.9920132756233215), ('N', 0.9988897442817688), ('kWh', 0.893463134765625), ('←Й∩成功失败请购电拉闸12L812T18', 0.9519088864326477)]

2023-02-06 13:08:54,776: detec_list: 接收参数：[图片路径：./photo/86/PICTURE1\3530001000101493321420.jpg，配置文件路径：photo/86ini ]
识别结果：[('当前上18月组合正反向总费率18剩余常数', 0.9564602971076965), ('§｛阶梯透支用电量价户时间段金额表号', 0.9731488227844238), ('8888:8.8:8.8', 0.9495725035667419), ('L', 0.9970918893814087), ('COSΦ', 0.9464377164840698), ('―', 0.9988320469856262), ('VA元', 0.9920132756233215), ('N', 0.9988897442817688), ('kWh', 0.893463134765625), ('←Й∩成功失败请购电拉闸12L812T18', 0.9519088864326477)]

2023-02-06 13:08:56,831: detec_list: 接收参数：[图片路径：./photo/86/PICTURE2\3530001000101493259563.jpg，配置文件路径：photo/86ini ]
识别结果：[('当前上18月组合正反向总费率18剩余常数', 0.9435129165649414), ('§｛阶梯透支用电量价户时间段金额表号', 0.9443550109863281), ('8888:8.8:8.8', 0.9337360262870789), ('L', 0.9968997240066528), ('COSΦ', 0.9990308284759521), ('―', 0.9995511174201965), ('VA元', 0.9898955821990967), ('N', 0.9991371035575867), ('kWh', 0.8380188941955566), ('←Й∩成功失败请购电拉闸12L812T18', 0.9855625033378601)]

2023-02-06 13:08:56,831: detec_list: 接收参数：[图片路径：./photo/86/PICTURE2\3530001000101493259563.jpg，配置文件路径：photo/86ini ]
识别结果：[('当前上18月组合正反向总费率18剩余常数', 0.9435129165649414), ('§｛阶梯透支用电量价户时间段金额表号', 0.9443550109863281), ('8888:8.8:8.8', 0.9337360262870789), ('L', 0.9968997240066528), ('COSΦ', 0.9990308284759521), ('―', 0.9995511174201965), ('VA元', 0.9898955821990967), ('N', 0.9991371035575867), ('kWh', 0.8380188941955566), ('←Й∩成功失败请购电拉闸12L812T18', 0.9855625033378601)]

2023-02-06 13:08:58,980: detec_list: 接收参数：[图片路径：./photo/86/PICTURE3\3530001000101493259525.jpg，配置文件路径：photo/86ini ]
识别结果：[('当前上18月组合正反向总费率18剩余常数', 0.9926037788391113), ('§｛阶梯透支用电量价户时间段金额表号', 0.9847712516784668), ('8888:8.8:8.8', 0.9474712014198303), ('L', 0.9968287348747253), ('COSΦ', 0.9985924959182739), ('―', 0.9975869655609131), ('VA元', 0.987004280090332), ('N', 0.8229259252548218), ('kWh', 0.8974399566650391), ('←Й∩成功失败请购电拉闸12L812T18', 0.9492670297622681)]

2023-02-06 13:08:58,980: detec_list: 接收参数：[图片路径：./photo/86/PICTURE3\3530001000101493259525.jpg，配置文件路径：photo/86ini ]
识别结果：[('当前上18月组合正反向总费率18剩余常数', 0.9926037788391113), ('§｛阶梯透支用电量价户时间段金额表号', 0.9847712516784668), ('8888:8.8:8.8', 0.9474712014198303), ('L', 0.9968287348747253), ('COSΦ', 0.9985924959182739), ('―', 0.9975869655609131), ('VA元', 0.987004280090332), ('N', 0.8229259252548218), ('kWh', 0.8974399566650391), ('←Й∩成功失败请购电拉闸12L812T18', 0.9492670297622681)]

2023-02-06 13:09:01,056: detec_list: 接收参数：[图片路径：./photo/86/PICTURE4\3530001000101493283865.jpg，配置文件路径：photo/86ini ]
识别结果：[('当前上18月组合正反向总费率18剩余常数', 0.9923434257507324), ('§｛阶梯透支用电量价户时间段金额表号', 0.9732440114021301), ('8888:8.8:8.8', 0.9167159199714661), ('L', 0.995270311832428), ('COSΦ', 0.9987038373947144), ('―', 0.6411813497543335), ('VA元', 0.8621949553489685), ('N', 0.9927511215209961), ('kWh', 0.9014768600463867), ('←Й∩成功失败请购电拉闸12L812T18', 0.967975378036499)]

2023-02-06 13:09:01,056: detec_list: 接收参数：[图片路径：./photo/86/PICTURE4\3530001000101493283865.jpg，配置文件路径：photo/86ini ]
识别结果：[('当前上18月组合正反向总费率18剩余常数', 0.9923434257507324), ('§｛阶梯透支用电量价户时间段金额表号', 0.9732440114021301), ('8888:8.8:8.8', 0.9167159199714661), ('L', 0.995270311832428), ('COSΦ', 0.9987038373947144), ('―', 0.6411813497543335), ('VA元', 0.8621949553489685), ('N', 0.9927511215209961), ('kWh', 0.9014768600463867), ('←Й∩成功失败请购电拉闸12L812T18', 0.967975378036499)]

2023-02-06 13:09:03,134: detec_list: 接收参数：[图片路径：./photo/86/PICTURE5\3530001000101493283933.jpg，配置文件路径：photo/86ini ]
识别结果：[('当前上18月组合正反向总费率18剩余常数', 0.9625590443611145), ('§｛阶梯透支用电量价户时间段金额表号', 0.9926653504371643), ('8888:8.8:8.8', 0.9593092799186707), ('L', 0.9979210495948792), ('COSΦ', 0.9308063983917236), ('―', 0.5046053528785706), ('VA元', 0.9919977188110352), ('N', 0.5663931965827942), ('kWh', 0.8085892200469971), ('←Й∩成功失败请购电拉闸12L812T18', 0.9491729736328125)]

2023-02-06 13:09:03,134: detec_list: 接收参数：[图片路径：./photo/86/PICTURE5\3530001000101493283933.jpg，配置文件路径：photo/86ini ]
识别结果：[('当前上18月组合正反向总费率18剩余常数', 0.9625590443611145), ('§｛阶梯透支用电量价户时间段金额表号', 0.9926653504371643), ('8888:8.8:8.8', 0.9593092799186707), ('L', 0.9979210495948792), ('COSΦ', 0.9308063983917236), ('―', 0.5046053528785706), ('VA元', 0.9919977188110352), ('N', 0.5663931965827942), ('kWh', 0.8085892200469971), ('←Й∩成功失败请购电拉闸12L812T18', 0.9491729736328125)]

2023-02-06 13:09:05,099: detec_list: 接收参数：[图片路径：./photo/86/PICTURE6\3530001000101493321406.jpg，配置文件路径：photo/86ini ]
识别结果：[('当前上18月组合正反向总费率18剩余常数', 0.9682919383049011), ('§｛阶梯透支用电量价户时间段金额表号', 0.9760743975639343), ('8888:8.8:8.8', 0.9059266448020935), ('L', 0.9971152544021606), ('COSΦ', 0.9987847805023193), ('―', 0.9994304776191711), ('VA元', 0.8030621409416199), ('N', 0.9992095232009888), ('kWh', 0.882805347442627), ('←Й∩成功失败请购电拉闸12L812T18', 0.9552545547485352)]

2023-02-06 13:09:05,099: detec_list: 接收参数：[图片路径：./photo/86/PICTURE6\3530001000101493321406.jpg，配置文件路径：photo/86ini ]
识别结果：[('当前上18月组合正反向总费率18剩余常数', 0.9682919383049011), ('§｛阶梯透支用电量价户时间段金额表号', 0.9760743975639343), ('8888:8.8:8.8', 0.9059266448020935), ('L', 0.9971152544021606), ('COSΦ', 0.9987847805023193), ('―', 0.9994304776191711), ('VA元', 0.8030621409416199), ('N', 0.9992095232009888), ('kWh', 0.882805347442627), ('←Й∩成功失败请购电拉闸12L812T18', 0.9552545547485352)]

2023-02-06 17:28:41,818: detec_list: 接收参数：[图片路径：./photo/86/PICTURE1\3530001000101493321420.jpg，配置文件路径：photo/86ini ]
识别结果：[('当前上18月组合正反向总费率18剩余常数', 0.9564602971076965), ('§｛阶梯透支用电量价户时间段金额表号', 0.9731488227844238), ('8888:8.8:8.8', 0.9495725035667419), ('L', 0.9970918893814087), ('COSΦ', 0.9464377164840698), ('―', 0.9988320469856262), ('VA元', 0.9920132756233215), ('N', 0.9988897442817688), ('kWh', 0.893463134765625), ('←Й∩成功失败请购电拉闸12L812T18', 0.9519088864326477)]

2023-02-06 17:28:41,818: detec_list: 接收参数：[图片路径：./photo/86/PICTURE1\3530001000101493321420.jpg，配置文件路径：photo/86ini ]
识别结果：[('当前上18月组合正反向总费率18剩余常数', 0.9564602971076965), ('§｛阶梯透支用电量价户时间段金额表号', 0.9731488227844238), ('8888:8.8:8.8', 0.9495725035667419), ('L', 0.9970918893814087), ('COSΦ', 0.9464377164840698), ('―', 0.9988320469856262), ('VA元', 0.9920132756233215), ('N', 0.9988897442817688), ('kWh', 0.893463134765625), ('←Й∩成功失败请购电拉闸12L812T18', 0.9519088864326477)]

2023-02-06 17:28:43,880: detec_list: 接收参数：[图片路径：./photo/86/PICTURE2\3530001000101493259563.jpg，配置文件路径：photo/86ini ]
识别结果：[('当前上18月组合正反向总费率18剩余常数', 0.9435129165649414), ('§｛阶梯透支用电量价户时间段金额表号', 0.9443550109863281), ('8888:8.8:8.8', 0.9337360262870789), ('L', 0.9968997240066528), ('COSΦ', 0.9990308284759521), ('―', 0.9995511174201965), ('VA元', 0.9898955821990967), ('N', 0.9991371035575867), ('kWh', 0.8380188941955566), ('←Й∩成功失败请购电拉闸12L812T18', 0.9855625033378601)]

2023-02-06 17:28:43,880: detec_list: 接收参数：[图片路径：./photo/86/PICTURE2\3530001000101493259563.jpg，配置文件路径：photo/86ini ]
识别结果：[('当前上18月组合正反向总费率18剩余常数', 0.9435129165649414), ('§｛阶梯透支用电量价户时间段金额表号', 0.9443550109863281), ('8888:8.8:8.8', 0.9337360262870789), ('L', 0.9968997240066528), ('COSΦ', 0.9990308284759521), ('―', 0.9995511174201965), ('VA元', 0.9898955821990967), ('N', 0.9991371035575867), ('kWh', 0.8380188941955566), ('←Й∩成功失败请购电拉闸12L812T18', 0.9855625033378601)]

2023-02-06 17:28:45,980: detec_list: 接收参数：[图片路径：./photo/86/PICTURE2\3530001000101493321437.jpg，配置文件路径：photo/86ini ]
识别结果：[('当前上18月组合正反向总费率18剩余常数', 0.9486217498779297), ('§｛阶梯透支用电量价户时间段金额表号', 0.9869608283042908), ('8888:8.8:8.8', 0.9922370314598083), ('L', 0.5948994755744934), ('COSΦ', 0.994564414024353), ('―', 0.9993963241577148), ('VA元', 0.9895825386047363), ('N', 0.9966421127319336), ('kWh', 0.900223970413208), ('←Й∩成功失败请购电拉闸12L812T18', 0.9714419841766357)]

2023-02-06 17:28:45,980: detec_list: 接收参数：[图片路径：./photo/86/PICTURE2\3530001000101493321437.jpg，配置文件路径：photo/86ini ]
识别结果：[('当前上18月组合正反向总费率18剩余常数', 0.9486217498779297), ('§｛阶梯透支用电量价户时间段金额表号', 0.9869608283042908), ('8888:8.8:8.8', 0.9922370314598083), ('L', 0.5948994755744934), ('COSΦ', 0.994564414024353), ('―', 0.9993963241577148), ('VA元', 0.9895825386047363), ('N', 0.9966421127319336), ('kWh', 0.900223970413208), ('←Й∩成功失败请购电拉闸12L812T18', 0.9714419841766357)]

2023-02-06 17:28:48,128: detec_list: 接收参数：[图片路径：./photo/86/PICTURE3\3530001000101493259525.jpg，配置文件路径：photo/86ini ]
识别结果：[('当前上18月组合正反向总费率18剩余常数', 0.9926037788391113), ('§｛阶梯透支用电量价户时间段金额表号', 0.9847712516784668), ('8888:8.8:8.8', 0.9474712014198303), ('L', 0.9968287348747253), ('COSΦ', 0.9985924959182739), ('―', 0.9975869655609131), ('VA元', 0.987004280090332), ('N', 0.8229259252548218), ('kWh', 0.8974399566650391), ('←Й∩成功失败请购电拉闸12L812T18', 0.9492670297622681)]

2023-02-06 17:28:48,128: detec_list: 接收参数：[图片路径：./photo/86/PICTURE3\3530001000101493259525.jpg，配置文件路径：photo/86ini ]
识别结果：[('当前上18月组合正反向总费率18剩余常数', 0.9926037788391113), ('§｛阶梯透支用电量价户时间段金额表号', 0.9847712516784668), ('8888:8.8:8.8', 0.9474712014198303), ('L', 0.9968287348747253), ('COSΦ', 0.9985924959182739), ('―', 0.9975869655609131), ('VA元', 0.987004280090332), ('N', 0.8229259252548218), ('kWh', 0.8974399566650391), ('←Й∩成功失败请购电拉闸12L812T18', 0.9492670297622681)]

2023-02-06 17:28:50,302: detec_list: 接收参数：[图片路径：./photo/86/PICTURE4\3530001000101493283865.jpg，配置文件路径：photo/86ini ]
识别结果：[('当前上18月组合正反向总费率18剩余常数', 0.9923434257507324), ('§｛阶梯透支用电量价户时间段金额表号', 0.9732440114021301), ('8888:8.8:8.8', 0.9167159199714661), ('L', 0.995270311832428), ('COSΦ', 0.9987038373947144), ('―', 0.6411813497543335), ('VA元', 0.8621949553489685), ('N', 0.9927511215209961), ('kWh', 0.9014768600463867), ('←Й∩成功失败请购电拉闸12L812T18', 0.967975378036499)]

2023-02-06 17:28:50,302: detec_list: 接收参数：[图片路径：./photo/86/PICTURE4\3530001000101493283865.jpg，配置文件路径：photo/86ini ]
识别结果：[('当前上18月组合正反向总费率18剩余常数', 0.9923434257507324), ('§｛阶梯透支用电量价户时间段金额表号', 0.9732440114021301), ('8888:8.8:8.8', 0.9167159199714661), ('L', 0.995270311832428), ('COSΦ', 0.9987038373947144), ('―', 0.6411813497543335), ('VA元', 0.8621949553489685), ('N', 0.9927511215209961), ('kWh', 0.9014768600463867), ('←Й∩成功失败请购电拉闸12L812T18', 0.967975378036499)]

2023-02-06 17:28:52,427: detec_list: 接收参数：[图片路径：./photo/86/PICTURE5\3530001000101493283933.jpg，配置文件路径：photo/86ini ]
识别结果：[('当前上18月组合正反向总费率18剩余常数', 0.9625590443611145), ('§｛阶梯透支用电量价户时间段金额表号', 0.9926653504371643), ('8888:8.8:8.8', 0.9593092799186707), ('L', 0.9979210495948792), ('COSΦ', 0.9308063983917236), ('―', 0.5046053528785706), ('VA元', 0.9919977188110352), ('N', 0.5663931965827942), ('kWh', 0.8085892200469971), ('←Й∩成功失败请购电拉闸12L812T18', 0.9491729736328125)]

2023-02-06 17:28:52,427: detec_list: 接收参数：[图片路径：./photo/86/PICTURE5\3530001000101493283933.jpg，配置文件路径：photo/86ini ]
识别结果：[('当前上18月组合正反向总费率18剩余常数', 0.9625590443611145), ('§｛阶梯透支用电量价户时间段金额表号', 0.9926653504371643), ('8888:8.8:8.8', 0.9593092799186707), ('L', 0.9979210495948792), ('COSΦ', 0.9308063983917236), ('―', 0.5046053528785706), ('VA元', 0.9919977188110352), ('N', 0.5663931965827942), ('kWh', 0.8085892200469971), ('←Й∩成功失败请购电拉闸12L812T18', 0.9491729736328125)]

2023-02-06 17:28:54,506: detec_list: 接收参数：[图片路径：./photo/86/PICTURE6\3530001000101493321406.jpg，配置文件路径：photo/86ini ]
识别结果：[('当前上18月组合正反向总费率18剩余常数', 0.9682919383049011), ('§｛阶梯透支用电量价户时间段金额表号', 0.9760743975639343), ('8888:8.8:8.8', 0.9059266448020935), ('L', 0.9971152544021606), ('COSΦ', 0.9987847805023193), ('―', 0.9994304776191711), ('VA元', 0.8030621409416199), ('N', 0.9992095232009888), ('kWh', 0.882805347442627), ('←Й∩成功失败请购电拉闸12L812T18', 0.9552545547485352)]

2023-02-06 17:28:54,506: detec_list: 接收参数：[图片路径：./photo/86/PICTURE6\3530001000101493321406.jpg，配置文件路径：photo/86ini ]
识别结果：[('当前上18月组合正反向总费率18剩余常数', 0.9682919383049011), ('§｛阶梯透支用电量价户时间段金额表号', 0.9760743975639343), ('8888:8.8:8.8', 0.9059266448020935), ('L', 0.9971152544021606), ('COSΦ', 0.9987847805023193), ('―', 0.9994304776191711), ('VA元', 0.8030621409416199), ('N', 0.9992095232009888), ('kWh', 0.882805347442627), ('←Й∩成功失败请购电拉闸12L812T18', 0.9552545547485352)]

2023-02-06 17:30:52,886: detec_list: 接收参数：[图片路径：./photo/86/PICTURE1\3530001000101493321420.jpg，配置文件路径：photo/86ini ]
识别结果：[('当前上18月组合正反向总费率18剩余常数', 0.9564602971076965), ('§｛阶梯透支用电量价户时间段金额表号', 0.9731488227844238), ('8888:8.8:8.8', 0.9495725035667419), ('L', 0.9970918893814087), ('COSΦ', 0.9464377164840698), ('―', 0.9988320469856262), ('VA元', 0.9920132756233215), ('N', 0.9988897442817688), ('kWh', 0.893463134765625), ('←Й∩成功失败请购电拉闸12L812T18', 0.9519088864326477)]

2023-02-06 17:30:52,887: detec_list: 接收参数：[图片路径：./photo/86/PICTURE1\3530001000101493321420.jpg，配置文件路径：photo/86ini ]
识别结果：[('当前上18月组合正反向总费率18剩余常数', 0.9564602971076965), ('§｛阶梯透支用电量价户时间段金额表号', 0.9731488227844238), ('8888:8.8:8.8', 0.9495725035667419), ('L', 0.9970918893814087), ('COSΦ', 0.9464377164840698), ('―', 0.9988320469856262), ('VA元', 0.9920132756233215), ('N', 0.9988897442817688), ('kWh', 0.893463134765625), ('←Й∩成功失败请购电拉闸12L812T18', 0.9519088864326477)]

2023-02-06 17:30:54,964: detec_list: 接收参数：[图片路径：./photo/86/PICTURE2\3530001000101493259563.jpg，配置文件路径：photo/86ini ]
识别结果：[('当前上18月组合正反向总费率18剩余常数', 0.9435129165649414), ('§｛阶梯透支用电量价户时间段金额表号', 0.9443550109863281), ('8888:8.8:8.8', 0.9337360262870789), ('L', 0.9968997240066528), ('COSΦ', 0.9990308284759521), ('―', 0.9995511174201965), ('VA元', 0.9898955821990967), ('N', 0.9991371035575867), ('kWh', 0.8380188941955566), ('←Й∩成功失败请购电拉闸12L812T18', 0.9855625033378601)]

2023-02-06 17:30:54,964: detec_list: 接收参数：[图片路径：./photo/86/PICTURE2\3530001000101493259563.jpg，配置文件路径：photo/86ini ]
识别结果：[('当前上18月组合正反向总费率18剩余常数', 0.9435129165649414), ('§｛阶梯透支用电量价户时间段金额表号', 0.9443550109863281), ('8888:8.8:8.8', 0.9337360262870789), ('L', 0.9968997240066528), ('COSΦ', 0.9990308284759521), ('―', 0.9995511174201965), ('VA元', 0.9898955821990967), ('N', 0.9991371035575867), ('kWh', 0.8380188941955566), ('←Й∩成功失败请购电拉闸12L812T18', 0.9855625033378601)]

2023-02-06 17:30:57,103: detec_list: 接收参数：[图片路径：./photo/86/PICTURE2\3530001000101493321437.jpg，配置文件路径：photo/86ini ]
识别结果：[('当前上18月组合正反向总费率18剩余常数', 0.9486217498779297), ('§｛阶梯透支用电量价户时间段金额表号', 0.9869608283042908), ('8888:8.8:8.8', 0.9922370314598083), ('L', 0.5948994755744934), ('COSΦ', 0.994564414024353), ('―', 0.9993963241577148), ('VA元', 0.9895825386047363), ('N', 0.9966421127319336), ('kWh', 0.900223970413208), ('←Й∩成功失败请购电拉闸12L812T18', 0.9714419841766357)]

2023-02-06 17:30:57,103: detec_list: 接收参数：[图片路径：./photo/86/PICTURE2\3530001000101493321437.jpg，配置文件路径：photo/86ini ]
识别结果：[('当前上18月组合正反向总费率18剩余常数', 0.9486217498779297), ('§｛阶梯透支用电量价户时间段金额表号', 0.9869608283042908), ('8888:8.8:8.8', 0.9922370314598083), ('L', 0.5948994755744934), ('COSΦ', 0.994564414024353), ('―', 0.9993963241577148), ('VA元', 0.9895825386047363), ('N', 0.9966421127319336), ('kWh', 0.900223970413208), ('←Й∩成功失败请购电拉闸12L812T18', 0.9714419841766357)]

2023-02-06 17:30:59,211: detec_list: 接收参数：[图片路径：./photo/86/PICTURE3\3530001000101493259525.jpg，配置文件路径：photo/86ini ]
识别结果：[('当前上18月组合正反向总费率18剩余常数', 0.9926037788391113), ('§｛阶梯透支用电量价户时间段金额表号', 0.9847712516784668), ('8888:8.8:8.8', 0.9474712014198303), ('L', 0.9968287348747253), ('COSΦ', 0.9985924959182739), ('―', 0.9975869655609131), ('VA元', 0.987004280090332), ('N', 0.8229259252548218), ('kWh', 0.8974399566650391), ('←Й∩成功失败请购电拉闸12L812T18', 0.9492670297622681)]

2023-02-06 17:30:59,212: detec_list: 接收参数：[图片路径：./photo/86/PICTURE3\3530001000101493259525.jpg，配置文件路径：photo/86ini ]
识别结果：[('当前上18月组合正反向总费率18剩余常数', 0.9926037788391113), ('§｛阶梯透支用电量价户时间段金额表号', 0.9847712516784668), ('8888:8.8:8.8', 0.9474712014198303), ('L', 0.9968287348747253), ('COSΦ', 0.9985924959182739), ('―', 0.9975869655609131), ('VA元', 0.987004280090332), ('N', 0.8229259252548218), ('kWh', 0.8974399566650391), ('←Й∩成功失败请购电拉闸12L812T18', 0.9492670297622681)]

2023-02-06 17:31:01,303: detec_list: 接收参数：[图片路径：./photo/86/PICTURE4\3530001000101493283865.jpg，配置文件路径：photo/86ini ]
识别结果：[('当前上18月组合正反向总费率18剩余常数', 0.9923434257507324), ('§｛阶梯透支用电量价户时间段金额表号', 0.9732440114021301), ('8888:8.8:8.8', 0.9167159199714661), ('L', 0.995270311832428), ('COSΦ', 0.9987038373947144), ('―', 0.6411813497543335), ('VA元', 0.8621949553489685), ('N', 0.9927511215209961), ('kWh', 0.9014768600463867), ('←Й∩成功失败请购电拉闸12L812T18', 0.967975378036499)]

2023-02-06 17:31:01,303: detec_list: 接收参数：[图片路径：./photo/86/PICTURE4\3530001000101493283865.jpg，配置文件路径：photo/86ini ]
识别结果：[('当前上18月组合正反向总费率18剩余常数', 0.9923434257507324), ('§｛阶梯透支用电量价户时间段金额表号', 0.9732440114021301), ('8888:8.8:8.8', 0.9167159199714661), ('L', 0.995270311832428), ('COSΦ', 0.9987038373947144), ('―', 0.6411813497543335), ('VA元', 0.8621949553489685), ('N', 0.9927511215209961), ('kWh', 0.9014768600463867), ('←Й∩成功失败请购电拉闸12L812T18', 0.967975378036499)]

2023-02-06 17:31:03,355: detec_list: 接收参数：[图片路径：./photo/86/PICTURE5\3530001000101493283933.jpg，配置文件路径：photo/86ini ]
识别结果：[('当前上18月组合正反向总费率18剩余常数', 0.9625590443611145), ('§｛阶梯透支用电量价户时间段金额表号', 0.9926653504371643), ('8888:8.8:8.8', 0.9593092799186707), ('L', 0.9979210495948792), ('COSΦ', 0.9308063983917236), ('―', 0.5046053528785706), ('VA元', 0.9919977188110352), ('N', 0.5663931965827942), ('kWh', 0.8085892200469971), ('←Й∩成功失败请购电拉闸12L812T18', 0.9491729736328125)]

2023-02-06 17:31:03,355: detec_list: 接收参数：[图片路径：./photo/86/PICTURE5\3530001000101493283933.jpg，配置文件路径：photo/86ini ]
识别结果：[('当前上18月组合正反向总费率18剩余常数', 0.9625590443611145), ('§｛阶梯透支用电量价户时间段金额表号', 0.9926653504371643), ('8888:8.8:8.8', 0.9593092799186707), ('L', 0.9979210495948792), ('COSΦ', 0.9308063983917236), ('―', 0.5046053528785706), ('VA元', 0.9919977188110352), ('N', 0.5663931965827942), ('kWh', 0.8085892200469971), ('←Й∩成功失败请购电拉闸12L812T18', 0.9491729736328125)]

2023-02-06 17:31:05,399: detec_list: 接收参数：[图片路径：./photo/86/PICTURE6\3530001000101493321406.jpg，配置文件路径：photo/86ini ]
识别结果：[('当前上18月组合正反向总费率18剩余常数', 0.9682919383049011), ('§｛阶梯透支用电量价户时间段金额表号', 0.9760743975639343), ('8888:8.8:8.8', 0.9059266448020935), ('L', 0.9971152544021606), ('COSΦ', 0.9987847805023193), ('―', 0.9994304776191711), ('VA元', 0.8030621409416199), ('N', 0.9992095232009888), ('kWh', 0.882805347442627), ('←Й∩成功失败请购电拉闸12L812T18', 0.9552545547485352)]

2023-02-06 17:31:05,400: detec_list: 接收参数：[图片路径：./photo/86/PICTURE6\3530001000101493321406.jpg，配置文件路径：photo/86ini ]
识别结果：[('当前上18月组合正反向总费率18剩余常数', 0.9682919383049011), ('§｛阶梯透支用电量价户时间段金额表号', 0.9760743975639343), ('8888:8.8:8.8', 0.9059266448020935), ('L', 0.9971152544021606), ('COSΦ', 0.9987847805023193), ('―', 0.9994304776191711), ('VA元', 0.8030621409416199), ('N', 0.9992095232009888), ('kWh', 0.882805347442627), ('←Й∩成功失败请购电拉闸12L812T18', 0.9552545547485352)]

2023-02-06 17:31:33,387: detec_list: 接收参数：[图片路径：./photo/86/PICTURE1\3530001000101493321420.jpg，配置文件路径：photo/86ini ]
识别结果：[('当前上18月组合正反向总费率18剩余常数', 0.9564602971076965), ('§｛阶梯透支用电量价户时间段金额表号', 0.9731488227844238), ('8888:8.8:8.8', 0.9495725035667419), ('L', 0.9970918893814087), ('COSΦ', 0.9464377164840698), ('―', 0.9988320469856262), ('VA元', 0.9920132756233215), ('N', 0.9988897442817688), ('kWh', 0.893463134765625), ('←Й∩成功失败请购电拉闸12L812T18', 0.9519088864326477)]

2023-02-06 17:31:33,387: detec_list: 接收参数：[图片路径：./photo/86/PICTURE1\3530001000101493321420.jpg，配置文件路径：photo/86ini ]
识别结果：[('当前上18月组合正反向总费率18剩余常数', 0.9564602971076965), ('§｛阶梯透支用电量价户时间段金额表号', 0.9731488227844238), ('8888:8.8:8.8', 0.9495725035667419), ('L', 0.9970918893814087), ('COSΦ', 0.9464377164840698), ('―', 0.9988320469856262), ('VA元', 0.9920132756233215), ('N', 0.9988897442817688), ('kWh', 0.893463134765625), ('←Й∩成功失败请购电拉闸12L812T18', 0.9519088864326477)]

2023-02-06 17:31:35,426: detec_list: 接收参数：[图片路径：./photo/86/PICTURE2\3530001000101493259563.jpg，配置文件路径：photo/86ini ]
识别结果：[('当前上18月组合正反向总费率18剩余常数', 0.9435129165649414), ('§｛阶梯透支用电量价户时间段金额表号', 0.9443550109863281), ('8888:8.8:8.8', 0.9337360262870789), ('L', 0.9968997240066528), ('COSΦ', 0.9990308284759521), ('―', 0.9995511174201965), ('VA元', 0.9898955821990967), ('N', 0.9991371035575867), ('kWh', 0.8380188941955566), ('←Й∩成功失败请购电拉闸12L812T18', 0.9855625033378601)]

2023-02-06 17:31:35,427: detec_list: 接收参数：[图片路径：./photo/86/PICTURE2\3530001000101493259563.jpg，配置文件路径：photo/86ini ]
识别结果：[('当前上18月组合正反向总费率18剩余常数', 0.9435129165649414), ('§｛阶梯透支用电量价户时间段金额表号', 0.9443550109863281), ('8888:8.8:8.8', 0.9337360262870789), ('L', 0.9968997240066528), ('COSΦ', 0.9990308284759521), ('―', 0.9995511174201965), ('VA元', 0.9898955821990967), ('N', 0.9991371035575867), ('kWh', 0.8380188941955566), ('←Й∩成功失败请购电拉闸12L812T18', 0.9855625033378601)]

2023-02-06 17:31:37,548: detec_list: 接收参数：[图片路径：./photo/86/PICTURE2\3530001000101493321437.jpg，配置文件路径：photo/86ini ]
识别结果：[('当前上18月组合正反向总费率18剩余常数', 0.9486217498779297), ('§｛阶梯透支用电量价户时间段金额表号', 0.9869608283042908), ('8888:8.8:8.8', 0.9922370314598083), ('L', 0.5948994755744934), ('COSΦ', 0.994564414024353), ('―', 0.9993963241577148), ('VA元', 0.9895825386047363), ('N', 0.9966421127319336), ('kWh', 0.900223970413208), ('←Й∩成功失败请购电拉闸12L812T18', 0.9714419841766357)]

2023-02-06 17:31:37,549: detec_list: 接收参数：[图片路径：./photo/86/PICTURE2\3530001000101493321437.jpg，配置文件路径：photo/86ini ]
识别结果：[('当前上18月组合正反向总费率18剩余常数', 0.9486217498779297), ('§｛阶梯透支用电量价户时间段金额表号', 0.9869608283042908), ('8888:8.8:8.8', 0.9922370314598083), ('L', 0.5948994755744934), ('COSΦ', 0.994564414024353), ('―', 0.9993963241577148), ('VA元', 0.9895825386047363), ('N', 0.9966421127319336), ('kWh', 0.900223970413208), ('←Й∩成功失败请购电拉闸12L812T18', 0.9714419841766357)]

2023-02-06 17:31:39,691: detec_list: 接收参数：[图片路径：./photo/86/PICTURE3\3530001000101493259525.jpg，配置文件路径：photo/86ini ]
识别结果：[('当前上18月组合正反向总费率18剩余常数', 0.9926037788391113), ('§｛阶梯透支用电量价户时间段金额表号', 0.9847712516784668), ('8888:8.8:8.8', 0.9474712014198303), ('L', 0.9968287348747253), ('COSΦ', 0.9985924959182739), ('―', 0.9975869655609131), ('VA元', 0.987004280090332), ('N', 0.8229259252548218), ('kWh', 0.8974399566650391), ('←Й∩成功失败请购电拉闸12L812T18', 0.9492670297622681)]

2023-02-06 17:31:39,691: detec_list: 接收参数：[图片路径：./photo/86/PICTURE3\3530001000101493259525.jpg，配置文件路径：photo/86ini ]
识别结果：[('当前上18月组合正反向总费率18剩余常数', 0.9926037788391113), ('§｛阶梯透支用电量价户时间段金额表号', 0.9847712516784668), ('8888:8.8:8.8', 0.9474712014198303), ('L', 0.9968287348747253), ('COSΦ', 0.9985924959182739), ('―', 0.9975869655609131), ('VA元', 0.987004280090332), ('N', 0.8229259252548218), ('kWh', 0.8974399566650391), ('←Й∩成功失败请购电拉闸12L812T18', 0.9492670297622681)]

2023-02-06 17:31:41,768: detec_list: 接收参数：[图片路径：./photo/86/PICTURE4\3530001000101493283865.jpg，配置文件路径：photo/86ini ]
识别结果：[('当前上18月组合正反向总费率18剩余常数', 0.9923434257507324), ('§｛阶梯透支用电量价户时间段金额表号', 0.9732440114021301), ('8888:8.8:8.8', 0.9167159199714661), ('L', 0.995270311832428), ('COSΦ', 0.9987038373947144), ('―', 0.6411813497543335), ('VA元', 0.8621949553489685), ('N', 0.9927511215209961), ('kWh', 0.9014768600463867), ('←Й∩成功失败请购电拉闸12L812T18', 0.967975378036499)]

2023-02-06 17:31:41,768: detec_list: 接收参数：[图片路径：./photo/86/PICTURE4\3530001000101493283865.jpg，配置文件路径：photo/86ini ]
识别结果：[('当前上18月组合正反向总费率18剩余常数', 0.9923434257507324), ('§｛阶梯透支用电量价户时间段金额表号', 0.9732440114021301), ('8888:8.8:8.8', 0.9167159199714661), ('L', 0.995270311832428), ('COSΦ', 0.9987038373947144), ('―', 0.6411813497543335), ('VA元', 0.8621949553489685), ('N', 0.9927511215209961), ('kWh', 0.9014768600463867), ('←Й∩成功失败请购电拉闸12L812T18', 0.967975378036499)]

2023-02-06 17:31:43,812: detec_list: 接收参数：[图片路径：./photo/86/PICTURE5\3530001000101493283933.jpg，配置文件路径：photo/86ini ]
识别结果：[('当前上18月组合正反向总费率18剩余常数', 0.9625590443611145), ('§｛阶梯透支用电量价户时间段金额表号', 0.9926653504371643), ('8888:8.8:8.8', 0.9593092799186707), ('L', 0.9979210495948792), ('COSΦ', 0.9308063983917236), ('―', 0.5046053528785706), ('VA元', 0.9919977188110352), ('N', 0.5663931965827942), ('kWh', 0.8085892200469971), ('←Й∩成功失败请购电拉闸12L812T18', 0.9491729736328125)]

2023-02-06 17:31:43,812: detec_list: 接收参数：[图片路径：./photo/86/PICTURE5\3530001000101493283933.jpg，配置文件路径：photo/86ini ]
识别结果：[('当前上18月组合正反向总费率18剩余常数', 0.9625590443611145), ('§｛阶梯透支用电量价户时间段金额表号', 0.9926653504371643), ('8888:8.8:8.8', 0.9593092799186707), ('L', 0.9979210495948792), ('COSΦ', 0.9308063983917236), ('―', 0.5046053528785706), ('VA元', 0.9919977188110352), ('N', 0.5663931965827942), ('kWh', 0.8085892200469971), ('←Й∩成功失败请购电拉闸12L812T18', 0.9491729736328125)]

2023-02-06 17:31:45,833: detec_list: 接收参数：[图片路径：./photo/86/PICTURE6\3530001000101493321406.jpg，配置文件路径：photo/86ini ]
识别结果：[('当前上18月组合正反向总费率18剩余常数', 0.9682919383049011), ('§｛阶梯透支用电量价户时间段金额表号', 0.9760743975639343), ('8888:8.8:8.8', 0.9059266448020935), ('L', 0.9971152544021606), ('COSΦ', 0.9987847805023193), ('―', 0.9994304776191711), ('VA元', 0.8030621409416199), ('N', 0.9992095232009888), ('kWh', 0.882805347442627), ('←Й∩成功失败请购电拉闸12L812T18', 0.9552545547485352)]

2023-02-06 17:31:45,833: detec_list: 接收参数：[图片路径：./photo/86/PICTURE6\3530001000101493321406.jpg，配置文件路径：photo/86ini ]
识别结果：[('当前上18月组合正反向总费率18剩余常数', 0.9682919383049011), ('§｛阶梯透支用电量价户时间段金额表号', 0.9760743975639343), ('8888:8.8:8.8', 0.9059266448020935), ('L', 0.9971152544021606), ('COSΦ', 0.9987847805023193), ('―', 0.9994304776191711), ('VA元', 0.8030621409416199), ('N', 0.9992095232009888), ('kWh', 0.882805347442627), ('←Й∩成功失败请购电拉闸12L812T18', 0.9552545547485352)]

2023-02-06 17:40:00,304: detec_list: 接收参数：[图片路径：./photo/86/PICTURE1\3530001000101493321420.jpg，配置文件路径：photo/86ini ]
识别结果：[('当前上18月组合正反向总费率18剩余常数', 0.9564602971076965), ('§｛阶梯透支用电量价户时间段金额表号', 0.9731488227844238), ('8888:8.8:8.8', 0.9495725035667419), ('L', 0.9970918893814087), ('COSΦ', 0.9464377164840698), ('―', 0.9988320469856262), ('VA元', 0.9920132756233215), ('N', 0.9988897442817688), ('kWh', 0.893463134765625), ('←Й∩成功失败请购电拉闸12L812T18', 0.9519088864326477)]

2023-02-06 17:40:00,304: detec_list: 接收参数：[图片路径：./photo/86/PICTURE1\3530001000101493321420.jpg，配置文件路径：photo/86ini ]
识别结果：[('当前上18月组合正反向总费率18剩余常数', 0.9564602971076965), ('§｛阶梯透支用电量价户时间段金额表号', 0.9731488227844238), ('8888:8.8:8.8', 0.9495725035667419), ('L', 0.9970918893814087), ('COSΦ', 0.9464377164840698), ('―', 0.9988320469856262), ('VA元', 0.9920132756233215), ('N', 0.9988897442817688), ('kWh', 0.893463134765625), ('←Й∩成功失败请购电拉闸12L812T18', 0.9519088864326477)]

2023-02-06 17:40:02,415: detec_list: 接收参数：[图片路径：./photo/86/PICTURE2\3530001000101493259563.jpg，配置文件路径：photo/86ini ]
识别结果：[('当前上18月组合正反向总费率18剩余常数', 0.9435129165649414), ('§｛阶梯透支用电量价户时间段金额表号', 0.9443550109863281), ('8888:8.8:8.8', 0.9337360262870789), ('L', 0.9968997240066528), ('COSΦ', 0.9990308284759521), ('―', 0.9995511174201965), ('VA元', 0.9898955821990967), ('N', 0.9991371035575867), ('kWh', 0.8380188941955566), ('←Й∩成功失败请购电拉闸12L812T18', 0.9855625033378601)]

2023-02-06 17:40:02,415: detec_list: 接收参数：[图片路径：./photo/86/PICTURE2\3530001000101493259563.jpg，配置文件路径：photo/86ini ]
识别结果：[('当前上18月组合正反向总费率18剩余常数', 0.9435129165649414), ('§｛阶梯透支用电量价户时间段金额表号', 0.9443550109863281), ('8888:8.8:8.8', 0.9337360262870789), ('L', 0.9968997240066528), ('COSΦ', 0.9990308284759521), ('―', 0.9995511174201965), ('VA元', 0.9898955821990967), ('N', 0.9991371035575867), ('kWh', 0.8380188941955566), ('←Й∩成功失败请购电拉闸12L812T18', 0.9855625033378601)]

2023-02-06 17:40:04,561: detec_list: 接收参数：[图片路径：./photo/86/PICTURE2\3530001000101493321437.jpg，配置文件路径：photo/86ini ]
识别结果：[('当前上18月组合正反向总费率18剩余常数', 0.9486217498779297), ('§｛阶梯透支用电量价户时间段金额表号', 0.9869608283042908), ('8888:8.8:8.8', 0.9922370314598083), ('L', 0.5948994755744934), ('COSΦ', 0.994564414024353), ('―', 0.9993963241577148), ('VA元', 0.9895825386047363), ('N', 0.9966421127319336), ('kWh', 0.900223970413208), ('←Й∩成功失败请购电拉闸12L812T18', 0.9714419841766357)]

2023-02-06 17:40:04,561: detec_list: 接收参数：[图片路径：./photo/86/PICTURE2\3530001000101493321437.jpg，配置文件路径：photo/86ini ]
识别结果：[('当前上18月组合正反向总费率18剩余常数', 0.9486217498779297), ('§｛阶梯透支用电量价户时间段金额表号', 0.9869608283042908), ('8888:8.8:8.8', 0.9922370314598083), ('L', 0.5948994755744934), ('COSΦ', 0.994564414024353), ('―', 0.9993963241577148), ('VA元', 0.9895825386047363), ('N', 0.9966421127319336), ('kWh', 0.900223970413208), ('←Й∩成功失败请购电拉闸12L812T18', 0.9714419841766357)]

2023-02-06 17:40:06,721: detec_list: 接收参数：[图片路径：./photo/86/PICTURE3\3530001000101493259525.jpg，配置文件路径：photo/86ini ]
识别结果：[('当前上18月组合正反向总费率18剩余常数', 0.9926037788391113), ('§｛阶梯透支用电量价户时间段金额表号', 0.9847712516784668), ('8888:8.8:8.8', 0.9474712014198303), ('L', 0.9968287348747253), ('COSΦ', 0.9985924959182739), ('―', 0.9975869655609131), ('VA元', 0.987004280090332), ('N', 0.8229259252548218), ('kWh', 0.8974399566650391), ('←Й∩成功失败请购电拉闸12L812T18', 0.9492670297622681)]

2023-02-06 17:40:06,721: detec_list: 接收参数：[图片路径：./photo/86/PICTURE3\3530001000101493259525.jpg，配置文件路径：photo/86ini ]
识别结果：[('当前上18月组合正反向总费率18剩余常数', 0.9926037788391113), ('§｛阶梯透支用电量价户时间段金额表号', 0.9847712516784668), ('8888:8.8:8.8', 0.9474712014198303), ('L', 0.9968287348747253), ('COSΦ', 0.9985924959182739), ('―', 0.9975869655609131), ('VA元', 0.987004280090332), ('N', 0.8229259252548218), ('kWh', 0.8974399566650391), ('←Й∩成功失败请购电拉闸12L812T18', 0.9492670297622681)]

2023-02-06 17:40:08,842: detec_list: 接收参数：[图片路径：./photo/86/PICTURE4\3530001000101493283865.jpg，配置文件路径：photo/86ini ]
识别结果：[('当前上18月组合正反向总费率18剩余常数', 0.9923434257507324), ('§｛阶梯透支用电量价户时间段金额表号', 0.9732440114021301), ('8888:8.8:8.8', 0.9167159199714661), ('L', 0.995270311832428), ('COSΦ', 0.9987038373947144), ('―', 0.6411813497543335), ('VA元', 0.8621949553489685), ('N', 0.9927511215209961), ('kWh', 0.9014768600463867), ('←Й∩成功失败请购电拉闸12L812T18', 0.967975378036499)]

2023-02-06 17:40:08,843: detec_list: 接收参数：[图片路径：./photo/86/PICTURE4\3530001000101493283865.jpg，配置文件路径：photo/86ini ]
识别结果：[('当前上18月组合正反向总费率18剩余常数', 0.9923434257507324), ('§｛阶梯透支用电量价户时间段金额表号', 0.9732440114021301), ('8888:8.8:8.8', 0.9167159199714661), ('L', 0.995270311832428), ('COSΦ', 0.9987038373947144), ('―', 0.6411813497543335), ('VA元', 0.8621949553489685), ('N', 0.9927511215209961), ('kWh', 0.9014768600463867), ('←Й∩成功失败请购电拉闸12L812T18', 0.967975378036499)]

2023-02-06 17:40:10,942: detec_list: 接收参数：[图片路径：./photo/86/PICTURE5\3530001000101493283933.jpg，配置文件路径：photo/86ini ]
识别结果：[('当前上18月组合正反向总费率18剩余常数', 0.9625590443611145), ('§｛阶梯透支用电量价户时间段金额表号', 0.9926653504371643), ('8888:8.8:8.8', 0.9593092799186707), ('L', 0.9979210495948792), ('COSΦ', 0.9308063983917236), ('―', 0.5046053528785706), ('VA元', 0.9919977188110352), ('N', 0.5663931965827942), ('kWh', 0.8085892200469971), ('←Й∩成功失败请购电拉闸12L812T18', 0.9491729736328125)]

2023-02-06 17:40:10,942: detec_list: 接收参数：[图片路径：./photo/86/PICTURE5\3530001000101493283933.jpg，配置文件路径：photo/86ini ]
识别结果：[('当前上18月组合正反向总费率18剩余常数', 0.9625590443611145), ('§｛阶梯透支用电量价户时间段金额表号', 0.9926653504371643), ('8888:8.8:8.8', 0.9593092799186707), ('L', 0.9979210495948792), ('COSΦ', 0.9308063983917236), ('―', 0.5046053528785706), ('VA元', 0.9919977188110352), ('N', 0.5663931965827942), ('kWh', 0.8085892200469971), ('←Й∩成功失败请购电拉闸12L812T18', 0.9491729736328125)]

2023-02-06 17:40:12,994: detec_list: 接收参数：[图片路径：./photo/86/PICTURE6\3530001000101493321406.jpg，配置文件路径：photo/86ini ]
识别结果：[('当前上18月组合正反向总费率18剩余常数', 0.9682919383049011), ('§｛阶梯透支用电量价户时间段金额表号', 0.9760743975639343), ('8888:8.8:8.8', 0.9059266448020935), ('L', 0.9971152544021606), ('COSΦ', 0.9987847805023193), ('―', 0.9994304776191711), ('VA元', 0.8030621409416199), ('N', 0.9992095232009888), ('kWh', 0.882805347442627), ('←Й∩成功失败请购电拉闸12L812T18', 0.9552545547485352)]

2023-02-06 17:40:12,994: detec_list: 接收参数：[图片路径：./photo/86/PICTURE6\3530001000101493321406.jpg，配置文件路径：photo/86ini ]
识别结果：[('当前上18月组合正反向总费率18剩余常数', 0.9682919383049011), ('§｛阶梯透支用电量价户时间段金额表号', 0.9760743975639343), ('8888:8.8:8.8', 0.9059266448020935), ('L', 0.9971152544021606), ('COSΦ', 0.9987847805023193), ('―', 0.9994304776191711), ('VA元', 0.8030621409416199), ('N', 0.9992095232009888), ('kWh', 0.882805347442627), ('←Й∩成功失败请购电拉闸12L812T18', 0.9552545547485352)]

