2022-07-20 09:05:34,807: detec_list: 接收参数：[图片路径：./photo/img4/PICTURE1\3530001000101427186514.jpg，配置文件路径：./photo/ini4 ]
识别结果：[('8UaUbUc-Ia-Ib-Ic△L82Ti8', 0.8523262143135071), ('｛ē阀Й逆相序成功失败请购电拉闸', 0.9685445427894592), ('跳闸', 0.9938927888870239), ('红外', 0.9875142574310303)]

2022-07-20 09:05:34,807: detec_list: 接收参数：[图片路径：./photo/img4/PICTURE1\3530001000101427186514.jpg，配置文件路径：./photo/ini4 ]
识别结果：[('8UaUbUc-Ia-Ib-Ic△L82Ti8', 0.8523262143135071), ('｛ē阀Й逆相序成功失败请购电拉闸', 0.9685445427894592), ('跳闸', 0.9938927888870239), ('红外', 0.9875142574310303)]

2022-07-20 09:05:35,190: detec_list: 接收参数：[图片路径：./photo/img4/PICTURE2\3530001000101427186507.jpg，配置文件路径：./photo/ini4 ]
识别结果：[('ē阀Й逆相序成功失败请购电拉闸', 0.9543121457099915), ('跳闸', 0.9981421232223511), ('红外', 0.9965406656265259)]

2022-07-20 09:05:35,190: detec_list: 接收参数：[图片路径：./photo/img4/PICTURE2\3530001000101427186507.jpg，配置文件路径：./photo/ini4 ]
识别结果：[('ē阀Й逆相序成功失败请购电拉闸', 0.9543121457099915), ('跳闸', 0.9981421232223511), ('红外', 0.9965406656265259)]

2022-07-20 09:05:35,771: detec_list: 接收参数：[图片路径：./photo/img4/PICTURE3\3530001000101427186866.jpg，配置文件路径：./photo/ini4 ]
识别结果：[('UaUbUc-la-lb-lc2L21', 0.8114637136459351), ('｛ē阀Й逆相序成功失败请购电拉闸', 0.9604167938232422), ('跳闸', 0.9984186887741089), ('红外', 0.9975467324256897), ('O', 0.6420964002609253)]

2022-07-20 09:05:35,771: detec_list: 接收参数：[图片路径：./photo/img4/PICTURE3\3530001000101427186866.jpg，配置文件路径：./photo/ini4 ]
识别结果：[('UaUbUc-la-lb-lc2L21', 0.8114637136459351), ('｛ē阀Й逆相序成功失败请购电拉闸', 0.9604167938232422), ('跳闸', 0.9984186887741089), ('红外', 0.9975467324256897), ('O', 0.6420964002609253)]

2022-07-20 09:05:36,197: detec_list: 接收参数：[图片路径：./photo/img4/PICTURE4\3530001000101427155589.jpg，配置文件路径：./photo/ini4 ]
识别结果：[('ē阀Й逆相序成功失败请购电拉闸', 0.9240909218788147), ('跳闸', 0.9966694116592407), ('红外', 0.9405704736709595), ('OB', 0.5019490718841553)]

2022-07-20 09:05:36,197: detec_list: 接收参数：[图片路径：./photo/img4/PICTURE4\3530001000101427155589.jpg，配置文件路径：./photo/ini4 ]
识别结果：[('ē阀Й逆相序成功失败请购电拉闸', 0.9240909218788147), ('跳闸', 0.9966694116592407), ('红外', 0.9405704736709595), ('OB', 0.5019490718841553)]

2022-07-20 09:06:16,275: detec_list: 接收参数：[图片路径：./photo/img4/PICTURE1\3530001000101427186514.jpg，配置文件路径：./photo/ini4 ]
识别结果：[('8UaUbUc-Ia-Ib-Ic△L82Ti8', 0.8523262143135071), ('｛ē阀Й逆相序成功失败请购电拉闸', 0.9685445427894592), ('跳闸', 0.9938927888870239), ('红外', 0.9875142574310303)]

2022-07-20 09:06:16,275: detec_list: 接收参数：[图片路径：./photo/img4/PICTURE1\3530001000101427186514.jpg，配置文件路径：./photo/ini4 ]
识别结果：[('8UaUbUc-Ia-Ib-Ic△L82Ti8', 0.8523262143135071), ('｛ē阀Й逆相序成功失败请购电拉闸', 0.9685445427894592), ('跳闸', 0.9938927888870239), ('红外', 0.9875142574310303)]

2022-07-20 09:06:17,687: detec_list: 接收参数：[图片路径：./photo/img4/PICTURE2\3530001000101427186507.jpg，配置文件路径：./photo/ini4 ]
识别结果：[('ē阀Й逆相序成功失败请购电拉闸', 0.9543121457099915), ('跳闸', 0.9981421232223511), ('红外', 0.9965406656265259)]

2022-07-20 09:06:17,687: detec_list: 接收参数：[图片路径：./photo/img4/PICTURE2\3530001000101427186507.jpg，配置文件路径：./photo/ini4 ]
识别结果：[('ē阀Й逆相序成功失败请购电拉闸', 0.9543121457099915), ('跳闸', 0.9981421232223511), ('红外', 0.9965406656265259)]

2022-07-20 09:06:19,268: detec_list: 接收参数：[图片路径：./photo/img4/PICTURE3\3530001000101427186866.jpg，配置文件路径：./photo/ini4 ]
识别结果：[('UaUbUc-la-lb-lc2L21', 0.8114637136459351), ('｛ē阀Й逆相序成功失败请购电拉闸', 0.9604167938232422), ('跳闸', 0.9984186887741089), ('红外', 0.9975467324256897), ('O', 0.6420964002609253)]

2022-07-20 09:06:19,268: detec_list: 接收参数：[图片路径：./photo/img4/PICTURE3\3530001000101427186866.jpg，配置文件路径：./photo/ini4 ]
识别结果：[('UaUbUc-la-lb-lc2L21', 0.8114637136459351), ('｛ē阀Й逆相序成功失败请购电拉闸', 0.9604167938232422), ('跳闸', 0.9984186887741089), ('红外', 0.9975467324256897), ('O', 0.6420964002609253)]

2022-07-20 09:06:20,672: detec_list: 接收参数：[图片路径：./photo/img4/PICTURE4\3530001000101427155589.jpg，配置文件路径：./photo/ini4 ]
识别结果：[('ē阀Й逆相序成功失败请购电拉闸', 0.9240909218788147), ('跳闸', 0.9966694116592407), ('红外', 0.9405704736709595), ('OB', 0.5019490718841553)]

2022-07-20 09:06:20,672: detec_list: 接收参数：[图片路径：./photo/img4/PICTURE4\3530001000101427155589.jpg，配置文件路径：./photo/ini4 ]
识别结果：[('ē阀Й逆相序成功失败请购电拉闸', 0.9240909218788147), ('跳闸', 0.9966694116592407), ('红外', 0.9405704736709595), ('OB', 0.5019490718841553)]

2022-07-20 09:13:14,143: detec_list: 接收参数：[图片路径：./photo/img4/PICTURE1\3530001000101427186514.jpg，配置文件路径：./photo/ini4 ]
识别结果：[('★', 0.9994805455207825), ('当前上18月组合反正向无有功IIIV总费率18', 0.9542431831359863), ('ABCNCOSΦ阶梯剩余需电量费价失压流动率时间段', 0.9598672986030579), ('8888888888', 0.970594584941864), ('元', 0.9977078437805176), ('―', 0.5239337086677551), ('KWAh', 0.9646718502044678), ('Kvarh', 0.955604076385498), ('88888888UaUbUc-Ia-Ib-Ic△L8◎T18', 0.9910053610801697), ('88氘§｛∩ē阀Й逆相序成功失败请购电拉闸', 0.9552373290061951)]

2022-07-20 09:13:14,144: detec_list: 接收参数：[图片路径：./photo/img4/PICTURE1\3530001000101427186514.jpg，配置文件路径：./photo/ini4 ]
识别结果：[('★', 0.9994805455207825), ('当前上18月组合反正向无有功IIIV总费率18', 0.9542431831359863), ('ABCNCOSΦ阶梯剩余需电量费价失压流动率时间段', 0.9598672986030579), ('8888888888', 0.970594584941864), ('元', 0.9977078437805176), ('―', 0.5239337086677551), ('KWAh', 0.9646718502044678), ('Kvarh', 0.955604076385498), ('88888888UaUbUc-Ia-Ib-Ic△L8◎T18', 0.9910053610801697), ('88氘§｛∩ē阀Й逆相序成功失败请购电拉闸', 0.9552373290061951)]

2022-07-20 09:13:14,842: detec_list: 接收参数：[图片路径：./photo/img4/PICTURE2\3530001000101427186507.jpg，配置文件路径：./photo/ini4 ]
识别结果：[('★', 0.9996460676193237), ('当前上18月组合反正向无有功IIIV总费率18', 0.9595470428466797), ('ABCNCOSΦ阶梯剩余需电量费价失压流动率时间段', 0.9388533234596252), ('8888888888', 0.9395242929458618), ('元', 0.9960736036300659), ('―', 0.6798242926597595), ('KWAh', 0.9959026575088501), ('Kvarh', 0.8436485528945923), ('88888888UaUbUc-Ia-Ib-Ic△L8◎T18', 0.9680859446525574), ('88氘§｛∩ē阀Й逆相序成功失败请购电拉闸', 0.9352203607559204)]

2022-07-20 09:13:14,842: detec_list: 接收参数：[图片路径：./photo/img4/PICTURE2\3530001000101427186507.jpg，配置文件路径：./photo/ini4 ]
识别结果：[('★', 0.9996460676193237), ('当前上18月组合反正向无有功IIIV总费率18', 0.9595470428466797), ('ABCNCOSΦ阶梯剩余需电量费价失压流动率时间段', 0.9388533234596252), ('8888888888', 0.9395242929458618), ('元', 0.9960736036300659), ('―', 0.6798242926597595), ('KWAh', 0.9959026575088501), ('Kvarh', 0.8436485528945923), ('88888888UaUbUc-Ia-Ib-Ic△L8◎T18', 0.9680859446525574), ('88氘§｛∩ē阀Й逆相序成功失败请购电拉闸', 0.9352203607559204)]

2022-07-20 09:13:16,429: detec_list: 接收参数：[图片路径：./photo/img4/PICTURE3\3530001000101427186866.jpg，配置文件路径：./photo/ini4 ]
识别结果：[('★', 0.9995192289352417), ('当前上18月组合反正向无有功IIIV总费率18', 0.950878918170929), ('ABCNCOSΦ阶梯剩余需电量费价失压流功率时间段', 0.963824450969696), ('8888888888', 0.93565434217453), ('元', 0.9986206293106079), ('―', 0.7582801580429077), ('KWAh', 0.9972159266471863), ('Kvarh', 0.9985347986221313), ('88888888UaUbUc-Ia-Ib-Ic△L8◎T18', 0.9445666074752808), ('88氘§｛∩ē阀Й逆相序成功失败请购电拉闸', 0.9668246507644653)]

2022-07-20 09:13:16,429: detec_list: 接收参数：[图片路径：./photo/img4/PICTURE3\3530001000101427186866.jpg，配置文件路径：./photo/ini4 ]
识别结果：[('★', 0.9995192289352417), ('当前上18月组合反正向无有功IIIV总费率18', 0.950878918170929), ('ABCNCOSΦ阶梯剩余需电量费价失压流功率时间段', 0.963824450969696), ('8888888888', 0.93565434217453), ('元', 0.9986206293106079), ('―', 0.7582801580429077), ('KWAh', 0.9972159266471863), ('Kvarh', 0.9985347986221313), ('88888888UaUbUc-Ia-Ib-Ic△L8◎T18', 0.9445666074752808), ('88氘§｛∩ē阀Й逆相序成功失败请购电拉闸', 0.9668246507644653)]

2022-07-20 09:13:17,987: detec_list: 接收参数：[图片路径：./photo/img4/PICTURE4\3530001000101427155589.jpg，配置文件路径：./photo/ini4 ]
识别结果：[('★', 0.9996471405029297), ('当前上18月组合反正向无有功IIIV总费率18', 0.9583839774131775), ('ABCNCOSΦ阶梯剩余需电量费价失压流动率时间段', 0.9448999166488647), ('8888888888', 0.9568255543708801), ('元', 0.9981728792190552), ('―', 0.9959256649017334), ('KWAh', 0.9895786046981812), ('Kvarh', 0.9950310587882996), ('88888888UaUbUc-Ia-Ib-Ic△L8◎T18', 0.9785559773445129), ('88氘§｛∩ē阀Й逆相序成功失败请购电拉闸', 0.9407719969749451)]

2022-07-20 09:13:17,987: detec_list: 接收参数：[图片路径：./photo/img4/PICTURE4\3530001000101427155589.jpg，配置文件路径：./photo/ini4 ]
识别结果：[('★', 0.9996471405029297), ('当前上18月组合反正向无有功IIIV总费率18', 0.9583839774131775), ('ABCNCOSΦ阶梯剩余需电量费价失压流动率时间段', 0.9448999166488647), ('8888888888', 0.9568255543708801), ('元', 0.9981728792190552), ('―', 0.9959256649017334), ('KWAh', 0.9895786046981812), ('Kvarh', 0.9950310587882996), ('88888888UaUbUc-Ia-Ib-Ic△L8◎T18', 0.9785559773445129), ('88氘§｛∩ē阀Й逆相序成功失败请购电拉闸', 0.9407719969749451)]

2022-07-20 13:57:07,569: detec_list: 接收参数：[图片路径：./photo/img6/PICTURE1\3530001000101427171442.jpg，配置文件路径：./photo/ini6 ]
识别结果：[('★', 0.99957674741745), ('当前上18月组合反正向无有功IIIV总费率18', 0.9626560807228088), ('ABCNCOSΦ阶梯剩余需电量费价失压流动率时间段', 0.9306812882423401), ('8888888888', 0.9921127557754517), ('元', 0.9966151118278503), ('―', 0.998206615447998), ('KWAh', 0.9661116600036621), ('Kvarh', 0.9869363903999329), ('88888888UaUbUc-Ia-Ib-Ic△L8◎T18', 0.9898048043251038), ('88氘§｛∩ē阀Й逆相序成功失败请购电拉闸', 0.9495244026184082)]

2022-07-20 13:57:07,570: detec_list: 接收参数：[图片路径：./photo/img6/PICTURE1\3530001000101427171442.jpg，配置文件路径：./photo/ini6 ]
识别结果：[('★', 0.99957674741745), ('当前上18月组合反正向无有功IIIV总费率18', 0.9626560807228088), ('ABCNCOSΦ阶梯剩余需电量费价失压流动率时间段', 0.9306812882423401), ('8888888888', 0.9921127557754517), ('元', 0.9966151118278503), ('―', 0.998206615447998), ('KWAh', 0.9661116600036621), ('Kvarh', 0.9869363903999329), ('88888888UaUbUc-Ia-Ib-Ic△L8◎T18', 0.9898048043251038), ('88氘§｛∩ē阀Й逆相序成功失败请购电拉闸', 0.9495244026184082)]

2022-07-20 13:57:09,131: detec_list: 接收参数：[图片路径：./photo/img6/PICTURE2\3530001000101427171480.jpg，配置文件路径：./photo/ini6 ]
识别结果：[('★', 0.9995076656341553), ('当前上18月组合反正向无有功IIIV总费率18', 0.9182472229003906), ('ABCNCOSΦ阶梯剩余需电量费价失压流动率时间段', 0.9636629223823547), ('8888888888', 0.9730907678604126), ('元', 0.9945608973503113), ('―', 0.9665862917900085), ('KWAh', 0.9814664125442505), ('Kvarh', 0.9948828816413879), ('88888888UaUbUc-Ia-Ib-Ic△L8◎T18', 0.9709743857383728), ('88氘§｛∩ē阀Й逆相序成功失败请购电拉闸', 0.9467542171478271)]

2022-07-20 13:57:09,131: detec_list: 接收参数：[图片路径：./photo/img6/PICTURE2\3530001000101427171480.jpg，配置文件路径：./photo/ini6 ]
识别结果：[('★', 0.9995076656341553), ('当前上18月组合反正向无有功IIIV总费率18', 0.9182472229003906), ('ABCNCOSΦ阶梯剩余需电量费价失压流动率时间段', 0.9636629223823547), ('8888888888', 0.9730907678604126), ('元', 0.9945608973503113), ('―', 0.9665862917900085), ('KWAh', 0.9814664125442505), ('Kvarh', 0.9948828816413879), ('88888888UaUbUc-Ia-Ib-Ic△L8◎T18', 0.9709743857383728), ('88氘§｛∩ē阀Й逆相序成功失败请购电拉闸', 0.9467542171478271)]

2022-07-20 13:57:10,708: detec_list: 接收参数：[图片路径：./photo/img6/PICTURE3\3530001000101427170193.jpg，配置文件路径：./photo/ini6 ]
识别结果：[('★', 0.9995108842849731), ('当前上18月组合反正向无有功IIIV总费率18', 0.9550628662109375), ('ABCNCOSΦ阶梯剩余需电量费价失压流动率时间段', 0.9661880731582642), ('8888888888', 0.9775950312614441), ('元', 0.9967057108879089), ('―', 0.9434123039245605), ('KWAh', 0.9050396680831909), ('Kvarh', 0.9976232647895813), ('88888888UaUbUc-Ia-Ib-Ic△L8◎T18', 0.9823175668716431), ('88氘§｛∩ē阀Й逆相序成功失败请购电拉闸', 0.9183639287948608)]

2022-07-20 13:57:10,708: detec_list: 接收参数：[图片路径：./photo/img6/PICTURE3\3530001000101427170193.jpg，配置文件路径：./photo/ini6 ]
识别结果：[('★', 0.9995108842849731), ('当前上18月组合反正向无有功IIIV总费率18', 0.9550628662109375), ('ABCNCOSΦ阶梯剩余需电量费价失压流动率时间段', 0.9661880731582642), ('8888888888', 0.9775950312614441), ('元', 0.9967057108879089), ('―', 0.9434123039245605), ('KWAh', 0.9050396680831909), ('Kvarh', 0.9976232647895813), ('88888888UaUbUc-Ia-Ib-Ic△L8◎T18', 0.9823175668716431), ('88氘§｛∩ē阀Й逆相序成功失败请购电拉闸', 0.9183639287948608)]

2022-07-20 13:57:12,268: detec_list: 接收参数：[图片路径：./photo/img6/PICTURE4\3530001000101427141575.jpg，配置文件路径：./photo/ini6 ]
识别结果：[('★', 0.9994553923606873), ('当前上18月组合反正向无有功IIIV总费率18', 0.937283992767334), ('ABCNCOSΦ阶梯剩余需电量费价失压流动率时间段', 0.9856256246566772), ('8888888888', 0.9370976686477661), ('元', 0.9937859773635864), ('―', 0.5361906886100769), ('KWAh', 0.9967726469039917), ('Kvarh', 0.9974980354309082), ('88888888UaUbUc-Ia-Ib-Ic△L8◎T18', 0.9831269979476929), ('88氘§｛∩ē阀Й逆相序成功失败请购电拉闸', 0.9581341743469238)]

2022-07-20 13:57:12,268: detec_list: 接收参数：[图片路径：./photo/img6/PICTURE4\3530001000101427141575.jpg，配置文件路径：./photo/ini6 ]
识别结果：[('★', 0.9994553923606873), ('当前上18月组合反正向无有功IIIV总费率18', 0.937283992767334), ('ABCNCOSΦ阶梯剩余需电量费价失压流动率时间段', 0.9856256246566772), ('8888888888', 0.9370976686477661), ('元', 0.9937859773635864), ('―', 0.5361906886100769), ('KWAh', 0.9967726469039917), ('Kvarh', 0.9974980354309082), ('88888888UaUbUc-Ia-Ib-Ic△L8◎T18', 0.9831269979476929), ('88氘§｛∩ē阀Й逆相序成功失败请购电拉闸', 0.9581341743469238)]

2022-07-20 16:11:01,327: detec_list: 接收参数：[图片路径：./photo/img6/PICTURE1\3530001000101427171442.jpg，配置文件路径：./photo/ini6 ]
识别结果：[('★', 0.99957674741745), ('当前上18月组合反正向无有功IIIV总费率18', 0.9626560807228088), ('ABCNCOSΦ阶梯剩余需电量费价失压流动率时间段', 0.9306812882423401), ('8888888888', 0.9921127557754517), ('元', 0.9966151118278503), ('―', 0.998206615447998), ('KWAh', 0.9661116600036621), ('Kvarh', 0.9869363903999329), ('88888888UaUbUc-Ia-Ib-Ic△L8◎T18', 0.9898048043251038), ('88氘§｛∩ē阀Й逆相序成功失败请购电拉闸', 0.9495244026184082)]

2022-07-20 16:11:01,327: detec_list: 接收参数：[图片路径：./photo/img6/PICTURE1\3530001000101427171442.jpg，配置文件路径：./photo/ini6 ]
识别结果：[('★', 0.99957674741745), ('当前上18月组合反正向无有功IIIV总费率18', 0.9626560807228088), ('ABCNCOSΦ阶梯剩余需电量费价失压流动率时间段', 0.9306812882423401), ('8888888888', 0.9921127557754517), ('元', 0.9966151118278503), ('―', 0.998206615447998), ('KWAh', 0.9661116600036621), ('Kvarh', 0.9869363903999329), ('88888888UaUbUc-Ia-Ib-Ic△L8◎T18', 0.9898048043251038), ('88氘§｛∩ē阀Й逆相序成功失败请购电拉闸', 0.9495244026184082)]

2022-07-20 16:11:02,886: detec_list: 接收参数：[图片路径：./photo/img6/PICTURE2\3530001000101427171480.jpg，配置文件路径：./photo/ini6 ]
识别结果：[('★', 0.9995076656341553), ('当前上18月组合反正向无有功IIIV总费率18', 0.9182472229003906), ('ABCNCOSΦ阶梯剩余需电量费价失压流动率时间段', 0.9636629223823547), ('8888888888', 0.9730907678604126), ('元', 0.9945608973503113), ('―', 0.9665862917900085), ('KWAh', 0.9814664125442505), ('Kvarh', 0.9948828816413879), ('88888888UaUbUc-Ia-Ib-Ic△L8◎T18', 0.9709743857383728), ('88氘§｛∩ē阀Й逆相序成功失败请购电拉闸', 0.9467542171478271)]

2022-07-20 16:11:02,886: detec_list: 接收参数：[图片路径：./photo/img6/PICTURE2\3530001000101427171480.jpg，配置文件路径：./photo/ini6 ]
识别结果：[('★', 0.9995076656341553), ('当前上18月组合反正向无有功IIIV总费率18', 0.9182472229003906), ('ABCNCOSΦ阶梯剩余需电量费价失压流动率时间段', 0.9636629223823547), ('8888888888', 0.9730907678604126), ('元', 0.9945608973503113), ('―', 0.9665862917900085), ('KWAh', 0.9814664125442505), ('Kvarh', 0.9948828816413879), ('88888888UaUbUc-Ia-Ib-Ic△L8◎T18', 0.9709743857383728), ('88氘§｛∩ē阀Й逆相序成功失败请购电拉闸', 0.9467542171478271)]

2022-07-20 16:11:04,464: detec_list: 接收参数：[图片路径：./photo/img6/PICTURE3\3530001000101427170193.jpg，配置文件路径：./photo/ini6 ]
识别结果：[('★', 0.9995108842849731), ('当前上18月组合反正向无有功IIIV总费率18', 0.9550628662109375), ('ABCNCOSΦ阶梯剩余需电量费价失压流动率时间段', 0.9661880731582642), ('8888888888', 0.9775950312614441), ('元', 0.9967057108879089), ('―', 0.9434123039245605), ('KWAh', 0.9050396680831909), ('Kvarh', 0.9976232647895813), ('88888888UaUbUc-Ia-Ib-Ic△L8◎T18', 0.9823175668716431), ('88氘§｛∩ē阀Й逆相序成功失败请购电拉闸', 0.9183639287948608)]

2022-07-20 16:11:04,464: detec_list: 接收参数：[图片路径：./photo/img6/PICTURE3\3530001000101427170193.jpg，配置文件路径：./photo/ini6 ]
识别结果：[('★', 0.9995108842849731), ('当前上18月组合反正向无有功IIIV总费率18', 0.9550628662109375), ('ABCNCOSΦ阶梯剩余需电量费价失压流动率时间段', 0.9661880731582642), ('8888888888', 0.9775950312614441), ('元', 0.9967057108879089), ('―', 0.9434123039245605), ('KWAh', 0.9050396680831909), ('Kvarh', 0.9976232647895813), ('88888888UaUbUc-Ia-Ib-Ic△L8◎T18', 0.9823175668716431), ('88氘§｛∩ē阀Й逆相序成功失败请购电拉闸', 0.9183639287948608)]

2022-07-20 16:11:06,033: detec_list: 接收参数：[图片路径：./photo/img6/PICTURE4\3530001000101427141575.jpg，配置文件路径：./photo/ini6 ]
识别结果：[('★', 0.9994553923606873), ('当前上18月组合反正向无有功IIIV总费率18', 0.937283992767334), ('ABCNCOSΦ阶梯剩余需电量费价失压流动率时间段', 0.9856256246566772), ('8888888888', 0.9370976686477661), ('元', 0.9937859773635864), ('―', 0.5361906886100769), ('KWAh', 0.9967726469039917), ('Kvarh', 0.9974980354309082), ('88888888UaUbUc-Ia-Ib-Ic△L8◎T18', 0.9831269979476929), ('88氘§｛∩ē阀Й逆相序成功失败请购电拉闸', 0.9581341743469238)]

2022-07-20 16:11:06,033: detec_list: 接收参数：[图片路径：./photo/img6/PICTURE4\3530001000101427141575.jpg，配置文件路径：./photo/ini6 ]
识别结果：[('★', 0.9994553923606873), ('当前上18月组合反正向无有功IIIV总费率18', 0.937283992767334), ('ABCNCOSΦ阶梯剩余需电量费价失压流动率时间段', 0.9856256246566772), ('8888888888', 0.9370976686477661), ('元', 0.9937859773635864), ('―', 0.5361906886100769), ('KWAh', 0.9967726469039917), ('Kvarh', 0.9974980354309082), ('88888888UaUbUc-Ia-Ib-Ic△L8◎T18', 0.9831269979476929), ('88氘§｛∩ē阀Й逆相序成功失败请购电拉闸', 0.9581341743469238)]

2022-07-20 16:11:07,606: detec_list: 接收参数：[图片路径：./photo/img6/PICTURE4\Inked3530001000101427141575.jpg，配置文件路径：./photo/ini6 ]
识别结果：[('★', 0.9994491934776306), ('当前上18月组合反正向无有功IIIV总费率18', 0.9427674412727356), ('ABCNCOSΦ阶梯剩余需电量费价失压流动率时间段', 0.9755286574363708), ('8888888888', 0.932284951210022), ('元', 0.9934455156326294), ('―', 0.5303887724876404), ('KWAh', 0.9967142343521118), ('Kvarh', 0.9975533485412598), ('88888888UaUbUc-Ia-Ib-Ic△L8◎T18', 0.9748935699462891), ('88氘§｛∩ē阀Й逆相序成功失败请购电拉闸', 0.9344510436058044)]

2022-07-20 16:11:07,606: detec_list: 接收参数：[图片路径：./photo/img6/PICTURE4\Inked3530001000101427141575.jpg，配置文件路径：./photo/ini6 ]
识别结果：[('★', 0.9994491934776306), ('当前上18月组合反正向无有功IIIV总费率18', 0.9427674412727356), ('ABCNCOSΦ阶梯剩余需电量费价失压流动率时间段', 0.9755286574363708), ('8888888888', 0.932284951210022), ('元', 0.9934455156326294), ('―', 0.5303887724876404), ('KWAh', 0.9967142343521118), ('Kvarh', 0.9975533485412598), ('88888888UaUbUc-Ia-Ib-Ic△L8◎T18', 0.9748935699462891), ('88氘§｛∩ē阀Й逆相序成功失败请购电拉闸', 0.9344510436058044)]

2022-07-20 16:14:29,761: detec_list: 接收参数：[图片路径：./photo/img6/PICTURE1\3530001000101427171442.jpg，配置文件路径：./photo/ini6 ]
识别结果：[('★', 0.99957674741745), ('当前上18月组合反正向无有功IIIV总费率18', 0.9626560807228088), ('ABCNCOSΦ阶梯剩余需电量费价失压流动率时间段', 0.9306812882423401), ('8888888888', 0.9921127557754517), ('元', 0.9966151118278503), ('―', 0.998206615447998), ('KWAh', 0.9661116600036621), ('Kvarh', 0.9869363903999329), ('88888888UaUbUc-Ia-Ib-Ic△L8◎T18', 0.9898048043251038), ('88氘§｛∩ē阀Й逆相序成功失败请购电拉闸', 0.9495244026184082)]

2022-07-20 16:14:29,761: detec_list: 接收参数：[图片路径：./photo/img6/PICTURE1\3530001000101427171442.jpg，配置文件路径：./photo/ini6 ]
识别结果：[('★', 0.99957674741745), ('当前上18月组合反正向无有功IIIV总费率18', 0.9626560807228088), ('ABCNCOSΦ阶梯剩余需电量费价失压流动率时间段', 0.9306812882423401), ('8888888888', 0.9921127557754517), ('元', 0.9966151118278503), ('―', 0.998206615447998), ('KWAh', 0.9661116600036621), ('Kvarh', 0.9869363903999329), ('88888888UaUbUc-Ia-Ib-Ic△L8◎T18', 0.9898048043251038), ('88氘§｛∩ē阀Й逆相序成功失败请购电拉闸', 0.9495244026184082)]

2022-07-20 16:14:31,445: detec_list: 接收参数：[图片路径：./photo/img6/PICTURE2\3530001000101427171480.jpg，配置文件路径：./photo/ini6 ]
识别结果：[('★', 0.9995076656341553), ('当前上18月组合反正向无有功IIIV总费率18', 0.9182472229003906), ('ABCNCOSΦ阶梯剩余需电量费价失压流动率时间段', 0.9636629223823547), ('8888888888', 0.9730907678604126), ('元', 0.9945608973503113), ('―', 0.9665862917900085), ('KWAh', 0.9814664125442505), ('Kvarh', 0.9948828816413879), ('88888888UaUbUc-Ia-Ib-Ic△L8◎T18', 0.9709743857383728), ('88氘§｛∩ē阀Й逆相序成功失败请购电拉闸', 0.9467542171478271)]

2022-07-20 16:14:31,445: detec_list: 接收参数：[图片路径：./photo/img6/PICTURE2\3530001000101427171480.jpg，配置文件路径：./photo/ini6 ]
识别结果：[('★', 0.9995076656341553), ('当前上18月组合反正向无有功IIIV总费率18', 0.9182472229003906), ('ABCNCOSΦ阶梯剩余需电量费价失压流动率时间段', 0.9636629223823547), ('8888888888', 0.9730907678604126), ('元', 0.9945608973503113), ('―', 0.9665862917900085), ('KWAh', 0.9814664125442505), ('Kvarh', 0.9948828816413879), ('88888888UaUbUc-Ia-Ib-Ic△L8◎T18', 0.9709743857383728), ('88氘§｛∩ē阀Й逆相序成功失败请购电拉闸', 0.9467542171478271)]

2022-07-20 16:14:33,083: detec_list: 接收参数：[图片路径：./photo/img6/PICTURE3\3530001000101427170193.jpg，配置文件路径：./photo/ini6 ]
识别结果：[('★', 0.9995108842849731), ('当前上18月组合反正向无有功IIIV总费率18', 0.9550628662109375), ('ABCNCOSΦ阶梯剩余需电量费价失压流动率时间段', 0.9661880731582642), ('8888888888', 0.9775950312614441), ('元', 0.9967057108879089), ('―', 0.9434123039245605), ('KWAh', 0.9050396680831909), ('Kvarh', 0.9976232647895813), ('88888888UaUbUc-Ia-Ib-Ic△L8◎T18', 0.9823175668716431), ('88氘§｛∩ē阀Й逆相序成功失败请购电拉闸', 0.9183639287948608)]

2022-07-20 16:14:33,083: detec_list: 接收参数：[图片路径：./photo/img6/PICTURE3\3530001000101427170193.jpg，配置文件路径：./photo/ini6 ]
识别结果：[('★', 0.9995108842849731), ('当前上18月组合反正向无有功IIIV总费率18', 0.9550628662109375), ('ABCNCOSΦ阶梯剩余需电量费价失压流动率时间段', 0.9661880731582642), ('8888888888', 0.9775950312614441), ('元', 0.9967057108879089), ('―', 0.9434123039245605), ('KWAh', 0.9050396680831909), ('Kvarh', 0.9976232647895813), ('88888888UaUbUc-Ia-Ib-Ic△L8◎T18', 0.9823175668716431), ('88氘§｛∩ē阀Й逆相序成功失败请购电拉闸', 0.9183639287948608)]

2022-07-20 16:14:34,775: detec_list: 接收参数：[图片路径：./photo/img6/PICTURE4\3530001000101427141575.jpg，配置文件路径：./photo/ini6 ]
识别结果：[('★', 0.9994553923606873), ('当前上18月组合反正向无有功IIIV总费率18', 0.937283992767334), ('ABCNCOSΦ阶梯剩余需电量费价失压流动率时间段', 0.9856256246566772), ('8888888888', 0.9370976686477661), ('元', 0.9937859773635864), ('―', 0.5361906886100769), ('KWAh', 0.9967726469039917), ('Kvarh', 0.9974980354309082), ('88888888UaUbUc-Ia-Ib-Ic△L8◎T18', 0.9831269979476929), ('88氘§｛∩ē阀Й逆相序成功失败请购电拉闸', 0.9581341743469238)]

2022-07-20 16:14:34,775: detec_list: 接收参数：[图片路径：./photo/img6/PICTURE4\3530001000101427141575.jpg，配置文件路径：./photo/ini6 ]
识别结果：[('★', 0.9994553923606873), ('当前上18月组合反正向无有功IIIV总费率18', 0.937283992767334), ('ABCNCOSΦ阶梯剩余需电量费价失压流动率时间段', 0.9856256246566772), ('8888888888', 0.9370976686477661), ('元', 0.9937859773635864), ('―', 0.5361906886100769), ('KWAh', 0.9967726469039917), ('Kvarh', 0.9974980354309082), ('88888888UaUbUc-Ia-Ib-Ic△L8◎T18', 0.9831269979476929), ('88氘§｛∩ē阀Й逆相序成功失败请购电拉闸', 0.9581341743469238)]

2022-07-20 16:14:36,362: detec_list: 接收参数：[图片路径：./photo/img6/PICTURE4\Inked3530001000101427141575.jpg，配置文件路径：./photo/ini6 ]
识别结果：[('★', 0.9994491934776306), ('当前上18月组合反正向无有功IIIV总费率18', 0.9427674412727356), ('ABCNCOSΦ阶梯剩余需电量费价失压流动率时间段', 0.9755286574363708), ('8888888888', 0.9700474739074707), ('元', 0.9934455156326294), ('―', 0.5303887724876404), ('KWAh', 0.9967585206031799), ('Kvarh', 0.9975533485412598), ('88888888UaUbUc-Ia-Ib-Ic△L8◎T18', 0.994758665561676), ('88氘§｛∩ē阀Й逆相序成功失败请购电拉闸', 0.9344510436058044)]

2022-07-20 16:14:36,362: detec_list: 接收参数：[图片路径：./photo/img6/PICTURE4\Inked3530001000101427141575.jpg，配置文件路径：./photo/ini6 ]
识别结果：[('★', 0.9994491934776306), ('当前上18月组合反正向无有功IIIV总费率18', 0.9427674412727356), ('ABCNCOSΦ阶梯剩余需电量费价失压流动率时间段', 0.9755286574363708), ('8888888888', 0.9700474739074707), ('元', 0.9934455156326294), ('―', 0.5303887724876404), ('KWAh', 0.9967585206031799), ('Kvarh', 0.9975533485412598), ('88888888UaUbUc-Ia-Ib-Ic△L8◎T18', 0.994758665561676), ('88氘§｛∩ē阀Й逆相序成功失败请购电拉闸', 0.9344510436058044)]

2022-07-20 16:16:00,820: detec_list: 接收参数：[图片路径：./photo/img6/PICTURE1\3530001000101427171442.jpg，配置文件路径：./photo/ini6 ]
识别结果：[('★', 0.99957674741745), ('当前上18月组合反正向无有功IIIV总费率18', 0.9626560807228088), ('ABCNCOSΦ阶梯剩余需电量费价失压流动率时间段', 0.9306812882423401), ('8888888888', 0.9921127557754517), ('元', 0.9966151118278503), ('―', 0.998206615447998), ('KWAh', 0.9661116600036621), ('Kvarh', 0.9869363903999329), ('88888888UaUbUc-Ia-Ib-Ic△L8◎T18', 0.9898048043251038), ('88氘§｛∩ē阀Й逆相序成功失败请购电拉闸', 0.9495244026184082)]

2022-07-20 16:16:00,820: detec_list: 接收参数：[图片路径：./photo/img6/PICTURE1\3530001000101427171442.jpg，配置文件路径：./photo/ini6 ]
识别结果：[('★', 0.99957674741745), ('当前上18月组合反正向无有功IIIV总费率18', 0.9626560807228088), ('ABCNCOSΦ阶梯剩余需电量费价失压流动率时间段', 0.9306812882423401), ('8888888888', 0.9921127557754517), ('元', 0.9966151118278503), ('―', 0.998206615447998), ('KWAh', 0.9661116600036621), ('Kvarh', 0.9869363903999329), ('88888888UaUbUc-Ia-Ib-Ic△L8◎T18', 0.9898048043251038), ('88氘§｛∩ē阀Й逆相序成功失败请购电拉闸', 0.9495244026184082)]

2022-07-20 16:16:02,395: detec_list: 接收参数：[图片路径：./photo/img6/PICTURE2\3530001000101427171480.jpg，配置文件路径：./photo/ini6 ]
识别结果：[('★', 0.9995076656341553), ('当前上18月组合反正向无有功IIIV总费率18', 0.9182472229003906), ('ABCNCOSΦ阶梯剩余需电量费价失压流动率时间段', 0.9636629223823547), ('8888888888', 0.9730907678604126), ('元', 0.9945608973503113), ('―', 0.9665862917900085), ('KWAh', 0.9814664125442505), ('Kvarh', 0.9948828816413879), ('88888888UaUbUc-Ia-Ib-Ic△L8◎T18', 0.9709743857383728), ('88氘§｛∩ē阀Й逆相序成功失败请购电拉闸', 0.9467542171478271)]

2022-07-20 16:16:02,395: detec_list: 接收参数：[图片路径：./photo/img6/PICTURE2\3530001000101427171480.jpg，配置文件路径：./photo/ini6 ]
识别结果：[('★', 0.9995076656341553), ('当前上18月组合反正向无有功IIIV总费率18', 0.9182472229003906), ('ABCNCOSΦ阶梯剩余需电量费价失压流动率时间段', 0.9636629223823547), ('8888888888', 0.9730907678604126), ('元', 0.9945608973503113), ('―', 0.9665862917900085), ('KWAh', 0.9814664125442505), ('Kvarh', 0.9948828816413879), ('88888888UaUbUc-Ia-Ib-Ic△L8◎T18', 0.9709743857383728), ('88氘§｛∩ē阀Й逆相序成功失败请购电拉闸', 0.9467542171478271)]

2022-07-20 16:16:03,967: detec_list: 接收参数：[图片路径：./photo/img6/PICTURE3\3530001000101427170193.jpg，配置文件路径：./photo/ini6 ]
识别结果：[('★', 0.9995108842849731), ('当前上18月组合反正向无有功IIIV总费率18', 0.9550628662109375), ('ABCNCOSΦ阶梯剩余需电量费价失压流动率时间段', 0.9661880731582642), ('8888888888', 0.9775950312614441), ('元', 0.9967057108879089), ('―', 0.9434123039245605), ('KWAh', 0.9050396680831909), ('Kvarh', 0.9976232647895813), ('88888888UaUbUc-Ia-Ib-Ic△L8◎T18', 0.9823175668716431), ('88氘§｛∩ē阀Й逆相序成功失败请购电拉闸', 0.9183639287948608)]

2022-07-20 16:16:03,967: detec_list: 接收参数：[图片路径：./photo/img6/PICTURE3\3530001000101427170193.jpg，配置文件路径：./photo/ini6 ]
识别结果：[('★', 0.9995108842849731), ('当前上18月组合反正向无有功IIIV总费率18', 0.9550628662109375), ('ABCNCOSΦ阶梯剩余需电量费价失压流动率时间段', 0.9661880731582642), ('8888888888', 0.9775950312614441), ('元', 0.9967057108879089), ('―', 0.9434123039245605), ('KWAh', 0.9050396680831909), ('Kvarh', 0.9976232647895813), ('88888888UaUbUc-Ia-Ib-Ic△L8◎T18', 0.9823175668716431), ('88氘§｛∩ē阀Й逆相序成功失败请购电拉闸', 0.9183639287948608)]

2022-07-20 16:16:05,557: detec_list: 接收参数：[图片路径：./photo/img6/PICTURE4\001.jpg，配置文件路径：./photo/ini6 ]
识别结果：[('★', 0.9994493126869202), ('当前上18月组合反正向无有功IIIV总费率18', 0.9430076479911804), ('ABCNCOSΦ阶梯剩余需电量费价失压流动率时间段', 0.9813132286071777), ('8888888888', 0.8899433016777039), ('元', 0.9850475788116455), ('―', 0.5390863418579102), ('KWAh', 0.9979797601699829), ('Kvarh', 0.9975960850715637), ('88888888UaUbUc-Ia-Ib-Ic△L8◎T18', 0.9947690963745117), ('88氘§｛∩ē阀Й逆相序成功失败请购电拉闸', 0.9343200922012329)]

2022-07-20 16:16:05,557: detec_list: 接收参数：[图片路径：./photo/img6/PICTURE4\001.jpg，配置文件路径：./photo/ini6 ]
识别结果：[('★', 0.9994493126869202), ('当前上18月组合反正向无有功IIIV总费率18', 0.9430076479911804), ('ABCNCOSΦ阶梯剩余需电量费价失压流动率时间段', 0.9813132286071777), ('8888888888', 0.8899433016777039), ('元', 0.9850475788116455), ('―', 0.5390863418579102), ('KWAh', 0.9979797601699829), ('Kvarh', 0.9975960850715637), ('88888888UaUbUc-Ia-Ib-Ic△L8◎T18', 0.9947690963745117), ('88氘§｛∩ē阀Й逆相序成功失败请购电拉闸', 0.9343200922012329)]

2022-07-20 16:16:07,116: detec_list: 接收参数：[图片路径：./photo/img6/PICTURE4\3530001000101427141575.jpg，配置文件路径：./photo/ini6 ]
识别结果：[('★', 0.9994553923606873), ('当前上18月组合反正向无有功IIIV总费率18', 0.937283992767334), ('ABCNCOSΦ阶梯剩余需电量费价失压流动率时间段', 0.9856256246566772), ('8888888888', 0.9370976686477661), ('元', 0.9937859773635864), ('―', 0.5361906886100769), ('KWAh', 0.9967726469039917), ('Kvarh', 0.9974980354309082), ('88888888UaUbUc-Ia-Ib-Ic△L8◎T18', 0.9831269979476929), ('88氘§｛∩ē阀Й逆相序成功失败请购电拉闸', 0.9581341743469238)]

2022-07-20 16:16:07,116: detec_list: 接收参数：[图片路径：./photo/img6/PICTURE4\3530001000101427141575.jpg，配置文件路径：./photo/ini6 ]
识别结果：[('★', 0.9994553923606873), ('当前上18月组合反正向无有功IIIV总费率18', 0.937283992767334), ('ABCNCOSΦ阶梯剩余需电量费价失压流动率时间段', 0.9856256246566772), ('8888888888', 0.9370976686477661), ('元', 0.9937859773635864), ('―', 0.5361906886100769), ('KWAh', 0.9967726469039917), ('Kvarh', 0.9974980354309082), ('88888888UaUbUc-Ia-Ib-Ic△L8◎T18', 0.9831269979476929), ('88氘§｛∩ē阀Й逆相序成功失败请购电拉闸', 0.9581341743469238)]

2022-07-20 16:16:08,706: detec_list: 接收参数：[图片路径：./photo/img6/PICTURE4\Inked3530001000101427141575.jpg，配置文件路径：./photo/ini6 ]
识别结果：[('★', 0.9994491934776306), ('当前上18月组合反正向无有功IIIV总费率18', 0.9427674412727356), ('ABCNCOSΦ阶梯剩余需电量费价失压流动率时间段', 0.9755286574363708), ('8888888888', 0.9700474739074707), ('元', 0.9934455156326294), ('―', 0.5303887724876404), ('KWAh', 0.9967585206031799), ('Kvarh', 0.9975533485412598), ('88888888UaUbUc-Ia-Ib-Ic△L8◎T18', 0.994758665561676), ('88氘§｛∩ē阀Й逆相序成功失败请购电拉闸', 0.9344510436058044)]

2022-07-20 16:16:08,706: detec_list: 接收参数：[图片路径：./photo/img6/PICTURE4\Inked3530001000101427141575.jpg，配置文件路径：./photo/ini6 ]
识别结果：[('★', 0.9994491934776306), ('当前上18月组合反正向无有功IIIV总费率18', 0.9427674412727356), ('ABCNCOSΦ阶梯剩余需电量费价失压流动率时间段', 0.9755286574363708), ('8888888888', 0.9700474739074707), ('元', 0.9934455156326294), ('―', 0.5303887724876404), ('KWAh', 0.9967585206031799), ('Kvarh', 0.9975533485412598), ('88888888UaUbUc-Ia-Ib-Ic△L8◎T18', 0.994758665561676), ('88氘§｛∩ē阀Й逆相序成功失败请购电拉闸', 0.9344510436058044)]

2022-07-20 16:25:28,281: detec_list: 接收参数：[图片路径：./photo/img6/PICTURE1\3530001000101427171442.jpg，配置文件路径：./photo/ini6 ]
识别结果：[('★', 0.9999436140060425), ('当前上18月组合反正向无有功IIIV总费率18', 0.9787956476211548), ('ABCNCOSΦ阶梯剩余需电量费价失压流功率时间段', 0.9852316379547119), ('8888888888', 0.9908099174499512), ('元', 0.995661199092865), ('―', 0.5028742551803589), ('KWAh', 0.9309982061386108), ('Kvarh', 0.9964313507080078), ('88888888L88T18', 0.866516649723053), ('88氘§｛∩ē阀Й逆相序成功失败请购电拉闸', 0.9734750986099243)]

2022-07-20 16:25:28,281: detec_list: 接收参数：[图片路径：./photo/img6/PICTURE1\3530001000101427171442.jpg，配置文件路径：./photo/ini6 ]
识别结果：[('★', 0.9999436140060425), ('当前上18月组合反正向无有功IIIV总费率18', 0.9787956476211548), ('ABCNCOSΦ阶梯剩余需电量费价失压流功率时间段', 0.9852316379547119), ('8888888888', 0.9908099174499512), ('元', 0.995661199092865), ('―', 0.5028742551803589), ('KWAh', 0.9309982061386108), ('Kvarh', 0.9964313507080078), ('88888888L88T18', 0.866516649723053), ('88氘§｛∩ē阀Й逆相序成功失败请购电拉闸', 0.9734750986099243)]

2022-07-20 16:25:28,858: detec_list: 接收参数：[图片路径：./photo/img6/PICTURE2\3530001000101427171480.jpg，配置文件路径：./photo/ini6 ]
识别结果：[('★', 0.9999376535415649), ('当前上18月组合反正向无有功IIIV总费率18', 0.9331271052360535), ('ABCNCOSΦ阶梯剩余需电量费价失压流功率时间段', 0.9414778351783752), ('8888888888', 0.9663230180740356), ('元', 0.9938365817070007), ('―', 0.9806495904922485), ('KWAh', 0.9909985065460205), ('Kvarh', 0.9982396364212036), ('88888888ub2L88T18', 0.8353363275527954), ('88氘§｛∩ē阀Й逆相序成功失败请购电拉闸', 0.9308134913444519)]

2022-07-20 16:25:28,858: detec_list: 接收参数：[图片路径：./photo/img6/PICTURE2\3530001000101427171480.jpg，配置文件路径：./photo/ini6 ]
识别结果：[('★', 0.9999376535415649), ('当前上18月组合反正向无有功IIIV总费率18', 0.9331271052360535), ('ABCNCOSΦ阶梯剩余需电量费价失压流功率时间段', 0.9414778351783752), ('8888888888', 0.9663230180740356), ('元', 0.9938365817070007), ('―', 0.9806495904922485), ('KWAh', 0.9909985065460205), ('Kvarh', 0.9982396364212036), ('88888888ub2L88T18', 0.8353363275527954), ('88氘§｛∩ē阀Й逆相序成功失败请购电拉闸', 0.9308134913444519)]

2022-07-20 16:25:29,425: detec_list: 接收参数：[图片路径：./photo/img6/PICTURE3\3530001000101427170193.jpg，配置文件路径：./photo/ini6 ]
识别结果：[('★', 0.9999517202377319), ('当前上18月组合反正向无有功IIIV总费率18', 0.9537694454193115), ('ABCNCOSΦ阶梯剩余需电量费价失压流功率时间段', 0.9713533520698547), ('8888888888', 0.9799652099609375), ('元', 0.9960818886756897), ('―', 0.9778156280517578), ('KWAh', 0.9632201790809631), ('Kvarh', 0.999250590801239), ('88888888uc2L88T18', 0.893743097782135), ('88氘§｛∩ē阀Й逆相序成功失败请购电拉闸', 0.9269868731498718)]

2022-07-20 16:25:29,425: detec_list: 接收参数：[图片路径：./photo/img6/PICTURE3\3530001000101427170193.jpg，配置文件路径：./photo/ini6 ]
识别结果：[('★', 0.9999517202377319), ('当前上18月组合反正向无有功IIIV总费率18', 0.9537694454193115), ('ABCNCOSΦ阶梯剩余需电量费价失压流功率时间段', 0.9713533520698547), ('8888888888', 0.9799652099609375), ('元', 0.9960818886756897), ('―', 0.9778156280517578), ('KWAh', 0.9632201790809631), ('Kvarh', 0.999250590801239), ('88888888uc2L88T18', 0.893743097782135), ('88氘§｛∩ē阀Й逆相序成功失败请购电拉闸', 0.9269868731498718)]

2022-07-20 16:25:30,002: detec_list: 接收参数：[图片路径：./photo/img6/PICTURE4\001.jpg，配置文件路径：./photo/ini6 ]
识别结果：[('★', 0.9999418258666992), ('当前上18月组合反正向无有功IIIV总费率18', 0.9600759744644165), ('ABCNCOSΦ阶梯剩余需电量费价失压流功率时间段', 0.981173038482666), ('888888888', 0.9466879367828369), ('元', 0.9828267097473145), ('―', 0.6656522154808044), ('KWAh', 0.996881902217865), ('Kvarh', 0.9992481470108032), ('88888888ucb2L88T18', 0.8919464945793152), ('88氘§｛∩ē阀Й逆相序成功失败请购电拉闸', 0.9493050575256348)]

2022-07-20 16:25:30,002: detec_list: 接收参数：[图片路径：./photo/img6/PICTURE4\001.jpg，配置文件路径：./photo/ini6 ]
识别结果：[('★', 0.9999418258666992), ('当前上18月组合反正向无有功IIIV总费率18', 0.9600759744644165), ('ABCNCOSΦ阶梯剩余需电量费价失压流功率时间段', 0.981173038482666), ('888888888', 0.9466879367828369), ('元', 0.9828267097473145), ('―', 0.6656522154808044), ('KWAh', 0.996881902217865), ('Kvarh', 0.9992481470108032), ('88888888ucb2L88T18', 0.8919464945793152), ('88氘§｛∩ē阀Й逆相序成功失败请购电拉闸', 0.9493050575256348)]

2022-07-20 16:25:30,554: detec_list: 接收参数：[图片路径：./photo/img6/PICTURE4\3530001000101427141575.jpg，配置文件路径：./photo/ini6 ]
识别结果：[('★', 0.9999432563781738), ('当前上18月组合反正向无有功IIIV总费率18', 0.955048680305481), ('ABCNCOSΦ阶梯剩余需电量费价失压流功率时间段', 0.9777894616127014), ('8888888888', 0.940783679485321), ('元', 0.9932331442832947), ('―', 0.6485403180122375), ('KWAh', 0.9956924915313721), ('Kvarh', 0.9992173910140991), ('88888888u2L88T8', 0.8795318603515625), ('88氘§｛∩ē阀Й逆相序成功失败请购电拉闸', 0.9816697239875793)]

2022-07-20 16:25:30,554: detec_list: 接收参数：[图片路径：./photo/img6/PICTURE4\3530001000101427141575.jpg，配置文件路径：./photo/ini6 ]
识别结果：[('★', 0.9999432563781738), ('当前上18月组合反正向无有功IIIV总费率18', 0.955048680305481), ('ABCNCOSΦ阶梯剩余需电量费价失压流功率时间段', 0.9777894616127014), ('8888888888', 0.940783679485321), ('元', 0.9932331442832947), ('―', 0.6485403180122375), ('KWAh', 0.9956924915313721), ('Kvarh', 0.9992173910140991), ('88888888u2L88T8', 0.8795318603515625), ('88氘§｛∩ē阀Й逆相序成功失败请购电拉闸', 0.9816697239875793)]

2022-07-20 16:25:31,137: detec_list: 接收参数：[图片路径：./photo/img6/PICTURE4\Inked3530001000101427141575.jpg，配置文件路径：./photo/ini6 ]
识别结果：[('★', 0.9999433755874634), ('当前上18月组合反正向无有功IIIV总费率18', 0.9600122570991516), ('ABCNCOSΦ阶梯剩余需电量费价失压流功率时间段', 0.9795960187911987), ('8888888888', 0.9613356590270996), ('元', 0.9928596019744873), ('―', 0.6532121300697327), ('KWAh', 0.9956480264663696), ('Kvarh', 0.9992341995239258), ('88888888ucb2L88T18', 0.8900362849235535), ('88氘§｛∩ē阀Й逆相序成功失败请购电拉闸', 0.949478805065155)]

2022-07-20 16:25:31,137: detec_list: 接收参数：[图片路径：./photo/img6/PICTURE4\Inked3530001000101427141575.jpg，配置文件路径：./photo/ini6 ]
识别结果：[('★', 0.9999433755874634), ('当前上18月组合反正向无有功IIIV总费率18', 0.9600122570991516), ('ABCNCOSΦ阶梯剩余需电量费价失压流功率时间段', 0.9795960187911987), ('8888888888', 0.9613356590270996), ('元', 0.9928596019744873), ('―', 0.6532121300697327), ('KWAh', 0.9956480264663696), ('Kvarh', 0.9992341995239258), ('88888888ucb2L88T18', 0.8900362849235535), ('88氘§｛∩ē阀Й逆相序成功失败请购电拉闸', 0.949478805065155)]

2022-07-20 16:30:10,467: detec_list: 接收参数：[图片路径：./photo/img6/PICTURE1\3530001000101427171442.jpg，配置文件路径：./photo/ini6 ]
识别结果：[('★', 0.99957674741745), ('当前上18月组合反正向无有功IIIV总费率18', 0.9626560807228088), ('ABCNCOSΦ阶梯剩余需电量费价失压流动率时间段', 0.9306812882423401), ('8888888888', 0.9921127557754517), ('元', 0.9966151118278503), ('―', 0.998206615447998), ('KWAh', 0.9661116600036621), ('Kvarh', 0.9869363903999329), ('88888888UaUbUc-Ia-Ib-Ic△L8◎T18', 0.9898048043251038), ('88氘§｛∩ē阀Й逆相序成功失败请购电拉闸', 0.9495244026184082)]

2022-07-20 16:30:10,467: detec_list: 接收参数：[图片路径：./photo/img6/PICTURE1\3530001000101427171442.jpg，配置文件路径：./photo/ini6 ]
识别结果：[('★', 0.99957674741745), ('当前上18月组合反正向无有功IIIV总费率18', 0.9626560807228088), ('ABCNCOSΦ阶梯剩余需电量费价失压流动率时间段', 0.9306812882423401), ('8888888888', 0.9921127557754517), ('元', 0.9966151118278503), ('―', 0.998206615447998), ('KWAh', 0.9661116600036621), ('Kvarh', 0.9869363903999329), ('88888888UaUbUc-Ia-Ib-Ic△L8◎T18', 0.9898048043251038), ('88氘§｛∩ē阀Й逆相序成功失败请购电拉闸', 0.9495244026184082)]

2022-07-20 16:30:10,997: detec_list: 接收参数：[图片路径：./photo/img6/PICTURE2\3530001000101427171480.jpg，配置文件路径：./photo/ini6 ]
识别结果：[('★', 0.9995076656341553), ('当前上18月组合反正向无有功IIIV总费率18', 0.9182472229003906), ('ABCNCOSΦ阶梯剩余需电量费价失压流动率时间段', 0.9636629223823547), ('8888888888', 0.9730907678604126), ('元', 0.9945608973503113), ('―', 0.9665862917900085), ('KWAh', 0.9814664125442505), ('Kvarh', 0.9948828816413879), ('88888888UaUbUc-Ia-Ib-Ic△L8◎T18', 0.9709743857383728), ('88氘§｛∩ē阀Й逆相序成功失败请购电拉闸', 0.9467542171478271)]

2022-07-20 16:30:10,997: detec_list: 接收参数：[图片路径：./photo/img6/PICTURE2\3530001000101427171480.jpg，配置文件路径：./photo/ini6 ]
识别结果：[('★', 0.9995076656341553), ('当前上18月组合反正向无有功IIIV总费率18', 0.9182472229003906), ('ABCNCOSΦ阶梯剩余需电量费价失压流动率时间段', 0.9636629223823547), ('8888888888', 0.9730907678604126), ('元', 0.9945608973503113), ('―', 0.9665862917900085), ('KWAh', 0.9814664125442505), ('Kvarh', 0.9948828816413879), ('88888888UaUbUc-Ia-Ib-Ic△L8◎T18', 0.9709743857383728), ('88氘§｛∩ē阀Й逆相序成功失败请购电拉闸', 0.9467542171478271)]

2022-07-20 16:30:11,548: detec_list: 接收参数：[图片路径：./photo/img6/PICTURE3\3530001000101427170193.jpg，配置文件路径：./photo/ini6 ]
识别结果：[('★', 0.9995108842849731), ('当前上18月组合反正向无有功IIIV总费率18', 0.9550628662109375), ('ABCNCOSΦ阶梯剩余需电量费价失压流动率时间段', 0.9661880731582642), ('8888888888', 0.9775950312614441), ('元', 0.9967057108879089), ('―', 0.9434123039245605), ('KWAh', 0.9050396680831909), ('Kvarh', 0.9976232647895813), ('88888888UaUbUc-Ia-Ib-Ic△L8◎T18', 0.9823175668716431), ('88氘§｛∩ē阀Й逆相序成功失败请购电拉闸', 0.9183639287948608)]

2022-07-20 16:30:11,549: detec_list: 接收参数：[图片路径：./photo/img6/PICTURE3\3530001000101427170193.jpg，配置文件路径：./photo/ini6 ]
识别结果：[('★', 0.9995108842849731), ('当前上18月组合反正向无有功IIIV总费率18', 0.9550628662109375), ('ABCNCOSΦ阶梯剩余需电量费价失压流动率时间段', 0.9661880731582642), ('8888888888', 0.9775950312614441), ('元', 0.9967057108879089), ('―', 0.9434123039245605), ('KWAh', 0.9050396680831909), ('Kvarh', 0.9976232647895813), ('88888888UaUbUc-Ia-Ib-Ic△L8◎T18', 0.9823175668716431), ('88氘§｛∩ē阀Й逆相序成功失败请购电拉闸', 0.9183639287948608)]

2022-07-20 16:30:12,124: detec_list: 接收参数：[图片路径：./photo/img6/PICTURE4\001.jpg，配置文件路径：./photo/ini6 ]
识别结果：[('★', 0.9994493126869202), ('当前上18月组合反正向无有功IIIV总费率18', 0.9430076479911804), ('ABCNCOSΦ阶梯剩余需电量费价失压流动率时间段', 0.9813132286071777), ('8888888888', 0.8899433016777039), ('元', 0.9850475788116455), ('―', 0.5390863418579102), ('KWAh', 0.9979797601699829), ('Kvarh', 0.9975960850715637), ('88888888UaUbUc-Ia-Ib-Ic△L8◎T18', 0.9947690963745117), ('88氘§｛∩ē阀Й逆相序成功失败请购电拉闸', 0.9343200922012329)]

2022-07-20 16:30:12,124: detec_list: 接收参数：[图片路径：./photo/img6/PICTURE4\001.jpg，配置文件路径：./photo/ini6 ]
识别结果：[('★', 0.9994493126869202), ('当前上18月组合反正向无有功IIIV总费率18', 0.9430076479911804), ('ABCNCOSΦ阶梯剩余需电量费价失压流动率时间段', 0.9813132286071777), ('8888888888', 0.8899433016777039), ('元', 0.9850475788116455), ('―', 0.5390863418579102), ('KWAh', 0.9979797601699829), ('Kvarh', 0.9975960850715637), ('88888888UaUbUc-Ia-Ib-Ic△L8◎T18', 0.9947690963745117), ('88氘§｛∩ē阀Й逆相序成功失败请购电拉闸', 0.9343200922012329)]

2022-07-20 16:30:12,670: detec_list: 接收参数：[图片路径：./photo/img6/PICTURE4\3530001000101427141575.jpg，配置文件路径：./photo/ini6 ]
识别结果：[('★', 0.9994553923606873), ('当前上18月组合反正向无有功IIIV总费率18', 0.937283992767334), ('ABCNCOSΦ阶梯剩余需电量费价失压流动率时间段', 0.9856256246566772), ('8888888888', 0.9370976686477661), ('元', 0.9937859773635864), ('―', 0.5361906886100769), ('KWAh', 0.9967726469039917), ('Kvarh', 0.9974980354309082), ('88888888UaUbUc-Ia-Ib-Ic△L8◎T18', 0.9831269979476929), ('88氘§｛∩ē阀Й逆相序成功失败请购电拉闸', 0.9581341743469238)]

2022-07-20 16:30:12,670: detec_list: 接收参数：[图片路径：./photo/img6/PICTURE4\3530001000101427141575.jpg，配置文件路径：./photo/ini6 ]
识别结果：[('★', 0.9994553923606873), ('当前上18月组合反正向无有功IIIV总费率18', 0.937283992767334), ('ABCNCOSΦ阶梯剩余需电量费价失压流动率时间段', 0.9856256246566772), ('8888888888', 0.9370976686477661), ('元', 0.9937859773635864), ('―', 0.5361906886100769), ('KWAh', 0.9967726469039917), ('Kvarh', 0.9974980354309082), ('88888888UaUbUc-Ia-Ib-Ic△L8◎T18', 0.9831269979476929), ('88氘§｛∩ē阀Й逆相序成功失败请购电拉闸', 0.9581341743469238)]

2022-07-20 16:30:13,246: detec_list: 接收参数：[图片路径：./photo/img6/PICTURE4\Inked3530001000101427141575.jpg，配置文件路径：./photo/ini6 ]
识别结果：[('★', 0.9994491934776306), ('当前上18月组合反正向无有功IIIV总费率18', 0.9427674412727356), ('ABCNCOSΦ阶梯剩余需电量费价失压流动率时间段', 0.9755286574363708), ('8888888888', 0.9700474739074707), ('元', 0.9934455156326294), ('―', 0.5303887724876404), ('KWAh', 0.9967585206031799), ('Kvarh', 0.9975533485412598), ('88888888UaUbUc-Ia-Ib-Ic△L8◎T18', 0.994758665561676), ('88氘§｛∩ē阀Й逆相序成功失败请购电拉闸', 0.9344510436058044)]

2022-07-20 16:30:13,247: detec_list: 接收参数：[图片路径：./photo/img6/PICTURE4\Inked3530001000101427141575.jpg，配置文件路径：./photo/ini6 ]
识别结果：[('★', 0.9994491934776306), ('当前上18月组合反正向无有功IIIV总费率18', 0.9427674412727356), ('ABCNCOSΦ阶梯剩余需电量费价失压流动率时间段', 0.9755286574363708), ('8888888888', 0.9700474739074707), ('元', 0.9934455156326294), ('―', 0.5303887724876404), ('KWAh', 0.9967585206031799), ('Kvarh', 0.9975533485412598), ('88888888UaUbUc-Ia-Ib-Ic△L8◎T18', 0.994758665561676), ('88氘§｛∩ē阀Й逆相序成功失败请购电拉闸', 0.9344510436058044)]

2022-07-20 16:39:20,824: detec_list: 接收参数：[图片路径：./photo/img6/PICTURE1\3530001000101427171442.jpg，配置文件路径：./photo/ini6 ]
识别结果：[('★', 0.99957674741745), ('当前上18月组合反正向无有功IIIV总费率18', 0.9626560807228088), ('ABCNCOSΦ阶梯剩余需电量费价失压流动率时间段', 0.9306812882423401), ('8888888888', 0.9921127557754517), ('元', 0.9966151118278503), ('―', 0.998206615447998), ('KWAh', 0.9661116600036621), ('Kvarh', 0.9869363903999329), ('88888888UaUbUc-Ia-Ib-Ic△L8◎T18', 0.9898048043251038), ('88氘§｛∩ē阀Й逆相序成功失败请购电拉闸', 0.9495244026184082)]

2022-07-20 16:39:20,824: detec_list: 接收参数：[图片路径：./photo/img6/PICTURE1\3530001000101427171442.jpg，配置文件路径：./photo/ini6 ]
识别结果：[('★', 0.99957674741745), ('当前上18月组合反正向无有功IIIV总费率18', 0.9626560807228088), ('ABCNCOSΦ阶梯剩余需电量费价失压流动率时间段', 0.9306812882423401), ('8888888888', 0.9921127557754517), ('元', 0.9966151118278503), ('―', 0.998206615447998), ('KWAh', 0.9661116600036621), ('Kvarh', 0.9869363903999329), ('88888888UaUbUc-Ia-Ib-Ic△L8◎T18', 0.9898048043251038), ('88氘§｛∩ē阀Й逆相序成功失败请购电拉闸', 0.9495244026184082)]

2022-07-20 16:39:21,386: detec_list: 接收参数：[图片路径：./photo/img6/PICTURE2\3530001000101427171480.jpg，配置文件路径：./photo/ini6 ]
识别结果：[('★', 0.9995076656341553), ('当前上18月组合反正向无有功IIIV总费率18', 0.9182472229003906), ('ABCNCOSΦ阶梯剩余需电量费价失压流动率时间段', 0.9636629223823547), ('8888888888', 0.9730907678604126), ('元', 0.9945608973503113), ('―', 0.9665862917900085), ('KWAh', 0.9814664125442505), ('Kvarh', 0.9948828816413879), ('88888888UaUbUc-Ia-Ib-Ic△L8◎T18', 0.9709743857383728), ('88氘§｛∩ē阀Й逆相序成功失败请购电拉闸', 0.9467542171478271)]

2022-07-20 16:39:21,386: detec_list: 接收参数：[图片路径：./photo/img6/PICTURE2\3530001000101427171480.jpg，配置文件路径：./photo/ini6 ]
识别结果：[('★', 0.9995076656341553), ('当前上18月组合反正向无有功IIIV总费率18', 0.9182472229003906), ('ABCNCOSΦ阶梯剩余需电量费价失压流动率时间段', 0.9636629223823547), ('8888888888', 0.9730907678604126), ('元', 0.9945608973503113), ('―', 0.9665862917900085), ('KWAh', 0.9814664125442505), ('Kvarh', 0.9948828816413879), ('88888888UaUbUc-Ia-Ib-Ic△L8◎T18', 0.9709743857383728), ('88氘§｛∩ē阀Й逆相序成功失败请购电拉闸', 0.9467542171478271)]

2022-07-20 16:39:21,943: detec_list: 接收参数：[图片路径：./photo/img6/PICTURE3\3530001000101427170193.jpg，配置文件路径：./photo/ini6 ]
识别结果：[('★', 0.9995108842849731), ('当前上18月组合反正向无有功IIIV总费率18', 0.9550628662109375), ('ABCNCOSΦ阶梯剩余需电量费价失压流动率时间段', 0.9661880731582642), ('8888888888', 0.9775950312614441), ('元', 0.9967057108879089), ('―', 0.9434123039245605), ('KWAh', 0.9050396680831909), ('Kvarh', 0.9976232647895813), ('88888888UaUbUc-Ia-Ib-Ic△L8◎T18', 0.9823175668716431), ('88氘§｛∩ē阀Й逆相序成功失败请购电拉闸', 0.9183639287948608)]

2022-07-20 16:39:21,944: detec_list: 接收参数：[图片路径：./photo/img6/PICTURE3\3530001000101427170193.jpg，配置文件路径：./photo/ini6 ]
识别结果：[('★', 0.9995108842849731), ('当前上18月组合反正向无有功IIIV总费率18', 0.9550628662109375), ('ABCNCOSΦ阶梯剩余需电量费价失压流动率时间段', 0.9661880731582642), ('8888888888', 0.9775950312614441), ('元', 0.9967057108879089), ('―', 0.9434123039245605), ('KWAh', 0.9050396680831909), ('Kvarh', 0.9976232647895813), ('88888888UaUbUc-Ia-Ib-Ic△L8◎T18', 0.9823175668716431), ('88氘§｛∩ē阀Й逆相序成功失败请购电拉闸', 0.9183639287948608)]

2022-07-20 16:39:22,511: detec_list: 接收参数：[图片路径：./photo/img6/PICTURE4\001.jpg，配置文件路径：./photo/ini6 ]
识别结果：[('★', 0.9994493126869202), ('当前上18月组合反正向无有功IIIV总费率18', 0.9430076479911804), ('ABCNCOSΦ阶梯剩余需电量费价失压流动率时间段', 0.9813132286071777), ('8888888888', 0.8899433016777039), ('元', 0.9850475788116455), ('―', 0.5390863418579102), ('KWAh', 0.9979797601699829), ('Kvarh', 0.9975960850715637), ('88888888UaUbUc-Ia-Ib-Ic△L8◎T18', 0.9947690963745117), ('88氘§｛∩ē阀Й逆相序成功失败请购电拉闸', 0.9343200922012329)]

2022-07-20 16:39:22,511: detec_list: 接收参数：[图片路径：./photo/img6/PICTURE4\001.jpg，配置文件路径：./photo/ini6 ]
识别结果：[('★', 0.9994493126869202), ('当前上18月组合反正向无有功IIIV总费率18', 0.9430076479911804), ('ABCNCOSΦ阶梯剩余需电量费价失压流动率时间段', 0.9813132286071777), ('8888888888', 0.8899433016777039), ('元', 0.9850475788116455), ('―', 0.5390863418579102), ('KWAh', 0.9979797601699829), ('Kvarh', 0.9975960850715637), ('88888888UaUbUc-Ia-Ib-Ic△L8◎T18', 0.9947690963745117), ('88氘§｛∩ē阀Й逆相序成功失败请购电拉闸', 0.9343200922012329)]

2022-07-20 16:39:23,057: detec_list: 接收参数：[图片路径：./photo/img6/PICTURE4\3530001000101427141575.jpg，配置文件路径：./photo/ini6 ]
识别结果：[('★', 0.9994553923606873), ('当前上18月组合反正向无有功IIIV总费率18', 0.937283992767334), ('ABCNCOSΦ阶梯剩余需电量费价失压流动率时间段', 0.9856256246566772), ('8888888888', 0.9370976686477661), ('元', 0.9937859773635864), ('―', 0.5361906886100769), ('KWAh', 0.9967726469039917), ('Kvarh', 0.9974980354309082), ('88888888UaUbUc-Ia-Ib-Ic△L8◎T18', 0.9831269979476929), ('88氘§｛∩ē阀Й逆相序成功失败请购电拉闸', 0.9581341743469238)]

2022-07-20 16:39:23,057: detec_list: 接收参数：[图片路径：./photo/img6/PICTURE4\3530001000101427141575.jpg，配置文件路径：./photo/ini6 ]
识别结果：[('★', 0.9994553923606873), ('当前上18月组合反正向无有功IIIV总费率18', 0.937283992767334), ('ABCNCOSΦ阶梯剩余需电量费价失压流动率时间段', 0.9856256246566772), ('8888888888', 0.9370976686477661), ('元', 0.9937859773635864), ('―', 0.5361906886100769), ('KWAh', 0.9967726469039917), ('Kvarh', 0.9974980354309082), ('88888888UaUbUc-Ia-Ib-Ic△L8◎T18', 0.9831269979476929), ('88氘§｛∩ē阀Й逆相序成功失败请购电拉闸', 0.9581341743469238)]

2022-07-20 16:39:23,663: detec_list: 接收参数：[图片路径：./photo/img6/PICTURE4\Inked3530001000101427141575.jpg，配置文件路径：./photo/ini6 ]
识别结果：[('★', 0.9994491934776306), ('当前上18月组合反正向无有功IIIV总费率18', 0.9427674412727356), ('ABCNCOSΦ阶梯剩余需电量费价失压流动率时间段', 0.9755286574363708), ('8888888888', 0.9700474739074707), ('元', 0.9934455156326294), ('―', 0.5303887724876404), ('KWAh', 0.9967585206031799), ('Kvarh', 0.9975533485412598), ('88888888UaUbUc-Ia-Ib-Ic△L8◎T18', 0.994758665561676), ('88氘§｛∩ē阀Й逆相序成功失败请购电拉闸', 0.9344510436058044)]

2022-07-20 16:39:23,663: detec_list: 接收参数：[图片路径：./photo/img6/PICTURE4\Inked3530001000101427141575.jpg，配置文件路径：./photo/ini6 ]
识别结果：[('★', 0.9994491934776306), ('当前上18月组合反正向无有功IIIV总费率18', 0.9427674412727356), ('ABCNCOSΦ阶梯剩余需电量费价失压流动率时间段', 0.9755286574363708), ('8888888888', 0.9700474739074707), ('元', 0.9934455156326294), ('―', 0.5303887724876404), ('KWAh', 0.9967585206031799), ('Kvarh', 0.9975533485412598), ('88888888UaUbUc-Ia-Ib-Ic△L8◎T18', 0.994758665561676), ('88氘§｛∩ē阀Й逆相序成功失败请购电拉闸', 0.9344510436058044)]

2022-07-20 16:46:05,960: detec_list: 接收参数：[图片路径：./photo/img6/PICTURE1\3530001000101427171442.jpg，配置文件路径：./photo/ini6 ]
识别结果：[('★', 0.99957674741745), ('当前上18月组合反正向无有功IIIV总费率18', 0.9626560807228088), ('ABCNCOSΦ阶梯剩余需电量费价失压流动率时间段', 0.9306812882423401), ('8888888888', 0.9921127557754517), ('元', 0.9966151118278503), ('―', 0.998206615447998), ('KWAh', 0.9661116600036621), ('Kvarh', 0.9869363903999329), ('88888888UaUbUc-Ia-Ib-Ic△L8◎T18', 0.9898048043251038), ('88氘§｛∩ē阀Й逆相序成功失败请购电拉闸', 0.9495244026184082)]

2022-07-20 16:46:05,960: detec_list: 接收参数：[图片路径：./photo/img6/PICTURE1\3530001000101427171442.jpg，配置文件路径：./photo/ini6 ]
识别结果：[('★', 0.99957674741745), ('当前上18月组合反正向无有功IIIV总费率18', 0.9626560807228088), ('ABCNCOSΦ阶梯剩余需电量费价失压流动率时间段', 0.9306812882423401), ('8888888888', 0.9921127557754517), ('元', 0.9966151118278503), ('―', 0.998206615447998), ('KWAh', 0.9661116600036621), ('Kvarh', 0.9869363903999329), ('88888888UaUbUc-Ia-Ib-Ic△L8◎T18', 0.9898048043251038), ('88氘§｛∩ē阀Й逆相序成功失败请购电拉闸', 0.9495244026184082)]

2022-07-20 16:46:06,519: detec_list: 接收参数：[图片路径：./photo/img6/PICTURE2\3530001000101427171480.jpg，配置文件路径：./photo/ini6 ]
识别结果：[('★', 0.9995076656341553), ('当前上18月组合反正向无有功IIIV总费率18', 0.9182472229003906), ('ABCNCOSΦ阶梯剩余需电量费价失压流动率时间段', 0.9636629223823547), ('8888888888', 0.9730907678604126), ('元', 0.9945608973503113), ('―', 0.9665862917900085), ('KWAh', 0.9814664125442505), ('Kvarh', 0.9948828816413879), ('88888888UaUbUc-Ia-Ib-Ic△L8◎T18', 0.9709743857383728), ('88氘§｛∩ē阀Й逆相序成功失败请购电拉闸', 0.9467542171478271)]

2022-07-20 16:46:06,519: detec_list: 接收参数：[图片路径：./photo/img6/PICTURE2\3530001000101427171480.jpg，配置文件路径：./photo/ini6 ]
识别结果：[('★', 0.9995076656341553), ('当前上18月组合反正向无有功IIIV总费率18', 0.9182472229003906), ('ABCNCOSΦ阶梯剩余需电量费价失压流动率时间段', 0.9636629223823547), ('8888888888', 0.9730907678604126), ('元', 0.9945608973503113), ('―', 0.9665862917900085), ('KWAh', 0.9814664125442505), ('Kvarh', 0.9948828816413879), ('88888888UaUbUc-Ia-Ib-Ic△L8◎T18', 0.9709743857383728), ('88氘§｛∩ē阀Й逆相序成功失败请购电拉闸', 0.9467542171478271)]

2022-07-20 16:46:07,090: detec_list: 接收参数：[图片路径：./photo/img6/PICTURE3\3530001000101427170193.jpg，配置文件路径：./photo/ini6 ]
识别结果：[('★', 0.9995108842849731), ('当前上18月组合反正向无有功IIIV总费率18', 0.9550628662109375), ('ABCNCOSΦ阶梯剩余需电量费价失压流动率时间段', 0.9661880731582642), ('8888888888', 0.9775950312614441), ('元', 0.9967057108879089), ('―', 0.9434123039245605), ('KWAh', 0.9050396680831909), ('Kvarh', 0.9976232647895813), ('88888888UaUbUc-Ia-Ib-Ic△L8◎T18', 0.9823175668716431), ('88氘§｛∩ē阀Й逆相序成功失败请购电拉闸', 0.9183639287948608)]

2022-07-20 16:46:07,090: detec_list: 接收参数：[图片路径：./photo/img6/PICTURE3\3530001000101427170193.jpg，配置文件路径：./photo/ini6 ]
识别结果：[('★', 0.9995108842849731), ('当前上18月组合反正向无有功IIIV总费率18', 0.9550628662109375), ('ABCNCOSΦ阶梯剩余需电量费价失压流动率时间段', 0.9661880731582642), ('8888888888', 0.9775950312614441), ('元', 0.9967057108879089), ('―', 0.9434123039245605), ('KWAh', 0.9050396680831909), ('Kvarh', 0.9976232647895813), ('88888888UaUbUc-Ia-Ib-Ic△L8◎T18', 0.9823175668716431), ('88氘§｛∩ē阀Й逆相序成功失败请购电拉闸', 0.9183639287948608)]

2022-07-20 16:46:07,667: detec_list: 接收参数：[图片路径：./photo/img6/PICTURE4\001.jpg，配置文件路径：./photo/ini6 ]
识别结果：[('★', 0.9994493126869202), ('当前上18月组合反正向无有功IIIV总费率18', 0.9430076479911804), ('ABCNCOSΦ阶梯剩余需电量费价失压流动率时间段', 0.9813132286071777), ('8888888888', 0.8899433016777039), ('元', 0.9850475788116455), ('―', 0.5390863418579102), ('KWAh', 0.9979797601699829), ('Kvarh', 0.9975960850715637), ('88888888UaUbUc-Ia-Ib-Ic△L8◎T18', 0.9947690963745117), ('88氘§｛∩ē阀Й逆相序成功失败请购电拉闸', 0.9343200922012329)]

2022-07-20 16:46:07,667: detec_list: 接收参数：[图片路径：./photo/img6/PICTURE4\001.jpg，配置文件路径：./photo/ini6 ]
识别结果：[('★', 0.9994493126869202), ('当前上18月组合反正向无有功IIIV总费率18', 0.9430076479911804), ('ABCNCOSΦ阶梯剩余需电量费价失压流动率时间段', 0.9813132286071777), ('8888888888', 0.8899433016777039), ('元', 0.9850475788116455), ('―', 0.5390863418579102), ('KWAh', 0.9979797601699829), ('Kvarh', 0.9975960850715637), ('88888888UaUbUc-Ia-Ib-Ic△L8◎T18', 0.9947690963745117), ('88氘§｛∩ē阀Й逆相序成功失败请购电拉闸', 0.9343200922012329)]

2022-07-20 16:46:08,242: detec_list: 接收参数：[图片路径：./photo/img6/PICTURE4\3530001000101427141575.jpg，配置文件路径：./photo/ini6 ]
识别结果：[('★', 0.9994553923606873), ('当前上18月组合反正向无有功IIIV总费率18', 0.937283992767334), ('ABCNCOSΦ阶梯剩余需电量费价失压流动率时间段', 0.9856256246566772), ('8888888888', 0.9370976686477661), ('元', 0.9937859773635864), ('―', 0.5361906886100769), ('KWAh', 0.9967726469039917), ('Kvarh', 0.9974980354309082), ('88888888UaUbUc-Ia-Ib-Ic△L8◎T18', 0.9831269979476929), ('88氘§｛∩ē阀Й逆相序成功失败请购电拉闸', 0.9581341743469238)]

2022-07-20 16:46:08,242: detec_list: 接收参数：[图片路径：./photo/img6/PICTURE4\3530001000101427141575.jpg，配置文件路径：./photo/ini6 ]
识别结果：[('★', 0.9994553923606873), ('当前上18月组合反正向无有功IIIV总费率18', 0.937283992767334), ('ABCNCOSΦ阶梯剩余需电量费价失压流动率时间段', 0.9856256246566772), ('8888888888', 0.9370976686477661), ('元', 0.9937859773635864), ('―', 0.5361906886100769), ('KWAh', 0.9967726469039917), ('Kvarh', 0.9974980354309082), ('88888888UaUbUc-Ia-Ib-Ic△L8◎T18', 0.9831269979476929), ('88氘§｛∩ē阀Й逆相序成功失败请购电拉闸', 0.9581341743469238)]

2022-07-20 16:46:08,819: detec_list: 接收参数：[图片路径：./photo/img6/PICTURE4\Inked3530001000101427141575.jpg，配置文件路径：./photo/ini6 ]
识别结果：[('★', 0.9994491934776306), ('当前上18月组合反正向无有功IIIV总费率18', 0.9427674412727356), ('ABCNCOSΦ阶梯剩余需电量费价失压流动率时间段', 0.9755286574363708), ('8888888888', 0.9700474739074707), ('元', 0.9934455156326294), ('―', 0.5303887724876404), ('KWAh', 0.9967585206031799), ('Kvarh', 0.9975533485412598), ('88888888UaUbUc-Ia-Ib-Ic△L8◎T18', 0.994758665561676), ('88氘§｛∩ē阀Й逆相序成功失败请购电拉闸', 0.9344510436058044)]

2022-07-20 16:46:08,819: detec_list: 接收参数：[图片路径：./photo/img6/PICTURE4\Inked3530001000101427141575.jpg，配置文件路径：./photo/ini6 ]
识别结果：[('★', 0.9994491934776306), ('当前上18月组合反正向无有功IIIV总费率18', 0.9427674412727356), ('ABCNCOSΦ阶梯剩余需电量费价失压流动率时间段', 0.9755286574363708), ('8888888888', 0.9700474739074707), ('元', 0.9934455156326294), ('―', 0.5303887724876404), ('KWAh', 0.9967585206031799), ('Kvarh', 0.9975533485412598), ('88888888UaUbUc-Ia-Ib-Ic△L8◎T18', 0.994758665561676), ('88氘§｛∩ē阀Й逆相序成功失败请购电拉闸', 0.9344510436058044)]

2022-07-20 16:46:50,562: detec_list: 接收参数：[图片路径：./photo/img6/PICTURE1\3530001000101427171442.jpg，配置文件路径：./photo/ini6 ]
识别结果：[('★', 0.99957674741745), ('当前上18月组合反正向无有功IIIV总费率18', 0.9626560807228088), ('ABCNCOSΦ阶梯剩余需电量费价失压流动率时间段', 0.9306812882423401), ('8888888888', 0.9921127557754517), ('元', 0.9966151118278503), ('―', 0.998206615447998), ('KWAh', 0.9661116600036621), ('Kvarh', 0.9869363903999329), ('88888888UaUbUc-Ia-Ib-Ic△L8◎T18', 0.9898048043251038), ('88氘§｛∩ē阀Й逆相序成功失败请购电拉闸', 0.9495244026184082)]

2022-07-20 16:46:50,562: detec_list: 接收参数：[图片路径：./photo/img6/PICTURE1\3530001000101427171442.jpg，配置文件路径：./photo/ini6 ]
识别结果：[('★', 0.99957674741745), ('当前上18月组合反正向无有功IIIV总费率18', 0.9626560807228088), ('ABCNCOSΦ阶梯剩余需电量费价失压流动率时间段', 0.9306812882423401), ('8888888888', 0.9921127557754517), ('元', 0.9966151118278503), ('―', 0.998206615447998), ('KWAh', 0.9661116600036621), ('Kvarh', 0.9869363903999329), ('88888888UaUbUc-Ia-Ib-Ic△L8◎T18', 0.9898048043251038), ('88氘§｛∩ē阀Й逆相序成功失败请购电拉闸', 0.9495244026184082)]

2022-07-20 16:46:51,123: detec_list: 接收参数：[图片路径：./photo/img6/PICTURE2\3530001000101427171480.jpg，配置文件路径：./photo/ini6 ]
识别结果：[('★', 0.9995076656341553), ('当前上18月组合反正向无有功IIIV总费率18', 0.9182472229003906), ('ABCNCOSΦ阶梯剩余需电量费价失压流动率时间段', 0.9636629223823547), ('8888888888', 0.9730907678604126), ('元', 0.9945608973503113), ('―', 0.9665862917900085), ('KWAh', 0.9814664125442505), ('Kvarh', 0.9948828816413879), ('88888888UaUbUc-Ia-Ib-Ic△L8◎T18', 0.9709743857383728), ('88氘§｛∩ē阀Й逆相序成功失败请购电拉闸', 0.9467542171478271)]

2022-07-20 16:46:51,124: detec_list: 接收参数：[图片路径：./photo/img6/PICTURE2\3530001000101427171480.jpg，配置文件路径：./photo/ini6 ]
识别结果：[('★', 0.9995076656341553), ('当前上18月组合反正向无有功IIIV总费率18', 0.9182472229003906), ('ABCNCOSΦ阶梯剩余需电量费价失压流动率时间段', 0.9636629223823547), ('8888888888', 0.9730907678604126), ('元', 0.9945608973503113), ('―', 0.9665862917900085), ('KWAh', 0.9814664125442505), ('Kvarh', 0.9948828816413879), ('88888888UaUbUc-Ia-Ib-Ic△L8◎T18', 0.9709743857383728), ('88氘§｛∩ē阀Й逆相序成功失败请购电拉闸', 0.9467542171478271)]

2022-07-20 16:46:51,685: detec_list: 接收参数：[图片路径：./photo/img6/PICTURE3\3530001000101427170193.jpg，配置文件路径：./photo/ini6 ]
识别结果：[('★', 0.9995108842849731), ('当前上18月组合反正向无有功IIIV总费率18', 0.9550628662109375), ('ABCNCOSΦ阶梯剩余需电量费价失压流动率时间段', 0.9661880731582642), ('8888888888', 0.9775950312614441), ('元', 0.9967057108879089), ('―', 0.9434123039245605), ('KWAh', 0.9050396680831909), ('Kvarh', 0.9976232647895813), ('88888888UaUbUc-Ia-Ib-Ic△L8◎T18', 0.9823175668716431), ('88氘§｛∩ē阀Й逆相序成功失败请购电拉闸', 0.9183639287948608)]

2022-07-20 16:46:51,685: detec_list: 接收参数：[图片路径：./photo/img6/PICTURE3\3530001000101427170193.jpg，配置文件路径：./photo/ini6 ]
识别结果：[('★', 0.9995108842849731), ('当前上18月组合反正向无有功IIIV总费率18', 0.9550628662109375), ('ABCNCOSΦ阶梯剩余需电量费价失压流动率时间段', 0.9661880731582642), ('8888888888', 0.9775950312614441), ('元', 0.9967057108879089), ('―', 0.9434123039245605), ('KWAh', 0.9050396680831909), ('Kvarh', 0.9976232647895813), ('88888888UaUbUc-Ia-Ib-Ic△L8◎T18', 0.9823175668716431), ('88氘§｛∩ē阀Й逆相序成功失败请购电拉闸', 0.9183639287948608)]

2022-07-20 16:46:52,249: detec_list: 接收参数：[图片路径：./photo/img6/PICTURE4\001.jpg，配置文件路径：./photo/ini6 ]
识别结果：[('★', 0.9994493126869202), ('当前上18月组合反正向无有功IIIV总费率18', 0.9430076479911804), ('ABCNCOSΦ阶梯剩余需电量费价失压流动率时间段', 0.9813132286071777), ('8888888888', 0.8899433016777039), ('元', 0.9850475788116455), ('―', 0.5390863418579102), ('KWAh', 0.9979797601699829), ('Kvarh', 0.9975960850715637), ('88888888UaUbUc-Ia-Ib-Ic△L8◎T18', 0.9947690963745117), ('88氘§｛∩ē阀Й逆相序成功失败请购电拉闸', 0.9343200922012329)]

2022-07-20 16:46:52,249: detec_list: 接收参数：[图片路径：./photo/img6/PICTURE4\001.jpg，配置文件路径：./photo/ini6 ]
识别结果：[('★', 0.9994493126869202), ('当前上18月组合反正向无有功IIIV总费率18', 0.9430076479911804), ('ABCNCOSΦ阶梯剩余需电量费价失压流动率时间段', 0.9813132286071777), ('8888888888', 0.8899433016777039), ('元', 0.9850475788116455), ('―', 0.5390863418579102), ('KWAh', 0.9979797601699829), ('Kvarh', 0.9975960850715637), ('88888888UaUbUc-Ia-Ib-Ic△L8◎T18', 0.9947690963745117), ('88氘§｛∩ē阀Й逆相序成功失败请购电拉闸', 0.9343200922012329)]

2022-07-20 16:46:52,815: detec_list: 接收参数：[图片路径：./photo/img6/PICTURE4\3530001000101427141575.jpg，配置文件路径：./photo/ini6 ]
识别结果：[('★', 0.9994553923606873), ('当前上18月组合反正向无有功IIIV总费率18', 0.937283992767334), ('ABCNCOSΦ阶梯剩余需电量费价失压流动率时间段', 0.9856256246566772), ('8888888888', 0.9370976686477661), ('元', 0.9937859773635864), ('―', 0.5361906886100769), ('KWAh', 0.9967726469039917), ('Kvarh', 0.9974980354309082), ('88888888UaUbUc-Ia-Ib-Ic△L8◎T18', 0.9831269979476929), ('88氘§｛∩ē阀Й逆相序成功失败请购电拉闸', 0.9581341743469238)]

2022-07-20 16:46:52,815: detec_list: 接收参数：[图片路径：./photo/img6/PICTURE4\3530001000101427141575.jpg，配置文件路径：./photo/ini6 ]
识别结果：[('★', 0.9994553923606873), ('当前上18月组合反正向无有功IIIV总费率18', 0.937283992767334), ('ABCNCOSΦ阶梯剩余需电量费价失压流动率时间段', 0.9856256246566772), ('8888888888', 0.9370976686477661), ('元', 0.9937859773635864), ('―', 0.5361906886100769), ('KWAh', 0.9967726469039917), ('Kvarh', 0.9974980354309082), ('88888888UaUbUc-Ia-Ib-Ic△L8◎T18', 0.9831269979476929), ('88氘§｛∩ē阀Й逆相序成功失败请购电拉闸', 0.9581341743469238)]

2022-07-20 16:46:53,385: detec_list: 接收参数：[图片路径：./photo/img6/PICTURE4\Inked3530001000101427141575.jpg，配置文件路径：./photo/ini6 ]
识别结果：[('★', 0.9994491934776306), ('当前上18月组合反正向无有功IIIV总费率18', 0.9427674412727356), ('ABCNCOSΦ阶梯剩余需电量费价失压流动率时间段', 0.9755286574363708), ('8888888888', 0.9700474739074707), ('元', 0.9934455156326294), ('―', 0.5303887724876404), ('KWAh', 0.9967585206031799), ('Kvarh', 0.9975533485412598), ('88888888UaUbUc-Ia-Ib-Ic△L8◎T18', 0.994758665561676), ('88氘§｛∩ē阀Й逆相序成功失败请购电拉闸', 0.9344510436058044)]

2022-07-20 16:46:53,385: detec_list: 接收参数：[图片路径：./photo/img6/PICTURE4\Inked3530001000101427141575.jpg，配置文件路径：./photo/ini6 ]
识别结果：[('★', 0.9994491934776306), ('当前上18月组合反正向无有功IIIV总费率18', 0.9427674412727356), ('ABCNCOSΦ阶梯剩余需电量费价失压流动率时间段', 0.9755286574363708), ('8888888888', 0.9700474739074707), ('元', 0.9934455156326294), ('―', 0.5303887724876404), ('KWAh', 0.9967585206031799), ('Kvarh', 0.9975533485412598), ('88888888UaUbUc-Ia-Ib-Ic△L8◎T18', 0.994758665561676), ('88氘§｛∩ē阀Й逆相序成功失败请购电拉闸', 0.9344510436058044)]

2022-07-20 17:33:32,026: detec_list: 接收参数：[图片路径：./photo/img6/PICTURE1\3530001000101427171442.jpg，配置文件路径：./photo/ini6 ]
识别结果：[('★', 0.99957674741745), ('当前上18月组合反正向无有功IIIV总费率18', 0.9626560807228088), ('ABCNCOSΦ阶梯剩余需电量费价失压流动率时间段', 0.9306812882423401), ('8888888888', 0.9921127557754517), ('元', 0.9966151118278503), ('―', 0.998206615447998), ('KWAh', 0.9661116600036621), ('Kvarh', 0.9869363903999329), ('88888888UaUbUc-Ia-Ib-Ic△L8◎T18', 0.9898048043251038), ('88氘§｛∩ē阀Й逆相序成功失败请购电拉闸', 0.9495244026184082)]

2022-07-20 17:33:32,026: detec_list: 接收参数：[图片路径：./photo/img6/PICTURE1\3530001000101427171442.jpg，配置文件路径：./photo/ini6 ]
识别结果：[('★', 0.99957674741745), ('当前上18月组合反正向无有功IIIV总费率18', 0.9626560807228088), ('ABCNCOSΦ阶梯剩余需电量费价失压流动率时间段', 0.9306812882423401), ('8888888888', 0.9921127557754517), ('元', 0.9966151118278503), ('―', 0.998206615447998), ('KWAh', 0.9661116600036621), ('Kvarh', 0.9869363903999329), ('88888888UaUbUc-Ia-Ib-Ic△L8◎T18', 0.9898048043251038), ('88氘§｛∩ē阀Й逆相序成功失败请购电拉闸', 0.9495244026184082)]

2022-07-20 17:33:32,573: detec_list: 接收参数：[图片路径：./photo/img6/PICTURE2\3530001000101427171480.jpg，配置文件路径：./photo/ini6 ]
识别结果：[('★', 0.9995076656341553), ('当前上18月组合反正向无有功IIIV总费率18', 0.9182472229003906), ('ABCNCOSΦ阶梯剩余需电量费价失压流动率时间段', 0.9636629223823547), ('8888888888', 0.9730907678604126), ('元', 0.9945608973503113), ('―', 0.9665862917900085), ('KWAh', 0.9814664125442505), ('Kvarh', 0.9948828816413879), ('88888888UaUbUc-Ia-Ib-Ic△L8◎T18', 0.9709743857383728), ('88氘§｛∩ē阀Й逆相序成功失败请购电拉闸', 0.9467542171478271)]

2022-07-20 17:33:32,573: detec_list: 接收参数：[图片路径：./photo/img6/PICTURE2\3530001000101427171480.jpg，配置文件路径：./photo/ini6 ]
识别结果：[('★', 0.9995076656341553), ('当前上18月组合反正向无有功IIIV总费率18', 0.9182472229003906), ('ABCNCOSΦ阶梯剩余需电量费价失压流动率时间段', 0.9636629223823547), ('8888888888', 0.9730907678604126), ('元', 0.9945608973503113), ('―', 0.9665862917900085), ('KWAh', 0.9814664125442505), ('Kvarh', 0.9948828816413879), ('88888888UaUbUc-Ia-Ib-Ic△L8◎T18', 0.9709743857383728), ('88氘§｛∩ē阀Й逆相序成功失败请购电拉闸', 0.9467542171478271)]

2022-07-20 17:33:33,140: detec_list: 接收参数：[图片路径：./photo/img6/PICTURE3\3530001000101427170193.jpg，配置文件路径：./photo/ini6 ]
识别结果：[('★', 0.9995108842849731), ('当前上18月组合反正向无有功IIIV总费率18', 0.9550628662109375), ('ABCNCOSΦ阶梯剩余需电量费价失压流动率时间段', 0.9661880731582642), ('8888888888', 0.9775950312614441), ('元', 0.9967057108879089), ('―', 0.9434123039245605), ('KWAh', 0.9050396680831909), ('Kvarh', 0.9976232647895813), ('88888888UaUbUc-Ia-Ib-Ic△L8◎T18', 0.9823175668716431), ('88氘§｛∩ē阀Й逆相序成功失败请购电拉闸', 0.9183639287948608)]

2022-07-20 17:33:33,140: detec_list: 接收参数：[图片路径：./photo/img6/PICTURE3\3530001000101427170193.jpg，配置文件路径：./photo/ini6 ]
识别结果：[('★', 0.9995108842849731), ('当前上18月组合反正向无有功IIIV总费率18', 0.9550628662109375), ('ABCNCOSΦ阶梯剩余需电量费价失压流动率时间段', 0.9661880731582642), ('8888888888', 0.9775950312614441), ('元', 0.9967057108879089), ('―', 0.9434123039245605), ('KWAh', 0.9050396680831909), ('Kvarh', 0.9976232647895813), ('88888888UaUbUc-Ia-Ib-Ic△L8◎T18', 0.9823175668716431), ('88氘§｛∩ē阀Й逆相序成功失败请购电拉闸', 0.9183639287948608)]

2022-07-20 17:33:33,735: detec_list: 接收参数：[图片路径：./photo/img6/PICTURE4\001.jpg，配置文件路径：./photo/ini6 ]
识别结果：[('★', 0.9994493126869202), ('当前上18月组合反正向无有功IIIV总费率18', 0.9430076479911804), ('ABCNCOSΦ阶梯剩余需电量费价失压流动率时间段', 0.9813132286071777), ('8888888888', 0.8899433016777039), ('元', 0.9850475788116455), ('―', 0.5390863418579102), ('KWAh', 0.9979797601699829), ('Kvarh', 0.9975960850715637), ('88888888UaUbUc-Ia-Ib-Ic△L8◎T18', 0.9947690963745117), ('88氘§｛∩ē阀Й逆相序成功失败请购电拉闸', 0.9343200922012329)]

2022-07-20 17:33:33,735: detec_list: 接收参数：[图片路径：./photo/img6/PICTURE4\001.jpg，配置文件路径：./photo/ini6 ]
识别结果：[('★', 0.9994493126869202), ('当前上18月组合反正向无有功IIIV总费率18', 0.9430076479911804), ('ABCNCOSΦ阶梯剩余需电量费价失压流动率时间段', 0.9813132286071777), ('8888888888', 0.8899433016777039), ('元', 0.9850475788116455), ('―', 0.5390863418579102), ('KWAh', 0.9979797601699829), ('Kvarh', 0.9975960850715637), ('88888888UaUbUc-Ia-Ib-Ic△L8◎T18', 0.9947690963745117), ('88氘§｛∩ē阀Й逆相序成功失败请购电拉闸', 0.9343200922012329)]

2022-07-20 17:33:34,292: detec_list: 接收参数：[图片路径：./photo/img6/PICTURE4\3530001000101427141575.jpg，配置文件路径：./photo/ini6 ]
识别结果：[('★', 0.9994553923606873), ('当前上18月组合反正向无有功IIIV总费率18', 0.937283992767334), ('ABCNCOSΦ阶梯剩余需电量费价失压流动率时间段', 0.9856256246566772), ('8888888888', 0.9370976686477661), ('元', 0.9937859773635864), ('―', 0.5361906886100769), ('KWAh', 0.9967726469039917), ('Kvarh', 0.9974980354309082), ('88888888UaUbUc-Ia-Ib-Ic△L8◎T18', 0.9831269979476929), ('88氘§｛∩ē阀Й逆相序成功失败请购电拉闸', 0.9581341743469238)]

2022-07-20 17:33:34,292: detec_list: 接收参数：[图片路径：./photo/img6/PICTURE4\3530001000101427141575.jpg，配置文件路径：./photo/ini6 ]
识别结果：[('★', 0.9994553923606873), ('当前上18月组合反正向无有功IIIV总费率18', 0.937283992767334), ('ABCNCOSΦ阶梯剩余需电量费价失压流动率时间段', 0.9856256246566772), ('8888888888', 0.9370976686477661), ('元', 0.9937859773635864), ('―', 0.5361906886100769), ('KWAh', 0.9967726469039917), ('Kvarh', 0.9974980354309082), ('88888888UaUbUc-Ia-Ib-Ic△L8◎T18', 0.9831269979476929), ('88氘§｛∩ē阀Й逆相序成功失败请购电拉闸', 0.9581341743469238)]

2022-07-20 17:33:34,871: detec_list: 接收参数：[图片路径：./photo/img6/PICTURE4\Inked3530001000101427141575.jpg，配置文件路径：./photo/ini6 ]
识别结果：[('★', 0.9994491934776306), ('当前上18月组合反正向无有功IIIV总费率18', 0.9427674412727356), ('ABCNCOSΦ阶梯剩余需电量费价失压流动率时间段', 0.9755286574363708), ('8888888888', 0.9700474739074707), ('元', 0.9934455156326294), ('―', 0.5303887724876404), ('KWAh', 0.9967585206031799), ('Kvarh', 0.9975533485412598), ('88888888UaUbUc-Ia-Ib-Ic△L8◎T18', 0.994758665561676), ('88氘§｛∩ē阀Й逆相序成功失败请购电拉闸', 0.9344510436058044)]

2022-07-20 17:33:34,871: detec_list: 接收参数：[图片路径：./photo/img6/PICTURE4\Inked3530001000101427141575.jpg，配置文件路径：./photo/ini6 ]
识别结果：[('★', 0.9994491934776306), ('当前上18月组合反正向无有功IIIV总费率18', 0.9427674412727356), ('ABCNCOSΦ阶梯剩余需电量费价失压流动率时间段', 0.9755286574363708), ('8888888888', 0.9700474739074707), ('元', 0.9934455156326294), ('―', 0.5303887724876404), ('KWAh', 0.9967585206031799), ('Kvarh', 0.9975533485412598), ('88888888UaUbUc-Ia-Ib-Ic△L8◎T18', 0.994758665561676), ('88氘§｛∩ē阀Й逆相序成功失败请购电拉闸', 0.9344510436058044)]

2022-07-20 17:34:19,510: detec_list: 接收参数：[图片路径：./photo/img6/PICTURE1\3530001000101427171442.jpg，配置文件路径：./photo/ini6 ]
识别结果：[('★', 0.9996292591094971), ('当前上18月组合反正向无有功IIIV总费率18', 0.9667648673057556), ('ABCNCOSΦ阶梯剩余需电量费价失压流功率时间段', 0.9419691562652588), ('8888888888', 0.9278517961502075), ('元', 0.9978671073913574), ('―', 0.996067225933075), ('KWAh', 0.9991359114646912), ('Kvarh', 0.9963477849960327), ('88888888UaUbUc-Ia-Ib-Ic△L8◎T18', 0.9697729349136353), ('88氘§｛∩ē阀Й逆相序成功失败请购电拉闸', 0.9690858721733093)]

2022-07-20 17:34:19,510: detec_list: 接收参数：[图片路径：./photo/img6/PICTURE1\3530001000101427171442.jpg，配置文件路径：./photo/ini6 ]
识别结果：[('★', 0.9996292591094971), ('当前上18月组合反正向无有功IIIV总费率18', 0.9667648673057556), ('ABCNCOSΦ阶梯剩余需电量费价失压流功率时间段', 0.9419691562652588), ('8888888888', 0.9278517961502075), ('元', 0.9978671073913574), ('―', 0.996067225933075), ('KWAh', 0.9991359114646912), ('Kvarh', 0.9963477849960327), ('88888888UaUbUc-Ia-Ib-Ic△L8◎T18', 0.9697729349136353), ('88氘§｛∩ē阀Й逆相序成功失败请购电拉闸', 0.9690858721733093)]

2022-07-20 17:34:20,090: detec_list: 接收参数：[图片路径：./photo/img6/PICTURE2\3530001000101427171480.jpg，配置文件路径：./photo/ini6 ]
识别结果：[('★', 0.9995204210281372), ('当前上18月组合反正向无有功IIIV总费率18', 0.9183940291404724), ('ABCNCOSΦ阶梯剩余需电量费价失压流动率时间段', 0.9880268573760986), ('8888888888', 0.9924530982971191), ('元', 0.9953846335411072), ('―', 0.6654052734375), ('KWAh', 0.9990765452384949), ('Kvarh', 0.9995641708374023), ('88888888UaUbUc-Ia-Ib-Ic△L8◎T18', 0.971906840801239), ('88氘§｛∩ē阀Й逆相序成功失败请购电拉闸', 0.9762664437294006)]

2022-07-20 17:34:20,091: detec_list: 接收参数：[图片路径：./photo/img6/PICTURE2\3530001000101427171480.jpg，配置文件路径：./photo/ini6 ]
识别结果：[('★', 0.9995204210281372), ('当前上18月组合反正向无有功IIIV总费率18', 0.9183940291404724), ('ABCNCOSΦ阶梯剩余需电量费价失压流动率时间段', 0.9880268573760986), ('8888888888', 0.9924530982971191), ('元', 0.9953846335411072), ('―', 0.6654052734375), ('KWAh', 0.9990765452384949), ('Kvarh', 0.9995641708374023), ('88888888UaUbUc-Ia-Ib-Ic△L8◎T18', 0.971906840801239), ('88氘§｛∩ē阀Й逆相序成功失败请购电拉闸', 0.9762664437294006)]

2022-07-20 17:34:20,693: detec_list: 接收参数：[图片路径：./photo/img6/PICTURE3\3530001000101427170193.jpg，配置文件路径：./photo/ini6 ]
识别结果：[('★', 0.9996275901794434), ('当前上18月组合反正向无有功IIIV总费率18', 0.9723328948020935), ('ABCNCOSΦ阶梯剩余需电量费价失压流动率时间段', 0.9524284601211548), ('8888888888', 0.9998992681503296), ('元', 0.9973834156990051), ('―', 0.7884841561317444), ('KWAh', 0.9988651871681213), ('Kvarh', 0.9993915557861328), ('88888888UaUbUc-Ia-Ib-Ic△L8◎T18', 0.9623175859451294), ('88氘§｛∩ē阀Й逆相序成功失败请购电拉闸', 0.946407675743103)]

2022-07-20 17:34:20,693: detec_list: 接收参数：[图片路径：./photo/img6/PICTURE3\3530001000101427170193.jpg，配置文件路径：./photo/ini6 ]
识别结果：[('★', 0.9996275901794434), ('当前上18月组合反正向无有功IIIV总费率18', 0.9723328948020935), ('ABCNCOSΦ阶梯剩余需电量费价失压流动率时间段', 0.9524284601211548), ('8888888888', 0.9998992681503296), ('元', 0.9973834156990051), ('―', 0.7884841561317444), ('KWAh', 0.9988651871681213), ('Kvarh', 0.9993915557861328), ('88888888UaUbUc-Ia-Ib-Ic△L8◎T18', 0.9623175859451294), ('88氘§｛∩ē阀Й逆相序成功失败请购电拉闸', 0.946407675743103)]

2022-07-20 17:34:21,329: detec_list: 接收参数：[图片路径：./photo/img6/PICTURE4\001.jpg，配置文件路径：./photo/ini6 ]
识别结果：[('★', 0.9995717406272888), ('当前上18月组合反正向无有功IIIV总费率18', 0.960079550743103), ('ABCNCOSΦ阶梯剩余需电量费价失压流动率时间段', 0.9330251812934875), ('888888888', 0.9592313766479492), ('元', 0.9871094226837158), ('―', 0.5053404569625854), ('KWAh', 0.999340832233429), ('Kvarh', 0.9992876052856445), ('88888888UaUbUc-Ia-Ib-Ic△L8◎T18', 0.9478980302810669), ('88氘§｛∩ē阀Й逆相序成功失败请购电拉闸', 0.903409481048584)]

2022-07-20 17:34:21,329: detec_list: 接收参数：[图片路径：./photo/img6/PICTURE4\001.jpg，配置文件路径：./photo/ini6 ]
识别结果：[('★', 0.9995717406272888), ('当前上18月组合反正向无有功IIIV总费率18', 0.960079550743103), ('ABCNCOSΦ阶梯剩余需电量费价失压流动率时间段', 0.9330251812934875), ('888888888', 0.9592313766479492), ('元', 0.9871094226837158), ('―', 0.5053404569625854), ('KWAh', 0.999340832233429), ('Kvarh', 0.9992876052856445), ('88888888UaUbUc-Ia-Ib-Ic△L8◎T18', 0.9478980302810669), ('88氘§｛∩ē阀Й逆相序成功失败请购电拉闸', 0.903409481048584)]

2022-07-20 17:34:21,929: detec_list: 接收参数：[图片路径：./photo/img6/PICTURE4\3530001000101427141575.jpg，配置文件路径：./photo/ini6 ]
识别结果：[('★', 0.9995760321617126), ('当前上18月组合反正向无有功IIIV总费率18', 0.9569404721260071), ('ABCNCOSΦ阶梯剩余需电量费价失压流动率时间段', 0.9447309374809265), ('8888888888', 0.9527323842048645), ('元', 0.9937154650688171), ('―', 0.5000116229057312), ('KWAh', 0.9587774276733398), ('Kvarh', 0.9992831349372864), ('88888888UaUbUc-Ia-Ib-Ic△L8◎T18', 0.9662911891937256), ('88氘§｛∩ē阀Й逆相序成功失败请购电拉闸', 0.9690863490104675)]

2022-07-20 17:34:21,930: detec_list: 接收参数：[图片路径：./photo/img6/PICTURE4\3530001000101427141575.jpg，配置文件路径：./photo/ini6 ]
识别结果：[('★', 0.9995760321617126), ('当前上18月组合反正向无有功IIIV总费率18', 0.9569404721260071), ('ABCNCOSΦ阶梯剩余需电量费价失压流动率时间段', 0.9447309374809265), ('8888888888', 0.9527323842048645), ('元', 0.9937154650688171), ('―', 0.5000116229057312), ('KWAh', 0.9587774276733398), ('Kvarh', 0.9992831349372864), ('88888888UaUbUc-Ia-Ib-Ic△L8◎T18', 0.9662911891937256), ('88氘§｛∩ē阀Й逆相序成功失败请购电拉闸', 0.9690863490104675)]

2022-07-20 17:34:22,553: detec_list: 接收参数：[图片路径：./photo/img6/PICTURE4\Inked3530001000101427141575.jpg，配置文件路径：./photo/ini6 ]
识别结果：[('★', 0.9995740056037903), ('当前上18月组合反正向无有功IIIV总费率18', 0.9600762128829956), ('ABCNCOSΦ阶梯剩余需电量费价失压流动率时间段', 0.9479374885559082), ('8888888888', 0.9512773752212524), ('元', 0.9934855103492737), ('―', 0.9971352815628052), ('KWAh', 0.9469950199127197), ('Kvarh', 0.9992870092391968), ('88888888UaUbUc-Ia-Ib-Ic△L8◎T18', 0.9479746222496033), ('88氘§｛∩ē阀Й逆相序成功失败请购电拉闸', 0.9023054242134094)]

2022-07-20 17:34:22,554: detec_list: 接收参数：[图片路径：./photo/img6/PICTURE4\Inked3530001000101427141575.jpg，配置文件路径：./photo/ini6 ]
识别结果：[('★', 0.9995740056037903), ('当前上18月组合反正向无有功IIIV总费率18', 0.9600762128829956), ('ABCNCOSΦ阶梯剩余需电量费价失压流动率时间段', 0.9479374885559082), ('8888888888', 0.9512773752212524), ('元', 0.9934855103492737), ('―', 0.9971352815628052), ('KWAh', 0.9469950199127197), ('Kvarh', 0.9992870092391968), ('88888888UaUbUc-Ia-Ib-Ic△L8◎T18', 0.9479746222496033), ('88氘§｛∩ē阀Й逆相序成功失败请购电拉闸', 0.9023054242134094)]

2022-07-20 17:34:43,930: detec_list: 接收参数：[图片路径：./photo/img6/PICTURE1\3530001000101427171442.jpg，配置文件路径：./photo/ini6 ]
识别结果：[('★', 0.99957674741745), ('当前上18月组合反正向无有功IIIV总费率18', 0.9626560807228088), ('ABCNCOSΦ阶梯剩余需电量费价失压流动率时间段', 0.9306812882423401), ('8888888888', 0.9921127557754517), ('元', 0.9966151118278503), ('―', 0.998206615447998), ('KWAh', 0.9661116600036621), ('Kvarh', 0.9869363903999329), ('88888888UaUbUc-Ia-Ib-Ic△L8◎T18', 0.9898048043251038), ('88氘§｛∩ē阀Й逆相序成功失败请购电拉闸', 0.9495244026184082)]

2022-07-20 17:34:43,931: detec_list: 接收参数：[图片路径：./photo/img6/PICTURE1\3530001000101427171442.jpg，配置文件路径：./photo/ini6 ]
识别结果：[('★', 0.99957674741745), ('当前上18月组合反正向无有功IIIV总费率18', 0.9626560807228088), ('ABCNCOSΦ阶梯剩余需电量费价失压流动率时间段', 0.9306812882423401), ('8888888888', 0.9921127557754517), ('元', 0.9966151118278503), ('―', 0.998206615447998), ('KWAh', 0.9661116600036621), ('Kvarh', 0.9869363903999329), ('88888888UaUbUc-Ia-Ib-Ic△L8◎T18', 0.9898048043251038), ('88氘§｛∩ē阀Й逆相序成功失败请购电拉闸', 0.9495244026184082)]

2022-07-20 17:34:44,537: detec_list: 接收参数：[图片路径：./photo/img6/PICTURE2\3530001000101427171480.jpg，配置文件路径：./photo/ini6 ]
识别结果：[('★', 0.9995076656341553), ('当前上18月组合反正向无有功IIIV总费率18', 0.9182472229003906), ('ABCNCOSΦ阶梯剩余需电量费价失压流动率时间段', 0.9636629223823547), ('8888888888', 0.9730907678604126), ('元', 0.9945608973503113), ('―', 0.9665862917900085), ('KWAh', 0.9814664125442505), ('Kvarh', 0.9948828816413879), ('88888888UaUbUc-Ia-Ib-Ic△L8◎T18', 0.9709743857383728), ('88氘§｛∩ē阀Й逆相序成功失败请购电拉闸', 0.9467542171478271)]

2022-07-20 17:34:44,537: detec_list: 接收参数：[图片路径：./photo/img6/PICTURE2\3530001000101427171480.jpg，配置文件路径：./photo/ini6 ]
识别结果：[('★', 0.9995076656341553), ('当前上18月组合反正向无有功IIIV总费率18', 0.9182472229003906), ('ABCNCOSΦ阶梯剩余需电量费价失压流动率时间段', 0.9636629223823547), ('8888888888', 0.9730907678604126), ('元', 0.9945608973503113), ('―', 0.9665862917900085), ('KWAh', 0.9814664125442505), ('Kvarh', 0.9948828816413879), ('88888888UaUbUc-Ia-Ib-Ic△L8◎T18', 0.9709743857383728), ('88氘§｛∩ē阀Й逆相序成功失败请购电拉闸', 0.9467542171478271)]

2022-07-20 17:34:45,106: detec_list: 接收参数：[图片路径：./photo/img6/PICTURE3\3530001000101427170193.jpg，配置文件路径：./photo/ini6 ]
识别结果：[('★', 0.9995108842849731), ('当前上18月组合反正向无有功IIIV总费率18', 0.9550628662109375), ('ABCNCOSΦ阶梯剩余需电量费价失压流动率时间段', 0.9661880731582642), ('8888888888', 0.9775950312614441), ('元', 0.9967057108879089), ('―', 0.9434123039245605), ('KWAh', 0.9050396680831909), ('Kvarh', 0.9976232647895813), ('88888888UaUbUc-Ia-Ib-Ic△L8◎T18', 0.9823175668716431), ('88氘§｛∩ē阀Й逆相序成功失败请购电拉闸', 0.9183639287948608)]

2022-07-20 17:34:45,106: detec_list: 接收参数：[图片路径：./photo/img6/PICTURE3\3530001000101427170193.jpg，配置文件路径：./photo/ini6 ]
识别结果：[('★', 0.9995108842849731), ('当前上18月组合反正向无有功IIIV总费率18', 0.9550628662109375), ('ABCNCOSΦ阶梯剩余需电量费价失压流动率时间段', 0.9661880731582642), ('8888888888', 0.9775950312614441), ('元', 0.9967057108879089), ('―', 0.9434123039245605), ('KWAh', 0.9050396680831909), ('Kvarh', 0.9976232647895813), ('88888888UaUbUc-Ia-Ib-Ic△L8◎T18', 0.9823175668716431), ('88氘§｛∩ē阀Й逆相序成功失败请购电拉闸', 0.9183639287948608)]

2022-07-20 17:34:45,692: detec_list: 接收参数：[图片路径：./photo/img6/PICTURE4\001.jpg，配置文件路径：./photo/ini6 ]
识别结果：[('★', 0.9994493126869202), ('当前上18月组合反正向无有功IIIV总费率18', 0.9430076479911804), ('ABCNCOSΦ阶梯剩余需电量费价失压流动率时间段', 0.9813132286071777), ('8888888888', 0.8899433016777039), ('元', 0.9850475788116455), ('―', 0.5390863418579102), ('KWAh', 0.9979797601699829), ('Kvarh', 0.9975960850715637), ('88888888UaUbUc-Ia-Ib-Ic△L8◎T18', 0.9947690963745117), ('88氘§｛∩ē阀Й逆相序成功失败请购电拉闸', 0.9343200922012329)]

2022-07-20 17:34:45,692: detec_list: 接收参数：[图片路径：./photo/img6/PICTURE4\001.jpg，配置文件路径：./photo/ini6 ]
识别结果：[('★', 0.9994493126869202), ('当前上18月组合反正向无有功IIIV总费率18', 0.9430076479911804), ('ABCNCOSΦ阶梯剩余需电量费价失压流动率时间段', 0.9813132286071777), ('8888888888', 0.8899433016777039), ('元', 0.9850475788116455), ('―', 0.5390863418579102), ('KWAh', 0.9979797601699829), ('Kvarh', 0.9975960850715637), ('88888888UaUbUc-Ia-Ib-Ic△L8◎T18', 0.9947690963745117), ('88氘§｛∩ē阀Й逆相序成功失败请购电拉闸', 0.9343200922012329)]

2022-07-20 17:34:46,246: detec_list: 接收参数：[图片路径：./photo/img6/PICTURE4\3530001000101427141575.jpg，配置文件路径：./photo/ini6 ]
识别结果：[('★', 0.9994553923606873), ('当前上18月组合反正向无有功IIIV总费率18', 0.937283992767334), ('ABCNCOSΦ阶梯剩余需电量费价失压流动率时间段', 0.9856256246566772), ('8888888888', 0.9370976686477661), ('元', 0.9937859773635864), ('―', 0.5361906886100769), ('KWAh', 0.9967726469039917), ('Kvarh', 0.9974980354309082), ('88888888UaUbUc-Ia-Ib-Ic△L8◎T18', 0.9831269979476929), ('88氘§｛∩ē阀Й逆相序成功失败请购电拉闸', 0.9581341743469238)]

2022-07-20 17:34:46,246: detec_list: 接收参数：[图片路径：./photo/img6/PICTURE4\3530001000101427141575.jpg，配置文件路径：./photo/ini6 ]
识别结果：[('★', 0.9994553923606873), ('当前上18月组合反正向无有功IIIV总费率18', 0.937283992767334), ('ABCNCOSΦ阶梯剩余需电量费价失压流动率时间段', 0.9856256246566772), ('8888888888', 0.9370976686477661), ('元', 0.9937859773635864), ('―', 0.5361906886100769), ('KWAh', 0.9967726469039917), ('Kvarh', 0.9974980354309082), ('88888888UaUbUc-Ia-Ib-Ic△L8◎T18', 0.9831269979476929), ('88氘§｛∩ē阀Й逆相序成功失败请购电拉闸', 0.9581341743469238)]

2022-07-20 17:34:46,827: detec_list: 接收参数：[图片路径：./photo/img6/PICTURE4\Inked3530001000101427141575.jpg，配置文件路径：./photo/ini6 ]
识别结果：[('★', 0.9994491934776306), ('当前上18月组合反正向无有功IIIV总费率18', 0.9427674412727356), ('ABCNCOSΦ阶梯剩余需电量费价失压流动率时间段', 0.9755286574363708), ('8888888888', 0.9700474739074707), ('元', 0.9934455156326294), ('―', 0.5303887724876404), ('KWAh', 0.9967585206031799), ('Kvarh', 0.9975533485412598), ('88888888UaUbUc-Ia-Ib-Ic△L8◎T18', 0.994758665561676), ('88氘§｛∩ē阀Й逆相序成功失败请购电拉闸', 0.9344510436058044)]

2022-07-20 17:34:46,827: detec_list: 接收参数：[图片路径：./photo/img6/PICTURE4\Inked3530001000101427141575.jpg，配置文件路径：./photo/ini6 ]
识别结果：[('★', 0.9994491934776306), ('当前上18月组合反正向无有功IIIV总费率18', 0.9427674412727356), ('ABCNCOSΦ阶梯剩余需电量费价失压流动率时间段', 0.9755286574363708), ('8888888888', 0.9700474739074707), ('元', 0.9934455156326294), ('―', 0.5303887724876404), ('KWAh', 0.9967585206031799), ('Kvarh', 0.9975533485412598), ('88888888UaUbUc-Ia-Ib-Ic△L8◎T18', 0.994758665561676), ('88氘§｛∩ē阀Й逆相序成功失败请购电拉闸', 0.9344510436058044)]

2022-07-20 17:48:52,272: detec_list: 接收参数：[图片路径：./photo/img6/PICTURE1\3530001000101427171442.jpg，配置文件路径：./photo/ini6 ]
识别结果：[('★', 0.99957674741745), ('当前上18月组合反正向无有功IIIV总费率18', 0.9626560807228088), ('ABCNCOSΦ阶梯剩余需电量费价失压流动率时间段', 0.9306812882423401), ('8888888888', 0.9921127557754517), ('元', 0.9966151118278503), ('―', 0.998206615447998), ('KWAh', 0.9661116600036621), ('Kvarh', 0.9869363903999329), ('88888888UaUbUc-Ia-Ib-Ic△L8◎T18', 0.9898048043251038), ('88氘§｛∩ē阀Й逆相序成功失败请购电拉闸', 0.9495244026184082)]

2022-07-20 17:48:52,273: detec_list: 接收参数：[图片路径：./photo/img6/PICTURE1\3530001000101427171442.jpg，配置文件路径：./photo/ini6 ]
识别结果：[('★', 0.99957674741745), ('当前上18月组合反正向无有功IIIV总费率18', 0.9626560807228088), ('ABCNCOSΦ阶梯剩余需电量费价失压流动率时间段', 0.9306812882423401), ('8888888888', 0.9921127557754517), ('元', 0.9966151118278503), ('―', 0.998206615447998), ('KWAh', 0.9661116600036621), ('Kvarh', 0.9869363903999329), ('88888888UaUbUc-Ia-Ib-Ic△L8◎T18', 0.9898048043251038), ('88氘§｛∩ē阀Й逆相序成功失败请购电拉闸', 0.9495244026184082)]

2022-07-20 17:48:52,826: detec_list: 接收参数：[图片路径：./photo/img6/PICTURE2\3530001000101427171480.jpg，配置文件路径：./photo/ini6 ]
识别结果：[('★', 0.9995076656341553), ('当前上18月组合反正向无有功IIIV总费率18', 0.9182472229003906), ('ABCNCOSΦ阶梯剩余需电量费价失压流动率时间段', 0.9636629223823547), ('8888888888', 0.9730907678604126), ('元', 0.9945608973503113), ('―', 0.9665862917900085), ('KWAh', 0.9814664125442505), ('Kvarh', 0.9948828816413879), ('88888888UaUbUc-Ia-Ib-Ic△L8◎T18', 0.9709743857383728), ('88氘§｛∩ē阀Й逆相序成功失败请购电拉闸', 0.9467542171478271)]

2022-07-20 17:48:52,826: detec_list: 接收参数：[图片路径：./photo/img6/PICTURE2\3530001000101427171480.jpg，配置文件路径：./photo/ini6 ]
识别结果：[('★', 0.9995076656341553), ('当前上18月组合反正向无有功IIIV总费率18', 0.9182472229003906), ('ABCNCOSΦ阶梯剩余需电量费价失压流动率时间段', 0.9636629223823547), ('8888888888', 0.9730907678604126), ('元', 0.9945608973503113), ('―', 0.9665862917900085), ('KWAh', 0.9814664125442505), ('Kvarh', 0.9948828816413879), ('88888888UaUbUc-Ia-Ib-Ic△L8◎T18', 0.9709743857383728), ('88氘§｛∩ē阀Й逆相序成功失败请购电拉闸', 0.9467542171478271)]

2022-07-20 17:48:53,365: detec_list: 接收参数：[图片路径：./photo/img6/PICTURE3\3530001000101427170193.jpg，配置文件路径：./photo/ini6 ]
识别结果：[('★', 0.9995108842849731), ('当前上18月组合反正向无有功IIIV总费率18', 0.9550628662109375), ('ABCNCOSΦ阶梯剩余需电量费价失压流动率时间段', 0.9661880731582642), ('8888888888', 0.9775950312614441), ('元', 0.9967057108879089), ('―', 0.9434123039245605), ('KWAh', 0.9050396680831909), ('Kvarh', 0.9976232647895813), ('88888888UaUbUc-Ia-Ib-Ic△L8◎T18', 0.9823175668716431), ('88氘§｛∩ē阀Й逆相序成功失败请购电拉闸', 0.9183639287948608)]

2022-07-20 17:48:53,366: detec_list: 接收参数：[图片路径：./photo/img6/PICTURE3\3530001000101427170193.jpg，配置文件路径：./photo/ini6 ]
识别结果：[('★', 0.9995108842849731), ('当前上18月组合反正向无有功IIIV总费率18', 0.9550628662109375), ('ABCNCOSΦ阶梯剩余需电量费价失压流动率时间段', 0.9661880731582642), ('8888888888', 0.9775950312614441), ('元', 0.9967057108879089), ('―', 0.9434123039245605), ('KWAh', 0.9050396680831909), ('Kvarh', 0.9976232647895813), ('88888888UaUbUc-Ia-Ib-Ic△L8◎T18', 0.9823175668716431), ('88氘§｛∩ē阀Й逆相序成功失败请购电拉闸', 0.9183639287948608)]

2022-07-20 17:48:53,913: detec_list: 接收参数：[图片路径：./photo/img6/PICTURE4\001.jpg，配置文件路径：./photo/ini6 ]
识别结果：[('★', 0.9994493126869202), ('当前上18月组合反正向无有功IIIV总费率18', 0.9430076479911804), ('ABCNCOSΦ阶梯剩余需电量费价失压流动率时间段', 0.9813132286071777), ('8888888888', 0.8899433016777039), ('元', 0.9850475788116455), ('―', 0.5390863418579102), ('KWAh', 0.9979797601699829), ('Kvarh', 0.9975960850715637), ('88888888UaUbUc-Ia-Ib-Ic△L8◎T18', 0.9947690963745117), ('88氘§｛∩ē阀Й逆相序成功失败请购电拉闸', 0.9343200922012329)]

2022-07-20 17:48:53,914: detec_list: 接收参数：[图片路径：./photo/img6/PICTURE4\001.jpg，配置文件路径：./photo/ini6 ]
识别结果：[('★', 0.9994493126869202), ('当前上18月组合反正向无有功IIIV总费率18', 0.9430076479911804), ('ABCNCOSΦ阶梯剩余需电量费价失压流动率时间段', 0.9813132286071777), ('8888888888', 0.8899433016777039), ('元', 0.9850475788116455), ('―', 0.5390863418579102), ('KWAh', 0.9979797601699829), ('Kvarh', 0.9975960850715637), ('88888888UaUbUc-Ia-Ib-Ic△L8◎T18', 0.9947690963745117), ('88氘§｛∩ē阀Й逆相序成功失败请购电拉闸', 0.9343200922012329)]

2022-07-20 17:48:54,432: detec_list: 接收参数：[图片路径：./photo/img6/PICTURE4\3530001000101427141575.jpg，配置文件路径：./photo/ini6 ]
识别结果：[('★', 0.9994553923606873), ('当前上18月组合反正向无有功IIIV总费率18', 0.937283992767334), ('ABCNCOSΦ阶梯剩余需电量费价失压流动率时间段', 0.9856256246566772), ('8888888888', 0.9370976686477661), ('元', 0.9937859773635864), ('―', 0.5361906886100769), ('KWAh', 0.9967726469039917), ('Kvarh', 0.9974980354309082), ('88888888UaUbUc-Ia-Ib-Ic△L8◎T18', 0.9831269979476929), ('88氘§｛∩ē阀Й逆相序成功失败请购电拉闸', 0.9581341743469238)]

2022-07-20 17:48:54,432: detec_list: 接收参数：[图片路径：./photo/img6/PICTURE4\3530001000101427141575.jpg，配置文件路径：./photo/ini6 ]
识别结果：[('★', 0.9994553923606873), ('当前上18月组合反正向无有功IIIV总费率18', 0.937283992767334), ('ABCNCOSΦ阶梯剩余需电量费价失压流动率时间段', 0.9856256246566772), ('8888888888', 0.9370976686477661), ('元', 0.9937859773635864), ('―', 0.5361906886100769), ('KWAh', 0.9967726469039917), ('Kvarh', 0.9974980354309082), ('88888888UaUbUc-Ia-Ib-Ic△L8◎T18', 0.9831269979476929), ('88氘§｛∩ē阀Й逆相序成功失败请购电拉闸', 0.9581341743469238)]

2022-07-20 17:48:54,988: detec_list: 接收参数：[图片路径：./photo/img6/PICTURE4\Inked3530001000101427141575.jpg，配置文件路径：./photo/ini6 ]
识别结果：[('★', 0.9994491934776306), ('当前上18月组合反正向无有功IIIV总费率18', 0.9427674412727356), ('ABCNCOSΦ阶梯剩余需电量费价失压流动率时间段', 0.9755286574363708), ('8888888888', 0.9700474739074707), ('元', 0.9934455156326294), ('―', 0.5303887724876404), ('KWAh', 0.9967585206031799), ('Kvarh', 0.9975533485412598), ('88888888UaUbUc-Ia-Ib-Ic△L8◎T18', 0.994758665561676), ('88氘§｛∩ē阀Й逆相序成功失败请购电拉闸', 0.9344510436058044)]

2022-07-20 17:48:54,988: detec_list: 接收参数：[图片路径：./photo/img6/PICTURE4\Inked3530001000101427141575.jpg，配置文件路径：./photo/ini6 ]
识别结果：[('★', 0.9994491934776306), ('当前上18月组合反正向无有功IIIV总费率18', 0.9427674412727356), ('ABCNCOSΦ阶梯剩余需电量费价失压流动率时间段', 0.9755286574363708), ('8888888888', 0.9700474739074707), ('元', 0.9934455156326294), ('―', 0.5303887724876404), ('KWAh', 0.9967585206031799), ('Kvarh', 0.9975533485412598), ('88888888UaUbUc-Ia-Ib-Ic△L8◎T18', 0.994758665561676), ('88氘§｛∩ē阀Й逆相序成功失败请购电拉闸', 0.9344510436058044)]

