2023-03-07 13:34:05,906: detec_list: 接收参数：[图片路径：./photo/NG230307/PICTURE1\2130001120000000923846.jpg，配置文件路径：photo/ini0307 ]
识别结果：[('§当前上18月组合正反向总尖峰平谷剩余常数', 0.9631412029266357), ('12', 0.9810149669647217), ('｛阶梯透支用电量价户时间段金额表号', 0.9714272618293762), ('8888:8.8:8.8', 0.9562615752220154), ('COSΦ', 0.9967398643493652), ('尖峰1', 0.968050479888916), ('LN―', 0.7109385132789612), ('VA元', 0.9622130393981934), ('平谷2', 0.9540786743164062), ('kWh', 0.8151130676269531), ('←12Й∩读卡中成功失败请购电拉闸透支囤积', 0.9900834560394287)]

2023-03-07 13:34:05,908: detec_list: 接收参数：[图片路径：./photo/NG230307/PICTURE1\2130001120000000923846.jpg，配置文件路径：photo/ini0307 ]
识别结果：[('§当前上18月组合正反向总尖峰平谷剩余常数', 0.9631412029266357), ('12', 0.9810149669647217), ('｛阶梯透支用电量价户时间段金额表号', 0.9714272618293762), ('8888:8.8:8.8', 0.9562615752220154), ('COSΦ', 0.9967398643493652), ('尖峰1', 0.968050479888916), ('LN―', 0.7109385132789612), ('VA元', 0.9622130393981934), ('平谷2', 0.9540786743164062), ('kWh', 0.8151130676269531), ('←12Й∩读卡中成功失败请购电拉闸透支囤积', 0.9900834560394287)]

2023-03-07 13:34:08,437: detec_list: 接收参数：[图片路径：./photo/NG230307/PICTURE2\2130001120000000928346.jpg，配置文件路径：photo/ini0307 ]
识别结果：[('§当前上18月组合正反向总尖峰平谷剩余常数', 0.9619008898735046), ('12', 0.9832268953323364), ('｛阶梯透支用电量价户时间段金额表号', 0.9672103524208069), ('34', 0.812809944152832), ('COSΦ', 0.998868465423584), ('尖峰1', 0.842674732208252), ('8888:8.8:8.8', 0.9601278305053711), ('VA元', 0.9752447605133057), ('LN―', 0.9139607548713684), ('平谷2', 0.9600863456726074), ('kWh', 0.6969544291496277), ('←12Й∩读卡中成功失败请购电拉闸透支囤积', 0.9768145084381104)]

2023-03-07 13:34:08,437: detec_list: 接收参数：[图片路径：./photo/NG230307/PICTURE2\2130001120000000928346.jpg，配置文件路径：photo/ini0307 ]
识别结果：[('§当前上18月组合正反向总尖峰平谷剩余常数', 0.9619008898735046), ('12', 0.9832268953323364), ('｛阶梯透支用电量价户时间段金额表号', 0.9672103524208069), ('34', 0.812809944152832), ('COSΦ', 0.998868465423584), ('尖峰1', 0.842674732208252), ('8888:8.8:8.8', 0.9601278305053711), ('VA元', 0.9752447605133057), ('LN―', 0.9139607548713684), ('平谷2', 0.9600863456726074), ('kWh', 0.6969544291496277), ('←12Й∩读卡中成功失败请购电拉闸透支囤积', 0.9768145084381104)]

2023-03-07 13:34:10,819: detec_list: 接收参数：[图片路径：./photo/NG230307/PICTURE2\638137889077311696.jpg，配置文件路径：photo/ini0307 ]
识别结果：[('§当前上18月组合正反向总尖峰平谷剩余常数', 0.9642418622970581), ('12', 0.9857659339904785), ('｛阶梯透支用电量价户时间段金额表号', 0.978145182132721), ('34', 0.85562664270401), ('COSΦ', 0.9611806869506836), ('8888:8.8:8.8', 0.9574708938598633), ('尖峰1', 0.9583849310874939), ('VA元', 0.9806410670280457), ('LN', 0.8025521636009216), ('平谷2', 0.9533106684684753), ('kWh', 0.7127671241760254), ('←12Й∩读卡中成功失败请购电拉闸透支囤积', 0.9843942523002625)]

2023-03-07 13:34:10,819: detec_list: 接收参数：[图片路径：./photo/NG230307/PICTURE2\638137889077311696.jpg，配置文件路径：photo/ini0307 ]
识别结果：[('§当前上18月组合正反向总尖峰平谷剩余常数', 0.9642418622970581), ('12', 0.9857659339904785), ('｛阶梯透支用电量价户时间段金额表号', 0.978145182132721), ('34', 0.85562664270401), ('COSΦ', 0.9611806869506836), ('8888:8.8:8.8', 0.9574708938598633), ('尖峰1', 0.9583849310874939), ('VA元', 0.9806410670280457), ('LN', 0.8025521636009216), ('平谷2', 0.9533106684684753), ('kWh', 0.7127671241760254), ('←12Й∩读卡中成功失败请购电拉闸透支囤积', 0.9843942523002625)]

2023-03-07 13:34:13,308: detec_list: 接收参数：[图片路径：./photo/NG230307/PICTURE3\2130001120000000928438.jpg，配置文件路径：photo/ini0307 ]
识别结果：[('§当前上18月组合正反向总尖峰平谷剩余常数', 0.9523409605026245), ('12', 0.9789130687713623), ('｛阶梯透支用电量价户时间段金额表号', 0.9827232360839844), ('34', 0.8640615344047546), ('8888:8.8:8.8', 0.9331853985786438), ('COSΦ', 0.9981260895729065), ('尖峰1', 0.9529626965522766), ('VA元', 0.8499022126197815), ('LN―', 0.7888883948326111), ('平谷2', 0.9660496115684509), ('kWh', 0.8397679328918457), ('←12Й∩读卡中成功失败请购电拉闸透支囤积', 0.9870469570159912)]

2023-03-07 13:34:13,308: detec_list: 接收参数：[图片路径：./photo/NG230307/PICTURE3\2130001120000000928438.jpg，配置文件路径：photo/ini0307 ]
识别结果：[('§当前上18月组合正反向总尖峰平谷剩余常数', 0.9523409605026245), ('12', 0.9789130687713623), ('｛阶梯透支用电量价户时间段金额表号', 0.9827232360839844), ('34', 0.8640615344047546), ('8888:8.8:8.8', 0.9331853985786438), ('COSΦ', 0.9981260895729065), ('尖峰1', 0.9529626965522766), ('VA元', 0.8499022126197815), ('LN―', 0.7888883948326111), ('平谷2', 0.9660496115684509), ('kWh', 0.8397679328918457), ('←12Й∩读卡中成功失败请购电拉闸透支囤积', 0.9870469570159912)]

2023-03-07 13:34:15,796: detec_list: 接收参数：[图片路径：./photo/NG230307/PICTURE3\638137889076991888.jpg，配置文件路径：photo/ini0307 ]
识别结果：[('§当前上18月组合正反向总尖峰平谷剩余常数', 0.9478777050971985), ('12', 0.9476690292358398), ('｛阶梯透支用电量价户时间段金额表号', 0.9706786274909973), ('34', 0.88390052318573), ('8888:8.8:8.8', 0.9831753373146057), ('COSΦ', 0.9984761476516724), ('尖峰1', 0.9022484421730042), ('VA元', 0.9414374828338623), ('LN―', 0.8431286215782166), ('平谷2', 0.9581044316291809), ('kWh', 0.8239853382110596), ('←12Й∩读卡中成功失败请购电拉闸透支囤积', 0.9398394227027893)]

2023-03-07 13:34:15,796: detec_list: 接收参数：[图片路径：./photo/NG230307/PICTURE3\638137889076991888.jpg，配置文件路径：photo/ini0307 ]
识别结果：[('§当前上18月组合正反向总尖峰平谷剩余常数', 0.9478777050971985), ('12', 0.9476690292358398), ('｛阶梯透支用电量价户时间段金额表号', 0.9706786274909973), ('34', 0.88390052318573), ('8888:8.8:8.8', 0.9831753373146057), ('COSΦ', 0.9984761476516724), ('尖峰1', 0.9022484421730042), ('VA元', 0.9414374828338623), ('LN―', 0.8431286215782166), ('平谷2', 0.9581044316291809), ('kWh', 0.8239853382110596), ('←12Й∩读卡中成功失败请购电拉闸透支囤积', 0.9398394227027893)]

2023-03-07 13:34:18,174: detec_list: 接收参数：[图片路径：./photo/NG230307/PICTURE4\2130001120000000928391.jpg，配置文件路径：photo/ini0307 ]
识别结果：[('§当前上18月组合正反向总尖峰平谷剩余常数', 0.9573164582252502), ('12', 0.9715259075164795), ('｛阶梯透支用电量价户时间段金额表号', 0.9430802464485168), ('34', 0.7775352001190186), ('8888:8.8:8.8', 0.9523828625679016), ('尖峰1', 0.9445698857307434), ('COSΦ', 0.9985764026641846), ('LN', 0.9669556617736816), ('VA元', 0.9609748721122742), ('平谷2', 0.9411284923553467), ('kWh', 0.8455528616905212), ('←12Й∩读卡中成功失败请购电拉闸透支囤积', 0.9612051248550415)]

2023-03-07 13:34:18,174: detec_list: 接收参数：[图片路径：./photo/NG230307/PICTURE4\2130001120000000928391.jpg，配置文件路径：photo/ini0307 ]
识别结果：[('§当前上18月组合正反向总尖峰平谷剩余常数', 0.9573164582252502), ('12', 0.9715259075164795), ('｛阶梯透支用电量价户时间段金额表号', 0.9430802464485168), ('34', 0.7775352001190186), ('8888:8.8:8.8', 0.9523828625679016), ('尖峰1', 0.9445698857307434), ('COSΦ', 0.9985764026641846), ('LN', 0.9669556617736816), ('VA元', 0.9609748721122742), ('平谷2', 0.9411284923553467), ('kWh', 0.8455528616905212), ('←12Й∩读卡中成功失败请购电拉闸透支囤积', 0.9612051248550415)]

2023-03-07 13:34:20,602: detec_list: 接收参数：[图片路径：./photo/NG230307/PICTURE4\638137889077151788.jpg，配置文件路径：photo/ini0307 ]
识别结果：[('§当前上18月组合正反向总尖峰平谷剩余常数', 0.9425860047340393), ('12', 0.9857319593429565), ('｛阶梯透支用电量价户时间段金额表号', 0.9827468395233154), ('34', 0.95145583152771), ('8888:8.8:8.8', 0.9759871959686279), ('尖峰1', 0.9655713438987732), ('COSΦ', 0.998477578163147), ('LN', 0.929587185382843), ('VA元', 0.95646733045578), ('平谷2', 0.8927355408668518), ('kWh', 0.8545987010002136), ('←12Й∩读卡中成功失败请购电拉闸透支囤积', 0.9531804919242859)]

2023-03-07 13:34:20,602: detec_list: 接收参数：[图片路径：./photo/NG230307/PICTURE4\638137889077151788.jpg，配置文件路径：photo/ini0307 ]
识别结果：[('§当前上18月组合正反向总尖峰平谷剩余常数', 0.9425860047340393), ('12', 0.9857319593429565), ('｛阶梯透支用电量价户时间段金额表号', 0.9827468395233154), ('34', 0.95145583152771), ('8888:8.8:8.8', 0.9759871959686279), ('尖峰1', 0.9655713438987732), ('COSΦ', 0.998477578163147), ('LN', 0.929587185382843), ('VA元', 0.95646733045578), ('平谷2', 0.8927355408668518), ('kWh', 0.8545987010002136), ('←12Й∩读卡中成功失败请购电拉闸透支囤积', 0.9531804919242859)]

2023-03-07 13:34:23,030: detec_list: 接收参数：[图片路径：./photo/NG230307/PICTURE5\2130001120000000928384.jpg，配置文件路径：photo/ini0307 ]
识别结果：[('§当前上18月组合正反向总尖峰平谷剩余常数', 0.9319359660148621), ('12', 0.9854708909988403), ('｛阶梯透支用电量价户时间段金额表号', 0.9845300316810608), ('34', 0.9005613327026367), ('8888:8.8:8.8', 0.9896149635314941), ('COSΦ', 0.9948554039001465), ('尖峰1', 0.9348097443580627), ('VA元', 0.9829670786857605), ('LN', 0.8276376724243164), ('平谷2', 0.977924108505249), ('kWh', 0.9048280715942383), ('←12Й∩读卡中成功失败请购电拉闸透支囤积', 0.9597558379173279)]

2023-03-07 13:34:23,030: detec_list: 接收参数：[图片路径：./photo/NG230307/PICTURE5\2130001120000000928384.jpg，配置文件路径：photo/ini0307 ]
识别结果：[('§当前上18月组合正反向总尖峰平谷剩余常数', 0.9319359660148621), ('12', 0.9854708909988403), ('｛阶梯透支用电量价户时间段金额表号', 0.9845300316810608), ('34', 0.9005613327026367), ('8888:8.8:8.8', 0.9896149635314941), ('COSΦ', 0.9948554039001465), ('尖峰1', 0.9348097443580627), ('VA元', 0.9829670786857605), ('LN', 0.8276376724243164), ('平谷2', 0.977924108505249), ('kWh', 0.9048280715942383), ('←12Й∩读卡中成功失败请购电拉闸透支囤积', 0.9597558379173279)]

2023-03-07 13:34:25,475: detec_list: 接收参数：[图片路径：./photo/NG230307/PICTURE5\638137889077791418.jpg，配置文件路径：photo/ini0307 ]
识别结果：[('§当前上18月组合正反向总尖峰平谷剩余常数', 0.95368492603302), ('12', 0.9849057197570801), ('｛阶梯透支用电量价户时间段金额表号', 0.9637463688850403), ('34', 0.6911542415618896), ('COSΦ', 0.995728611946106), ('8888:8.8:8.8', 0.9245145320892334), ('尖峰1', 0.796463668346405), ('VA元', 0.9796850085258484), ('LN', 0.8281391263008118), ('平谷2', 0.9753875136375427), ('kWh', 0.8955195546150208), ('←12Й∩读卡中成功失败请购电拉闸透支囤积', 0.9779123067855835)]

2023-03-07 13:34:25,475: detec_list: 接收参数：[图片路径：./photo/NG230307/PICTURE5\638137889077791418.jpg，配置文件路径：photo/ini0307 ]
识别结果：[('§当前上18月组合正反向总尖峰平谷剩余常数', 0.95368492603302), ('12', 0.9849057197570801), ('｛阶梯透支用电量价户时间段金额表号', 0.9637463688850403), ('34', 0.6911542415618896), ('COSΦ', 0.995728611946106), ('8888:8.8:8.8', 0.9245145320892334), ('尖峰1', 0.796463668346405), ('VA元', 0.9796850085258484), ('LN', 0.8281391263008118), ('平谷2', 0.9753875136375427), ('kWh', 0.8955195546150208), ('←12Й∩读卡中成功失败请购电拉闸透支囤积', 0.9779123067855835)]

2023-03-07 13:34:27,966: detec_list: 接收参数：[图片路径：./photo/NG230307/PICTURE6\2130001120000000923808.jpg，配置文件路径：photo/ini0307 ]
识别结果：[('§当前上18月组合正反向总尖峰平谷剩余常数', 0.9633440971374512), ('12', 0.9703196883201599), ('｛阶梯透支用电量价户时间段金额表号', 0.9214017391204834), ('34', 0.9129769802093506), ('8888:8.8:8.8', 0.9626638889312744), ('COSΦ', 0.9450636506080627), ('尖峰1', 0.9456084370613098), ('VA元', 0.9753925800323486), ('LN―', 0.7980343699455261), ('平谷2', 0.9531960487365723), ('kWh', 0.779050350189209), ('←12Й∩读卡中成功失败请购电拉闸透支囤积', 0.9681785702705383)]

2023-03-07 13:34:27,966: detec_list: 接收参数：[图片路径：./photo/NG230307/PICTURE6\2130001120000000923808.jpg，配置文件路径：photo/ini0307 ]
识别结果：[('§当前上18月组合正反向总尖峰平谷剩余常数', 0.9633440971374512), ('12', 0.9703196883201599), ('｛阶梯透支用电量价户时间段金额表号', 0.9214017391204834), ('34', 0.9129769802093506), ('8888:8.8:8.8', 0.9626638889312744), ('COSΦ', 0.9450636506080627), ('尖峰1', 0.9456084370613098), ('VA元', 0.9753925800323486), ('LN―', 0.7980343699455261), ('平谷2', 0.9531960487365723), ('kWh', 0.779050350189209), ('←12Й∩读卡中成功失败请购电拉闸透支囤积', 0.9681785702705383)]

2023-03-07 13:34:30,790: detec_list: 接收参数：[图片路径：./photo/NG230307/PICTURE6\638137889077471604.jpg，配置文件路径：photo/ini0307 ]
识别结果：[('§当前上18月组合正反向总尖峰平谷剩余常数', 0.9722529053688049), ('12', 0.9646847248077393), ('｛阶梯透支用电量价户时间段金额表号', 0.9472022652626038), ('34', 0.9095048904418945), ('8888:8.8:8.8', 0.9528427720069885), ('COSΦ', 0.9530377984046936), ('尖峰1', 0.9761479496955872), ('VA元', 0.7115867733955383), ('LN―', 0.7593498229980469), ('平谷2', 0.9681031107902527), ('kWh', 0.7949320673942566), ('←12Й∩读卡中成功失败请购电拉闸透支囤积', 0.9655269384384155)]

2023-03-07 13:34:30,790: detec_list: 接收参数：[图片路径：./photo/NG230307/PICTURE6\638137889077471604.jpg，配置文件路径：photo/ini0307 ]
识别结果：[('§当前上18月组合正反向总尖峰平谷剩余常数', 0.9722529053688049), ('12', 0.9646847248077393), ('｛阶梯透支用电量价户时间段金额表号', 0.9472022652626038), ('34', 0.9095048904418945), ('8888:8.8:8.8', 0.9528427720069885), ('COSΦ', 0.9530377984046936), ('尖峰1', 0.9761479496955872), ('VA元', 0.7115867733955383), ('LN―', 0.7593498229980469), ('平谷2', 0.9681031107902527), ('kWh', 0.7949320673942566), ('←12Й∩读卡中成功失败请购电拉闸透支囤积', 0.9655269384384155)]

2023-03-07 13:44:35,029: detec_list: 接收参数：[图片路径：./photo/NG230307/PICTURE1\2130001120000000923846.jpg，配置文件路径：photo/ini0307 ]
识别结果：[('§当前上18月组合正反向总尖峰平谷剩余常数', 0.9631412029266357), ('12', 0.9810149669647217), ('｛阶梯透支用电量价户时间段金额表号', 0.9714272618293762), ('8888:8.8:8.8', 0.9562615752220154), ('COSΦ', 0.9967398643493652), ('尖峰1', 0.968050479888916), ('LN―', 0.7109385132789612), ('VA元', 0.9622130393981934), ('平谷2', 0.9540786743164062), ('kWh', 0.8151130676269531), ('←12Й∩读卡中成功失败请购电拉闸透支囤积', 0.9900834560394287)]

2023-03-07 13:44:35,029: detec_list: 接收参数：[图片路径：./photo/NG230307/PICTURE1\2130001120000000923846.jpg，配置文件路径：photo/ini0307 ]
识别结果：[('§当前上18月组合正反向总尖峰平谷剩余常数', 0.9631412029266357), ('12', 0.9810149669647217), ('｛阶梯透支用电量价户时间段金额表号', 0.9714272618293762), ('8888:8.8:8.8', 0.9562615752220154), ('COSΦ', 0.9967398643493652), ('尖峰1', 0.968050479888916), ('LN―', 0.7109385132789612), ('VA元', 0.9622130393981934), ('平谷2', 0.9540786743164062), ('kWh', 0.8151130676269531), ('←12Й∩读卡中成功失败请购电拉闸透支囤积', 0.9900834560394287)]

2023-03-07 13:44:37,534: detec_list: 接收参数：[图片路径：./photo/NG230307/PICTURE2\2130001120000000928346.jpg，配置文件路径：photo/ini0307 ]
识别结果：[('§当前上18月组合正反向总尖峰平谷剩余常数', 0.9619008898735046), ('12', 0.9832268953323364), ('｛阶梯透支用电量价户时间段金额表号', 0.9672103524208069), ('34', 0.812809944152832), ('COSΦ', 0.998868465423584), ('尖峰1', 0.842674732208252), ('8888:8.8:8.8', 0.9601278305053711), ('VA元', 0.9752447605133057), ('LN―', 0.9139607548713684), ('平谷2', 0.9600863456726074), ('kWh', 0.6969544291496277), ('←12Й∩读卡中成功失败请购电拉闸透支囤积', 0.9768145084381104)]

2023-03-07 13:44:37,534: detec_list: 接收参数：[图片路径：./photo/NG230307/PICTURE2\2130001120000000928346.jpg，配置文件路径：photo/ini0307 ]
识别结果：[('§当前上18月组合正反向总尖峰平谷剩余常数', 0.9619008898735046), ('12', 0.9832268953323364), ('｛阶梯透支用电量价户时间段金额表号', 0.9672103524208069), ('34', 0.812809944152832), ('COSΦ', 0.998868465423584), ('尖峰1', 0.842674732208252), ('8888:8.8:8.8', 0.9601278305053711), ('VA元', 0.9752447605133057), ('LN―', 0.9139607548713684), ('平谷2', 0.9600863456726074), ('kWh', 0.6969544291496277), ('←12Й∩读卡中成功失败请购电拉闸透支囤积', 0.9768145084381104)]

2023-03-07 13:44:39,988: detec_list: 接收参数：[图片路径：./photo/NG230307/PICTURE2\638137889077311696.jpg，配置文件路径：photo/ini0307 ]
识别结果：[('§当前上18月组合正反向总尖峰平谷剩余常数', 0.9642418622970581), ('12', 0.9857659339904785), ('｛阶梯透支用电量价户时间段金额表号', 0.978145182132721), ('34', 0.85562664270401), ('COSΦ', 0.9611806869506836), ('8888:8.8:8.8', 0.9574708938598633), ('尖峰1', 0.9583849310874939), ('VA元', 0.9806410670280457), ('LN', 0.8025521636009216), ('平谷2', 0.9533106684684753), ('kWh', 0.7127671241760254), ('←12Й∩读卡中成功失败请购电拉闸透支囤积', 0.9843942523002625)]

2023-03-07 13:44:39,988: detec_list: 接收参数：[图片路径：./photo/NG230307/PICTURE2\638137889077311696.jpg，配置文件路径：photo/ini0307 ]
识别结果：[('§当前上18月组合正反向总尖峰平谷剩余常数', 0.9642418622970581), ('12', 0.9857659339904785), ('｛阶梯透支用电量价户时间段金额表号', 0.978145182132721), ('34', 0.85562664270401), ('COSΦ', 0.9611806869506836), ('8888:8.8:8.8', 0.9574708938598633), ('尖峰1', 0.9583849310874939), ('VA元', 0.9806410670280457), ('LN', 0.8025521636009216), ('平谷2', 0.9533106684684753), ('kWh', 0.7127671241760254), ('←12Й∩读卡中成功失败请购电拉闸透支囤积', 0.9843942523002625)]

2023-03-07 13:44:42,487: detec_list: 接收参数：[图片路径：./photo/NG230307/PICTURE3\2130001120000000928438.jpg，配置文件路径：photo/ini0307 ]
识别结果：[('§当前上18月组合正反向总尖峰平谷剩余常数', 0.9523409605026245), ('12', 0.9789130687713623), ('｛阶梯透支用电量价户时间段金额表号', 0.9827232360839844), ('34', 0.8640615344047546), ('8888:8.8:8.8', 0.9331853985786438), ('COSΦ', 0.9981260895729065), ('尖峰1', 0.9529626965522766), ('VA元', 0.8499022126197815), ('LN―', 0.7888883948326111), ('平谷2', 0.9660496115684509), ('kWh', 0.8397679328918457), ('←12Й∩读卡中成功失败请购电拉闸透支囤积', 0.9870469570159912)]

2023-03-07 13:44:42,487: detec_list: 接收参数：[图片路径：./photo/NG230307/PICTURE3\2130001120000000928438.jpg，配置文件路径：photo/ini0307 ]
识别结果：[('§当前上18月组合正反向总尖峰平谷剩余常数', 0.9523409605026245), ('12', 0.9789130687713623), ('｛阶梯透支用电量价户时间段金额表号', 0.9827232360839844), ('34', 0.8640615344047546), ('8888:8.8:8.8', 0.9331853985786438), ('COSΦ', 0.9981260895729065), ('尖峰1', 0.9529626965522766), ('VA元', 0.8499022126197815), ('LN―', 0.7888883948326111), ('平谷2', 0.9660496115684509), ('kWh', 0.8397679328918457), ('←12Й∩读卡中成功失败请购电拉闸透支囤积', 0.9870469570159912)]

2023-03-07 13:44:45,042: detec_list: 接收参数：[图片路径：./photo/NG230307/PICTURE3\638137889076991888.jpg，配置文件路径：photo/ini0307 ]
识别结果：[('§当前上18月组合正反向总尖峰平谷剩余常数', 0.9478777050971985), ('12', 0.9476690292358398), ('｛阶梯透支用电量价户时间段金额表号', 0.9706786274909973), ('34', 0.88390052318573), ('8888:8.8:8.8', 0.9831753373146057), ('COSΦ', 0.9984761476516724), ('尖峰1', 0.9022484421730042), ('VA元', 0.9414374828338623), ('LN―', 0.8431286215782166), ('平谷2', 0.9581044316291809), ('kWh', 0.8239853382110596), ('←12Й∩读卡中成功失败请购电拉闸透支囤积', 0.9398394227027893)]

2023-03-07 13:44:45,042: detec_list: 接收参数：[图片路径：./photo/NG230307/PICTURE3\638137889076991888.jpg，配置文件路径：photo/ini0307 ]
识别结果：[('§当前上18月组合正反向总尖峰平谷剩余常数', 0.9478777050971985), ('12', 0.9476690292358398), ('｛阶梯透支用电量价户时间段金额表号', 0.9706786274909973), ('34', 0.88390052318573), ('8888:8.8:8.8', 0.9831753373146057), ('COSΦ', 0.9984761476516724), ('尖峰1', 0.9022484421730042), ('VA元', 0.9414374828338623), ('LN―', 0.8431286215782166), ('平谷2', 0.9581044316291809), ('kWh', 0.8239853382110596), ('←12Й∩读卡中成功失败请购电拉闸透支囤积', 0.9398394227027893)]

2023-03-07 13:44:47,562: detec_list: 接收参数：[图片路径：./photo/NG230307/PICTURE4\2130001120000000928391.jpg，配置文件路径：photo/ini0307 ]
识别结果：[('§当前上18月组合正反向总尖峰平谷剩余常数', 0.9573164582252502), ('12', 0.9715259075164795), ('｛阶梯透支用电量价户时间段金额表号', 0.9430802464485168), ('34', 0.7775352001190186), ('8888:8.8:8.8', 0.9523828625679016), ('尖峰1', 0.9445698857307434), ('COSΦ', 0.9985764026641846), ('LN', 0.9669556617736816), ('VA元', 0.9609748721122742), ('平谷2', 0.9411284923553467), ('kWh', 0.8455528616905212), ('←12Й∩读卡中成功失败请购电拉闸透支囤积', 0.9612051248550415)]

2023-03-07 13:44:47,562: detec_list: 接收参数：[图片路径：./photo/NG230307/PICTURE4\2130001120000000928391.jpg，配置文件路径：photo/ini0307 ]
识别结果：[('§当前上18月组合正反向总尖峰平谷剩余常数', 0.9573164582252502), ('12', 0.9715259075164795), ('｛阶梯透支用电量价户时间段金额表号', 0.9430802464485168), ('34', 0.7775352001190186), ('8888:8.8:8.8', 0.9523828625679016), ('尖峰1', 0.9445698857307434), ('COSΦ', 0.9985764026641846), ('LN', 0.9669556617736816), ('VA元', 0.9609748721122742), ('平谷2', 0.9411284923553467), ('kWh', 0.8455528616905212), ('←12Й∩读卡中成功失败请购电拉闸透支囤积', 0.9612051248550415)]

2023-03-07 13:44:50,082: detec_list: 接收参数：[图片路径：./photo/NG230307/PICTURE4\638137889077151788.jpg，配置文件路径：photo/ini0307 ]
识别结果：[('§当前上18月组合正反向总尖峰平谷剩余常数', 0.9425860047340393), ('12', 0.9857319593429565), ('｛阶梯透支用电量价户时间段金额表号', 0.9827468395233154), ('34', 0.95145583152771), ('8888:8.8:8.8', 0.9759871959686279), ('尖峰1', 0.9655713438987732), ('COSΦ', 0.998477578163147), ('LN', 0.929587185382843), ('VA元', 0.95646733045578), ('平谷2', 0.8927355408668518), ('kWh', 0.8545987010002136), ('←12Й∩读卡中成功失败请购电拉闸透支囤积', 0.9531804919242859)]

2023-03-07 13:44:50,082: detec_list: 接收参数：[图片路径：./photo/NG230307/PICTURE4\638137889077151788.jpg，配置文件路径：photo/ini0307 ]
识别结果：[('§当前上18月组合正反向总尖峰平谷剩余常数', 0.9425860047340393), ('12', 0.9857319593429565), ('｛阶梯透支用电量价户时间段金额表号', 0.9827468395233154), ('34', 0.95145583152771), ('8888:8.8:8.8', 0.9759871959686279), ('尖峰1', 0.9655713438987732), ('COSΦ', 0.998477578163147), ('LN', 0.929587185382843), ('VA元', 0.95646733045578), ('平谷2', 0.8927355408668518), ('kWh', 0.8545987010002136), ('←12Й∩读卡中成功失败请购电拉闸透支囤积', 0.9531804919242859)]

2023-03-07 13:44:52,529: detec_list: 接收参数：[图片路径：./photo/NG230307/PICTURE5\2130001120000000928384.jpg，配置文件路径：photo/ini0307 ]
识别结果：[('§当前上18月组合正反向总尖峰平谷剩余常数', 0.9319359660148621), ('12', 0.9854708909988403), ('｛阶梯透支用电量价户时间段金额表号', 0.9845300316810608), ('34', 0.9005613327026367), ('8888:8.8:8.8', 0.9896149635314941), ('COSΦ', 0.9948554039001465), ('尖峰1', 0.9348097443580627), ('VA元', 0.9829670786857605), ('LN', 0.8276376724243164), ('平谷2', 0.977924108505249), ('kWh', 0.9048280715942383), ('←12Й∩读卡中成功失败请购电拉闸透支囤积', 0.9597558379173279)]

2023-03-07 13:44:52,529: detec_list: 接收参数：[图片路径：./photo/NG230307/PICTURE5\2130001120000000928384.jpg，配置文件路径：photo/ini0307 ]
识别结果：[('§当前上18月组合正反向总尖峰平谷剩余常数', 0.9319359660148621), ('12', 0.9854708909988403), ('｛阶梯透支用电量价户时间段金额表号', 0.9845300316810608), ('34', 0.9005613327026367), ('8888:8.8:8.8', 0.9896149635314941), ('COSΦ', 0.9948554039001465), ('尖峰1', 0.9348097443580627), ('VA元', 0.9829670786857605), ('LN', 0.8276376724243164), ('平谷2', 0.977924108505249), ('kWh', 0.9048280715942383), ('←12Й∩读卡中成功失败请购电拉闸透支囤积', 0.9597558379173279)]

2023-03-07 13:44:55,028: detec_list: 接收参数：[图片路径：./photo/NG230307/PICTURE5\638137889077791418.jpg，配置文件路径：photo/ini0307 ]
识别结果：[('§当前上18月组合正反向总尖峰平谷剩余常数', 0.95368492603302), ('12', 0.9849057197570801), ('｛阶梯透支用电量价户时间段金额表号', 0.9637463688850403), ('34', 0.6911542415618896), ('COSΦ', 0.995728611946106), ('8888:8.8:8.8', 0.9245145320892334), ('尖峰1', 0.796463668346405), ('VA元', 0.9796850085258484), ('LN', 0.8281391263008118), ('平谷2', 0.9753875136375427), ('kWh', 0.8955195546150208), ('←12Й∩读卡中成功失败请购电拉闸透支囤积', 0.9779123067855835)]

2023-03-07 13:44:55,028: detec_list: 接收参数：[图片路径：./photo/NG230307/PICTURE5\638137889077791418.jpg，配置文件路径：photo/ini0307 ]
识别结果：[('§当前上18月组合正反向总尖峰平谷剩余常数', 0.95368492603302), ('12', 0.9849057197570801), ('｛阶梯透支用电量价户时间段金额表号', 0.9637463688850403), ('34', 0.6911542415618896), ('COSΦ', 0.995728611946106), ('8888:8.8:8.8', 0.9245145320892334), ('尖峰1', 0.796463668346405), ('VA元', 0.9796850085258484), ('LN', 0.8281391263008118), ('平谷2', 0.9753875136375427), ('kWh', 0.8955195546150208), ('←12Й∩读卡中成功失败请购电拉闸透支囤积', 0.9779123067855835)]

2023-03-07 13:45:45,330: detec_list: 接收参数：[图片路径：./photo/NG230307/PICTURE1\2130001120000000923846.jpg，配置文件路径：photo/ini0307 ]
识别结果：[('§当前上18月组合正反向总尖峰平谷剩余常数', 0.9631412029266357), ('12', 0.9810149669647217), ('｛阶梯透支用电量价户时间段金额表号', 0.9714272618293762), ('8888:8.8:8.8', 0.9562615752220154), ('COSΦ', 0.9967398643493652), ('尖峰1', 0.968050479888916), ('LN―', 0.7109385132789612), ('VA元', 0.9622130393981934), ('平谷2', 0.9540786743164062), ('kWh', 0.8151130676269531), ('←12Й∩读卡中成功失败请购电拉闸透支囤积', 0.9900834560394287)]

2023-03-07 13:45:45,330: detec_list: 接收参数：[图片路径：./photo/NG230307/PICTURE1\2130001120000000923846.jpg，配置文件路径：photo/ini0307 ]
识别结果：[('§当前上18月组合正反向总尖峰平谷剩余常数', 0.9631412029266357), ('12', 0.9810149669647217), ('｛阶梯透支用电量价户时间段金额表号', 0.9714272618293762), ('8888:8.8:8.8', 0.9562615752220154), ('COSΦ', 0.9967398643493652), ('尖峰1', 0.968050479888916), ('LN―', 0.7109385132789612), ('VA元', 0.9622130393981934), ('平谷2', 0.9540786743164062), ('kWh', 0.8151130676269531), ('←12Й∩读卡中成功失败请购电拉闸透支囤积', 0.9900834560394287)]

2023-03-07 13:45:47,831: detec_list: 接收参数：[图片路径：./photo/NG230307/PICTURE2\2130001120000000928346.jpg，配置文件路径：photo/ini0307 ]
识别结果：[('§当前上18月组合正反向总尖峰平谷剩余常数', 0.9619008898735046), ('12', 0.9832268953323364), ('｛阶梯透支用电量价户时间段金额表号', 0.9672103524208069), ('34', 0.812809944152832), ('COSΦ', 0.998868465423584), ('尖峰1', 0.842674732208252), ('8888:8.8:8.8', 0.9601278305053711), ('VA元', 0.9752447605133057), ('LN―', 0.9139607548713684), ('平谷2', 0.9600863456726074), ('kWh', 0.6969544291496277), ('←12Й∩读卡中成功失败请购电拉闸透支囤积', 0.9768145084381104)]

2023-03-07 13:45:47,831: detec_list: 接收参数：[图片路径：./photo/NG230307/PICTURE2\2130001120000000928346.jpg，配置文件路径：photo/ini0307 ]
识别结果：[('§当前上18月组合正反向总尖峰平谷剩余常数', 0.9619008898735046), ('12', 0.9832268953323364), ('｛阶梯透支用电量价户时间段金额表号', 0.9672103524208069), ('34', 0.812809944152832), ('COSΦ', 0.998868465423584), ('尖峰1', 0.842674732208252), ('8888:8.8:8.8', 0.9601278305053711), ('VA元', 0.9752447605133057), ('LN―', 0.9139607548713684), ('平谷2', 0.9600863456726074), ('kWh', 0.6969544291496277), ('←12Й∩读卡中成功失败请购电拉闸透支囤积', 0.9768145084381104)]

2023-03-07 13:45:50,332: detec_list: 接收参数：[图片路径：./photo/NG230307/PICTURE2\638137889077311696.jpg，配置文件路径：photo/ini0307 ]
识别结果：[('§当前上18月组合正反向总尖峰平谷剩余常数', 0.9642418622970581), ('12', 0.9857659339904785), ('｛阶梯透支用电量价户时间段金额表号', 0.978145182132721), ('34', 0.85562664270401), ('COSΦ', 0.9611806869506836), ('8888:8.8:8.8', 0.9574708938598633), ('尖峰1', 0.9583849310874939), ('VA元', 0.9806410670280457), ('LN', 0.8025521636009216), ('平谷2', 0.9533106684684753), ('kWh', 0.7127671241760254), ('←12Й∩读卡中成功失败请购电拉闸透支囤积', 0.9843942523002625)]

2023-03-07 13:45:50,332: detec_list: 接收参数：[图片路径：./photo/NG230307/PICTURE2\638137889077311696.jpg，配置文件路径：photo/ini0307 ]
识别结果：[('§当前上18月组合正反向总尖峰平谷剩余常数', 0.9642418622970581), ('12', 0.9857659339904785), ('｛阶梯透支用电量价户时间段金额表号', 0.978145182132721), ('34', 0.85562664270401), ('COSΦ', 0.9611806869506836), ('8888:8.8:8.8', 0.9574708938598633), ('尖峰1', 0.9583849310874939), ('VA元', 0.9806410670280457), ('LN', 0.8025521636009216), ('平谷2', 0.9533106684684753), ('kWh', 0.7127671241760254), ('←12Й∩读卡中成功失败请购电拉闸透支囤积', 0.9843942523002625)]

2023-03-07 13:45:52,872: detec_list: 接收参数：[图片路径：./photo/NG230307/PICTURE3\2130001120000000928438.jpg，配置文件路径：photo/ini0307 ]
识别结果：[('§当前上18月组合正反向总尖峰平谷剩余常数', 0.9523409605026245), ('12', 0.9789130687713623), ('｛阶梯透支用电量价户时间段金额表号', 0.9827232360839844), ('34', 0.8640615344047546), ('8888:8.8:8.8', 0.9331853985786438), ('COSΦ', 0.9981260895729065), ('尖峰1', 0.9529626965522766), ('VA元', 0.8499022126197815), ('LN―', 0.7888883948326111), ('平谷2', 0.9660496115684509), ('kWh', 0.8397679328918457), ('←12Й∩读卡中成功失败请购电拉闸透支囤积', 0.9870469570159912)]

2023-03-07 13:45:52,872: detec_list: 接收参数：[图片路径：./photo/NG230307/PICTURE3\2130001120000000928438.jpg，配置文件路径：photo/ini0307 ]
识别结果：[('§当前上18月组合正反向总尖峰平谷剩余常数', 0.9523409605026245), ('12', 0.9789130687713623), ('｛阶梯透支用电量价户时间段金额表号', 0.9827232360839844), ('34', 0.8640615344047546), ('8888:8.8:8.8', 0.9331853985786438), ('COSΦ', 0.9981260895729065), ('尖峰1', 0.9529626965522766), ('VA元', 0.8499022126197815), ('LN―', 0.7888883948326111), ('平谷2', 0.9660496115684509), ('kWh', 0.8397679328918457), ('←12Й∩读卡中成功失败请购电拉闸透支囤积', 0.9870469570159912)]

2023-03-07 13:45:55,587: detec_list: 接收参数：[图片路径：./photo/NG230307/PICTURE3\638137889076991888.jpg，配置文件路径：photo/ini0307 ]
识别结果：[('§当前上18月组合正反向总尖峰平谷剩余常数', 0.9478777050971985), ('12', 0.9476690292358398), ('｛阶梯透支用电量价户时间段金额表号', 0.9706786274909973), ('34', 0.88390052318573), ('8888:8.8:8.8', 0.9831753373146057), ('COSΦ', 0.9984761476516724), ('尖峰1', 0.9022484421730042), ('VA元', 0.9414374828338623), ('LN―', 0.8431286215782166), ('平谷2', 0.9581044316291809), ('kWh', 0.8239853382110596), ('←12Й∩读卡中成功失败请购电拉闸透支囤积', 0.9398394227027893)]

2023-03-07 13:45:55,587: detec_list: 接收参数：[图片路径：./photo/NG230307/PICTURE3\638137889076991888.jpg，配置文件路径：photo/ini0307 ]
识别结果：[('§当前上18月组合正反向总尖峰平谷剩余常数', 0.9478777050971985), ('12', 0.9476690292358398), ('｛阶梯透支用电量价户时间段金额表号', 0.9706786274909973), ('34', 0.88390052318573), ('8888:8.8:8.8', 0.9831753373146057), ('COSΦ', 0.9984761476516724), ('尖峰1', 0.9022484421730042), ('VA元', 0.9414374828338623), ('LN―', 0.8431286215782166), ('平谷2', 0.9581044316291809), ('kWh', 0.8239853382110596), ('←12Й∩读卡中成功失败请购电拉闸透支囤积', 0.9398394227027893)]

2023-03-07 13:45:58,161: detec_list: 接收参数：[图片路径：./photo/NG230307/PICTURE4\2130001120000000928391.jpg，配置文件路径：photo/ini0307 ]
识别结果：[('§当前上18月组合正反向总尖峰平谷剩余常数', 0.9573164582252502), ('12', 0.9715259075164795), ('｛阶梯透支用电量价户时间段金额表号', 0.9430802464485168), ('34', 0.7775352001190186), ('8888:8.8:8.8', 0.9523828625679016), ('尖峰1', 0.9445698857307434), ('COSΦ', 0.9985764026641846), ('LN', 0.9669556617736816), ('VA元', 0.9609748721122742), ('平谷2', 0.9411284923553467), ('kWh', 0.8455528616905212), ('←12Й∩读卡中成功失败请购电拉闸透支囤积', 0.9612051248550415)]

2023-03-07 13:45:58,161: detec_list: 接收参数：[图片路径：./photo/NG230307/PICTURE4\2130001120000000928391.jpg，配置文件路径：photo/ini0307 ]
识别结果：[('§当前上18月组合正反向总尖峰平谷剩余常数', 0.9573164582252502), ('12', 0.9715259075164795), ('｛阶梯透支用电量价户时间段金额表号', 0.9430802464485168), ('34', 0.7775352001190186), ('8888:8.8:8.8', 0.9523828625679016), ('尖峰1', 0.9445698857307434), ('COSΦ', 0.9985764026641846), ('LN', 0.9669556617736816), ('VA元', 0.9609748721122742), ('平谷2', 0.9411284923553467), ('kWh', 0.8455528616905212), ('←12Й∩读卡中成功失败请购电拉闸透支囤积', 0.9612051248550415)]

2023-03-07 13:46:00,745: detec_list: 接收参数：[图片路径：./photo/NG230307/PICTURE4\638137889077151788.jpg，配置文件路径：photo/ini0307 ]
识别结果：[('§当前上18月组合正反向总尖峰平谷剩余常数', 0.9425860047340393), ('12', 0.9857319593429565), ('｛阶梯透支用电量价户时间段金额表号', 0.9827468395233154), ('34', 0.95145583152771), ('8888:8.8:8.8', 0.9759871959686279), ('尖峰1', 0.9655713438987732), ('COSΦ', 0.998477578163147), ('LN', 0.929587185382843), ('VA元', 0.95646733045578), ('平谷2', 0.8927355408668518), ('kWh', 0.8545987010002136), ('←12Й∩读卡中成功失败请购电拉闸透支囤积', 0.9531804919242859)]

2023-03-07 13:46:00,745: detec_list: 接收参数：[图片路径：./photo/NG230307/PICTURE4\638137889077151788.jpg，配置文件路径：photo/ini0307 ]
识别结果：[('§当前上18月组合正反向总尖峰平谷剩余常数', 0.9425860047340393), ('12', 0.9857319593429565), ('｛阶梯透支用电量价户时间段金额表号', 0.9827468395233154), ('34', 0.95145583152771), ('8888:8.8:8.8', 0.9759871959686279), ('尖峰1', 0.9655713438987732), ('COSΦ', 0.998477578163147), ('LN', 0.929587185382843), ('VA元', 0.95646733045578), ('平谷2', 0.8927355408668518), ('kWh', 0.8545987010002136), ('←12Й∩读卡中成功失败请购电拉闸透支囤积', 0.9531804919242859)]

2023-03-07 13:46:03,191: detec_list: 接收参数：[图片路径：./photo/NG230307/PICTURE5\2130001120000000928384.jpg，配置文件路径：photo/ini0307 ]
识别结果：[('§当前上18月组合正反向总尖峰平谷剩余常数', 0.9319359660148621), ('12', 0.9854708909988403), ('｛阶梯透支用电量价户时间段金额表号', 0.9845300316810608), ('34', 0.9005613327026367), ('8888:8.8:8.8', 0.9896149635314941), ('COSΦ', 0.9948554039001465), ('尖峰1', 0.9348097443580627), ('VA元', 0.9829670786857605), ('LN', 0.8276376724243164), ('平谷2', 0.977924108505249), ('kWh', 0.9048280715942383), ('←12Й∩读卡中成功失败请购电拉闸透支囤积', 0.9597558379173279)]

2023-03-07 13:46:03,191: detec_list: 接收参数：[图片路径：./photo/NG230307/PICTURE5\2130001120000000928384.jpg，配置文件路径：photo/ini0307 ]
识别结果：[('§当前上18月组合正反向总尖峰平谷剩余常数', 0.9319359660148621), ('12', 0.9854708909988403), ('｛阶梯透支用电量价户时间段金额表号', 0.9845300316810608), ('34', 0.9005613327026367), ('8888:8.8:8.8', 0.9896149635314941), ('COSΦ', 0.9948554039001465), ('尖峰1', 0.9348097443580627), ('VA元', 0.9829670786857605), ('LN', 0.8276376724243164), ('平谷2', 0.977924108505249), ('kWh', 0.9048280715942383), ('←12Й∩读卡中成功失败请购电拉闸透支囤积', 0.9597558379173279)]

2023-03-07 13:46:05,817: detec_list: 接收参数：[图片路径：./photo/NG230307/PICTURE5\638137889077791418.jpg，配置文件路径：photo/ini0307 ]
识别结果：[('§当前上18月组合正反向总尖峰平谷剩余常数', 0.95368492603302), ('12', 0.9849057197570801), ('｛阶梯透支用电量价户时间段金额表号', 0.9637463688850403), ('34', 0.6911542415618896), ('COSΦ', 0.995728611946106), ('8888:8.8:8.8', 0.9245145320892334), ('尖峰1', 0.796463668346405), ('VA元', 0.9796850085258484), ('LN', 0.8281391263008118), ('平谷2', 0.9753875136375427), ('kWh', 0.8955195546150208), ('←12Й∩读卡中成功失败请购电拉闸透支囤积', 0.9779123067855835)]

2023-03-07 13:46:05,817: detec_list: 接收参数：[图片路径：./photo/NG230307/PICTURE5\638137889077791418.jpg，配置文件路径：photo/ini0307 ]
识别结果：[('§当前上18月组合正反向总尖峰平谷剩余常数', 0.95368492603302), ('12', 0.9849057197570801), ('｛阶梯透支用电量价户时间段金额表号', 0.9637463688850403), ('34', 0.6911542415618896), ('COSΦ', 0.995728611946106), ('8888:8.8:8.8', 0.9245145320892334), ('尖峰1', 0.796463668346405), ('VA元', 0.9796850085258484), ('LN', 0.8281391263008118), ('平谷2', 0.9753875136375427), ('kWh', 0.8955195546150208), ('←12Й∩读卡中成功失败请购电拉闸透支囤积', 0.9779123067855835)]

2023-03-07 13:46:08,597: detec_list: 接收参数：[图片路径：./photo/NG230307/PICTURE6\2130001120000000923808.jpg，配置文件路径：photo/ini0307 ]
识别结果：[('§当前上18月组合正反向总尖峰平谷剩余常数', 0.9633440971374512), ('12', 0.9703196883201599), ('｛阶梯透支用电量价户时间段金额表号', 0.9214017391204834), ('34', 0.9129769802093506), ('8888:8.8:8.8', 0.9626638889312744), ('COSΦ', 0.9450636506080627), ('尖峰1', 0.9456084370613098), ('VA元', 0.9753925800323486), ('LN―', 0.7980343699455261), ('平谷2', 0.9531960487365723), ('kWh', 0.779050350189209), ('←12Й∩读卡中成功失败请购电拉闸透支囤积', 0.9681785702705383)]

2023-03-07 13:46:08,597: detec_list: 接收参数：[图片路径：./photo/NG230307/PICTURE6\2130001120000000923808.jpg，配置文件路径：photo/ini0307 ]
识别结果：[('§当前上18月组合正反向总尖峰平谷剩余常数', 0.9633440971374512), ('12', 0.9703196883201599), ('｛阶梯透支用电量价户时间段金额表号', 0.9214017391204834), ('34', 0.9129769802093506), ('8888:8.8:8.8', 0.9626638889312744), ('COSΦ', 0.9450636506080627), ('尖峰1', 0.9456084370613098), ('VA元', 0.9753925800323486), ('LN―', 0.7980343699455261), ('平谷2', 0.9531960487365723), ('kWh', 0.779050350189209), ('←12Й∩读卡中成功失败请购电拉闸透支囤积', 0.9681785702705383)]

2023-03-07 13:46:11,611: detec_list: 接收参数：[图片路径：./photo/NG230307/PICTURE6\638137889077471604.jpg，配置文件路径：photo/ini0307 ]
识别结果：[('§当前上18月组合正反向总尖峰平谷剩余常数', 0.9722529053688049), ('12', 0.9646847248077393), ('｛阶梯透支用电量价户时间段金额表号', 0.9472022652626038), ('34', 0.9095048904418945), ('8888:8.8:8.8', 0.9528427720069885), ('COSΦ', 0.9530377984046936), ('尖峰1', 0.9761479496955872), ('VA元', 0.7115867733955383), ('LN―', 0.7593498229980469), ('平谷2', 0.9681031107902527), ('kWh', 0.7949320673942566), ('←12Й∩读卡中成功失败请购电拉闸透支囤积', 0.9655269384384155)]

2023-03-07 13:46:11,611: detec_list: 接收参数：[图片路径：./photo/NG230307/PICTURE6\638137889077471604.jpg，配置文件路径：photo/ini0307 ]
识别结果：[('§当前上18月组合正反向总尖峰平谷剩余常数', 0.9722529053688049), ('12', 0.9646847248077393), ('｛阶梯透支用电量价户时间段金额表号', 0.9472022652626038), ('34', 0.9095048904418945), ('8888:8.8:8.8', 0.9528427720069885), ('COSΦ', 0.9530377984046936), ('尖峰1', 0.9761479496955872), ('VA元', 0.7115867733955383), ('LN―', 0.7593498229980469), ('平谷2', 0.9681031107902527), ('kWh', 0.7949320673942566), ('←12Й∩读卡中成功失败请购电拉闸透支囤积', 0.9655269384384155)]

2023-03-07 13:46:57,989: detec_list: 接收参数：[图片路径：./photo/NG230307/PICTURE1\2130001120000000923846.jpg，配置文件路径：photo/ini0307 ]
识别结果：[('§当前上18月组合正反向总尖峰平谷剩余常数', 0.9631412029266357), ('12', 0.9810149669647217), ('｛阶梯透支用电量价户时间段金额表号', 0.9714272618293762), ('8888:8.8:8.8', 0.9562615752220154), ('COSΦ', 0.9967398643493652), ('尖峰1', 0.968050479888916), ('LN―', 0.7109385132789612), ('VA元', 0.9622130393981934), ('平谷2', 0.9540786743164062), ('kWh', 0.8151130676269531), ('←12Й∩读卡中成功失败请购电拉闸透支囤积', 0.9900834560394287)]

2023-03-07 13:46:57,989: detec_list: 接收参数：[图片路径：./photo/NG230307/PICTURE1\2130001120000000923846.jpg，配置文件路径：photo/ini0307 ]
识别结果：[('§当前上18月组合正反向总尖峰平谷剩余常数', 0.9631412029266357), ('12', 0.9810149669647217), ('｛阶梯透支用电量价户时间段金额表号', 0.9714272618293762), ('8888:8.8:8.8', 0.9562615752220154), ('COSΦ', 0.9967398643493652), ('尖峰1', 0.968050479888916), ('LN―', 0.7109385132789612), ('VA元', 0.9622130393981934), ('平谷2', 0.9540786743164062), ('kWh', 0.8151130676269531), ('←12Й∩读卡中成功失败请购电拉闸透支囤积', 0.9900834560394287)]

2023-03-07 13:47:00,490: detec_list: 接收参数：[图片路径：./photo/NG230307/PICTURE2\2130001120000000928346.jpg，配置文件路径：photo/ini0307 ]
识别结果：[('§当前上18月组合正反向总尖峰平谷剩余常数', 0.9619008898735046), ('12', 0.9832268953323364), ('｛阶梯透支用电量价户时间段金额表号', 0.9672103524208069), ('34', 0.812809944152832), ('COSΦ', 0.998868465423584), ('尖峰1', 0.842674732208252), ('8888:8.8:8.8', 0.9601278305053711), ('VA元', 0.9752447605133057), ('LN―', 0.9139607548713684), ('平谷2', 0.9600863456726074), ('kWh', 0.6969544291496277), ('←12Й∩读卡中成功失败请购电拉闸透支囤积', 0.9768145084381104)]

2023-03-07 13:47:00,490: detec_list: 接收参数：[图片路径：./photo/NG230307/PICTURE2\2130001120000000928346.jpg，配置文件路径：photo/ini0307 ]
识别结果：[('§当前上18月组合正反向总尖峰平谷剩余常数', 0.9619008898735046), ('12', 0.9832268953323364), ('｛阶梯透支用电量价户时间段金额表号', 0.9672103524208069), ('34', 0.812809944152832), ('COSΦ', 0.998868465423584), ('尖峰1', 0.842674732208252), ('8888:8.8:8.8', 0.9601278305053711), ('VA元', 0.9752447605133057), ('LN―', 0.9139607548713684), ('平谷2', 0.9600863456726074), ('kWh', 0.6969544291496277), ('←12Й∩读卡中成功失败请购电拉闸透支囤积', 0.9768145084381104)]

2023-03-07 13:47:02,954: detec_list: 接收参数：[图片路径：./photo/NG230307/PICTURE2\638137889077311696.jpg，配置文件路径：photo/ini0307 ]
识别结果：[('§当前上18月组合正反向总尖峰平谷剩余常数', 0.9642418622970581), ('12', 0.9857659339904785), ('｛阶梯透支用电量价户时间段金额表号', 0.978145182132721), ('34', 0.85562664270401), ('COSΦ', 0.9611806869506836), ('8888:8.8:8.8', 0.9574708938598633), ('尖峰1', 0.9583849310874939), ('VA元', 0.9806410670280457), ('LN', 0.8025521636009216), ('平谷2', 0.9533106684684753), ('kWh', 0.7127671241760254), ('←12Й∩读卡中成功失败请购电拉闸透支囤积', 0.9843942523002625)]

2023-03-07 13:47:02,954: detec_list: 接收参数：[图片路径：./photo/NG230307/PICTURE2\638137889077311696.jpg，配置文件路径：photo/ini0307 ]
识别结果：[('§当前上18月组合正反向总尖峰平谷剩余常数', 0.9642418622970581), ('12', 0.9857659339904785), ('｛阶梯透支用电量价户时间段金额表号', 0.978145182132721), ('34', 0.85562664270401), ('COSΦ', 0.9611806869506836), ('8888:8.8:8.8', 0.9574708938598633), ('尖峰1', 0.9583849310874939), ('VA元', 0.9806410670280457), ('LN', 0.8025521636009216), ('平谷2', 0.9533106684684753), ('kWh', 0.7127671241760254), ('←12Й∩读卡中成功失败请购电拉闸透支囤积', 0.9843942523002625)]

2023-03-07 13:47:05,496: detec_list: 接收参数：[图片路径：./photo/NG230307/PICTURE3\2130001120000000928438.jpg，配置文件路径：photo/ini0307 ]
识别结果：[('§当前上18月组合正反向总尖峰平谷剩余常数', 0.9523409605026245), ('12', 0.9789130687713623), ('｛阶梯透支用电量价户时间段金额表号', 0.9827232360839844), ('34', 0.8640615344047546), ('8888:8.8:8.8', 0.9331853985786438), ('COSΦ', 0.9981260895729065), ('尖峰1', 0.9529626965522766), ('VA元', 0.8499022126197815), ('LN―', 0.7888883948326111), ('平谷2', 0.9660496115684509), ('kWh', 0.8397679328918457), ('←12Й∩读卡中成功失败请购电拉闸透支囤积', 0.9870469570159912)]

2023-03-07 13:47:05,496: detec_list: 接收参数：[图片路径：./photo/NG230307/PICTURE3\2130001120000000928438.jpg，配置文件路径：photo/ini0307 ]
识别结果：[('§当前上18月组合正反向总尖峰平谷剩余常数', 0.9523409605026245), ('12', 0.9789130687713623), ('｛阶梯透支用电量价户时间段金额表号', 0.9827232360839844), ('34', 0.8640615344047546), ('8888:8.8:8.8', 0.9331853985786438), ('COSΦ', 0.9981260895729065), ('尖峰1', 0.9529626965522766), ('VA元', 0.8499022126197815), ('LN―', 0.7888883948326111), ('平谷2', 0.9660496115684509), ('kWh', 0.8397679328918457), ('←12Й∩读卡中成功失败请购电拉闸透支囤积', 0.9870469570159912)]

2023-03-07 13:47:08,037: detec_list: 接收参数：[图片路径：./photo/NG230307/PICTURE3\638137889076991888.jpg，配置文件路径：photo/ini0307 ]
识别结果：[('§当前上18月组合正反向总尖峰平谷剩余常数', 0.9478777050971985), ('12', 0.9476690292358398), ('｛阶梯透支用电量价户时间段金额表号', 0.9706786274909973), ('34', 0.88390052318573), ('8888:8.8:8.8', 0.9831753373146057), ('COSΦ', 0.9984761476516724), ('尖峰1', 0.9022484421730042), ('VA元', 0.9414374828338623), ('LN―', 0.8431286215782166), ('平谷2', 0.9581044316291809), ('kWh', 0.8239853382110596), ('←12Й∩读卡中成功失败请购电拉闸透支囤积', 0.9398394227027893)]

2023-03-07 13:47:08,037: detec_list: 接收参数：[图片路径：./photo/NG230307/PICTURE3\638137889076991888.jpg，配置文件路径：photo/ini0307 ]
识别结果：[('§当前上18月组合正反向总尖峰平谷剩余常数', 0.9478777050971985), ('12', 0.9476690292358398), ('｛阶梯透支用电量价户时间段金额表号', 0.9706786274909973), ('34', 0.88390052318573), ('8888:8.8:8.8', 0.9831753373146057), ('COSΦ', 0.9984761476516724), ('尖峰1', 0.9022484421730042), ('VA元', 0.9414374828338623), ('LN―', 0.8431286215782166), ('平谷2', 0.9581044316291809), ('kWh', 0.8239853382110596), ('←12Й∩读卡中成功失败请购电拉闸透支囤积', 0.9398394227027893)]

2023-03-07 13:47:10,530: detec_list: 接收参数：[图片路径：./photo/NG230307/PICTURE4\2130001120000000928391.jpg，配置文件路径：photo/ini0307 ]
识别结果：[('§当前上18月组合正反向总尖峰平谷剩余常数', 0.9573164582252502), ('12', 0.9715259075164795), ('｛阶梯透支用电量价户时间段金额表号', 0.9430802464485168), ('34', 0.7775352001190186), ('8888:8.8:8.8', 0.9523828625679016), ('尖峰1', 0.9445698857307434), ('COSΦ', 0.9985764026641846), ('LN', 0.9669556617736816), ('VA元', 0.9609748721122742), ('平谷2', 0.9411284923553467), ('kWh', 0.8455528616905212), ('←12Й∩读卡中成功失败请购电拉闸透支囤积', 0.9612051248550415)]

2023-03-07 13:47:10,530: detec_list: 接收参数：[图片路径：./photo/NG230307/PICTURE4\2130001120000000928391.jpg，配置文件路径：photo/ini0307 ]
识别结果：[('§当前上18月组合正反向总尖峰平谷剩余常数', 0.9573164582252502), ('12', 0.9715259075164795), ('｛阶梯透支用电量价户时间段金额表号', 0.9430802464485168), ('34', 0.7775352001190186), ('8888:8.8:8.8', 0.9523828625679016), ('尖峰1', 0.9445698857307434), ('COSΦ', 0.9985764026641846), ('LN', 0.9669556617736816), ('VA元', 0.9609748721122742), ('平谷2', 0.9411284923553467), ('kWh', 0.8455528616905212), ('←12Й∩读卡中成功失败请购电拉闸透支囤积', 0.9612051248550415)]

2023-03-07 13:47:13,032: detec_list: 接收参数：[图片路径：./photo/NG230307/PICTURE4\638137889077151788.jpg，配置文件路径：photo/ini0307 ]
识别结果：[('§当前上18月组合正反向总尖峰平谷剩余常数', 0.9425860047340393), ('12', 0.9857319593429565), ('｛阶梯透支用电量价户时间段金额表号', 0.9827468395233154), ('34', 0.95145583152771), ('8888:8.8:8.8', 0.9759871959686279), ('尖峰1', 0.9655713438987732), ('COSΦ', 0.998477578163147), ('LN', 0.929587185382843), ('VA元', 0.95646733045578), ('平谷2', 0.8927355408668518), ('kWh', 0.8545987010002136), ('←12Й∩读卡中成功失败请购电拉闸透支囤积', 0.9531804919242859)]

2023-03-07 13:47:13,032: detec_list: 接收参数：[图片路径：./photo/NG230307/PICTURE4\638137889077151788.jpg，配置文件路径：photo/ini0307 ]
识别结果：[('§当前上18月组合正反向总尖峰平谷剩余常数', 0.9425860047340393), ('12', 0.9857319593429565), ('｛阶梯透支用电量价户时间段金额表号', 0.9827468395233154), ('34', 0.95145583152771), ('8888:8.8:8.8', 0.9759871959686279), ('尖峰1', 0.9655713438987732), ('COSΦ', 0.998477578163147), ('LN', 0.929587185382843), ('VA元', 0.95646733045578), ('平谷2', 0.8927355408668518), ('kWh', 0.8545987010002136), ('←12Й∩读卡中成功失败请购电拉闸透支囤积', 0.9531804919242859)]

2023-03-07 13:47:15,544: detec_list: 接收参数：[图片路径：./photo/NG230307/PICTURE5\2130001120000000928384.jpg，配置文件路径：photo/ini0307 ]
识别结果：[('§当前上18月组合正反向总尖峰平谷剩余常数', 0.9319359660148621), ('12', 0.9854708909988403), ('｛阶梯透支用电量价户时间段金额表号', 0.9845300316810608), ('34', 0.9005613327026367), ('8888:8.8:8.8', 0.9896149635314941), ('COSΦ', 0.9948554039001465), ('尖峰1', 0.9348097443580627), ('VA元', 0.9829670786857605), ('LN', 0.8276376724243164), ('平谷2', 0.977924108505249), ('kWh', 0.9048280715942383), ('←12Й∩读卡中成功失败请购电拉闸透支囤积', 0.9597558379173279)]

2023-03-07 13:47:15,544: detec_list: 接收参数：[图片路径：./photo/NG230307/PICTURE5\2130001120000000928384.jpg，配置文件路径：photo/ini0307 ]
识别结果：[('§当前上18月组合正反向总尖峰平谷剩余常数', 0.9319359660148621), ('12', 0.9854708909988403), ('｛阶梯透支用电量价户时间段金额表号', 0.9845300316810608), ('34', 0.9005613327026367), ('8888:8.8:8.8', 0.9896149635314941), ('COSΦ', 0.9948554039001465), ('尖峰1', 0.9348097443580627), ('VA元', 0.9829670786857605), ('LN', 0.8276376724243164), ('平谷2', 0.977924108505249), ('kWh', 0.9048280715942383), ('←12Й∩读卡中成功失败请购电拉闸透支囤积', 0.9597558379173279)]

2023-03-07 13:47:17,961: detec_list: 接收参数：[图片路径：./photo/NG230307/PICTURE5\638137889077791418.jpg，配置文件路径：photo/ini0307 ]
识别结果：[('§当前上18月组合正反向总尖峰平谷剩余常数', 0.95368492603302), ('12', 0.9849057197570801), ('｛阶梯透支用电量价户时间段金额表号', 0.9637463688850403), ('34', 0.6911542415618896), ('COSΦ', 0.995728611946106), ('8888:8.8:8.8', 0.9245145320892334), ('尖峰1', 0.796463668346405), ('VA元', 0.9796850085258484), ('LN', 0.8281391263008118), ('平谷2', 0.9753875136375427), ('kWh', 0.8955195546150208), ('←12Й∩读卡中成功失败请购电拉闸透支囤积', 0.9779123067855835)]

2023-03-07 13:47:17,961: detec_list: 接收参数：[图片路径：./photo/NG230307/PICTURE5\638137889077791418.jpg，配置文件路径：photo/ini0307 ]
识别结果：[('§当前上18月组合正反向总尖峰平谷剩余常数', 0.95368492603302), ('12', 0.9849057197570801), ('｛阶梯透支用电量价户时间段金额表号', 0.9637463688850403), ('34', 0.6911542415618896), ('COSΦ', 0.995728611946106), ('8888:8.8:8.8', 0.9245145320892334), ('尖峰1', 0.796463668346405), ('VA元', 0.9796850085258484), ('LN', 0.8281391263008118), ('平谷2', 0.9753875136375427), ('kWh', 0.8955195546150208), ('←12Й∩读卡中成功失败请购电拉闸透支囤积', 0.9779123067855835)]

2023-03-07 13:47:20,687: detec_list: 接收参数：[图片路径：./photo/NG230307/PICTURE6\2130001120000000923808.jpg，配置文件路径：photo/ini0307 ]
识别结果：[('§当前上18月组合正反向总尖峰平谷剩余常数', 0.9633440971374512), ('12', 0.9703196883201599), ('｛阶梯透支用电量价户时间段金额表号', 0.9214017391204834), ('34', 0.9129769802093506), ('8888:8.8:8.8', 0.9626638889312744), ('COSΦ', 0.9450636506080627), ('尖峰1', 0.9456084370613098), ('VA元', 0.9753925800323486), ('LN―', 0.7980343699455261), ('平谷2', 0.9531960487365723), ('kWh', 0.779050350189209), ('←12Й∩读卡中成功失败请购电拉闸透支囤积', 0.9681785702705383)]

2023-03-07 13:47:20,687: detec_list: 接收参数：[图片路径：./photo/NG230307/PICTURE6\2130001120000000923808.jpg，配置文件路径：photo/ini0307 ]
识别结果：[('§当前上18月组合正反向总尖峰平谷剩余常数', 0.9633440971374512), ('12', 0.9703196883201599), ('｛阶梯透支用电量价户时间段金额表号', 0.9214017391204834), ('34', 0.9129769802093506), ('8888:8.8:8.8', 0.9626638889312744), ('COSΦ', 0.9450636506080627), ('尖峰1', 0.9456084370613098), ('VA元', 0.9753925800323486), ('LN―', 0.7980343699455261), ('平谷2', 0.9531960487365723), ('kWh', 0.779050350189209), ('←12Й∩读卡中成功失败请购电拉闸透支囤积', 0.9681785702705383)]

2023-03-07 13:47:23,576: detec_list: 接收参数：[图片路径：./photo/NG230307/PICTURE6\638137889077471604.jpg，配置文件路径：photo/ini0307 ]
识别结果：[('§当前上18月组合正反向总尖峰平谷剩余常数', 0.9722529053688049), ('12', 0.9646847248077393), ('｛阶梯透支用电量价户时间段金额表号', 0.9472022652626038), ('34', 0.9095048904418945), ('8888:8.8:8.8', 0.9528427720069885), ('COSΦ', 0.9530377984046936), ('尖峰1', 0.9761479496955872), ('VA元', 0.7115867733955383), ('LN―', 0.7593498229980469), ('平谷2', 0.9681031107902527), ('kWh', 0.7949320673942566), ('←12Й∩读卡中成功失败请购电拉闸透支囤积', 0.9655269384384155)]

2023-03-07 13:47:23,576: detec_list: 接收参数：[图片路径：./photo/NG230307/PICTURE6\638137889077471604.jpg，配置文件路径：photo/ini0307 ]
识别结果：[('§当前上18月组合正反向总尖峰平谷剩余常数', 0.9722529053688049), ('12', 0.9646847248077393), ('｛阶梯透支用电量价户时间段金额表号', 0.9472022652626038), ('34', 0.9095048904418945), ('8888:8.8:8.8', 0.9528427720069885), ('COSΦ', 0.9530377984046936), ('尖峰1', 0.9761479496955872), ('VA元', 0.7115867733955383), ('LN―', 0.7593498229980469), ('平谷2', 0.9681031107902527), ('kWh', 0.7949320673942566), ('←12Й∩读卡中成功失败请购电拉闸透支囤积', 0.9655269384384155)]

2023-03-07 13:54:22,024: detec_list: 接收参数：[图片路径：./photo/NG230307/PICTURE1\2130001120000000923846.jpg，配置文件路径：photo/ini0307 ]
识别结果：[('§当前上18月组合正反向总尖峰平谷剩余常数', 0.9631412029266357), ('12', 0.9810149669647217), ('｛阶梯透支用电量价户时间段金额表号', 0.9714272618293762), ('8888:8.8:8.8', 0.9562615752220154), ('COSΦ', 0.9967398643493652), ('尖峰1', 0.968050479888916), ('LN―', 0.7109385132789612), ('VA元', 0.9622130393981934), ('平谷2', 0.9540786743164062), ('kWh', 0.8151130676269531), ('←12Й∩读卡中成功失败请购电拉闸透支囤积', 0.9900834560394287)]

2023-03-07 13:54:22,024: detec_list: 接收参数：[图片路径：./photo/NG230307/PICTURE1\2130001120000000923846.jpg，配置文件路径：photo/ini0307 ]
识别结果：[('§当前上18月组合正反向总尖峰平谷剩余常数', 0.9631412029266357), ('12', 0.9810149669647217), ('｛阶梯透支用电量价户时间段金额表号', 0.9714272618293762), ('8888:8.8:8.8', 0.9562615752220154), ('COSΦ', 0.9967398643493652), ('尖峰1', 0.968050479888916), ('LN―', 0.7109385132789612), ('VA元', 0.9622130393981934), ('平谷2', 0.9540786743164062), ('kWh', 0.8151130676269531), ('←12Й∩读卡中成功失败请购电拉闸透支囤积', 0.9900834560394287)]

2023-03-07 13:54:24,523: detec_list: 接收参数：[图片路径：./photo/NG230307/PICTURE2\2130001120000000928346.jpg，配置文件路径：photo/ini0307 ]
识别结果：[('§当前上18月组合正反向总尖峰平谷剩余常数', 0.9619008898735046), ('12', 0.9832268953323364), ('｛阶梯透支用电量价户时间段金额表号', 0.9672103524208069), ('34', 0.812809944152832), ('COSΦ', 0.998868465423584), ('尖峰1', 0.842674732208252), ('8888:8.8:8.8', 0.9601278305053711), ('VA元', 0.9752447605133057), ('LN―', 0.9139607548713684), ('平谷2', 0.9600863456726074), ('kWh', 0.6969544291496277), ('←12Й∩读卡中成功失败请购电拉闸透支囤积', 0.9768145084381104)]

2023-03-07 13:54:24,523: detec_list: 接收参数：[图片路径：./photo/NG230307/PICTURE2\2130001120000000928346.jpg，配置文件路径：photo/ini0307 ]
识别结果：[('§当前上18月组合正反向总尖峰平谷剩余常数', 0.9619008898735046), ('12', 0.9832268953323364), ('｛阶梯透支用电量价户时间段金额表号', 0.9672103524208069), ('34', 0.812809944152832), ('COSΦ', 0.998868465423584), ('尖峰1', 0.842674732208252), ('8888:8.8:8.8', 0.9601278305053711), ('VA元', 0.9752447605133057), ('LN―', 0.9139607548713684), ('平谷2', 0.9600863456726074), ('kWh', 0.6969544291496277), ('←12Й∩读卡中成功失败请购电拉闸透支囤积', 0.9768145084381104)]

2023-03-07 13:54:27,010: detec_list: 接收参数：[图片路径：./photo/NG230307/PICTURE2\638137889077311696.jpg，配置文件路径：photo/ini0307 ]
识别结果：[('§当前上18月组合正反向总尖峰平谷剩余常数', 0.9642418622970581), ('12', 0.9857659339904785), ('｛阶梯透支用电量价户时间段金额表号', 0.978145182132721), ('34', 0.85562664270401), ('COSΦ', 0.9611806869506836), ('8888:8.8:8.8', 0.9574708938598633), ('尖峰1', 0.9583849310874939), ('VA元', 0.9806410670280457), ('LN', 0.8025521636009216), ('平谷2', 0.9533106684684753), ('kWh', 0.7127671241760254), ('←12Й∩读卡中成功失败请购电拉闸透支囤积', 0.9843942523002625)]

2023-03-07 13:54:27,010: detec_list: 接收参数：[图片路径：./photo/NG230307/PICTURE2\638137889077311696.jpg，配置文件路径：photo/ini0307 ]
识别结果：[('§当前上18月组合正反向总尖峰平谷剩余常数', 0.9642418622970581), ('12', 0.9857659339904785), ('｛阶梯透支用电量价户时间段金额表号', 0.978145182132721), ('34', 0.85562664270401), ('COSΦ', 0.9611806869506836), ('8888:8.8:8.8', 0.9574708938598633), ('尖峰1', 0.9583849310874939), ('VA元', 0.9806410670280457), ('LN', 0.8025521636009216), ('平谷2', 0.9533106684684753), ('kWh', 0.7127671241760254), ('←12Й∩读卡中成功失败请购电拉闸透支囤积', 0.9843942523002625)]

2023-03-07 13:54:29,548: detec_list: 接收参数：[图片路径：./photo/NG230307/PICTURE3\2130001120000000928438.jpg，配置文件路径：photo/ini0307 ]
识别结果：[('§当前上18月组合正反向总尖峰平谷剩余常数', 0.9523409605026245), ('12', 0.9789130687713623), ('｛阶梯透支用电量价户时间段金额表号', 0.9827232360839844), ('34', 0.8640615344047546), ('8888:8.8:8.8', 0.9331853985786438), ('COSΦ', 0.9981260895729065), ('尖峰1', 0.9529626965522766), ('VA元', 0.8499022126197815), ('LN―', 0.7888883948326111), ('平谷2', 0.9660496115684509), ('kWh', 0.8397679328918457), ('←12Й∩读卡中成功失败请购电拉闸透支囤积', 0.9870469570159912)]

2023-03-07 13:54:29,548: detec_list: 接收参数：[图片路径：./photo/NG230307/PICTURE3\2130001120000000928438.jpg，配置文件路径：photo/ini0307 ]
识别结果：[('§当前上18月组合正反向总尖峰平谷剩余常数', 0.9523409605026245), ('12', 0.9789130687713623), ('｛阶梯透支用电量价户时间段金额表号', 0.9827232360839844), ('34', 0.8640615344047546), ('8888:8.8:8.8', 0.9331853985786438), ('COSΦ', 0.9981260895729065), ('尖峰1', 0.9529626965522766), ('VA元', 0.8499022126197815), ('LN―', 0.7888883948326111), ('平谷2', 0.9660496115684509), ('kWh', 0.8397679328918457), ('←12Й∩读卡中成功失败请购电拉闸透支囤积', 0.9870469570159912)]

2023-03-07 13:54:32,044: detec_list: 接收参数：[图片路径：./photo/NG230307/PICTURE3\638137889076991888.jpg，配置文件路径：photo/ini0307 ]
识别结果：[('§当前上18月组合正反向总尖峰平谷剩余常数', 0.9478777050971985), ('12', 0.9476690292358398), ('｛阶梯透支用电量价户时间段金额表号', 0.9706786274909973), ('34', 0.88390052318573), ('8888:8.8:8.8', 0.9831753373146057), ('COSΦ', 0.9984761476516724), ('尖峰1', 0.9022484421730042), ('VA元', 0.9414374828338623), ('LN―', 0.8431286215782166), ('平谷2', 0.9581044316291809), ('kWh', 0.8239853382110596), ('←12Й∩读卡中成功失败请购电拉闸透支囤积', 0.9398394227027893)]

2023-03-07 13:54:32,044: detec_list: 接收参数：[图片路径：./photo/NG230307/PICTURE3\638137889076991888.jpg，配置文件路径：photo/ini0307 ]
识别结果：[('§当前上18月组合正反向总尖峰平谷剩余常数', 0.9478777050971985), ('12', 0.9476690292358398), ('｛阶梯透支用电量价户时间段金额表号', 0.9706786274909973), ('34', 0.88390052318573), ('8888:8.8:8.8', 0.9831753373146057), ('COSΦ', 0.9984761476516724), ('尖峰1', 0.9022484421730042), ('VA元', 0.9414374828338623), ('LN―', 0.8431286215782166), ('平谷2', 0.9581044316291809), ('kWh', 0.8239853382110596), ('←12Й∩读卡中成功失败请购电拉闸透支囤积', 0.9398394227027893)]

2023-03-07 13:54:34,551: detec_list: 接收参数：[图片路径：./photo/NG230307/PICTURE4\2130001120000000928391.jpg，配置文件路径：photo/ini0307 ]
识别结果：[('§当前上18月组合正反向总尖峰平谷剩余常数', 0.9573164582252502), ('12', 0.9715259075164795), ('｛阶梯透支用电量价户时间段金额表号', 0.9430802464485168), ('34', 0.7775352001190186), ('8888:8.8:8.8', 0.9523828625679016), ('尖峰1', 0.9445698857307434), ('COSΦ', 0.9985764026641846), ('LN', 0.9669556617736816), ('VA元', 0.9609748721122742), ('平谷2', 0.9411284923553467), ('kWh', 0.8455528616905212), ('←12Й∩读卡中成功失败请购电拉闸透支囤积', 0.9612051248550415)]

2023-03-07 13:54:34,551: detec_list: 接收参数：[图片路径：./photo/NG230307/PICTURE4\2130001120000000928391.jpg，配置文件路径：photo/ini0307 ]
识别结果：[('§当前上18月组合正反向总尖峰平谷剩余常数', 0.9573164582252502), ('12', 0.9715259075164795), ('｛阶梯透支用电量价户时间段金额表号', 0.9430802464485168), ('34', 0.7775352001190186), ('8888:8.8:8.8', 0.9523828625679016), ('尖峰1', 0.9445698857307434), ('COSΦ', 0.9985764026641846), ('LN', 0.9669556617736816), ('VA元', 0.9609748721122742), ('平谷2', 0.9411284923553467), ('kWh', 0.8455528616905212), ('←12Й∩读卡中成功失败请购电拉闸透支囤积', 0.9612051248550415)]

2023-03-07 13:54:37,066: detec_list: 接收参数：[图片路径：./photo/NG230307/PICTURE4\638137889077151788.jpg，配置文件路径：photo/ini0307 ]
识别结果：[('§当前上18月组合正反向总尖峰平谷剩余常数', 0.9425860047340393), ('12', 0.9857319593429565), ('｛阶梯透支用电量价户时间段金额表号', 0.9827468395233154), ('34', 0.95145583152771), ('8888:8.8:8.8', 0.9759871959686279), ('尖峰1', 0.9655713438987732), ('COSΦ', 0.998477578163147), ('LN', 0.929587185382843), ('VA元', 0.95646733045578), ('平谷2', 0.8927355408668518), ('kWh', 0.8545987010002136), ('←12Й∩读卡中成功失败请购电拉闸透支囤积', 0.9531804919242859)]

2023-03-07 13:54:37,066: detec_list: 接收参数：[图片路径：./photo/NG230307/PICTURE4\638137889077151788.jpg，配置文件路径：photo/ini0307 ]
识别结果：[('§当前上18月组合正反向总尖峰平谷剩余常数', 0.9425860047340393), ('12', 0.9857319593429565), ('｛阶梯透支用电量价户时间段金额表号', 0.9827468395233154), ('34', 0.95145583152771), ('8888:8.8:8.8', 0.9759871959686279), ('尖峰1', 0.9655713438987732), ('COSΦ', 0.998477578163147), ('LN', 0.929587185382843), ('VA元', 0.95646733045578), ('平谷2', 0.8927355408668518), ('kWh', 0.8545987010002136), ('←12Й∩读卡中成功失败请购电拉闸透支囤积', 0.9531804919242859)]

2023-03-07 13:54:39,484: detec_list: 接收参数：[图片路径：./photo/NG230307/PICTURE5\2130001120000000928384.jpg，配置文件路径：photo/ini0307 ]
识别结果：[('§当前上18月组合正反向总尖峰平谷剩余常数', 0.9319359660148621), ('12', 0.9854708909988403), ('｛阶梯透支用电量价户时间段金额表号', 0.9845300316810608), ('34', 0.9005613327026367), ('8888:8.8:8.8', 0.9896149635314941), ('COSΦ', 0.9948554039001465), ('尖峰1', 0.9348097443580627), ('VA元', 0.9829670786857605), ('LN', 0.8276376724243164), ('平谷2', 0.977924108505249), ('kWh', 0.9048280715942383), ('←12Й∩读卡中成功失败请购电拉闸透支囤积', 0.9597558379173279)]

2023-03-07 13:54:39,484: detec_list: 接收参数：[图片路径：./photo/NG230307/PICTURE5\2130001120000000928384.jpg，配置文件路径：photo/ini0307 ]
识别结果：[('§当前上18月组合正反向总尖峰平谷剩余常数', 0.9319359660148621), ('12', 0.9854708909988403), ('｛阶梯透支用电量价户时间段金额表号', 0.9845300316810608), ('34', 0.9005613327026367), ('8888:8.8:8.8', 0.9896149635314941), ('COSΦ', 0.9948554039001465), ('尖峰1', 0.9348097443580627), ('VA元', 0.9829670786857605), ('LN', 0.8276376724243164), ('平谷2', 0.977924108505249), ('kWh', 0.9048280715942383), ('←12Й∩读卡中成功失败请购电拉闸透支囤积', 0.9597558379173279)]

2023-03-07 13:54:41,933: detec_list: 接收参数：[图片路径：./photo/NG230307/PICTURE5\638137889077791418.jpg，配置文件路径：photo/ini0307 ]
识别结果：[('§当前上18月组合正反向总尖峰平谷剩余常数', 0.95368492603302), ('12', 0.9849057197570801), ('｛阶梯透支用电量价户时间段金额表号', 0.9637463688850403), ('34', 0.6911542415618896), ('COSΦ', 0.995728611946106), ('8888:8.8:8.8', 0.9245145320892334), ('尖峰1', 0.796463668346405), ('VA元', 0.9796850085258484), ('LN', 0.8281391263008118), ('平谷2', 0.9753875136375427), ('kWh', 0.8955195546150208), ('←12Й∩读卡中成功失败请购电拉闸透支囤积', 0.9779123067855835)]

2023-03-07 13:54:41,933: detec_list: 接收参数：[图片路径：./photo/NG230307/PICTURE5\638137889077791418.jpg，配置文件路径：photo/ini0307 ]
识别结果：[('§当前上18月组合正反向总尖峰平谷剩余常数', 0.95368492603302), ('12', 0.9849057197570801), ('｛阶梯透支用电量价户时间段金额表号', 0.9637463688850403), ('34', 0.6911542415618896), ('COSΦ', 0.995728611946106), ('8888:8.8:8.8', 0.9245145320892334), ('尖峰1', 0.796463668346405), ('VA元', 0.9796850085258484), ('LN', 0.8281391263008118), ('平谷2', 0.9753875136375427), ('kWh', 0.8955195546150208), ('←12Й∩读卡中成功失败请购电拉闸透支囤积', 0.9779123067855835)]

2023-03-07 13:54:44,414: detec_list: 接收参数：[图片路径：./photo/NG230307/PICTURE6\2130001120000000923808.jpg，配置文件路径：photo/ini0307 ]
识别结果：[('§当前上18月组合正反向总尖峰平谷剩余常数', 0.9633440971374512), ('12', 0.9703196883201599), ('｛阶梯透支用电量价户时间段金额表号', 0.9214017391204834), ('34', 0.9129769802093506), ('8888:8.8:8.8', 0.9626638889312744), ('COSΦ', 0.9450636506080627), ('尖峰1', 0.9456084370613098), ('VA元', 0.9753925800323486), ('LN―', 0.7980343699455261), ('平谷2', 0.9531960487365723), ('kWh', 0.779050350189209), ('←12Й∩读卡中成功失败请购电拉闸透支囤积', 0.9681785702705383)]

2023-03-07 13:54:44,414: detec_list: 接收参数：[图片路径：./photo/NG230307/PICTURE6\2130001120000000923808.jpg，配置文件路径：photo/ini0307 ]
识别结果：[('§当前上18月组合正反向总尖峰平谷剩余常数', 0.9633440971374512), ('12', 0.9703196883201599), ('｛阶梯透支用电量价户时间段金额表号', 0.9214017391204834), ('34', 0.9129769802093506), ('8888:8.8:8.8', 0.9626638889312744), ('COSΦ', 0.9450636506080627), ('尖峰1', 0.9456084370613098), ('VA元', 0.9753925800323486), ('LN―', 0.7980343699455261), ('平谷2', 0.9531960487365723), ('kWh', 0.779050350189209), ('←12Й∩读卡中成功失败请购电拉闸透支囤积', 0.9681785702705383)]

2023-03-07 13:54:46,940: detec_list: 接收参数：[图片路径：./photo/NG230307/PICTURE6\638137889077471604.jpg，配置文件路径：photo/ini0307 ]
识别结果：[('§当前上18月组合正反向总尖峰平谷剩余常数', 0.9722529053688049), ('12', 0.9646847248077393), ('｛阶梯透支用电量价户时间段金额表号', 0.9472022652626038), ('34', 0.9095048904418945), ('8888:8.8:8.8', 0.9528427720069885), ('COSΦ', 0.9530377984046936), ('尖峰1', 0.9761479496955872), ('VA元', 0.7115867733955383), ('LN―', 0.7593498229980469), ('平谷2', 0.9681031107902527), ('kWh', 0.7949320673942566), ('←12Й∩读卡中成功失败请购电拉闸透支囤积', 0.9655269384384155)]

2023-03-07 13:54:46,940: detec_list: 接收参数：[图片路径：./photo/NG230307/PICTURE6\638137889077471604.jpg，配置文件路径：photo/ini0307 ]
识别结果：[('§当前上18月组合正反向总尖峰平谷剩余常数', 0.9722529053688049), ('12', 0.9646847248077393), ('｛阶梯透支用电量价户时间段金额表号', 0.9472022652626038), ('34', 0.9095048904418945), ('8888:8.8:8.8', 0.9528427720069885), ('COSΦ', 0.9530377984046936), ('尖峰1', 0.9761479496955872), ('VA元', 0.7115867733955383), ('LN―', 0.7593498229980469), ('平谷2', 0.9681031107902527), ('kWh', 0.7949320673942566), ('←12Й∩读卡中成功失败请购电拉闸透支囤积', 0.9655269384384155)]

