2023-03-17 15:17:04,732: detec_wulian: 接收参数：[图片路径：./photo/zhijie/PICTURE1\638055077197136762.jpg，配置文件路径：photo/zhiini ]
识别结果：[('DTZM341-Z型三相四线智能电能表', 0.9430090188980103), ('3x220/380V0.4-1（100)A500imp/kWhB', 0.896010160446167), ('10（100)A500imp/kvarh②50HzYH3', 0.9011496305465698), ('PA', 0.8107355833053589), ('2022年', 0.8915271759033203), ('GB/T17215.321-2021', 0.9073219299316406), ('2022E163-43', 0.9452224373817444)]

2023-03-17 15:17:04,733: detec_wulian: 接收参数：[图片路径：./photo/zhijie/PICTURE1\638055077197136762.jpg，配置文件路径：photo/zhiini ]
识别结果：[('DTZM341-Z型三相四线智能电能表', 0.9430090188980103), ('3x220/380V0.4-1（100)A500imp/kWhB', 0.896010160446167), ('10（100)A500imp/kvarh②50HzYH3', 0.9011496305465698), ('PA', 0.8107355833053589), ('2022年', 0.8915271759033203), ('GB/T17215.321-2021', 0.9073219299316406), ('2022E163-43', 0.9452224373817444)]

2023-03-17 15:17:07,086: detec_wulian: 接收参数：[图片路径：./photo/zhijie/PICTURE1\6380550804225375531.jpg，配置文件路径：photo/zhiini ]
识别结果：[('DTZM341-Z型三相四线智能电能表', 0.9299851655960083), ('3x220/380V0.4-1（100)A500imp/kWhB', 0.8961319923400879), ('10（100)A500imp/kvarh②50HzYH3', 0.9034369587898254), ('PA', 0.6526660919189453), ('2022年', 0.8920488357543945), ('GB/T17215.321-2021', 0.9095269441604614), ('2022E163-43', 0.9245504140853882)]

2023-03-17 15:17:07,086: detec_wulian: 接收参数：[图片路径：./photo/zhijie/PICTURE1\6380550804225375531.jpg，配置文件路径：photo/zhiini ]
识别结果：[('DTZM341-Z型三相四线智能电能表', 0.9299851655960083), ('3x220/380V0.4-1（100)A500imp/kWhB', 0.8961319923400879), ('10（100)A500imp/kvarh②50HzYH3', 0.9034369587898254), ('PA', 0.6526660919189453), ('2022年', 0.8920488357543945), ('GB/T17215.321-2021', 0.9095269441604614), ('2022E163-43', 0.9245504140853882)]

2023-03-17 15:17:09,381: detec_wulian: 接收参数：[图片路径：./photo/zhijie/PICTURE2\638055077197256693.jpg，配置文件路径：photo/zhiini ]
识别结果：[('DTZM341-Z型三相四线智能电能表', 0.9529096484184265), ('3x220/380V0.4-1（100)A500imp/kWhB', 0.9007045030593872), ('10（100)A500imp/kvarh②50Hz回YH3', 0.8883113861083984), ('PA', 0.9151204824447632), ('GB/T17215.321-2021', 0.9257153272628784), ('2022E163-43', 0.9612598419189453), ('2022年', 0.9822556376457214)]

2023-03-17 15:17:09,381: detec_wulian: 接收参数：[图片路径：./photo/zhijie/PICTURE2\638055077197256693.jpg，配置文件路径：photo/zhiini ]
识别结果：[('DTZM341-Z型三相四线智能电能表', 0.9529096484184265), ('3x220/380V0.4-1（100)A500imp/kWhB', 0.9007045030593872), ('10（100)A500imp/kvarh②50Hz回YH3', 0.8883113861083984), ('PA', 0.9151204824447632), ('GB/T17215.321-2021', 0.9257153272628784), ('2022E163-43', 0.9612598419189453), ('2022年', 0.9822556376457214)]

2023-03-17 15:17:11,708: detec_wulian: 接收参数：[图片路径：./photo/zhijie/PICTURE2\6380550804226574841.jpg，配置文件路径：photo/zhiini ]
识别结果：[('DTZM341-Z型三相四线智能电能表', 0.9528183937072754), ('3x220/380V0.4-1（100)A500imp/kWhB', 0.8973761796951294), ('10（100)A500imp/kvarh50Hz口YH3', 0.902206301689148), ('PA', 0.9135440587997437), ('GB/T17215.321-2021', 0.9231951236724854), ('2022E163-43', 0.9171633124351501), ('2022年', 0.98198401927948)]

2023-03-17 15:17:11,708: detec_wulian: 接收参数：[图片路径：./photo/zhijie/PICTURE2\6380550804226574841.jpg，配置文件路径：photo/zhiini ]
识别结果：[('DTZM341-Z型三相四线智能电能表', 0.9528183937072754), ('3x220/380V0.4-1（100)A500imp/kWhB', 0.8973761796951294), ('10（100)A500imp/kvarh50Hz口YH3', 0.902206301689148), ('PA', 0.9135440587997437), ('GB/T17215.321-2021', 0.9231951236724854), ('2022E163-43', 0.9171633124351501), ('2022年', 0.98198401927948)]

2023-03-17 15:18:21,986: detec_wulian: 接收参数：[图片路径：./photo/zhijie/PICTURE1\638055077197136762.jpg，配置文件路径：photo/zhiini ]
识别结果：[('DTZM341-Z型三相四线智能电能表', 0.9430090188980103), ('3x220/380V0.4-1（100)A500imp/kWhB', 0.896010160446167), ('10（100)A500imp/kvarh②50HzYH3', 0.9011496305465698), ('PA', 0.8107355833053589), ('2022年', 0.8915271759033203), ('GB/T17215.321-2021', 0.9073219299316406), ('2022E163-43', 0.9452224373817444)]

2023-03-17 15:18:21,986: detec_wulian: 接收参数：[图片路径：./photo/zhijie/PICTURE1\638055077197136762.jpg，配置文件路径：photo/zhiini ]
识别结果：[('DTZM341-Z型三相四线智能电能表', 0.9430090188980103), ('3x220/380V0.4-1（100)A500imp/kWhB', 0.896010160446167), ('10（100)A500imp/kvarh②50HzYH3', 0.9011496305465698), ('PA', 0.8107355833053589), ('2022年', 0.8915271759033203), ('GB/T17215.321-2021', 0.9073219299316406), ('2022E163-43', 0.9452224373817444)]

2023-03-17 15:18:24,285: detec_wulian: 接收参数：[图片路径：./photo/zhijie/PICTURE1\6380550804225375531.jpg，配置文件路径：photo/zhiini ]
识别结果：[('DTZM341-Z型三相四线智能电能表', 0.9299851655960083), ('3x220/380V0.4-1（100)A500imp/kWhB', 0.8961319923400879), ('10（100)A500imp/kvarh②50HzYH3', 0.9034369587898254), ('PA', 0.6526660919189453), ('2022年', 0.8920488357543945), ('GB/T17215.321-2021', 0.9095269441604614), ('2022E163-43', 0.9245504140853882)]

2023-03-17 15:18:24,285: detec_wulian: 接收参数：[图片路径：./photo/zhijie/PICTURE1\6380550804225375531.jpg，配置文件路径：photo/zhiini ]
识别结果：[('DTZM341-Z型三相四线智能电能表', 0.9299851655960083), ('3x220/380V0.4-1（100)A500imp/kWhB', 0.8961319923400879), ('10（100)A500imp/kvarh②50HzYH3', 0.9034369587898254), ('PA', 0.6526660919189453), ('2022年', 0.8920488357543945), ('GB/T17215.321-2021', 0.9095269441604614), ('2022E163-43', 0.9245504140853882)]

2023-03-17 15:18:26,444: detec_wulian: 接收参数：[图片路径：./photo/zhijie/PICTURE2\638055077197256693.jpg，配置文件路径：photo/zhiini ]
识别结果：[('DTZM341-Z型三相四线智能电能表', 0.9529096484184265), ('3x220/380V0.4-1（100)A500imp/kWhB', 0.9007045030593872), ('10（100)A500imp/kvarh②50Hz回YH3', 0.8883113861083984), ('PA', 0.9151204824447632), ('GB/T17215.321-2021', 0.9257153272628784), ('2022E163-43', 0.9612598419189453), ('2022年', 0.9822556376457214)]

2023-03-17 15:18:26,444: detec_wulian: 接收参数：[图片路径：./photo/zhijie/PICTURE2\638055077197256693.jpg，配置文件路径：photo/zhiini ]
识别结果：[('DTZM341-Z型三相四线智能电能表', 0.9529096484184265), ('3x220/380V0.4-1（100)A500imp/kWhB', 0.9007045030593872), ('10（100)A500imp/kvarh②50Hz回YH3', 0.8883113861083984), ('PA', 0.9151204824447632), ('GB/T17215.321-2021', 0.9257153272628784), ('2022E163-43', 0.9612598419189453), ('2022年', 0.9822556376457214)]

2023-03-17 15:18:28,631: detec_wulian: 接收参数：[图片路径：./photo/zhijie/PICTURE2\6380550804226574841.jpg，配置文件路径：photo/zhiini ]
识别结果：[('DTZM341-Z型三相四线智能电能表', 0.9528183937072754), ('3x220/380V0.4-1（100)A500imp/kWhB', 0.8973761796951294), ('10（100)A500imp/kvarh50Hz口YH3', 0.902206301689148), ('PA', 0.9135440587997437), ('GB/T17215.321-2021', 0.9231951236724854), ('2022E163-43', 0.9171633124351501), ('2022年', 0.98198401927948)]

2023-03-17 15:18:28,631: detec_wulian: 接收参数：[图片路径：./photo/zhijie/PICTURE2\6380550804226574841.jpg，配置文件路径：photo/zhiini ]
识别结果：[('DTZM341-Z型三相四线智能电能表', 0.9528183937072754), ('3x220/380V0.4-1（100)A500imp/kWhB', 0.8973761796951294), ('10（100)A500imp/kvarh50Hz口YH3', 0.902206301689148), ('PA', 0.9135440587997437), ('GB/T17215.321-2021', 0.9231951236724854), ('2022E163-43', 0.9171633124351501), ('2022年', 0.98198401927948)]

2023-03-17 15:20:36,361: detec_wulian: 接收参数：[图片路径：./photo/zhijie/PICTURE1\638055077197136762.jpg，配置文件路径：photo/zhiini ]
识别结果：[('DTZM341-Z型三相四线智能电能表', 0.9430090188980103), ('3x220/380V0.4-1（100)A500imp/kWhB', 0.896010160446167), ('10（100)A500imp/kvarh②50HzYH3', 0.9011496305465698), ('PA', 0.8107355833053589), ('2022年', 0.8915271759033203), ('GB/T17215.321-2021', 0.9073219299316406), ('2022E163-43', 0.9452224373817444)]

2023-03-17 15:20:36,361: detec_wulian: 接收参数：[图片路径：./photo/zhijie/PICTURE1\638055077197136762.jpg，配置文件路径：photo/zhiini ]
识别结果：[('DTZM341-Z型三相四线智能电能表', 0.9430090188980103), ('3x220/380V0.4-1（100)A500imp/kWhB', 0.896010160446167), ('10（100)A500imp/kvarh②50HzYH3', 0.9011496305465698), ('PA', 0.8107355833053589), ('2022年', 0.8915271759033203), ('GB/T17215.321-2021', 0.9073219299316406), ('2022E163-43', 0.9452224373817444)]

2023-03-17 15:20:38,634: detec_wulian: 接收参数：[图片路径：./photo/zhijie/PICTURE1\6380550804225375531.jpg，配置文件路径：photo/zhiini ]
识别结果：[('DTZM341-Z型三相四线智能电能表', 0.9299851655960083), ('3x220/380V0.4-1（100)A500imp/kWhB', 0.8961319923400879), ('10（100)A500imp/kvarh②50HzYH3', 0.9034369587898254), ('PA', 0.6526660919189453), ('2022年', 0.8920488357543945), ('GB/T17215.321-2021', 0.9095269441604614), ('2022E163-43', 0.9245504140853882)]

2023-03-17 15:20:38,634: detec_wulian: 接收参数：[图片路径：./photo/zhijie/PICTURE1\6380550804225375531.jpg，配置文件路径：photo/zhiini ]
识别结果：[('DTZM341-Z型三相四线智能电能表', 0.9299851655960083), ('3x220/380V0.4-1（100)A500imp/kWhB', 0.8961319923400879), ('10（100)A500imp/kvarh②50HzYH3', 0.9034369587898254), ('PA', 0.6526660919189453), ('2022年', 0.8920488357543945), ('GB/T17215.321-2021', 0.9095269441604614), ('2022E163-43', 0.9245504140853882)]

2023-03-17 15:20:40,845: detec_wulian: 接收参数：[图片路径：./photo/zhijie/PICTURE2\638055077197256693.jpg，配置文件路径：photo/zhiini ]
识别结果：[('DTZM341-Z型三相四线智能电能表', 0.9529096484184265), ('3x220/380V0.4-1（100)A500imp/kWhB', 0.9007045030593872), ('10（100)A500imp/kvarh②50Hz回YH3', 0.8883113861083984), ('PA', 0.9151204824447632), ('GB/T17215.321-2021', 0.9257153272628784), ('2022E163-43', 0.9612598419189453), ('2022年', 0.9822556376457214)]

2023-03-17 15:20:40,845: detec_wulian: 接收参数：[图片路径：./photo/zhijie/PICTURE2\638055077197256693.jpg，配置文件路径：photo/zhiini ]
识别结果：[('DTZM341-Z型三相四线智能电能表', 0.9529096484184265), ('3x220/380V0.4-1（100)A500imp/kWhB', 0.9007045030593872), ('10（100)A500imp/kvarh②50Hz回YH3', 0.8883113861083984), ('PA', 0.9151204824447632), ('GB/T17215.321-2021', 0.9257153272628784), ('2022E163-43', 0.9612598419189453), ('2022年', 0.9822556376457214)]

2023-03-17 15:20:43,023: detec_wulian: 接收参数：[图片路径：./photo/zhijie/PICTURE2\6380550804226574841.jpg，配置文件路径：photo/zhiini ]
识别结果：[('DTZM341-Z型三相四线智能电能表', 0.9528183937072754), ('3x220/380V0.4-1（100)A500imp/kWhB', 0.8973761796951294), ('10（100)A500imp/kvarh50Hz口YH3', 0.902206301689148), ('PA', 0.9135440587997437), ('GB/T17215.321-2021', 0.9231951236724854), ('2022E163-43', 0.9171633124351501), ('2022年', 0.98198401927948)]

2023-03-17 15:20:43,023: detec_wulian: 接收参数：[图片路径：./photo/zhijie/PICTURE2\6380550804226574841.jpg，配置文件路径：photo/zhiini ]
识别结果：[('DTZM341-Z型三相四线智能电能表', 0.9528183937072754), ('3x220/380V0.4-1（100)A500imp/kWhB', 0.8973761796951294), ('10（100)A500imp/kvarh50Hz口YH3', 0.902206301689148), ('PA', 0.9135440587997437), ('GB/T17215.321-2021', 0.9231951236724854), ('2022E163-43', 0.9171633124351501), ('2022年', 0.98198401927948)]

2023-03-17 15:21:04,395: detec_wulian: 接收参数：[图片路径：./photo/zhijie/PICTURE1\638055077197136762.jpg，配置文件路径：photo/zhiini ]
识别结果：[('DTZM341-Z型三相四线智能电能表', 0.9430090188980103), ('3x220/380V0.4-1（100)A500imp/kWhB', 0.896010160446167), ('10（100)A500imp/kvarh②50HzYH3', 0.9011496305465698), ('PA', 0.8107355833053589), ('2022年', 0.8915271759033203), ('GB/T17215.321-2021', 0.9073219299316406), ('2022E163-43', 0.9452224373817444)]

2023-03-17 15:21:04,395: detec_wulian: 接收参数：[图片路径：./photo/zhijie/PICTURE1\638055077197136762.jpg，配置文件路径：photo/zhiini ]
识别结果：[('DTZM341-Z型三相四线智能电能表', 0.9430090188980103), ('3x220/380V0.4-1（100)A500imp/kWhB', 0.896010160446167), ('10（100)A500imp/kvarh②50HzYH3', 0.9011496305465698), ('PA', 0.8107355833053589), ('2022年', 0.8915271759033203), ('GB/T17215.321-2021', 0.9073219299316406), ('2022E163-43', 0.9452224373817444)]

2023-03-17 15:21:06,727: detec_wulian: 接收参数：[图片路径：./photo/zhijie/PICTURE1\6380550804225375531.jpg，配置文件路径：photo/zhiini ]
识别结果：[('DTZM341-Z型三相四线智能电能表', 0.9299851655960083), ('3x220/380V0.4-1（100)A500imp/kWhB', 0.8961319923400879), ('10（100)A500imp/kvarh②50HzYH3', 0.9034369587898254), ('PA', 0.6526660919189453), ('2022年', 0.8920488357543945), ('GB/T17215.321-2021', 0.9095269441604614), ('2022E163-43', 0.9245504140853882)]

2023-03-17 15:21:06,727: detec_wulian: 接收参数：[图片路径：./photo/zhijie/PICTURE1\6380550804225375531.jpg，配置文件路径：photo/zhiini ]
识别结果：[('DTZM341-Z型三相四线智能电能表', 0.9299851655960083), ('3x220/380V0.4-1（100)A500imp/kWhB', 0.8961319923400879), ('10（100)A500imp/kvarh②50HzYH3', 0.9034369587898254), ('PA', 0.6526660919189453), ('2022年', 0.8920488357543945), ('GB/T17215.321-2021', 0.9095269441604614), ('2022E163-43', 0.9245504140853882)]

2023-03-17 15:21:09,037: detec_wulian: 接收参数：[图片路径：./photo/zhijie/PICTURE2\638055077197256693.jpg，配置文件路径：photo/zhiini ]
识别结果：[('DTZM341-Z型三相四线智能电能表', 0.9529096484184265), ('3x220/380V0.4-1（100)A500imp/kWhB', 0.9007045030593872), ('10（100)A500imp/kvarh②50Hz回YH3', 0.8883113861083984), ('PA', 0.9151204824447632), ('GB/T17215.321-2021', 0.9257153272628784), ('2022E163-43', 0.9612598419189453), ('2022年', 0.9822556376457214)]

2023-03-17 15:21:09,037: detec_wulian: 接收参数：[图片路径：./photo/zhijie/PICTURE2\638055077197256693.jpg，配置文件路径：photo/zhiini ]
识别结果：[('DTZM341-Z型三相四线智能电能表', 0.9529096484184265), ('3x220/380V0.4-1（100)A500imp/kWhB', 0.9007045030593872), ('10（100)A500imp/kvarh②50Hz回YH3', 0.8883113861083984), ('PA', 0.9151204824447632), ('GB/T17215.321-2021', 0.9257153272628784), ('2022E163-43', 0.9612598419189453), ('2022年', 0.9822556376457214)]

2023-03-17 15:21:11,296: detec_wulian: 接收参数：[图片路径：./photo/zhijie/PICTURE2\6380550804226574841.jpg，配置文件路径：photo/zhiini ]
识别结果：[('DTZM341-Z型三相四线智能电能表', 0.9528183937072754), ('3x220/380V0.4-1（100)A500imp/kWhB', 0.8973761796951294), ('10（100)A500imp/kvarh50Hz口YH3', 0.902206301689148), ('PA', 0.9135440587997437), ('GB/T17215.321-2021', 0.9231951236724854), ('2022E163-43', 0.9171633124351501), ('2022年', 0.98198401927948)]

2023-03-17 15:21:11,296: detec_wulian: 接收参数：[图片路径：./photo/zhijie/PICTURE2\6380550804226574841.jpg，配置文件路径：photo/zhiini ]
识别结果：[('DTZM341-Z型三相四线智能电能表', 0.9528183937072754), ('3x220/380V0.4-1（100)A500imp/kWhB', 0.8973761796951294), ('10（100)A500imp/kvarh50Hz口YH3', 0.902206301689148), ('PA', 0.9135440587997437), ('GB/T17215.321-2021', 0.9231951236724854), ('2022E163-43', 0.9171633124351501), ('2022年', 0.98198401927948)]

2023-03-17 15:21:45,629: detec_list: 接收参数：[图片路径：./photo/yin0314/PICTURE1\1.jpg，配置文件路径：photo/ini0314 ]
识别结果：[('当前上18月组合正反向总费率18剩余常数', 0.9795466661453247), ('§｛阶梯透支用电量价户时间段金额表号', 0.939261257648468), ('8888:8.8:8.8', 0.9290191531181335), ('L', 0.6999258995056152), ('COSΦ', 0.9410945177078247), ('―', 0.9996132254600525), ('VA元', 0.9879801869392395), ('N', 0.9970947504043579), ('KWh', 0.757821261882782), ('←Й∩成功失败请购电拉闸12L812T18', 0.9558279514312744)]

2023-03-17 15:21:45,629: detec_list: 接收参数：[图片路径：./photo/yin0314/PICTURE1\1.jpg，配置文件路径：photo/ini0314 ]
识别结果：[('当前上18月组合正反向总费率18剩余常数', 0.9795466661453247), ('§｛阶梯透支用电量价户时间段金额表号', 0.939261257648468), ('8888:8.8:8.8', 0.9290191531181335), ('L', 0.6999258995056152), ('COSΦ', 0.9410945177078247), ('―', 0.9996132254600525), ('VA元', 0.9879801869392395), ('N', 0.9970947504043579), ('KWh', 0.757821261882782), ('←Й∩成功失败请购电拉闸12L812T18', 0.9558279514312744)]

2023-03-17 15:21:47,818: detec_list: 接收参数：[图片路径：./photo/yin0314/PICTURE2\2.jpg，配置文件路径：photo/ini0314 ]
识别结果：[('当前上18月组合正反向总费率18剩余常数', 0.9420378804206848), ('§｛阶梯透支用电量价户时间段金额表号', 0.9228655099868774), ('8888:8.8:8.8', 0.9878544211387634), ('L', 0.9991196990013123), ('COSΦ', 0.923085629940033), ('―', 0.9040400981903076), ('VA元', 0.8603643774986267), ('N', 0.995623767375946), ('KWh', 0.8917956352233887), ('←Й∩成功失败请购电拉闸12L812T18', 0.94974684715271)]

2023-03-17 15:21:47,818: detec_list: 接收参数：[图片路径：./photo/yin0314/PICTURE2\2.jpg，配置文件路径：photo/ini0314 ]
识别结果：[('当前上18月组合正反向总费率18剩余常数', 0.9420378804206848), ('§｛阶梯透支用电量价户时间段金额表号', 0.9228655099868774), ('8888:8.8:8.8', 0.9878544211387634), ('L', 0.9991196990013123), ('COSΦ', 0.923085629940033), ('―', 0.9040400981903076), ('VA元', 0.8603643774986267), ('N', 0.995623767375946), ('KWh', 0.8917956352233887), ('←Й∩成功失败请购电拉闸12L812T18', 0.94974684715271)]

2023-03-17 15:21:49,993: detec_list: 接收参数：[图片路径：./photo/yin0314/PICTURE3\3.jpg，配置文件路径：photo/ini0314 ]
识别结果：[('当前上18月组合正反向总费率18剩余常数', 0.9554403424263), ('§｛阶梯透支用电量价户时间段金额表号', 0.9938270449638367), ('8888:8.8:8.8', 0.9198599457740784), ('L', 0.9974919557571411), ('COSΦ', 0.9785906672477722), ('VA元', 0.9038812518119812), ('―', 0.9923924207687378), ('N', 0.994594156742096), ('kWh', 0.8621432781219482), ('←Й∩成功失败请购电拉闸12L812T18', 0.9685578942298889)]

2023-03-17 15:21:49,993: detec_list: 接收参数：[图片路径：./photo/yin0314/PICTURE3\3.jpg，配置文件路径：photo/ini0314 ]
识别结果：[('当前上18月组合正反向总费率18剩余常数', 0.9554403424263), ('§｛阶梯透支用电量价户时间段金额表号', 0.9938270449638367), ('8888:8.8:8.8', 0.9198599457740784), ('L', 0.9974919557571411), ('COSΦ', 0.9785906672477722), ('VA元', 0.9038812518119812), ('―', 0.9923924207687378), ('N', 0.994594156742096), ('kWh', 0.8621432781219482), ('←Й∩成功失败请购电拉闸12L812T18', 0.9685578942298889)]

2023-03-17 15:21:52,017: detec_list: 接收参数：[图片路径：./photo/yin0314/PICTURE4\4.jpg，配置文件路径：photo/ini0314 ]
识别结果：[('当前上18月组合正反向总费率18剩余常数', 0.9494354128837585), ('§｛阶梯透支用电量价户时间段金额表号', 0.9964893460273743), ('8888:8.8:8.8', 0.9940358996391296), ('L', 0.9987465143203735), ('COSΦ', 0.9968564510345459), ('―', 0.899246335029602), ('VA元', 0.9884898066520691), ('N', 0.9981058835983276), ('kWh', 0.8459210395812988), ('←Й∩成功失败请购电拉闸12L812T18', 0.9854915142059326)]

2023-03-17 15:21:52,017: detec_list: 接收参数：[图片路径：./photo/yin0314/PICTURE4\4.jpg，配置文件路径：photo/ini0314 ]
识别结果：[('当前上18月组合正反向总费率18剩余常数', 0.9494354128837585), ('§｛阶梯透支用电量价户时间段金额表号', 0.9964893460273743), ('8888:8.8:8.8', 0.9940358996391296), ('L', 0.9987465143203735), ('COSΦ', 0.9968564510345459), ('―', 0.899246335029602), ('VA元', 0.9884898066520691), ('N', 0.9981058835983276), ('kWh', 0.8459210395812988), ('←Й∩成功失败请购电拉闸12L812T18', 0.9854915142059326)]

2023-03-17 15:21:54,183: detec_list: 接收参数：[图片路径：./photo/yin0314/PICTURE5\5.jpg，配置文件路径：photo/ini0314 ]
识别结果：[('当上8反向总费率18剩余常数', 0.9783621430397034), ('§｛阶梯透支用电量价户时间段金额表号', 0.9778246879577637), ('8888:8.8:8.8', 0.8781192898750305), ('L', 0.9991414546966553), ('COSΦ', 0.8771775960922241), ('―', 0.9994667172431946), ('VA元', 0.9844368100166321), ('N', 0.9943742752075195), ('kWh', 0.7613086104393005), ('←Й∩成功失败请购电拉闸12L812T18', 0.9538127779960632)]

2023-03-17 15:21:54,183: detec_list: 接收参数：[图片路径：./photo/yin0314/PICTURE5\5.jpg，配置文件路径：photo/ini0314 ]
识别结果：[('当上8反向总费率18剩余常数', 0.9783621430397034), ('§｛阶梯透支用电量价户时间段金额表号', 0.9778246879577637), ('8888:8.8:8.8', 0.8781192898750305), ('L', 0.9991414546966553), ('COSΦ', 0.8771775960922241), ('―', 0.9994667172431946), ('VA元', 0.9844368100166321), ('N', 0.9943742752075195), ('kWh', 0.7613086104393005), ('←Й∩成功失败请购电拉闸12L812T18', 0.9538127779960632)]

2023-03-17 15:21:56,138: detec_list: 接收参数：[图片路径：./photo/yin0314/PICTURE6\6.jpg，配置文件路径：photo/ini0314 ]
识别结果：[('当前上18月组合正反向总费率18剩余常数', 0.9542249441146851), ('§｛阶梯透支用电量价户时间段金额表号', 0.9908108115196228), ('8888:8.8:8.8', 0.9377452731132507), ('L', 0.9985674619674683), ('COSΦ', 0.9984010457992554), ('VA元', 0.9529120326042175), ('―', 0.9936031699180603), ('N', 0.9974995255470276), ('kWh', 0.890857994556427), ('←←∩成功失败请购电拉闸12L812T18', 0.9605808258056641)]

2023-03-17 15:21:56,138: detec_list: 接收参数：[图片路径：./photo/yin0314/PICTURE6\6.jpg，配置文件路径：photo/ini0314 ]
识别结果：[('当前上18月组合正反向总费率18剩余常数', 0.9542249441146851), ('§｛阶梯透支用电量价户时间段金额表号', 0.9908108115196228), ('8888:8.8:8.8', 0.9377452731132507), ('L', 0.9985674619674683), ('COSΦ', 0.9984010457992554), ('VA元', 0.9529120326042175), ('―', 0.9936031699180603), ('N', 0.9974995255470276), ('kWh', 0.890857994556427), ('←←∩成功失败请购电拉闸12L812T18', 0.9605808258056641)]

