2023-03-06 09:50:38,801: detec_list: 接收参数：[图片路径：./photo/yin1/PICTURE1\1.jpg，配置文件路径：photo/yin1ini ]
识别结果：[('当前上18月组合正反向总费率18剩余常数', 0.9632485508918762), ('§｛阶梯透支用电量价户时间段金额表号', 0.9850720763206482), ('8888:8.8:8.8', 0.9201529026031494), ('L', 0.9987778067588806), ('COSΦ', 0.9402976036071777), ('―', 0.9681021571159363), ('VA元', 0.9870468974113464), ('N', 0.8869233727455139), ('KWh', 0.8385230898857117), ('←Й∩成功失败请购电拉闸12L812T18', 0.9656778573989868)]

2023-03-06 09:50:38,803: detec_list: 接收参数：[图片路径：./photo/yin1/PICTURE1\1.jpg，配置文件路径：photo/yin1ini ]
识别结果：[('当前上18月组合正反向总费率18剩余常数', 0.9632485508918762), ('§｛阶梯透支用电量价户时间段金额表号', 0.9850720763206482), ('8888:8.8:8.8', 0.9201529026031494), ('L', 0.9987778067588806), ('COSΦ', 0.9402976036071777), ('―', 0.9681021571159363), ('VA元', 0.9870468974113464), ('N', 0.8869233727455139), ('KWh', 0.8385230898857117), ('←Й∩成功失败请购电拉闸12L812T18', 0.9656778573989868)]

2023-03-06 09:50:41,139: detec_list: 接收参数：[图片路径：./photo/yin1/PICTURE2\2.jpg，配置文件路径：photo/yin1ini ]
识别结果：[('当前上18月组合正反向总费率18剩余常数', 0.9906445741653442), ('§｛阶梯透支用电量价户时间段金额表号', 0.9664931297302246), ('8888:8.8:8.8', 0.9685065746307373), ('L', 0.8707960247993469), ('COSΦ', 0.978747546672821), ('―', 0.999925971031189), ('VA元', 0.9864983558654785), ('N', 0.9970376491546631), ('KWh', 0.8000293374061584), ('←Й∩成功失败请购电拉闸12L812T18', 0.9599727988243103)]

2023-03-06 09:50:41,139: detec_list: 接收参数：[图片路径：./photo/yin1/PICTURE2\2.jpg，配置文件路径：photo/yin1ini ]
识别结果：[('当前上18月组合正反向总费率18剩余常数', 0.9906445741653442), ('§｛阶梯透支用电量价户时间段金额表号', 0.9664931297302246), ('8888:8.8:8.8', 0.9685065746307373), ('L', 0.8707960247993469), ('COSΦ', 0.978747546672821), ('―', 0.999925971031189), ('VA元', 0.9864983558654785), ('N', 0.9970376491546631), ('KWh', 0.8000293374061584), ('←Й∩成功失败请购电拉闸12L812T18', 0.9599727988243103)]

2023-03-06 09:50:43,377: detec_list: 接收参数：[图片路径：./photo/yin1/PICTURE3\3.jpg，配置文件路径：photo/yin1ini ]
识别结果：[('当前上18月组合正反向总费率18剩余常数', 0.9703329205513), ('§｛阶梯透支用电量价户时间段金额表号', 0.9957865476608276), ('8888:8.8:8.8', 0.8988744616508484), ('L', 0.5865872502326965), ('COSΦ', 0.939185619354248), ('―', 0.8422036170959473), ('VA元', 0.8341128826141357), ('N', 0.9971851706504822), ('kWh', 0.8346008658409119), ('←Й∩成功失败请购电拉闸12L812T18', 0.9948716759681702)]

2023-03-06 09:50:43,377: detec_list: 接收参数：[图片路径：./photo/yin1/PICTURE3\3.jpg，配置文件路径：photo/yin1ini ]
识别结果：[('当前上18月组合正反向总费率18剩余常数', 0.9703329205513), ('§｛阶梯透支用电量价户时间段金额表号', 0.9957865476608276), ('8888:8.8:8.8', 0.8988744616508484), ('L', 0.5865872502326965), ('COSΦ', 0.939185619354248), ('―', 0.8422036170959473), ('VA元', 0.8341128826141357), ('N', 0.9971851706504822), ('kWh', 0.8346008658409119), ('←Й∩成功失败请购电拉闸12L812T18', 0.9948716759681702)]

2023-03-06 09:50:45,704: detec_list: 接收参数：[图片路径：./photo/yin1/PICTURE5\5.jpg，配置文件路径：photo/yin1ini ]
识别结果：[('当前上18月组合正反向总费率18剩余常数', 0.9669927358627319), ('§｛阶梯透支用电量价户时间段金额表号', 0.9399299621582031), ('8888:8.8:8.8', 0.9113450646400452), ('L', 0.6766046285629272), ('COSΦ', 0.9371111392974854), ('―', 0.9999706745147705), ('―', 0.7557286620140076), ('VA元', 0.9884368777275085), ('N', 0.9937641620635986), ('KWh', 0.7936949729919434), ('←Й∩成功失败请购电拉闸12L812T18', 0.9649186730384827)]

2023-03-06 09:50:45,704: detec_list: 接收参数：[图片路径：./photo/yin1/PICTURE5\5.jpg，配置文件路径：photo/yin1ini ]
识别结果：[('当前上18月组合正反向总费率18剩余常数', 0.9669927358627319), ('§｛阶梯透支用电量价户时间段金额表号', 0.9399299621582031), ('8888:8.8:8.8', 0.9113450646400452), ('L', 0.6766046285629272), ('COSΦ', 0.9371111392974854), ('―', 0.9999706745147705), ('―', 0.7557286620140076), ('VA元', 0.9884368777275085), ('N', 0.9937641620635986), ('KWh', 0.7936949729919434), ('←Й∩成功失败请购电拉闸12L812T18', 0.9649186730384827)]

2023-03-06 09:50:47,874: detec_list: 接收参数：[图片路径：./photo/yin1/PICTURE6\6.jpg，配置文件路径：photo/yin1ini ]
识别结果：[('当前上18月组合正反向总费率18剩余常数', 0.9384849667549133), ('§｛阶梯透支用电量价户时间段金额表号', 0.9718990325927734), ('8888:8.8:8.8', 0.908139705657959), ('COSΦ', 0.9518166184425354), ('L', 0.9979854822158813), ('VA元', 0.9690991044044495), ('―', 0.9999055862426758), ('N', 0.9936302304267883), ('kWh', 0.8178362250328064), ('←Й∩成功失败请购电拉闸12L812T18', 0.9481229782104492)]

2023-03-06 09:50:47,874: detec_list: 接收参数：[图片路径：./photo/yin1/PICTURE6\6.jpg，配置文件路径：photo/yin1ini ]
识别结果：[('当前上18月组合正反向总费率18剩余常数', 0.9384849667549133), ('§｛阶梯透支用电量价户时间段金额表号', 0.9718990325927734), ('8888:8.8:8.8', 0.908139705657959), ('COSΦ', 0.9518166184425354), ('L', 0.9979854822158813), ('VA元', 0.9690991044044495), ('―', 0.9999055862426758), ('N', 0.9936302304267883), ('kWh', 0.8178362250328064), ('←Й∩成功失败请购电拉闸12L812T18', 0.9481229782104492)]

2023-03-06 09:53:41,028: detec_list: 接收参数：[图片路径：./photo/yin1/PICTURE1\1.jpg，配置文件路径：photo/yin1ini ]
识别结果：[('当前上18月组合正反向总费率18剩余常数', 0.9632485508918762), ('§｛阶梯透支用电量价户时间段金额表号', 0.9850720763206482), ('8888:8.8:8.8', 0.9201529026031494), ('L', 0.9987778067588806), ('COSΦ', 0.9402976036071777), ('―', 0.9681021571159363), ('VA元', 0.9870468974113464), ('N', 0.8869233727455139), ('KWh', 0.8385230898857117), ('←Й∩成功失败请购电拉闸12L812T18', 0.9656778573989868)]

2023-03-06 09:53:41,028: detec_list: 接收参数：[图片路径：./photo/yin1/PICTURE1\1.jpg，配置文件路径：photo/yin1ini ]
识别结果：[('当前上18月组合正反向总费率18剩余常数', 0.9632485508918762), ('§｛阶梯透支用电量价户时间段金额表号', 0.9850720763206482), ('8888:8.8:8.8', 0.9201529026031494), ('L', 0.9987778067588806), ('COSΦ', 0.9402976036071777), ('―', 0.9681021571159363), ('VA元', 0.9870468974113464), ('N', 0.8869233727455139), ('KWh', 0.8385230898857117), ('←Й∩成功失败请购电拉闸12L812T18', 0.9656778573989868)]

2023-03-06 09:53:43,156: detec_list: 接收参数：[图片路径：./photo/yin1/PICTURE2\2.jpg，配置文件路径：photo/yin1ini ]
识别结果：[('当前上18月组合正反向总费率18剩余常数', 0.9906445741653442), ('§｛阶梯透支用电量价户时间段金额表号', 0.9664931297302246), ('8888:8.8:8.8', 0.9685065746307373), ('L', 0.8707960247993469), ('COSΦ', 0.978747546672821), ('―', 0.999925971031189), ('VA元', 0.9864983558654785), ('N', 0.9970376491546631), ('KWh', 0.8000293374061584), ('←Й∩成功失败请购电拉闸12L812T18', 0.9599727988243103)]

2023-03-06 09:53:43,156: detec_list: 接收参数：[图片路径：./photo/yin1/PICTURE2\2.jpg，配置文件路径：photo/yin1ini ]
识别结果：[('当前上18月组合正反向总费率18剩余常数', 0.9906445741653442), ('§｛阶梯透支用电量价户时间段金额表号', 0.9664931297302246), ('8888:8.8:8.8', 0.9685065746307373), ('L', 0.8707960247993469), ('COSΦ', 0.978747546672821), ('―', 0.999925971031189), ('VA元', 0.9864983558654785), ('N', 0.9970376491546631), ('KWh', 0.8000293374061584), ('←Й∩成功失败请购电拉闸12L812T18', 0.9599727988243103)]

2023-03-06 09:53:45,268: detec_list: 接收参数：[图片路径：./photo/yin1/PICTURE3\3.jpg，配置文件路径：photo/yin1ini ]
识别结果：[('当前上18月组合正反向总费率18剩余常数', 0.9703329205513), ('§｛阶梯透支用电量价户时间段金额表号', 0.9957865476608276), ('8888:8.8:8.8', 0.8988744616508484), ('L', 0.5865872502326965), ('COSΦ', 0.939185619354248), ('―', 0.8422036170959473), ('VA元', 0.8341128826141357), ('N', 0.9971851706504822), ('kWh', 0.8346008658409119), ('←Й∩成功失败请购电拉闸12L812T18', 0.9948716759681702)]

2023-03-06 09:53:45,268: detec_list: 接收参数：[图片路径：./photo/yin1/PICTURE3\3.jpg，配置文件路径：photo/yin1ini ]
识别结果：[('当前上18月组合正反向总费率18剩余常数', 0.9703329205513), ('§｛阶梯透支用电量价户时间段金额表号', 0.9957865476608276), ('8888:8.8:8.8', 0.8988744616508484), ('L', 0.5865872502326965), ('COSΦ', 0.939185619354248), ('―', 0.8422036170959473), ('VA元', 0.8341128826141357), ('N', 0.9971851706504822), ('kWh', 0.8346008658409119), ('←Й∩成功失败请购电拉闸12L812T18', 0.9948716759681702)]

2023-03-06 09:53:47,641: detec_list: 接收参数：[图片路径：./photo/yin1/PICTURE5\5.jpg，配置文件路径：photo/yin1ini ]
识别结果：[('当前上18月组合正反向总费率18剩余常数', 0.9669927358627319), ('§｛阶梯透支用电量价户时间段金额表号', 0.9399299621582031), ('8888:8.8:8.8', 0.9113450646400452), ('L', 0.6766046285629272), ('COSΦ', 0.9371111392974854), ('―', 0.9999706745147705), ('―', 0.7557286620140076), ('VA元', 0.9884368777275085), ('N', 0.9937641620635986), ('KWh', 0.7936949729919434), ('←Й∩成功失败请购电拉闸12L812T18', 0.9649186730384827)]

2023-03-06 09:53:47,641: detec_list: 接收参数：[图片路径：./photo/yin1/PICTURE5\5.jpg，配置文件路径：photo/yin1ini ]
识别结果：[('当前上18月组合正反向总费率18剩余常数', 0.9669927358627319), ('§｛阶梯透支用电量价户时间段金额表号', 0.9399299621582031), ('8888:8.8:8.8', 0.9113450646400452), ('L', 0.6766046285629272), ('COSΦ', 0.9371111392974854), ('―', 0.9999706745147705), ('―', 0.7557286620140076), ('VA元', 0.9884368777275085), ('N', 0.9937641620635986), ('KWh', 0.7936949729919434), ('←Й∩成功失败请购电拉闸12L812T18', 0.9649186730384827)]

2023-03-06 09:53:49,755: detec_list: 接收参数：[图片路径：./photo/yin1/PICTURE6\6.jpg，配置文件路径：photo/yin1ini ]
识别结果：[('当前上18月组合正反向总费率18剩余常数', 0.9384849667549133), ('§｛阶梯透支用电量价户时间段金额表号', 0.9718990325927734), ('8888:8.8:8.8', 0.908139705657959), ('COSΦ', 0.9518166184425354), ('L', 0.9979854822158813), ('VA元', 0.9690991044044495), ('―', 0.9999055862426758), ('N', 0.9936302304267883), ('kWh', 0.8178362250328064), ('←Й∩成功失败请购电拉闸12L812T18', 0.9481229782104492)]

2023-03-06 09:53:49,755: detec_list: 接收参数：[图片路径：./photo/yin1/PICTURE6\6.jpg，配置文件路径：photo/yin1ini ]
识别结果：[('当前上18月组合正反向总费率18剩余常数', 0.9384849667549133), ('§｛阶梯透支用电量价户时间段金额表号', 0.9718990325927734), ('8888:8.8:8.8', 0.908139705657959), ('COSΦ', 0.9518166184425354), ('L', 0.9979854822158813), ('VA元', 0.9690991044044495), ('―', 0.9999055862426758), ('N', 0.9936302304267883), ('kWh', 0.8178362250328064), ('←Й∩成功失败请购电拉闸12L812T18', 0.9481229782104492)]

2023-03-06 09:55:08,649: detec_list: 接收参数：[图片路径：./photo/yin1/PICTURE1\1.jpg，配置文件路径：photo/yin1ini ]
识别结果：[('当前上18月组合正反向总费率18剩余常数', 0.9632485508918762), ('§｛阶梯透支用电量价户时间段金额表号', 0.9850720763206482), ('8888:8.8:8.8', 0.9201529026031494), ('L', 0.9987778067588806), ('COSΦ', 0.9402976036071777), ('―', 0.9681021571159363), ('VA元', 0.9870468974113464), ('N', 0.8869233727455139), ('KWh', 0.8385230898857117), ('←Й∩成功失败请购电拉闸12L812T18', 0.9656778573989868)]

2023-03-06 09:55:08,649: detec_list: 接收参数：[图片路径：./photo/yin1/PICTURE1\1.jpg，配置文件路径：photo/yin1ini ]
识别结果：[('当前上18月组合正反向总费率18剩余常数', 0.9632485508918762), ('§｛阶梯透支用电量价户时间段金额表号', 0.9850720763206482), ('8888:8.8:8.8', 0.9201529026031494), ('L', 0.9987778067588806), ('COSΦ', 0.9402976036071777), ('―', 0.9681021571159363), ('VA元', 0.9870468974113464), ('N', 0.8869233727455139), ('KWh', 0.8385230898857117), ('←Й∩成功失败请购电拉闸12L812T18', 0.9656778573989868)]

2023-03-06 09:55:10,916: detec_list: 接收参数：[图片路径：./photo/yin1/PICTURE2\2.jpg，配置文件路径：photo/yin1ini ]
识别结果：[('当前上18月组合正反向总费率18剩余常数', 0.9906445741653442), ('§｛阶梯透支用电量价户时间段金额表号', 0.9664931297302246), ('8888:8.8:8.8', 0.9685065746307373), ('L', 0.8707960247993469), ('COSΦ', 0.978747546672821), ('―', 0.999925971031189), ('VA元', 0.9864983558654785), ('N', 0.9970376491546631), ('KWh', 0.8000293374061584), ('←Й∩成功失败请购电拉闸12L812T18', 0.9599727988243103)]

2023-03-06 09:55:10,916: detec_list: 接收参数：[图片路径：./photo/yin1/PICTURE2\2.jpg，配置文件路径：photo/yin1ini ]
识别结果：[('当前上18月组合正反向总费率18剩余常数', 0.9906445741653442), ('§｛阶梯透支用电量价户时间段金额表号', 0.9664931297302246), ('8888:8.8:8.8', 0.9685065746307373), ('L', 0.8707960247993469), ('COSΦ', 0.978747546672821), ('―', 0.999925971031189), ('VA元', 0.9864983558654785), ('N', 0.9970376491546631), ('KWh', 0.8000293374061584), ('←Й∩成功失败请购电拉闸12L812T18', 0.9599727988243103)]

2023-03-06 09:55:13,278: detec_list: 接收参数：[图片路径：./photo/yin1/PICTURE3\3.jpg，配置文件路径：photo/yin1ini ]
识别结果：[('当前上18月组合正反向总费率18剩余常数', 0.9703329205513), ('§｛阶梯透支用电量价户时间段金额表号', 0.9957865476608276), ('8888:8.8:8.8', 0.8988744616508484), ('L', 0.5865872502326965), ('COSΦ', 0.939185619354248), ('―', 0.8422036170959473), ('VA元', 0.8341128826141357), ('N', 0.9971851706504822), ('kWh', 0.8346008658409119), ('←Й∩成功失败请购电拉闸12L812T18', 0.9948716759681702)]

2023-03-06 09:55:13,278: detec_list: 接收参数：[图片路径：./photo/yin1/PICTURE3\3.jpg，配置文件路径：photo/yin1ini ]
识别结果：[('当前上18月组合正反向总费率18剩余常数', 0.9703329205513), ('§｛阶梯透支用电量价户时间段金额表号', 0.9957865476608276), ('8888:8.8:8.8', 0.8988744616508484), ('L', 0.5865872502326965), ('COSΦ', 0.939185619354248), ('―', 0.8422036170959473), ('VA元', 0.8341128826141357), ('N', 0.9971851706504822), ('kWh', 0.8346008658409119), ('←Й∩成功失败请购电拉闸12L812T18', 0.9948716759681702)]

2023-03-06 09:55:15,794: detec_list: 接收参数：[图片路径：./photo/yin1/PICTURE5\5.jpg，配置文件路径：photo/yin1ini ]
识别结果：[('当前上18月组合正反向总费率18剩余常数', 0.9669927358627319), ('§｛阶梯透支用电量价户时间段金额表号', 0.9399299621582031), ('8888:8.8:8.8', 0.9113450646400452), ('L', 0.6766046285629272), ('COSΦ', 0.9371111392974854), ('―', 0.9999706745147705), ('―', 0.7557286620140076), ('VA元', 0.9884368777275085), ('N', 0.9937641620635986), ('KWh', 0.7936949729919434), ('←Й∩成功失败请购电拉闸12L812T18', 0.9649186730384827)]

2023-03-06 09:55:15,794: detec_list: 接收参数：[图片路径：./photo/yin1/PICTURE5\5.jpg，配置文件路径：photo/yin1ini ]
识别结果：[('当前上18月组合正反向总费率18剩余常数', 0.9669927358627319), ('§｛阶梯透支用电量价户时间段金额表号', 0.9399299621582031), ('8888:8.8:8.8', 0.9113450646400452), ('L', 0.6766046285629272), ('COSΦ', 0.9371111392974854), ('―', 0.9999706745147705), ('―', 0.7557286620140076), ('VA元', 0.9884368777275085), ('N', 0.9937641620635986), ('KWh', 0.7936949729919434), ('←Й∩成功失败请购电拉闸12L812T18', 0.9649186730384827)]

2023-03-06 09:55:18,064: detec_list: 接收参数：[图片路径：./photo/yin1/PICTURE6\6.jpg，配置文件路径：photo/yin1ini ]
识别结果：[('当前上18月组合正反向总费率18剩余常数', 0.9384849667549133), ('§｛阶梯透支用电量价户时间段金额表号', 0.9718990325927734), ('8888:8.8:8.8', 0.908139705657959), ('COSΦ', 0.9518166184425354), ('L', 0.9979854822158813), ('VA元', 0.9690991044044495), ('―', 0.9999055862426758), ('N', 0.9936302304267883), ('kWh', 0.8178362250328064), ('←Й∩成功失败请购电拉闸12L812T18', 0.9481229782104492)]

2023-03-06 09:55:18,064: detec_list: 接收参数：[图片路径：./photo/yin1/PICTURE6\6.jpg，配置文件路径：photo/yin1ini ]
识别结果：[('当前上18月组合正反向总费率18剩余常数', 0.9384849667549133), ('§｛阶梯透支用电量价户时间段金额表号', 0.9718990325927734), ('8888:8.8:8.8', 0.908139705657959), ('COSΦ', 0.9518166184425354), ('L', 0.9979854822158813), ('VA元', 0.9690991044044495), ('―', 0.9999055862426758), ('N', 0.9936302304267883), ('kWh', 0.8178362250328064), ('←Й∩成功失败请购电拉闸12L812T18', 0.9481229782104492)]

2023-03-06 09:59:14,129: detec_list: 接收参数：[图片路径：./photo/yin1/PICTURE1\1.jpg，配置文件路径：photo/yin1ini ]
识别结果：[('当前上18月组合正反向总费率18剩余常数', 0.9632485508918762), ('§｛阶梯透支用电量价户时间段金额表号', 0.9850720763206482), ('8888:8.8:8.8', 0.9201529026031494), ('L', 0.9987778067588806), ('COSΦ', 0.9402976036071777), ('―', 0.9681021571159363), ('VA元', 0.9870468974113464), ('N', 0.8869233727455139), ('KWh', 0.8385230898857117), ('←Й∩成功失败请购电拉闸12L812T18', 0.9656778573989868)]

2023-03-06 09:59:14,129: detec_list: 接收参数：[图片路径：./photo/yin1/PICTURE1\1.jpg，配置文件路径：photo/yin1ini ]
识别结果：[('当前上18月组合正反向总费率18剩余常数', 0.9632485508918762), ('§｛阶梯透支用电量价户时间段金额表号', 0.9850720763206482), ('8888:8.8:8.8', 0.9201529026031494), ('L', 0.9987778067588806), ('COSΦ', 0.9402976036071777), ('―', 0.9681021571159363), ('VA元', 0.9870468974113464), ('N', 0.8869233727455139), ('KWh', 0.8385230898857117), ('←Й∩成功失败请购电拉闸12L812T18', 0.9656778573989868)]

2023-03-06 09:59:16,225: detec_list: 接收参数：[图片路径：./photo/yin1/PICTURE2\2.jpg，配置文件路径：photo/yin1ini ]
识别结果：[('当前上18月组合正反向总费率18剩余常数', 0.9906445741653442), ('§｛阶梯透支用电量价户时间段金额表号', 0.9664931297302246), ('8888:8.8:8.8', 0.9685065746307373), ('L', 0.8707960247993469), ('COSΦ', 0.978747546672821), ('―', 0.999925971031189), ('VA元', 0.9864983558654785), ('N', 0.9970376491546631), ('KWh', 0.8000293374061584), ('←Й∩成功失败请购电拉闸12L812T18', 0.9599727988243103)]

2023-03-06 09:59:16,225: detec_list: 接收参数：[图片路径：./photo/yin1/PICTURE2\2.jpg，配置文件路径：photo/yin1ini ]
识别结果：[('当前上18月组合正反向总费率18剩余常数', 0.9906445741653442), ('§｛阶梯透支用电量价户时间段金额表号', 0.9664931297302246), ('8888:8.8:8.8', 0.9685065746307373), ('L', 0.8707960247993469), ('COSΦ', 0.978747546672821), ('―', 0.999925971031189), ('VA元', 0.9864983558654785), ('N', 0.9970376491546631), ('KWh', 0.8000293374061584), ('←Й∩成功失败请购电拉闸12L812T18', 0.9599727988243103)]

2023-03-06 09:59:18,289: detec_list: 接收参数：[图片路径：./photo/yin1/PICTURE3\3.jpg，配置文件路径：photo/yin1ini ]
识别结果：[('当前上18月组合正反向总费率18剩余常数', 0.9703329205513), ('§｛阶梯透支用电量价户时间段金额表号', 0.9957865476608276), ('8888:8.8:8.8', 0.8988744616508484), ('L', 0.5865872502326965), ('COSΦ', 0.939185619354248), ('―', 0.8422036170959473), ('VA元', 0.8341128826141357), ('N', 0.9971851706504822), ('kWh', 0.8346008658409119), ('←Й∩成功失败请购电拉闸12L812T18', 0.9948716759681702)]

2023-03-06 09:59:18,289: detec_list: 接收参数：[图片路径：./photo/yin1/PICTURE3\3.jpg，配置文件路径：photo/yin1ini ]
识别结果：[('当前上18月组合正反向总费率18剩余常数', 0.9703329205513), ('§｛阶梯透支用电量价户时间段金额表号', 0.9957865476608276), ('8888:8.8:8.8', 0.8988744616508484), ('L', 0.5865872502326965), ('COSΦ', 0.939185619354248), ('―', 0.8422036170959473), ('VA元', 0.8341128826141357), ('N', 0.9971851706504822), ('kWh', 0.8346008658409119), ('←Й∩成功失败请购电拉闸12L812T18', 0.9948716759681702)]

2023-03-06 09:59:20,645: detec_list: 接收参数：[图片路径：./photo/yin1/PICTURE5\5.jpg，配置文件路径：photo/yin1ini ]
识别结果：[('当前上18月组合正反向总费率18剩余常数', 0.9669927358627319), ('§｛阶梯透支用电量价户时间段金额表号', 0.9399299621582031), ('8888:8.8:8.8', 0.9113450646400452), ('L', 0.6766046285629272), ('COSΦ', 0.9371111392974854), ('―', 0.9999706745147705), ('―', 0.7557286620140076), ('VA元', 0.9884368777275085), ('N', 0.9937641620635986), ('KWh', 0.7936949729919434), ('←Й∩成功失败请购电拉闸12L812T18', 0.9649186730384827)]

2023-03-06 09:59:20,645: detec_list: 接收参数：[图片路径：./photo/yin1/PICTURE5\5.jpg，配置文件路径：photo/yin1ini ]
识别结果：[('当前上18月组合正反向总费率18剩余常数', 0.9669927358627319), ('§｛阶梯透支用电量价户时间段金额表号', 0.9399299621582031), ('8888:8.8:8.8', 0.9113450646400452), ('L', 0.6766046285629272), ('COSΦ', 0.9371111392974854), ('―', 0.9999706745147705), ('―', 0.7557286620140076), ('VA元', 0.9884368777275085), ('N', 0.9937641620635986), ('KWh', 0.7936949729919434), ('←Й∩成功失败请购电拉闸12L812T18', 0.9649186730384827)]

2023-03-06 09:59:22,757: detec_list: 接收参数：[图片路径：./photo/yin1/PICTURE6\6.jpg，配置文件路径：photo/yin1ini ]
识别结果：[('当前上18月组合正反向总费率18剩余常数', 0.9384849667549133), ('§｛阶梯透支用电量价户时间段金额表号', 0.9718990325927734), ('8888:8.8:8.8', 0.908139705657959), ('COSΦ', 0.9518166184425354), ('L', 0.9979854822158813), ('VA元', 0.9690991044044495), ('―', 0.9999055862426758), ('N', 0.9936302304267883), ('kWh', 0.8178362250328064), ('←Й∩成功失败请购电拉闸12L812T18', 0.9481229782104492)]

2023-03-06 09:59:22,757: detec_list: 接收参数：[图片路径：./photo/yin1/PICTURE6\6.jpg，配置文件路径：photo/yin1ini ]
识别结果：[('当前上18月组合正反向总费率18剩余常数', 0.9384849667549133), ('§｛阶梯透支用电量价户时间段金额表号', 0.9718990325927734), ('8888:8.8:8.8', 0.908139705657959), ('COSΦ', 0.9518166184425354), ('L', 0.9979854822158813), ('VA元', 0.9690991044044495), ('―', 0.9999055862426758), ('N', 0.9936302304267883), ('kWh', 0.8178362250328064), ('←Й∩成功失败请购电拉闸12L812T18', 0.9481229782104492)]

2023-03-06 10:03:33,823: detec_list: 接收参数：[图片路径：./photo/yin1/PICTURE1\1.jpg，配置文件路径：photo/yin1ini ]
识别结果：[('当前上18月组合正反向总费率18剩余常数', 0.9632485508918762), ('§｛阶梯透支用电量价户时间段金额表号', 0.9850720763206482), ('8888:8.8:8.8', 0.9201529026031494), ('L', 0.9987778067588806), ('COSΦ', 0.9402976036071777), ('―', 0.9681021571159363), ('VA元', 0.9870468974113464), ('N', 0.8869233727455139), ('KWh', 0.8385230898857117), ('←Й∩成功失败请购电拉闸12L812T18', 0.9656778573989868)]

2023-03-06 10:03:33,823: detec_list: 接收参数：[图片路径：./photo/yin1/PICTURE1\1.jpg，配置文件路径：photo/yin1ini ]
识别结果：[('当前上18月组合正反向总费率18剩余常数', 0.9632485508918762), ('§｛阶梯透支用电量价户时间段金额表号', 0.9850720763206482), ('8888:8.8:8.8', 0.9201529026031494), ('L', 0.9987778067588806), ('COSΦ', 0.9402976036071777), ('―', 0.9681021571159363), ('VA元', 0.9870468974113464), ('N', 0.8869233727455139), ('KWh', 0.8385230898857117), ('←Й∩成功失败请购电拉闸12L812T18', 0.9656778573989868)]

2023-03-06 10:03:35,929: detec_list: 接收参数：[图片路径：./photo/yin1/PICTURE2\2.jpg，配置文件路径：photo/yin1ini ]
识别结果：[('当前上18月组合正反向总费率18剩余常数', 0.9906445741653442), ('§｛阶梯透支用电量价户时间段金额表号', 0.9664931297302246), ('8888:8.8:8.8', 0.9685065746307373), ('L', 0.8707960247993469), ('COSΦ', 0.978747546672821), ('―', 0.999925971031189), ('VA元', 0.9864983558654785), ('N', 0.9970376491546631), ('KWh', 0.8000293374061584), ('←Й∩成功失败请购电拉闸12L812T18', 0.9599727988243103)]

2023-03-06 10:03:35,929: detec_list: 接收参数：[图片路径：./photo/yin1/PICTURE2\2.jpg，配置文件路径：photo/yin1ini ]
识别结果：[('当前上18月组合正反向总费率18剩余常数', 0.9906445741653442), ('§｛阶梯透支用电量价户时间段金额表号', 0.9664931297302246), ('8888:8.8:8.8', 0.9685065746307373), ('L', 0.8707960247993469), ('COSΦ', 0.978747546672821), ('―', 0.999925971031189), ('VA元', 0.9864983558654785), ('N', 0.9970376491546631), ('KWh', 0.8000293374061584), ('←Й∩成功失败请购电拉闸12L812T18', 0.9599727988243103)]

2023-03-06 10:03:38,017: detec_list: 接收参数：[图片路径：./photo/yin1/PICTURE3\3.jpg，配置文件路径：photo/yin1ini ]
识别结果：[('当前上18月组合正反向总费率18剩余常数', 0.9703329205513), ('§｛阶梯透支用电量价户时间段金额表号', 0.9957865476608276), ('8888:8.8:8.8', 0.8988744616508484), ('L', 0.5865872502326965), ('COSΦ', 0.939185619354248), ('―', 0.8422036170959473), ('VA元', 0.8341128826141357), ('N', 0.9971851706504822), ('kWh', 0.8346008658409119), ('←Й∩成功失败请购电拉闸12L812T18', 0.9948716759681702)]

2023-03-06 10:03:38,017: detec_list: 接收参数：[图片路径：./photo/yin1/PICTURE3\3.jpg，配置文件路径：photo/yin1ini ]
识别结果：[('当前上18月组合正反向总费率18剩余常数', 0.9703329205513), ('§｛阶梯透支用电量价户时间段金额表号', 0.9957865476608276), ('8888:8.8:8.8', 0.8988744616508484), ('L', 0.5865872502326965), ('COSΦ', 0.939185619354248), ('―', 0.8422036170959473), ('VA元', 0.8341128826141357), ('N', 0.9971851706504822), ('kWh', 0.8346008658409119), ('←Й∩成功失败请购电拉闸12L812T18', 0.9948716759681702)]

2023-03-06 10:03:40,318: detec_list: 接收参数：[图片路径：./photo/yin1/PICTURE5\5.jpg，配置文件路径：photo/yin1ini ]
识别结果：[('当前上18月组合正反向总费率18剩余常数', 0.9669927358627319), ('§｛阶梯透支用电量价户时间段金额表号', 0.9399299621582031), ('8888:8.8:8.8', 0.9113450646400452), ('L', 0.6766046285629272), ('COSΦ', 0.9371111392974854), ('―', 0.9999706745147705), ('―', 0.7557286620140076), ('VA元', 0.9884368777275085), ('N', 0.9937641620635986), ('KWh', 0.7936949729919434), ('←Й∩成功失败请购电拉闸12L812T18', 0.9649186730384827)]

2023-03-06 10:03:40,318: detec_list: 接收参数：[图片路径：./photo/yin1/PICTURE5\5.jpg，配置文件路径：photo/yin1ini ]
识别结果：[('当前上18月组合正反向总费率18剩余常数', 0.9669927358627319), ('§｛阶梯透支用电量价户时间段金额表号', 0.9399299621582031), ('8888:8.8:8.8', 0.9113450646400452), ('L', 0.6766046285629272), ('COSΦ', 0.9371111392974854), ('―', 0.9999706745147705), ('―', 0.7557286620140076), ('VA元', 0.9884368777275085), ('N', 0.9937641620635986), ('KWh', 0.7936949729919434), ('←Й∩成功失败请购电拉闸12L812T18', 0.9649186730384827)]

2023-03-06 10:03:42,447: detec_list: 接收参数：[图片路径：./photo/yin1/PICTURE6\6.jpg，配置文件路径：photo/yin1ini ]
识别结果：[('当前上18月组合正反向总费率18剩余常数', 0.9384849667549133), ('§｛阶梯透支用电量价户时间段金额表号', 0.9718990325927734), ('8888:8.8:8.8', 0.908139705657959), ('COSΦ', 0.9518166184425354), ('L', 0.9979854822158813), ('VA元', 0.9690991044044495), ('―', 0.9999055862426758), ('N', 0.9936302304267883), ('kWh', 0.8178362250328064), ('←Й∩成功失败请购电拉闸12L812T18', 0.9481229782104492)]

2023-03-06 10:03:42,447: detec_list: 接收参数：[图片路径：./photo/yin1/PICTURE6\6.jpg，配置文件路径：photo/yin1ini ]
识别结果：[('当前上18月组合正反向总费率18剩余常数', 0.9384849667549133), ('§｛阶梯透支用电量价户时间段金额表号', 0.9718990325927734), ('8888:8.8:8.8', 0.908139705657959), ('COSΦ', 0.9518166184425354), ('L', 0.9979854822158813), ('VA元', 0.9690991044044495), ('―', 0.9999055862426758), ('N', 0.9936302304267883), ('kWh', 0.8178362250328064), ('←Й∩成功失败请购电拉闸12L812T18', 0.9481229782104492)]

