2023-02-15 09:05:02,619: detec_list: 接收参数：[图片路径：./photo/20230215/PICTURE1\21510573730001000001011343553.jpg，配置文件路径：photo/ini0215 ]
识别结果：[('★', 0.9952173233032227), ('当前上18月组合反正向无有功IIIV总费率18', 0.9468941688537598), ('ABCNCOSΦ阶梯剩余需电量费价失压流功率时间段', 0.9965567588806152), ('8888.8.8:8.8:8.8', 0.9135199785232544), ('元', 0.9959915280342102), ('―', 0.9977005124092102), ('KWAh', 0.9028860926628113), ('Kvarh', 0.9268630743026733), ('88.88.88.88UaUbUc-Ia-Ib-Ic△L8◎T18', 0.9440372586250305), ('88氘§｛∩ē阀Й逆相序成功失败请购电拉闸', 0.9757522344589233)]

2023-02-15 09:05:02,620: detec_list: 接收参数：[图片路径：./photo/20230215/PICTURE1\21510573730001000001011343553.jpg，配置文件路径：photo/ini0215 ]
识别结果：[('★', 0.9952173233032227), ('当前上18月组合反正向无有功IIIV总费率18', 0.9468941688537598), ('ABCNCOSΦ阶梯剩余需电量费价失压流功率时间段', 0.9965567588806152), ('8888.8.8:8.8:8.8', 0.9135199785232544), ('元', 0.9959915280342102), ('―', 0.9977005124092102), ('KWAh', 0.9028860926628113), ('Kvarh', 0.9268630743026733), ('88.88.88.88UaUbUc-Ia-Ib-Ic△L8◎T18', 0.9440372586250305), ('88氘§｛∩ē阀Й逆相序成功失败请购电拉闸', 0.9757522344589233)]

2023-02-15 09:05:04,784: detec_list: 接收参数：[图片路径：./photo/20230215/PICTURE2\21510573730001000001011394333.jpg，配置文件路径：photo/ini0215 ]
识别结果：[('★', 0.9965320825576782), ('当前上18月组合反正向无有功IIIV总费率18', 0.9482502937316895), ('ABCNCOSΦ阶梯剩余需电量费价失压流功率时间段', 0.954200804233551), ('8888.8.8:8.8:8.8', 0.964980959892273), ('元', 0.9949012994766235), ('―', 0.9950390458106995), ('KWAh', 0.8492156267166138), ('Kvarh', 0.8411057591438293), ('88.88.88.88UaUbUc-Ia-Ib-Ic△L8◎T18', 0.9679802656173706), ('88氘§｛∩ē阀Й逆相序成功失败请购电拉闸', 0.955869197845459)]

2023-02-15 09:05:04,784: detec_list: 接收参数：[图片路径：./photo/20230215/PICTURE2\21510573730001000001011394333.jpg，配置文件路径：photo/ini0215 ]
识别结果：[('★', 0.9965320825576782), ('当前上18月组合反正向无有功IIIV总费率18', 0.9482502937316895), ('ABCNCOSΦ阶梯剩余需电量费价失压流功率时间段', 0.954200804233551), ('8888.8.8:8.8:8.8', 0.964980959892273), ('元', 0.9949012994766235), ('―', 0.9950390458106995), ('KWAh', 0.8492156267166138), ('Kvarh', 0.8411057591438293), ('88.88.88.88UaUbUc-Ia-Ib-Ic△L8◎T18', 0.9679802656173706), ('88氘§｛∩ē阀Й逆相序成功失败请购电拉闸', 0.955869197845459)]

2023-02-15 09:05:06,891: detec_list: 接收参数：[图片路径：./photo/20230215/PICTURE3\21510573730001000001011394340.jpg，配置文件路径：photo/ini0215 ]
识别结果：[('★', 0.9955244064331055), ('当前上18月组合反正向无有功IIIV总费率18', 0.9572985172271729), ('ABCNCOSΦ阶梯剩余需电量费价失压流功率时间段', 0.9703003764152527), ('8888.8.8:8.8:8.8', 0.9706870913505554), ('元', 0.9935262203216553), ('―', 0.9962161183357239), ('KWAh', 0.960791826248169), ('Kvarh', 0.9650396108627319), ('88.88.88.88UaUbUc-Ia-Ib-Ic△L8◎T18', 0.9580540657043457), ('88氘§｛∩ē阀Й逆相序成功失败请购电拉闸', 0.9936158657073975)]

2023-02-15 09:05:06,891: detec_list: 接收参数：[图片路径：./photo/20230215/PICTURE3\21510573730001000001011394340.jpg，配置文件路径：photo/ini0215 ]
识别结果：[('★', 0.9955244064331055), ('当前上18月组合反正向无有功IIIV总费率18', 0.9572985172271729), ('ABCNCOSΦ阶梯剩余需电量费价失压流功率时间段', 0.9703003764152527), ('8888.8.8:8.8:8.8', 0.9706870913505554), ('元', 0.9935262203216553), ('―', 0.9962161183357239), ('KWAh', 0.960791826248169), ('Kvarh', 0.9650396108627319), ('88.88.88.88UaUbUc-Ia-Ib-Ic△L8◎T18', 0.9580540657043457), ('88氘§｛∩ē阀Й逆相序成功失败请购电拉闸', 0.9936158657073975)]

2023-02-15 09:05:09,041: detec_list: 接收参数：[图片路径：./photo/20230215/PICTURE4\21510573730001000001011394388.jpg，配置文件路径：photo/ini0215 ]
识别结果：[('★', 0.9978206157684326), ('当前上18月组合反正向无有功IIIV总费率18', 0.9505588412284851), ('ABCNCOSΦ阶梯剩余需电量费价失压流功率时间段', 0.961219847202301), ('8888.8.8:8.8:8.8', 0.9648085832595825), ('元', 0.9291020631790161), ('―', 0.9979751706123352), ('KWAh', 0.9343096613883972), ('Kvarh', 0.9533702731132507), ('88.8888.88UaUbUc-Ia-Ib-Ic△L8◎T18', 0.9239631295204163), ('88氘§｛∩ē阀Й逆相序成功失败请购电拉闸', 0.9896212816238403)]

2023-02-15 09:05:09,041: detec_list: 接收参数：[图片路径：./photo/20230215/PICTURE4\21510573730001000001011394388.jpg，配置文件路径：photo/ini0215 ]
识别结果：[('★', 0.9978206157684326), ('当前上18月组合反正向无有功IIIV总费率18', 0.9505588412284851), ('ABCNCOSΦ阶梯剩余需电量费价失压流功率时间段', 0.961219847202301), ('8888.8.8:8.8:8.8', 0.9648085832595825), ('元', 0.9291020631790161), ('―', 0.9979751706123352), ('KWAh', 0.9343096613883972), ('Kvarh', 0.9533702731132507), ('88.8888.88UaUbUc-Ia-Ib-Ic△L8◎T18', 0.9239631295204163), ('88氘§｛∩ē阀Й逆相序成功失败请购电拉闸', 0.9896212816238403)]

2023-02-15 09:05:11,162: detec_list: 接收参数：[图片路径：./photo/20230215/PICTURE5\21515173730001000001011370412.jpg，配置文件路径：photo/ini0215 ]
识别结果：[('★', 0.9981691837310791), ('当前上18月组合反正向无有功IIIV总费率18', 0.9658112525939941), ('ABCNCOSΦ阶梯剩余需电量费价失压流功率时间段', 0.9975401163101196), ('8888.8.8:8.8:8.8', 0.9078950881958008), ('元', 0.9941439032554626), ('―', 0.7175792455673218), ('KWAh', 0.9343345165252686), ('Kvarh', 0.9636184573173523), ('88.88.88.88UaUbUc-Ia-Ib-Ic△L8◎T18', 0.9564284682273865), ('88氘§｛∩ē阀Й逆相序成功失败请购电拉闸', 0.9892059564590454)]

2023-02-15 09:05:11,162: detec_list: 接收参数：[图片路径：./photo/20230215/PICTURE5\21515173730001000001011370412.jpg，配置文件路径：photo/ini0215 ]
识别结果：[('★', 0.9981691837310791), ('当前上18月组合反正向无有功IIIV总费率18', 0.9658112525939941), ('ABCNCOSΦ阶梯剩余需电量费价失压流功率时间段', 0.9975401163101196), ('8888.8.8:8.8:8.8', 0.9078950881958008), ('元', 0.9941439032554626), ('―', 0.7175792455673218), ('KWAh', 0.9343345165252686), ('Kvarh', 0.9636184573173523), ('88.88.88.88UaUbUc-Ia-Ib-Ic△L8◎T18', 0.9564284682273865), ('88氘§｛∩ē阀Й逆相序成功失败请购电拉闸', 0.9892059564590454)]

2023-02-15 09:05:13,285: detec_list: 接收参数：[图片路径：./photo/20230215/PICTURE6\21515173730001000001011370405.jpg，配置文件路径：photo/ini0215 ]
识别结果：[('★', 0.9957713484764099), ('当前上18月组合反正向无有功IIIV总费率18', 0.9488745927810669), ('ABCNCOSΦ阶梯剩余需电量费价失压流功率时间段', 0.9548982381820679), ('8888.8.8:8.8:8.8', 0.9736746549606323), ('元', 0.9938752055168152), ('―', 0.9821943044662476), ('KWAh', 0.9615182876586914), ('Kvarh', 0.8973792791366577), ('88.88.88.88UaUbUc-Ia-Ib-Ic△L8◎T18', 0.9611787796020508), ('88氘§｛∩ē阀Й逆相序成功失败请购电拉闸', 0.9724576473236084)]

2023-02-15 09:05:13,285: detec_list: 接收参数：[图片路径：./photo/20230215/PICTURE6\21515173730001000001011370405.jpg，配置文件路径：photo/ini0215 ]
识别结果：[('★', 0.9957713484764099), ('当前上18月组合反正向无有功IIIV总费率18', 0.9488745927810669), ('ABCNCOSΦ阶梯剩余需电量费价失压流功率时间段', 0.9548982381820679), ('8888.8.8:8.8:8.8', 0.9736746549606323), ('元', 0.9938752055168152), ('―', 0.9821943044662476), ('KWAh', 0.9615182876586914), ('Kvarh', 0.8973792791366577), ('88.88.88.88UaUbUc-Ia-Ib-Ic△L8◎T18', 0.9611787796020508), ('88氘§｛∩ē阀Й逆相序成功失败请购电拉闸', 0.9724576473236084)]

2023-02-15 09:05:15,392: detec_list: 接收参数：[图片路径：./photo/20230215/PICTURE7\21515173730001000001011344154.jpg，配置文件路径：photo/ini0215 ]
识别结果：[('★', 0.9990025162696838), ('当前上18月组合反正向无有功IIIV总费率18', 0.9521000981330872), ('ABCNCOSΦ阶梯剩余需电量费价失压流功率时间段', 0.9720606803894043), ('8888.8.8:8.8:8.8', 0.9906675219535828), ('元', 0.9940539002418518), ('―', 0.9920852780342102), ('KWAh', 0.8900098204612732), ('Kvarh', 0.984967827796936), ('88.88.88.88UaUbUc-Ia-Ib-Ic△L8◎T18', 0.9344607591629028), ('88氘§｛∩ē阀Й逆相序成功失败请购电拉闸', 0.9668657183647156)]

2023-02-15 09:05:15,392: detec_list: 接收参数：[图片路径：./photo/20230215/PICTURE7\21515173730001000001011344154.jpg，配置文件路径：photo/ini0215 ]
识别结果：[('★', 0.9990025162696838), ('当前上18月组合反正向无有功IIIV总费率18', 0.9521000981330872), ('ABCNCOSΦ阶梯剩余需电量费价失压流功率时间段', 0.9720606803894043), ('8888.8.8:8.8:8.8', 0.9906675219535828), ('元', 0.9940539002418518), ('―', 0.9920852780342102), ('KWAh', 0.8900098204612732), ('Kvarh', 0.984967827796936), ('88.88.88.88UaUbUc-Ia-Ib-Ic△L8◎T18', 0.9344607591629028), ('88氘§｛∩ē阀Й逆相序成功失败请购电拉闸', 0.9668657183647156)]

2023-02-15 09:05:17,525: detec_list: 接收参数：[图片路径：./photo/20230215/PICTURE8\21515173730001000001011344123.jpg，配置文件路径：photo/ini0215 ]
识别结果：[('★', 0.9982483386993408), ('当前上18月组合反正向无有功IIIV总费率18', 0.9739899039268494), ('ABCNCOSΦ阶梯剩余需电量费价失压流功率时间段', 0.9714812636375427), ('8888.8.8:8.8:8.8', 0.9802971482276917), ('元', 0.9938228130340576), ('―', 0.996071457862854), ('KWAh', 0.9662225246429443), ('Kvarh', 0.9817025065422058), ('88.8888.88UaUbUc-Ia-Ib-Ic△L8◎T18', 0.9159389734268188), ('88氘§｛∩ē阀Й逆相序成功失败请购电拉闸', 0.9646682739257812)]

2023-02-15 09:05:17,525: detec_list: 接收参数：[图片路径：./photo/20230215/PICTURE8\21515173730001000001011344123.jpg，配置文件路径：photo/ini0215 ]
识别结果：[('★', 0.9982483386993408), ('当前上18月组合反正向无有功IIIV总费率18', 0.9739899039268494), ('ABCNCOSΦ阶梯剩余需电量费价失压流功率时间段', 0.9714812636375427), ('8888.8.8:8.8:8.8', 0.9802971482276917), ('元', 0.9938228130340576), ('―', 0.996071457862854), ('KWAh', 0.9662225246429443), ('Kvarh', 0.9817025065422058), ('88.8888.88UaUbUc-Ia-Ib-Ic△L8◎T18', 0.9159389734268188), ('88氘§｛∩ē阀Й逆相序成功失败请购电拉闸', 0.9646682739257812)]

2023-02-15 09:05:19,621: detec_list: 接收参数：[图片路径：./photo/20230215/PICTURE9\21515173730001000001011344161.jpg，配置文件路径：photo/ini0215 ]
识别结果：[('★', 0.9985835552215576), ('当前上18月组合反正向无有功IIIV总费率18', 0.9712151885032654), ('ABCNCOSΦ阶梯剩余需电量费价失压流功率时间段', 0.9958016276359558), ('8888.8.8:8.8:8.8', 0.987869143486023), ('元', 0.9941052198410034), ('―', 0.9954751133918762), ('KWAh', 0.9530894756317139), ('Kvarh', 0.9750577211380005), ('88.88.88.88UaUbUc-Ia-Ib-Ic△L8◎T18', 0.9593381881713867), ('88氘§｛∩ē阀Й逆相序成功失败请购电拉闸', 0.9718750715255737)]

2023-02-15 09:05:19,621: detec_list: 接收参数：[图片路径：./photo/20230215/PICTURE9\21515173730001000001011344161.jpg，配置文件路径：photo/ini0215 ]
识别结果：[('★', 0.9985835552215576), ('当前上18月组合反正向无有功IIIV总费率18', 0.9712151885032654), ('ABCNCOSΦ阶梯剩余需电量费价失压流功率时间段', 0.9958016276359558), ('8888.8.8:8.8:8.8', 0.987869143486023), ('元', 0.9941052198410034), ('―', 0.9954751133918762), ('KWAh', 0.9530894756317139), ('Kvarh', 0.9750577211380005), ('88.88.88.88UaUbUc-Ia-Ib-Ic△L8◎T18', 0.9593381881713867), ('88氘§｛∩ē阀Й逆相序成功失败请购电拉闸', 0.9718750715255737)]

2023-02-15 09:05:21,680: detec_list: 接收参数：[图片路径：./photo/20230215/PICTURE10\21515173730001000001011344130.jpg，配置文件路径：photo/ini0215 ]
识别结果：[('★', 0.9968763589859009), ('当前上18月组合反正向无有功IIIV总费率18', 0.9454715847969055), ('ABCNCOSΦ阶梯剩余需电量费价失压流功率时间段', 0.9430122971534729), ('8888.8.8:8.8:8.8', 0.9514321088790894), ('元', 0.9943565726280212), ('―', 0.9878935217857361), ('KWAh', 0.9545272588729858), ('Kvarh', 0.9733109474182129), ('88.88.88.88UaUbUc-Ia-Ib-Ic△L8◎T18', 0.9630821347236633), ('88氘§｛∩ē阀Й逆相序成功失败请购电拉闸', 0.9685240983963013)]

2023-02-15 09:05:21,680: detec_list: 接收参数：[图片路径：./photo/20230215/PICTURE10\21515173730001000001011344130.jpg，配置文件路径：photo/ini0215 ]
识别结果：[('★', 0.9968763589859009), ('当前上18月组合反正向无有功IIIV总费率18', 0.9454715847969055), ('ABCNCOSΦ阶梯剩余需电量费价失压流功率时间段', 0.9430122971534729), ('8888.8.8:8.8:8.8', 0.9514321088790894), ('元', 0.9943565726280212), ('―', 0.9878935217857361), ('KWAh', 0.9545272588729858), ('Kvarh', 0.9733109474182129), ('88.88.88.88UaUbUc-Ia-Ib-Ic△L8◎T18', 0.9630821347236633), ('88氘§｛∩ē阀Й逆相序成功失败请购电拉闸', 0.9685240983963013)]

2023-02-15 09:05:23,912: detec_list: 接收参数：[图片路径：./photo/20230215/PICTURE11\21516323730001000001011369270.jpg，配置文件路径：photo/ini0215 ]
识别结果：[('★', 0.9952732920646667), ('当前上18月组合反正向无有功IIIV总费率18', 0.9729630947113037), ('ABCNCOSΦ阶梯剩余需电量费价失压流功率时间段', 0.9772509932518005), ('8888.8.8:8.8:8.8', 0.9882011413574219), ('元', 0.9915361404418945), ('―', 0.9351279139518738), ('KWAh', 0.9256627559661865), ('Kvarh', 0.8106682896614075), ('88.88.88.88UaUbUc-Ia-Ib-Ic△L8◎T18', 0.9823276400566101), ('88氘§｛∩ē阀Й逆相序成功失败请购电拉闸', 0.9653267860412598)]

2023-02-15 09:05:23,912: detec_list: 接收参数：[图片路径：./photo/20230215/PICTURE11\21516323730001000001011369270.jpg，配置文件路径：photo/ini0215 ]
识别结果：[('★', 0.9952732920646667), ('当前上18月组合反正向无有功IIIV总费率18', 0.9729630947113037), ('ABCNCOSΦ阶梯剩余需电量费价失压流功率时间段', 0.9772509932518005), ('8888.8.8:8.8:8.8', 0.9882011413574219), ('元', 0.9915361404418945), ('―', 0.9351279139518738), ('KWAh', 0.9256627559661865), ('Kvarh', 0.8106682896614075), ('88.88.88.88UaUbUc-Ia-Ib-Ic△L8◎T18', 0.9823276400566101), ('88氘§｛∩ē阀Й逆相序成功失败请购电拉闸', 0.9653267860412598)]

2023-02-15 09:05:26,206: detec_list: 接收参数：[图片路径：./photo/20230215/PICTURE12\21516323730001000001011369263.jpg，配置文件路径：photo/ini0215 ]
识别结果：[('★', 0.996408998966217), ('当前上18月组合反正向无有功IIIV总费率18', 0.9567214846611023), ('ABCNCOSΦ阶梯剩余需电量费价失压流功率时间段', 0.9578602313995361), ('8888.8.8:8.8:8.8', 0.9365935325622559), ('元', 0.9914320707321167), ('―', 0.9973498582839966), ('KWAh', 0.9391288757324219), ('Kvarh', 0.9792380332946777), ('88.88.88.88UaUbUc-Ia-Ib-Ic△L8◎T18', 0.95456862449646), ('88氘§｛∩ē阀Й逆相序成功失败请购电拉闸', 0.9920875430107117)]

2023-02-15 09:05:26,206: detec_list: 接收参数：[图片路径：./photo/20230215/PICTURE12\21516323730001000001011369263.jpg，配置文件路径：photo/ini0215 ]
识别结果：[('★', 0.996408998966217), ('当前上18月组合反正向无有功IIIV总费率18', 0.9567214846611023), ('ABCNCOSΦ阶梯剩余需电量费价失压流功率时间段', 0.9578602313995361), ('8888.8.8:8.8:8.8', 0.9365935325622559), ('元', 0.9914320707321167), ('―', 0.9973498582839966), ('KWAh', 0.9391288757324219), ('Kvarh', 0.9792380332946777), ('88.88.88.88UaUbUc-Ia-Ib-Ic△L8◎T18', 0.95456862449646), ('88氘§｛∩ē阀Й逆相序成功失败请购电拉闸', 0.9920875430107117)]

2023-02-15 09:16:00,318: detec_list: 接收参数：[图片路径：./photo/20230215/PICTURE1\21510573730001000001011343553.jpg，配置文件路径：photo/ini0215 ]
识别结果：[('★', 0.9952173233032227), ('当前上18月组合反正向无有功IIIV总费率18', 0.9468941688537598), ('ABCNCOSΦ阶梯剩余需电量费价失压流功率时间段', 0.9965567588806152), ('8888.8.8:8.8:8.8', 0.9135199785232544), ('元', 0.9959915280342102), ('―', 0.9977005124092102), ('KWAh', 0.9028860926628113), ('Kvarh', 0.9268630743026733), ('88.88.88.88UaUbUc-Ia-Ib-Ic△L8◎T18', 0.9440372586250305), ('88氘§｛∩ē阀Й逆相序成功失败请购电拉闸', 0.9757522344589233)]

2023-02-15 09:16:00,318: detec_list: 接收参数：[图片路径：./photo/20230215/PICTURE1\21510573730001000001011343553.jpg，配置文件路径：photo/ini0215 ]
识别结果：[('★', 0.9952173233032227), ('当前上18月组合反正向无有功IIIV总费率18', 0.9468941688537598), ('ABCNCOSΦ阶梯剩余需电量费价失压流功率时间段', 0.9965567588806152), ('8888.8.8:8.8:8.8', 0.9135199785232544), ('元', 0.9959915280342102), ('―', 0.9977005124092102), ('KWAh', 0.9028860926628113), ('Kvarh', 0.9268630743026733), ('88.88.88.88UaUbUc-Ia-Ib-Ic△L8◎T18', 0.9440372586250305), ('88氘§｛∩ē阀Й逆相序成功失败请购电拉闸', 0.9757522344589233)]

2023-02-15 09:16:02,459: detec_list: 接收参数：[图片路径：./photo/20230215/PICTURE2\21510573730001000001011394333.jpg，配置文件路径：photo/ini0215 ]
识别结果：[('★', 0.9965320825576782), ('当前上18月组合反正向无有功IIIV总费率18', 0.9482502937316895), ('ABCNCOSΦ阶梯剩余需电量费价失压流功率时间段', 0.954200804233551), ('8888.8.8:8.8:8.8', 0.964980959892273), ('元', 0.9949012994766235), ('―', 0.9950390458106995), ('KWAh', 0.8492156267166138), ('Kvarh', 0.8411057591438293), ('88.88.88.88UaUbUc-Ia-Ib-Ic△L8◎T18', 0.9679802656173706), ('88氘§｛∩ē阀Й逆相序成功失败请购电拉闸', 0.955869197845459)]

2023-02-15 09:16:02,459: detec_list: 接收参数：[图片路径：./photo/20230215/PICTURE2\21510573730001000001011394333.jpg，配置文件路径：photo/ini0215 ]
识别结果：[('★', 0.9965320825576782), ('当前上18月组合反正向无有功IIIV总费率18', 0.9482502937316895), ('ABCNCOSΦ阶梯剩余需电量费价失压流功率时间段', 0.954200804233551), ('8888.8.8:8.8:8.8', 0.964980959892273), ('元', 0.9949012994766235), ('―', 0.9950390458106995), ('KWAh', 0.8492156267166138), ('Kvarh', 0.8411057591438293), ('88.88.88.88UaUbUc-Ia-Ib-Ic△L8◎T18', 0.9679802656173706), ('88氘§｛∩ē阀Й逆相序成功失败请购电拉闸', 0.955869197845459)]

2023-02-15 09:16:04,611: detec_list: 接收参数：[图片路径：./photo/20230215/PICTURE3\21510573730001000001011394340.jpg，配置文件路径：photo/ini0215 ]
识别结果：[('★', 0.9955244064331055), ('当前上18月组合反正向无有功IIIV总费率18', 0.9572985172271729), ('ABCNCOSΦ阶梯剩余需电量费价失压流功率时间段', 0.9703003764152527), ('8888.8.8:8.8:8.8', 0.9706870913505554), ('元', 0.9935262203216553), ('―', 0.9962161183357239), ('KWAh', 0.960791826248169), ('Kvarh', 0.9650396108627319), ('88.88.88.88UaUbUc-Ia-Ib-Ic△L8◎T18', 0.9580540657043457), ('88氘§｛∩ē阀Й逆相序成功失败请购电拉闸', 0.9936158657073975)]

2023-02-15 09:16:04,611: detec_list: 接收参数：[图片路径：./photo/20230215/PICTURE3\21510573730001000001011394340.jpg，配置文件路径：photo/ini0215 ]
识别结果：[('★', 0.9955244064331055), ('当前上18月组合反正向无有功IIIV总费率18', 0.9572985172271729), ('ABCNCOSΦ阶梯剩余需电量费价失压流功率时间段', 0.9703003764152527), ('8888.8.8:8.8:8.8', 0.9706870913505554), ('元', 0.9935262203216553), ('―', 0.9962161183357239), ('KWAh', 0.960791826248169), ('Kvarh', 0.9650396108627319), ('88.88.88.88UaUbUc-Ia-Ib-Ic△L8◎T18', 0.9580540657043457), ('88氘§｛∩ē阀Й逆相序成功失败请购电拉闸', 0.9936158657073975)]

2023-02-15 09:16:06,780: detec_list: 接收参数：[图片路径：./photo/20230215/PICTURE4\21510573730001000001011394388.jpg，配置文件路径：photo/ini0215 ]
识别结果：[('★', 0.9978206157684326), ('当前上18月组合反正向无有功IIIV总费率18', 0.9505588412284851), ('ABCNCOSΦ阶梯剩余需电量费价失压流功率时间段', 0.961219847202301), ('8888.8.8:8.8:8.8', 0.9648085832595825), ('元', 0.9291020631790161), ('―', 0.9979751706123352), ('KWAh', 0.9343096613883972), ('Kvarh', 0.9533702731132507), ('88.8888.88UaUbUc-Ia-Ib-Ic△L8◎T18', 0.9239631295204163), ('88氘§｛∩ē阀Й逆相序成功失败请购电拉闸', 0.9896212816238403)]

2023-02-15 09:16:06,780: detec_list: 接收参数：[图片路径：./photo/20230215/PICTURE4\21510573730001000001011394388.jpg，配置文件路径：photo/ini0215 ]
识别结果：[('★', 0.9978206157684326), ('当前上18月组合反正向无有功IIIV总费率18', 0.9505588412284851), ('ABCNCOSΦ阶梯剩余需电量费价失压流功率时间段', 0.961219847202301), ('8888.8.8:8.8:8.8', 0.9648085832595825), ('元', 0.9291020631790161), ('―', 0.9979751706123352), ('KWAh', 0.9343096613883972), ('Kvarh', 0.9533702731132507), ('88.8888.88UaUbUc-Ia-Ib-Ic△L8◎T18', 0.9239631295204163), ('88氘§｛∩ē阀Й逆相序成功失败请购电拉闸', 0.9896212816238403)]

2023-02-15 09:16:08,938: detec_list: 接收参数：[图片路径：./photo/20230215/PICTURE5\21515173730001000001011370412.jpg，配置文件路径：photo/ini0215 ]
识别结果：[('★', 0.9981691837310791), ('当前上18月组合反正向无有功IIIV总费率18', 0.9658112525939941), ('ABCNCOSΦ阶梯剩余需电量费价失压流功率时间段', 0.9975401163101196), ('8888.8.8:8.8:8.8', 0.9078950881958008), ('元', 0.9941439032554626), ('―', 0.7175792455673218), ('KWAh', 0.9343345165252686), ('Kvarh', 0.9636184573173523), ('88.88.88.88UaUbUc-Ia-Ib-Ic△L8◎T18', 0.9564284682273865), ('88氘§｛∩ē阀Й逆相序成功失败请购电拉闸', 0.9892059564590454)]

2023-02-15 09:16:08,938: detec_list: 接收参数：[图片路径：./photo/20230215/PICTURE5\21515173730001000001011370412.jpg，配置文件路径：photo/ini0215 ]
识别结果：[('★', 0.9981691837310791), ('当前上18月组合反正向无有功IIIV总费率18', 0.9658112525939941), ('ABCNCOSΦ阶梯剩余需电量费价失压流功率时间段', 0.9975401163101196), ('8888.8.8:8.8:8.8', 0.9078950881958008), ('元', 0.9941439032554626), ('―', 0.7175792455673218), ('KWAh', 0.9343345165252686), ('Kvarh', 0.9636184573173523), ('88.88.88.88UaUbUc-Ia-Ib-Ic△L8◎T18', 0.9564284682273865), ('88氘§｛∩ē阀Й逆相序成功失败请购电拉闸', 0.9892059564590454)]

2023-02-15 09:16:11,092: detec_list: 接收参数：[图片路径：./photo/20230215/PICTURE6\21515173730001000001011370405.jpg，配置文件路径：photo/ini0215 ]
识别结果：[('★', 0.9957713484764099), ('当前上18月组合反正向无有功IIIV总费率18', 0.9488745927810669), ('ABCNCOSΦ阶梯剩余需电量费价失压流功率时间段', 0.9548982381820679), ('8888.8.8:8.8:8.8', 0.9736746549606323), ('元', 0.9938752055168152), ('―', 0.9821943044662476), ('KWAh', 0.9615182876586914), ('Kvarh', 0.8973792791366577), ('88.88.88.88UaUbUc-Ia-Ib-Ic△L8◎T18', 0.9611787796020508), ('88氘§｛∩ē阀Й逆相序成功失败请购电拉闸', 0.9724576473236084)]

2023-02-15 09:16:11,092: detec_list: 接收参数：[图片路径：./photo/20230215/PICTURE6\21515173730001000001011370405.jpg，配置文件路径：photo/ini0215 ]
识别结果：[('★', 0.9957713484764099), ('当前上18月组合反正向无有功IIIV总费率18', 0.9488745927810669), ('ABCNCOSΦ阶梯剩余需电量费价失压流功率时间段', 0.9548982381820679), ('8888.8.8:8.8:8.8', 0.9736746549606323), ('元', 0.9938752055168152), ('―', 0.9821943044662476), ('KWAh', 0.9615182876586914), ('Kvarh', 0.8973792791366577), ('88.88.88.88UaUbUc-Ia-Ib-Ic△L8◎T18', 0.9611787796020508), ('88氘§｛∩ē阀Й逆相序成功失败请购电拉闸', 0.9724576473236084)]

2023-02-15 09:16:13,277: detec_list: 接收参数：[图片路径：./photo/20230215/PICTURE7\21515173730001000001011344154.jpg，配置文件路径：photo/ini0215 ]
识别结果：[('★', 0.9990025162696838), ('当前上18月组合反正向无有功IIIV总费率18', 0.9521000981330872), ('ABCNCOSΦ阶梯剩余需电量费价失压流功率时间段', 0.9720606803894043), ('8888.8.8:8.8:8.8', 0.9906675219535828), ('元', 0.9940539002418518), ('―', 0.9920852780342102), ('KWAh', 0.8900098204612732), ('Kvarh', 0.984967827796936), ('88.88.88.88UaUbUc-Ia-Ib-Ic△L8◎T18', 0.9344607591629028), ('88氘§｛∩ē阀Й逆相序成功失败请购电拉闸', 0.9668657183647156)]

2023-02-15 09:16:13,277: detec_list: 接收参数：[图片路径：./photo/20230215/PICTURE7\21515173730001000001011344154.jpg，配置文件路径：photo/ini0215 ]
识别结果：[('★', 0.9990025162696838), ('当前上18月组合反正向无有功IIIV总费率18', 0.9521000981330872), ('ABCNCOSΦ阶梯剩余需电量费价失压流功率时间段', 0.9720606803894043), ('8888.8.8:8.8:8.8', 0.9906675219535828), ('元', 0.9940539002418518), ('―', 0.9920852780342102), ('KWAh', 0.8900098204612732), ('Kvarh', 0.984967827796936), ('88.88.88.88UaUbUc-Ia-Ib-Ic△L8◎T18', 0.9344607591629028), ('88氘§｛∩ē阀Й逆相序成功失败请购电拉闸', 0.9668657183647156)]

2023-02-15 09:16:15,396: detec_list: 接收参数：[图片路径：./photo/20230215/PICTURE8\21515173730001000001011344123.jpg，配置文件路径：photo/ini0215 ]
识别结果：[('★', 0.9982483386993408), ('当前上18月组合反正向无有功IIIV总费率18', 0.9739899039268494), ('ABCNCOSΦ阶梯剩余需电量费价失压流功率时间段', 0.9714812636375427), ('8888.8.8:8.8:8.8', 0.9802971482276917), ('元', 0.9938228130340576), ('―', 0.996071457862854), ('KWAh', 0.9662225246429443), ('Kvarh', 0.9817025065422058), ('88.8888.88UaUbUc-Ia-Ib-Ic△L8◎T18', 0.9159389734268188), ('88氘§｛∩ē阀Й逆相序成功失败请购电拉闸', 0.9646682739257812)]

2023-02-15 09:16:15,396: detec_list: 接收参数：[图片路径：./photo/20230215/PICTURE8\21515173730001000001011344123.jpg，配置文件路径：photo/ini0215 ]
识别结果：[('★', 0.9982483386993408), ('当前上18月组合反正向无有功IIIV总费率18', 0.9739899039268494), ('ABCNCOSΦ阶梯剩余需电量费价失压流功率时间段', 0.9714812636375427), ('8888.8.8:8.8:8.8', 0.9802971482276917), ('元', 0.9938228130340576), ('―', 0.996071457862854), ('KWAh', 0.9662225246429443), ('Kvarh', 0.9817025065422058), ('88.8888.88UaUbUc-Ia-Ib-Ic△L8◎T18', 0.9159389734268188), ('88氘§｛∩ē阀Й逆相序成功失败请购电拉闸', 0.9646682739257812)]

2023-02-15 09:16:17,570: detec_list: 接收参数：[图片路径：./photo/20230215/PICTURE9\21515173730001000001011344161.jpg，配置文件路径：photo/ini0215 ]
识别结果：[('★', 0.9985835552215576), ('当前上18月组合反正向无有功IIIV总费率18', 0.9712151885032654), ('ABCNCOSΦ阶梯剩余需电量费价失压流功率时间段', 0.9958016276359558), ('8888.8.8:8.8:8.8', 0.987869143486023), ('元', 0.9941052198410034), ('―', 0.9954751133918762), ('KWAh', 0.9530894756317139), ('Kvarh', 0.9750577211380005), ('88.88.88.88UaUbUc-Ia-Ib-Ic△L8◎T18', 0.9593381881713867), ('88氘§｛∩ē阀Й逆相序成功失败请购电拉闸', 0.9718750715255737)]

2023-02-15 09:16:17,570: detec_list: 接收参数：[图片路径：./photo/20230215/PICTURE9\21515173730001000001011344161.jpg，配置文件路径：photo/ini0215 ]
识别结果：[('★', 0.9985835552215576), ('当前上18月组合反正向无有功IIIV总费率18', 0.9712151885032654), ('ABCNCOSΦ阶梯剩余需电量费价失压流功率时间段', 0.9958016276359558), ('8888.8.8:8.8:8.8', 0.987869143486023), ('元', 0.9941052198410034), ('―', 0.9954751133918762), ('KWAh', 0.9530894756317139), ('Kvarh', 0.9750577211380005), ('88.88.88.88UaUbUc-Ia-Ib-Ic△L8◎T18', 0.9593381881713867), ('88氘§｛∩ē阀Й逆相序成功失败请购电拉闸', 0.9718750715255737)]

2023-02-15 09:16:19,686: detec_list: 接收参数：[图片路径：./photo/20230215/PICTURE10\21515173730001000001011344130.jpg，配置文件路径：photo/ini0215 ]
识别结果：[('★', 0.9968763589859009), ('当前上18月组合反正向无有功IIIV总费率18', 0.9454715847969055), ('ABCNCOSΦ阶梯剩余需电量费价失压流功率时间段', 0.9430122971534729), ('8888.8.8:8.8:8.8', 0.9514321088790894), ('元', 0.9943565726280212), ('―', 0.9878935217857361), ('KWAh', 0.9545272588729858), ('Kvarh', 0.9733109474182129), ('88.88.88.88UaUbUc-Ia-Ib-Ic△L8◎T18', 0.9630821347236633), ('88氘§｛∩ē阀Й逆相序成功失败请购电拉闸', 0.9685240983963013)]

2023-02-15 09:16:19,686: detec_list: 接收参数：[图片路径：./photo/20230215/PICTURE10\21515173730001000001011344130.jpg，配置文件路径：photo/ini0215 ]
识别结果：[('★', 0.9968763589859009), ('当前上18月组合反正向无有功IIIV总费率18', 0.9454715847969055), ('ABCNCOSΦ阶梯剩余需电量费价失压流功率时间段', 0.9430122971534729), ('8888.8.8:8.8:8.8', 0.9514321088790894), ('元', 0.9943565726280212), ('―', 0.9878935217857361), ('KWAh', 0.9545272588729858), ('Kvarh', 0.9733109474182129), ('88.88.88.88UaUbUc-Ia-Ib-Ic△L8◎T18', 0.9630821347236633), ('88氘§｛∩ē阀Й逆相序成功失败请购电拉闸', 0.9685240983963013)]

2023-02-15 09:16:21,838: detec_list: 接收参数：[图片路径：./photo/20230215/PICTURE11\21516323730001000001011369270.jpg，配置文件路径：photo/ini0215 ]
识别结果：[('★', 0.9952732920646667), ('当前上18月组合反正向无有功IIIV总费率18', 0.9729630947113037), ('ABCNCOSΦ阶梯剩余需电量费价失压流功率时间段', 0.9772509932518005), ('8888.8.8:8.8:8.8', 0.9882011413574219), ('元', 0.9915361404418945), ('―', 0.9351279139518738), ('KWAh', 0.9256627559661865), ('Kvarh', 0.8106682896614075), ('88.88.88.88UaUbUc-Ia-Ib-Ic△L8◎T18', 0.9823276400566101), ('88氘§｛∩ē阀Й逆相序成功失败请购电拉闸', 0.9653267860412598)]

2023-02-15 09:16:21,838: detec_list: 接收参数：[图片路径：./photo/20230215/PICTURE11\21516323730001000001011369270.jpg，配置文件路径：photo/ini0215 ]
识别结果：[('★', 0.9952732920646667), ('当前上18月组合反正向无有功IIIV总费率18', 0.9729630947113037), ('ABCNCOSΦ阶梯剩余需电量费价失压流功率时间段', 0.9772509932518005), ('8888.8.8:8.8:8.8', 0.9882011413574219), ('元', 0.9915361404418945), ('―', 0.9351279139518738), ('KWAh', 0.9256627559661865), ('Kvarh', 0.8106682896614075), ('88.88.88.88UaUbUc-Ia-Ib-Ic△L8◎T18', 0.9823276400566101), ('88氘§｛∩ē阀Й逆相序成功失败请购电拉闸', 0.9653267860412598)]

2023-02-15 09:16:24,002: detec_list: 接收参数：[图片路径：./photo/20230215/PICTURE12\21516323730001000001011369263.jpg，配置文件路径：photo/ini0215 ]
识别结果：[('★', 0.996408998966217), ('当前上18月组合反正向无有功IIIV总费率18', 0.9567214846611023), ('ABCNCOSΦ阶梯剩余需电量费价失压流功率时间段', 0.9578602313995361), ('8888.8.8:8.8:8.8', 0.9365935325622559), ('元', 0.9914320707321167), ('―', 0.9973498582839966), ('KWAh', 0.9391288757324219), ('Kvarh', 0.9792380332946777), ('88.88.88.88UaUbUc-Ia-Ib-Ic△L8◎T18', 0.95456862449646), ('88氘§｛∩ē阀Й逆相序成功失败请购电拉闸', 0.9920875430107117)]

2023-02-15 09:16:24,002: detec_list: 接收参数：[图片路径：./photo/20230215/PICTURE12\21516323730001000001011369263.jpg，配置文件路径：photo/ini0215 ]
识别结果：[('★', 0.996408998966217), ('当前上18月组合反正向无有功IIIV总费率18', 0.9567214846611023), ('ABCNCOSΦ阶梯剩余需电量费价失压流功率时间段', 0.9578602313995361), ('8888.8.8:8.8:8.8', 0.9365935325622559), ('元', 0.9914320707321167), ('―', 0.9973498582839966), ('KWAh', 0.9391288757324219), ('Kvarh', 0.9792380332946777), ('88.88.88.88UaUbUc-Ia-Ib-Ic△L8◎T18', 0.95456862449646), ('88氘§｛∩ē阀Й逆相序成功失败请购电拉闸', 0.9920875430107117)]

2023-02-15 11:59:38,491: detec_list: 接收参数：[图片路径：./photo/shan0215/PICTURE1\1.jpg，配置文件路径：photo/yinini ]
识别结果：[('当前上18月组合正反向总费率18剩余常数', 0.9454239010810852), ('§｛阶梯透支用电量价户时间段金额表号', 0.9719240069389343), ('8888:8.8:8.8', 0.9646568298339844), ('L', 0.8813909292221069), ('COSΦ', 0.9647101163864136), ('―', 0.9996968507766724), ('VA元', 0.9920229911804199), ('N', 0.9785135984420776), ('KWh', 0.8957838416099548), ('←Й∩成功失败请购电拉闸12L812T18', 0.921498715877533)]

2023-02-15 11:59:38,492: detec_list: 接收参数：[图片路径：./photo/shan0215/PICTURE1\1.jpg，配置文件路径：photo/yinini ]
识别结果：[('当前上18月组合正反向总费率18剩余常数', 0.9454239010810852), ('§｛阶梯透支用电量价户时间段金额表号', 0.9719240069389343), ('8888:8.8:8.8', 0.9646568298339844), ('L', 0.8813909292221069), ('COSΦ', 0.9647101163864136), ('―', 0.9996968507766724), ('VA元', 0.9920229911804199), ('N', 0.9785135984420776), ('KWh', 0.8957838416099548), ('←Й∩成功失败请购电拉闸12L812T18', 0.921498715877533)]

2023-02-15 11:59:40,691: detec_list: 接收参数：[图片路径：./photo/shan0215/PICTURE2\2.jpg，配置文件路径：photo/yinini ]
识别结果：[('当前上18月组合正反向总费率18剩余常数', 0.9741772413253784), ('§｛阶梯透支用电量价户时间段金额表号', 0.9374969601631165), ('8888:8.8:8.8', 0.9894344806671143), ('L', 0.5385231971740723), ('COSΦ', 0.9875588417053223), ('―', 0.6150582432746887), ('VA元', 0.9908931255340576), ('N', 0.9940517544746399), ('KWh', 0.8368275165557861), ('←Й∩成功失败请购电拉闸12L812T18', 0.9722152948379517)]

2023-02-15 11:59:40,691: detec_list: 接收参数：[图片路径：./photo/shan0215/PICTURE2\2.jpg，配置文件路径：photo/yinini ]
识别结果：[('当前上18月组合正反向总费率18剩余常数', 0.9741772413253784), ('§｛阶梯透支用电量价户时间段金额表号', 0.9374969601631165), ('8888:8.8:8.8', 0.9894344806671143), ('L', 0.5385231971740723), ('COSΦ', 0.9875588417053223), ('―', 0.6150582432746887), ('VA元', 0.9908931255340576), ('N', 0.9940517544746399), ('KWh', 0.8368275165557861), ('←Й∩成功失败请购电拉闸12L812T18', 0.9722152948379517)]

2023-02-15 11:59:42,774: detec_list: 接收参数：[图片路径：./photo/shan0215/PICTURE3\3.jpg，配置文件路径：photo/yinini ]
识别结果：[('当前上18月组合正反向总费率18剩余常数', 0.9853512048721313), ('§｛阶梯透支用电量价户时间段金额表号', 0.9432339072227478), ('8888:8.8:8.8', 0.9255762100219727), ('L', 0.9990766048431396), ('COSΦ', 0.9797669649124146), ('―', 0.9968723654747009), ('VA元', 0.9880110621452332), ('N', 0.9911993145942688), ('KWh', 0.8468523025512695), ('←Й∩成功失败请购电拉闸12L812T18', 0.9670719504356384)]

2023-02-15 11:59:42,774: detec_list: 接收参数：[图片路径：./photo/shan0215/PICTURE3\3.jpg，配置文件路径：photo/yinini ]
识别结果：[('当前上18月组合正反向总费率18剩余常数', 0.9853512048721313), ('§｛阶梯透支用电量价户时间段金额表号', 0.9432339072227478), ('8888:8.8:8.8', 0.9255762100219727), ('L', 0.9990766048431396), ('COSΦ', 0.9797669649124146), ('―', 0.9968723654747009), ('VA元', 0.9880110621452332), ('N', 0.9911993145942688), ('KWh', 0.8468523025512695), ('←Й∩成功失败请购电拉闸12L812T18', 0.9670719504356384)]

2023-02-15 11:59:44,895: detec_list: 接收参数：[图片路径：./photo/shan0215/PICTURE4\4.jpg，配置文件路径：photo/yinini ]
识别结果：[('当前上18月组合正反向总费率18剩余常数', 0.9823028445243835), ('§｛阶梯透支用电量价户时间段金额表号', 0.9749848246574402), ('8888:8.8:8.8', 0.9753086566925049), ('L', 0.8789135813713074), ('COSΦ', 0.994853138923645), ('―', 0.9997250437736511), ('VA元', 0.9880586266517639), ('N', 0.9954566955566406), ('kWh', 0.8675557971000671), ('←Й∩成功失败请购电拉闸12L812T18', 0.9784865975379944)]

2023-02-15 11:59:44,895: detec_list: 接收参数：[图片路径：./photo/shan0215/PICTURE4\4.jpg，配置文件路径：photo/yinini ]
识别结果：[('当前上18月组合正反向总费率18剩余常数', 0.9823028445243835), ('§｛阶梯透支用电量价户时间段金额表号', 0.9749848246574402), ('8888:8.8:8.8', 0.9753086566925049), ('L', 0.8789135813713074), ('COSΦ', 0.994853138923645), ('―', 0.9997250437736511), ('VA元', 0.9880586266517639), ('N', 0.9954566955566406), ('kWh', 0.8675557971000671), ('←Й∩成功失败请购电拉闸12L812T18', 0.9784865975379944)]

2023-02-15 11:59:47,033: detec_list: 接收参数：[图片路径：./photo/shan0215/PICTURE5\5.jpg，配置文件路径：photo/yinini ]
识别结果：[('当前上18月组合正反向总费率18剩余常数', 0.9749647378921509), ('§｛阶梯透支用电量价户时间段金额表号', 0.9927240610122681), ('8888:8.8:8.8', 0.9604828953742981), ('L', 0.9768832921981812), ('COSΦ', 0.9814292192459106), ('―', 0.99837327003479), ('VA元', 0.6949849724769592), ('N', 0.9963176250457764), ('KWh', 0.9431919455528259), ('←Й∩成功失败请购电拉闸12L812T18', 0.9618673324584961)]

2023-02-15 11:59:47,033: detec_list: 接收参数：[图片路径：./photo/shan0215/PICTURE5\5.jpg，配置文件路径：photo/yinini ]
识别结果：[('当前上18月组合正反向总费率18剩余常数', 0.9749647378921509), ('§｛阶梯透支用电量价户时间段金额表号', 0.9927240610122681), ('8888:8.8:8.8', 0.9604828953742981), ('L', 0.9768832921981812), ('COSΦ', 0.9814292192459106), ('―', 0.99837327003479), ('VA元', 0.6949849724769592), ('N', 0.9963176250457764), ('KWh', 0.9431919455528259), ('←Й∩成功失败请购电拉闸12L812T18', 0.9618673324584961)]

2023-02-15 11:59:49,120: detec_list: 接收参数：[图片路径：./photo/shan0215/PICTURE6\6.jpg，配置文件路径：photo/yinini ]
识别结果：[('当前上18月组合正反向总费率18剩余常数', 0.9645441174507141), ('§｛阶梯透支用电量价户时间段金额表号', 0.960464596748352), ('8888:8.8:8.8', 0.9645286202430725), ('L', 0.9989396929740906), ('COSΦ', 0.987716555595398), ('VA元', 0.989249050617218), ('―', 0.9968872666358948), ('N', 0.997500479221344), ('KWh', 0.8188846111297607), ('←Й∩成功失败请购电拉闸12L812T18', 0.9756175875663757)]

2023-02-15 11:59:49,120: detec_list: 接收参数：[图片路径：./photo/shan0215/PICTURE6\6.jpg，配置文件路径：photo/yinini ]
识别结果：[('当前上18月组合正反向总费率18剩余常数', 0.9645441174507141), ('§｛阶梯透支用电量价户时间段金额表号', 0.960464596748352), ('8888:8.8:8.8', 0.9645286202430725), ('L', 0.9989396929740906), ('COSΦ', 0.987716555595398), ('VA元', 0.989249050617218), ('―', 0.9968872666358948), ('N', 0.997500479221344), ('KWh', 0.8188846111297607), ('←Й∩成功失败请购电拉闸12L812T18', 0.9756175875663757)]

2023-02-15 15:27:36,593: detec_list: 接收参数：[图片路径：./photo/86/PICTURE1\3530001000101493321420.jpg，配置文件路径：photo/86ini ]
识别结果：[('当前上18月组合正反向总费率18剩余常数', 0.9564602971076965), ('§｛阶梯透支用电量价户时间段金额表号', 0.9731488227844238), ('8888:8.8:8.8', 0.9495725035667419), ('L', 0.9970918893814087), ('COSΦ', 0.9464377164840698), ('―', 0.9988320469856262), ('VA元', 0.9920132756233215), ('N', 0.9988897442817688), ('kWh', 0.893463134765625), ('←Й∩成功失败请购电拉闸12L812T18', 0.9519088864326477)]

2023-02-15 15:27:36,593: detec_list: 接收参数：[图片路径：./photo/86/PICTURE1\3530001000101493321420.jpg，配置文件路径：photo/86ini ]
识别结果：[('当前上18月组合正反向总费率18剩余常数', 0.9564602971076965), ('§｛阶梯透支用电量价户时间段金额表号', 0.9731488227844238), ('8888:8.8:8.8', 0.9495725035667419), ('L', 0.9970918893814087), ('COSΦ', 0.9464377164840698), ('―', 0.9988320469856262), ('VA元', 0.9920132756233215), ('N', 0.9988897442817688), ('kWh', 0.893463134765625), ('←Й∩成功失败请购电拉闸12L812T18', 0.9519088864326477)]

2023-02-15 15:27:38,798: detec_list: 接收参数：[图片路径：./photo/86/PICTURE2\3530001000101493259563.jpg，配置文件路径：photo/86ini ]
识别结果：[('当前上18月组合正反向总费率18剩余常数', 0.9435129165649414), ('§｛阶梯透支用电量价户时间段金额表号', 0.9443550109863281), ('8888:8.8:8.8', 0.9337360262870789), ('L', 0.9968997240066528), ('COSΦ', 0.9990308284759521), ('―', 0.9995511174201965), ('VA元', 0.9898955821990967), ('N', 0.9991371035575867), ('kWh', 0.8380188941955566), ('←Й∩成功失败请购电拉闸12L812T18', 0.9855625033378601)]

2023-02-15 15:27:38,798: detec_list: 接收参数：[图片路径：./photo/86/PICTURE2\3530001000101493259563.jpg，配置文件路径：photo/86ini ]
识别结果：[('当前上18月组合正反向总费率18剩余常数', 0.9435129165649414), ('§｛阶梯透支用电量价户时间段金额表号', 0.9443550109863281), ('8888:8.8:8.8', 0.9337360262870789), ('L', 0.9968997240066528), ('COSΦ', 0.9990308284759521), ('―', 0.9995511174201965), ('VA元', 0.9898955821990967), ('N', 0.9991371035575867), ('kWh', 0.8380188941955566), ('←Й∩成功失败请购电拉闸12L812T18', 0.9855625033378601)]

2023-02-15 15:27:40,999: detec_list: 接收参数：[图片路径：./photo/86/PICTURE2\3530001000101493321437.jpg，配置文件路径：photo/86ini ]
识别结果：[('当前上18月组合正反向总费率18剩余常数', 0.9486217498779297), ('§｛阶梯透支用电量价户时间段金额表号', 0.9869608283042908), ('8888:8.8:8.8', 0.9922370314598083), ('L', 0.5948994755744934), ('COSΦ', 0.994564414024353), ('―', 0.9993963241577148), ('VA元', 0.9895825386047363), ('N', 0.9966421127319336), ('kWh', 0.900223970413208), ('←Й∩成功失败请购电拉闸12L812T18', 0.9714419841766357)]

2023-02-15 15:27:40,999: detec_list: 接收参数：[图片路径：./photo/86/PICTURE2\3530001000101493321437.jpg，配置文件路径：photo/86ini ]
识别结果：[('当前上18月组合正反向总费率18剩余常数', 0.9486217498779297), ('§｛阶梯透支用电量价户时间段金额表号', 0.9869608283042908), ('8888:8.8:8.8', 0.9922370314598083), ('L', 0.5948994755744934), ('COSΦ', 0.994564414024353), ('―', 0.9993963241577148), ('VA元', 0.9895825386047363), ('N', 0.9966421127319336), ('kWh', 0.900223970413208), ('←Й∩成功失败请购电拉闸12L812T18', 0.9714419841766357)]

2023-02-15 15:27:43,231: detec_list: 接收参数：[图片路径：./photo/86/PICTURE3\3530001000101493259525.jpg，配置文件路径：photo/86ini ]
识别结果：[('当前上18月组合正反向总费率18剩余常数', 0.9926037788391113), ('§｛阶梯透支用电量价户时间段金额表号', 0.9847712516784668), ('8888:8.8:8.8', 0.9474712014198303), ('L', 0.9968287348747253), ('COSΦ', 0.9985924959182739), ('―', 0.9975869655609131), ('VA元', 0.987004280090332), ('N', 0.8229259252548218), ('kWh', 0.8974399566650391), ('←Й∩成功失败请购电拉闸12L812T18', 0.9492670297622681)]

2023-02-15 15:27:43,231: detec_list: 接收参数：[图片路径：./photo/86/PICTURE3\3530001000101493259525.jpg，配置文件路径：photo/86ini ]
识别结果：[('当前上18月组合正反向总费率18剩余常数', 0.9926037788391113), ('§｛阶梯透支用电量价户时间段金额表号', 0.9847712516784668), ('8888:8.8:8.8', 0.9474712014198303), ('L', 0.9968287348747253), ('COSΦ', 0.9985924959182739), ('―', 0.9975869655609131), ('VA元', 0.987004280090332), ('N', 0.8229259252548218), ('kWh', 0.8974399566650391), ('←Й∩成功失败请购电拉闸12L812T18', 0.9492670297622681)]

2023-02-15 15:27:45,382: detec_list: 接收参数：[图片路径：./photo/86/PICTURE4\3530001000101493283865.jpg，配置文件路径：photo/86ini ]
识别结果：[('当前上18月组合正反向总费率18剩余常数', 0.9923434257507324), ('§｛阶梯透支用电量价户时间段金额表号', 0.9732440114021301), ('8888:8.8:8.8', 0.9167159199714661), ('L', 0.995270311832428), ('COSΦ', 0.9987038373947144), ('―', 0.6411813497543335), ('VA元', 0.8621949553489685), ('N', 0.9927511215209961), ('kWh', 0.9014768600463867), ('←Й∩成功失败请购电拉闸12L812T18', 0.967975378036499)]

2023-02-15 15:27:45,382: detec_list: 接收参数：[图片路径：./photo/86/PICTURE4\3530001000101493283865.jpg，配置文件路径：photo/86ini ]
识别结果：[('当前上18月组合正反向总费率18剩余常数', 0.9923434257507324), ('§｛阶梯透支用电量价户时间段金额表号', 0.9732440114021301), ('8888:8.8:8.8', 0.9167159199714661), ('L', 0.995270311832428), ('COSΦ', 0.9987038373947144), ('―', 0.6411813497543335), ('VA元', 0.8621949553489685), ('N', 0.9927511215209961), ('kWh', 0.9014768600463867), ('←Й∩成功失败请购电拉闸12L812T18', 0.967975378036499)]

2023-02-15 15:27:47,563: detec_list: 接收参数：[图片路径：./photo/86/PICTURE5\3530001000101493283933.jpg，配置文件路径：photo/86ini ]
识别结果：[('当前上18月组合正反向总费率18剩余常数', 0.9625590443611145), ('§｛阶梯透支用电量价户时间段金额表号', 0.9926653504371643), ('8888:8.8:8.8', 0.9593092799186707), ('L', 0.9979210495948792), ('COSΦ', 0.9308063983917236), ('―', 0.5046053528785706), ('VA元', 0.9919977188110352), ('N', 0.5663931965827942), ('kWh', 0.8085892200469971), ('←Й∩成功失败请购电拉闸12L812T18', 0.9491729736328125)]

2023-02-15 15:27:47,563: detec_list: 接收参数：[图片路径：./photo/86/PICTURE5\3530001000101493283933.jpg，配置文件路径：photo/86ini ]
识别结果：[('当前上18月组合正反向总费率18剩余常数', 0.9625590443611145), ('§｛阶梯透支用电量价户时间段金额表号', 0.9926653504371643), ('8888:8.8:8.8', 0.9593092799186707), ('L', 0.9979210495948792), ('COSΦ', 0.9308063983917236), ('―', 0.5046053528785706), ('VA元', 0.9919977188110352), ('N', 0.5663931965827942), ('kWh', 0.8085892200469971), ('←Й∩成功失败请购电拉闸12L812T18', 0.9491729736328125)]

2023-02-15 15:27:49,722: detec_list: 接收参数：[图片路径：./photo/86/PICTURE5\3530001000101493345235.jpg，配置文件路径：photo/86ini ]
识别结果：[('当前上18月组合正反向总费率18剩余常数', 0.980877697467804), ('§｛阶梯透支用电量价户时间段金额表号', 0.9827932715415955), ('8888:8.8:8.8', 0.9611167907714844), ('L', 0.9980158805847168), ('COSΦ', 0.9975389838218689), ('―', 0.9962407350540161), ('VA元', 0.9920234680175781), ('N', 0.9985846281051636), ('KWh', 0.8332769274711609), ('←Й∩成功失败请购电拉闸12L811T18', 0.9599760174751282)]

2023-02-15 15:27:49,722: detec_list: 接收参数：[图片路径：./photo/86/PICTURE5\3530001000101493345235.jpg，配置文件路径：photo/86ini ]
识别结果：[('当前上18月组合正反向总费率18剩余常数', 0.980877697467804), ('§｛阶梯透支用电量价户时间段金额表号', 0.9827932715415955), ('8888:8.8:8.8', 0.9611167907714844), ('L', 0.9980158805847168), ('COSΦ', 0.9975389838218689), ('―', 0.9962407350540161), ('VA元', 0.9920234680175781), ('N', 0.9985846281051636), ('KWh', 0.8332769274711609), ('←Й∩成功失败请购电拉闸12L811T18', 0.9599760174751282)]

2023-02-15 15:27:51,801: detec_list: 接收参数：[图片路径：./photo/86/PICTURE6\3530001000101493321406.jpg，配置文件路径：photo/86ini ]
识别结果：[('当前上18月组合正反向总费率18剩余常数', 0.9682919383049011), ('§｛阶梯透支用电量价户时间段金额表号', 0.9760743975639343), ('8888:8.8:8.8', 0.9059266448020935), ('L', 0.9971152544021606), ('COSΦ', 0.9987847805023193), ('―', 0.9994304776191711), ('VA元', 0.8030621409416199), ('N', 0.9992095232009888), ('kWh', 0.882805347442627), ('←Й∩成功失败请购电拉闸12L812T18', 0.9552545547485352)]

2023-02-15 15:27:51,801: detec_list: 接收参数：[图片路径：./photo/86/PICTURE6\3530001000101493321406.jpg，配置文件路径：photo/86ini ]
识别结果：[('当前上18月组合正反向总费率18剩余常数', 0.9682919383049011), ('§｛阶梯透支用电量价户时间段金额表号', 0.9760743975639343), ('8888:8.8:8.8', 0.9059266448020935), ('L', 0.9971152544021606), ('COSΦ', 0.9987847805023193), ('―', 0.9994304776191711), ('VA元', 0.8030621409416199), ('N', 0.9992095232009888), ('kWh', 0.882805347442627), ('←Й∩成功失败请购电拉闸12L812T18', 0.9552545547485352)]

2023-02-15 15:29:09,721: detec_list: 接收参数：[图片路径：./photo/86/PICTURE1\3530001000101493321420.jpg，配置文件路径：photo/86ini ]
识别结果：[('当前上18月组合正反向总费率18剩余常数', 0.9564602971076965), ('§｛阶梯透支用电量价户时间段金额表号', 0.9731488227844238), ('8888:8.8:8.8', 0.9495725035667419), ('L', 0.9970918893814087), ('COSΦ', 0.9464377164840698), ('―', 0.9988320469856262), ('VA元', 0.9920132756233215), ('N', 0.9988897442817688), ('kWh', 0.893463134765625), ('←Й∩成功失败请购电拉闸12L812T18', 0.9519088864326477)]

2023-02-15 15:29:09,721: detec_list: 接收参数：[图片路径：./photo/86/PICTURE1\3530001000101493321420.jpg，配置文件路径：photo/86ini ]
识别结果：[('当前上18月组合正反向总费率18剩余常数', 0.9564602971076965), ('§｛阶梯透支用电量价户时间段金额表号', 0.9731488227844238), ('8888:8.8:8.8', 0.9495725035667419), ('L', 0.9970918893814087), ('COSΦ', 0.9464377164840698), ('―', 0.9988320469856262), ('VA元', 0.9920132756233215), ('N', 0.9988897442817688), ('kWh', 0.893463134765625), ('←Й∩成功失败请购电拉闸12L812T18', 0.9519088864326477)]

2023-02-15 15:29:11,887: detec_list: 接收参数：[图片路径：./photo/86/PICTURE2\3530001000101493259563.jpg，配置文件路径：photo/86ini ]
识别结果：[('当前上18月组合正反向总费率18剩余常数', 0.9435129165649414), ('§｛阶梯透支用电量价户时间段金额表号', 0.9443550109863281), ('8888:8.8:8.8', 0.9337360262870789), ('L', 0.9968997240066528), ('COSΦ', 0.9990308284759521), ('―', 0.9995511174201965), ('VA元', 0.9898955821990967), ('N', 0.9991371035575867), ('kWh', 0.8380188941955566), ('←Й∩成功失败请购电拉闸12L812T18', 0.9855625033378601)]

2023-02-15 15:29:11,887: detec_list: 接收参数：[图片路径：./photo/86/PICTURE2\3530001000101493259563.jpg，配置文件路径：photo/86ini ]
识别结果：[('当前上18月组合正反向总费率18剩余常数', 0.9435129165649414), ('§｛阶梯透支用电量价户时间段金额表号', 0.9443550109863281), ('8888:8.8:8.8', 0.9337360262870789), ('L', 0.9968997240066528), ('COSΦ', 0.9990308284759521), ('―', 0.9995511174201965), ('VA元', 0.9898955821990967), ('N', 0.9991371035575867), ('kWh', 0.8380188941955566), ('←Й∩成功失败请购电拉闸12L812T18', 0.9855625033378601)]

2023-02-15 15:29:14,078: detec_list: 接收参数：[图片路径：./photo/86/PICTURE2\3530001000101493321437.jpg，配置文件路径：photo/86ini ]
识别结果：[('当前上18月组合正反向总费率18剩余常数', 0.9486217498779297), ('§｛阶梯透支用电量价户时间段金额表号', 0.9869608283042908), ('8888:8.8:8.8', 0.9922370314598083), ('L', 0.5948994755744934), ('COSΦ', 0.994564414024353), ('―', 0.9993963241577148), ('VA元', 0.9895825386047363), ('N', 0.9966421127319336), ('kWh', 0.900223970413208), ('←Й∩成功失败请购电拉闸12L812T18', 0.9714419841766357)]

2023-02-15 15:29:14,078: detec_list: 接收参数：[图片路径：./photo/86/PICTURE2\3530001000101493321437.jpg，配置文件路径：photo/86ini ]
识别结果：[('当前上18月组合正反向总费率18剩余常数', 0.9486217498779297), ('§｛阶梯透支用电量价户时间段金额表号', 0.9869608283042908), ('8888:8.8:8.8', 0.9922370314598083), ('L', 0.5948994755744934), ('COSΦ', 0.994564414024353), ('―', 0.9993963241577148), ('VA元', 0.9895825386047363), ('N', 0.9966421127319336), ('kWh', 0.900223970413208), ('←Й∩成功失败请购电拉闸12L812T18', 0.9714419841766357)]

2023-02-15 15:29:16,268: detec_list: 接收参数：[图片路径：./photo/86/PICTURE3\3530001000101493259525.jpg，配置文件路径：photo/86ini ]
识别结果：[('当前上18月组合正反向总费率18剩余常数', 0.9926037788391113), ('§｛阶梯透支用电量价户时间段金额表号', 0.9847712516784668), ('8888:8.8:8.8', 0.9474712014198303), ('L', 0.9968287348747253), ('COSΦ', 0.9985924959182739), ('―', 0.9975869655609131), ('VA元', 0.987004280090332), ('N', 0.8229259252548218), ('kWh', 0.8974399566650391), ('←Й∩成功失败请购电拉闸12L812T18', 0.9492670297622681)]

2023-02-15 15:29:16,268: detec_list: 接收参数：[图片路径：./photo/86/PICTURE3\3530001000101493259525.jpg，配置文件路径：photo/86ini ]
识别结果：[('当前上18月组合正反向总费率18剩余常数', 0.9926037788391113), ('§｛阶梯透支用电量价户时间段金额表号', 0.9847712516784668), ('8888:8.8:8.8', 0.9474712014198303), ('L', 0.9968287348747253), ('COSΦ', 0.9985924959182739), ('―', 0.9975869655609131), ('VA元', 0.987004280090332), ('N', 0.8229259252548218), ('kWh', 0.8974399566650391), ('←Й∩成功失败请购电拉闸12L812T18', 0.9492670297622681)]

2023-02-15 15:29:18,424: detec_list: 接收参数：[图片路径：./photo/86/PICTURE4\3530001000101493283865.jpg，配置文件路径：photo/86ini ]
识别结果：[('当前上18月组合正反向总费率18剩余常数', 0.9923434257507324), ('§｛阶梯透支用电量价户时间段金额表号', 0.9732440114021301), ('8888:8.8:8.8', 0.9167159199714661), ('L', 0.995270311832428), ('COSΦ', 0.9987038373947144), ('―', 0.6411813497543335), ('VA元', 0.8621949553489685), ('N', 0.9927511215209961), ('kWh', 0.9014768600463867), ('←Й∩成功失败请购电拉闸12L812T18', 0.967975378036499)]

2023-02-15 15:29:18,424: detec_list: 接收参数：[图片路径：./photo/86/PICTURE4\3530001000101493283865.jpg，配置文件路径：photo/86ini ]
识别结果：[('当前上18月组合正反向总费率18剩余常数', 0.9923434257507324), ('§｛阶梯透支用电量价户时间段金额表号', 0.9732440114021301), ('8888:8.8:8.8', 0.9167159199714661), ('L', 0.995270311832428), ('COSΦ', 0.9987038373947144), ('―', 0.6411813497543335), ('VA元', 0.8621949553489685), ('N', 0.9927511215209961), ('kWh', 0.9014768600463867), ('←Й∩成功失败请购电拉闸12L812T18', 0.967975378036499)]

2023-02-15 15:29:20,587: detec_list: 接收参数：[图片路径：./photo/86/PICTURE5\3530001000101493283933.jpg，配置文件路径：photo/86ini ]
识别结果：[('当前上18月组合正反向总费率18剩余常数', 0.9625590443611145), ('§｛阶梯透支用电量价户时间段金额表号', 0.9926653504371643), ('8888:8.8:8.8', 0.9593092799186707), ('L', 0.9979210495948792), ('COSΦ', 0.9308063983917236), ('―', 0.5046053528785706), ('VA元', 0.9919977188110352), ('N', 0.5663931965827942), ('kWh', 0.8085892200469971), ('←Й∩成功失败请购电拉闸12L812T18', 0.9491729736328125)]

2023-02-15 15:29:20,587: detec_list: 接收参数：[图片路径：./photo/86/PICTURE5\3530001000101493283933.jpg，配置文件路径：photo/86ini ]
识别结果：[('当前上18月组合正反向总费率18剩余常数', 0.9625590443611145), ('§｛阶梯透支用电量价户时间段金额表号', 0.9926653504371643), ('8888:8.8:8.8', 0.9593092799186707), ('L', 0.9979210495948792), ('COSΦ', 0.9308063983917236), ('―', 0.5046053528785706), ('VA元', 0.9919977188110352), ('N', 0.5663931965827942), ('kWh', 0.8085892200469971), ('←Й∩成功失败请购电拉闸12L812T18', 0.9491729736328125)]

2023-02-15 15:29:22,701: detec_list: 接收参数：[图片路径：./photo/86/PICTURE5\3530001000101493345235.jpg，配置文件路径：photo/86ini ]
识别结果：[('当前上18月组合正反向总费率18剩余常数', 0.980877697467804), ('§｛阶梯透支用电量价户时间段金额表号', 0.9827932715415955), ('8888:8.8:8.8', 0.9611167907714844), ('L', 0.9980158805847168), ('COSΦ', 0.9975389838218689), ('―', 0.9962407350540161), ('VA元', 0.9920234680175781), ('N', 0.9985846281051636), ('KWh', 0.8332769274711609), ('←Й∩成功失败请购电拉闸12L811T18', 0.9599760174751282)]

2023-02-15 15:29:22,701: detec_list: 接收参数：[图片路径：./photo/86/PICTURE5\3530001000101493345235.jpg，配置文件路径：photo/86ini ]
识别结果：[('当前上18月组合正反向总费率18剩余常数', 0.980877697467804), ('§｛阶梯透支用电量价户时间段金额表号', 0.9827932715415955), ('8888:8.8:8.8', 0.9611167907714844), ('L', 0.9980158805847168), ('COSΦ', 0.9975389838218689), ('―', 0.9962407350540161), ('VA元', 0.9920234680175781), ('N', 0.9985846281051636), ('KWh', 0.8332769274711609), ('←Й∩成功失败请购电拉闸12L811T18', 0.9599760174751282)]

2023-02-15 15:29:24,794: detec_list: 接收参数：[图片路径：./photo/86/PICTURE6\3530001000101493321406.jpg，配置文件路径：photo/86ini ]
识别结果：[('当前上18月组合正反向总费率18剩余常数', 0.9682919383049011), ('§｛阶梯透支用电量价户时间段金额表号', 0.9760743975639343), ('8888:8.8:8.8', 0.9059266448020935), ('L', 0.9971152544021606), ('COSΦ', 0.9987847805023193), ('―', 0.9994304776191711), ('VA元', 0.8030621409416199), ('N', 0.9992095232009888), ('kWh', 0.882805347442627), ('←Й∩成功失败请购电拉闸12L812T18', 0.9552545547485352)]

2023-02-15 15:29:24,794: detec_list: 接收参数：[图片路径：./photo/86/PICTURE6\3530001000101493321406.jpg，配置文件路径：photo/86ini ]
识别结果：[('当前上18月组合正反向总费率18剩余常数', 0.9682919383049011), ('§｛阶梯透支用电量价户时间段金额表号', 0.9760743975639343), ('8888:8.8:8.8', 0.9059266448020935), ('L', 0.9971152544021606), ('COSΦ', 0.9987847805023193), ('―', 0.9994304776191711), ('VA元', 0.8030621409416199), ('N', 0.9992095232009888), ('kWh', 0.882805347442627), ('←Й∩成功失败请购电拉闸12L812T18', 0.9552545547485352)]

2023-02-15 15:37:45,869: detec_list: 接收参数：[图片路径：./photo/86/PICTURE1\3530001000101493321420.jpg，配置文件路径：photo/86ini ]
识别结果：[('当前上18月组合正反向总费率18剩余常数', 0.9564602971076965), ('§｛阶梯透支用电量价户时间段金额表号', 0.9731488227844238), ('8888:8.8:8.8', 0.9495725035667419), ('L', 0.9970918893814087), ('COSΦ', 0.9464377164840698), ('―', 0.9988320469856262), ('VA元', 0.9920132756233215), ('N', 0.9988897442817688), ('kWh', 0.893463134765625), ('←Й∩成功失败请购电拉闸12L812T18', 0.9519088864326477)]

2023-02-15 15:37:45,869: detec_list: 接收参数：[图片路径：./photo/86/PICTURE1\3530001000101493321420.jpg，配置文件路径：photo/86ini ]
识别结果：[('当前上18月组合正反向总费率18剩余常数', 0.9564602971076965), ('§｛阶梯透支用电量价户时间段金额表号', 0.9731488227844238), ('8888:8.8:8.8', 0.9495725035667419), ('L', 0.9970918893814087), ('COSΦ', 0.9464377164840698), ('―', 0.9988320469856262), ('VA元', 0.9920132756233215), ('N', 0.9988897442817688), ('kWh', 0.893463134765625), ('←Й∩成功失败请购电拉闸12L812T18', 0.9519088864326477)]

2023-02-15 15:37:48,004: detec_list: 接收参数：[图片路径：./photo/86/PICTURE2\3530001000101493259563.jpg，配置文件路径：photo/86ini ]
识别结果：[('当前上18月组合正反向总费率18剩余常数', 0.9435129165649414), ('§｛阶梯透支用电量价户时间段金额表号', 0.9443550109863281), ('8888:8.8:8.8', 0.9337360262870789), ('L', 0.9968997240066528), ('COSΦ', 0.9990308284759521), ('―', 0.9995511174201965), ('VA元', 0.9898955821990967), ('N', 0.9991371035575867), ('kWh', 0.8380188941955566), ('←Й∩成功失败请购电拉闸12L812T18', 0.9855625033378601)]

2023-02-15 15:37:48,004: detec_list: 接收参数：[图片路径：./photo/86/PICTURE2\3530001000101493259563.jpg，配置文件路径：photo/86ini ]
识别结果：[('当前上18月组合正反向总费率18剩余常数', 0.9435129165649414), ('§｛阶梯透支用电量价户时间段金额表号', 0.9443550109863281), ('8888:8.8:8.8', 0.9337360262870789), ('L', 0.9968997240066528), ('COSΦ', 0.9990308284759521), ('―', 0.9995511174201965), ('VA元', 0.9898955821990967), ('N', 0.9991371035575867), ('kWh', 0.8380188941955566), ('←Й∩成功失败请购电拉闸12L812T18', 0.9855625033378601)]

2023-02-15 15:37:50,173: detec_list: 接收参数：[图片路径：./photo/86/PICTURE2\3530001000101493321437.jpg，配置文件路径：photo/86ini ]
识别结果：[('当前上18月组合正反向总费率18剩余常数', 0.9486217498779297), ('§｛阶梯透支用电量价户时间段金额表号', 0.9869608283042908), ('8888:8.8:8.8', 0.9922370314598083), ('L', 0.5948994755744934), ('COSΦ', 0.994564414024353), ('―', 0.9993963241577148), ('VA元', 0.9895825386047363), ('N', 0.9966421127319336), ('kWh', 0.900223970413208), ('←Й∩成功失败请购电拉闸12L812T18', 0.9714419841766357)]

2023-02-15 15:37:50,173: detec_list: 接收参数：[图片路径：./photo/86/PICTURE2\3530001000101493321437.jpg，配置文件路径：photo/86ini ]
识别结果：[('当前上18月组合正反向总费率18剩余常数', 0.9486217498779297), ('§｛阶梯透支用电量价户时间段金额表号', 0.9869608283042908), ('8888:8.8:8.8', 0.9922370314598083), ('L', 0.5948994755744934), ('COSΦ', 0.994564414024353), ('―', 0.9993963241577148), ('VA元', 0.9895825386047363), ('N', 0.9966421127319336), ('kWh', 0.900223970413208), ('←Й∩成功失败请购电拉闸12L812T18', 0.9714419841766357)]

2023-02-15 15:37:52,386: detec_list: 接收参数：[图片路径：./photo/86/PICTURE3\3530001000101493259525.jpg，配置文件路径：photo/86ini ]
识别结果：[('当前上18月组合正反向总费率18剩余常数', 0.9926037788391113), ('§｛阶梯透支用电量价户时间段金额表号', 0.9847712516784668), ('8888:8.8:8.8', 0.9474712014198303), ('L', 0.9968287348747253), ('COSΦ', 0.9985924959182739), ('―', 0.9975869655609131), ('VA元', 0.987004280090332), ('N', 0.8229259252548218), ('kWh', 0.8974399566650391), ('←Й∩成功失败请购电拉闸12L812T18', 0.9492670297622681)]

2023-02-15 15:37:52,386: detec_list: 接收参数：[图片路径：./photo/86/PICTURE3\3530001000101493259525.jpg，配置文件路径：photo/86ini ]
识别结果：[('当前上18月组合正反向总费率18剩余常数', 0.9926037788391113), ('§｛阶梯透支用电量价户时间段金额表号', 0.9847712516784668), ('8888:8.8:8.8', 0.9474712014198303), ('L', 0.9968287348747253), ('COSΦ', 0.9985924959182739), ('―', 0.9975869655609131), ('VA元', 0.987004280090332), ('N', 0.8229259252548218), ('kWh', 0.8974399566650391), ('←Й∩成功失败请购电拉闸12L812T18', 0.9492670297622681)]

2023-02-15 15:37:54,544: detec_list: 接收参数：[图片路径：./photo/86/PICTURE4\3530001000101493283865.jpg，配置文件路径：photo/86ini ]
识别结果：[('当前上18月组合正反向总费率18剩余常数', 0.9923434257507324), ('§｛阶梯透支用电量价户时间段金额表号', 0.9732440114021301), ('8888:8.8:8.8', 0.9167159199714661), ('L', 0.995270311832428), ('COSΦ', 0.9987038373947144), ('―', 0.6411813497543335), ('VA元', 0.8621949553489685), ('N', 0.9927511215209961), ('kWh', 0.9014768600463867), ('←Й∩成功失败请购电拉闸12L812T18', 0.967975378036499)]

2023-02-15 15:37:54,544: detec_list: 接收参数：[图片路径：./photo/86/PICTURE4\3530001000101493283865.jpg，配置文件路径：photo/86ini ]
识别结果：[('当前上18月组合正反向总费率18剩余常数', 0.9923434257507324), ('§｛阶梯透支用电量价户时间段金额表号', 0.9732440114021301), ('8888:8.8:8.8', 0.9167159199714661), ('L', 0.995270311832428), ('COSΦ', 0.9987038373947144), ('―', 0.6411813497543335), ('VA元', 0.8621949553489685), ('N', 0.9927511215209961), ('kWh', 0.9014768600463867), ('←Й∩成功失败请购电拉闸12L812T18', 0.967975378036499)]

2023-02-15 15:37:56,716: detec_list: 接收参数：[图片路径：./photo/86/PICTURE5\3530001000101493283933.jpg，配置文件路径：photo/86ini ]
识别结果：[('当前上18月组合正反向总费率18剩余常数', 0.9625590443611145), ('§｛阶梯透支用电量价户时间段金额表号', 0.9926653504371643), ('8888:8.8:8.8', 0.9593092799186707), ('L', 0.9979210495948792), ('COSΦ', 0.9308063983917236), ('―', 0.5046053528785706), ('VA元', 0.9919977188110352), ('N', 0.5663931965827942), ('kWh', 0.8085892200469971), ('←Й∩成功失败请购电拉闸12L812T18', 0.9491729736328125)]

2023-02-15 15:37:56,716: detec_list: 接收参数：[图片路径：./photo/86/PICTURE5\3530001000101493283933.jpg，配置文件路径：photo/86ini ]
识别结果：[('当前上18月组合正反向总费率18剩余常数', 0.9625590443611145), ('§｛阶梯透支用电量价户时间段金额表号', 0.9926653504371643), ('8888:8.8:8.8', 0.9593092799186707), ('L', 0.9979210495948792), ('COSΦ', 0.9308063983917236), ('―', 0.5046053528785706), ('VA元', 0.9919977188110352), ('N', 0.5663931965827942), ('kWh', 0.8085892200469971), ('←Й∩成功失败请购电拉闸12L812T18', 0.9491729736328125)]

2023-02-15 15:37:58,831: detec_list: 接收参数：[图片路径：./photo/86/PICTURE5\3530001000101493345235.jpg，配置文件路径：photo/86ini ]
识别结果：[('当前上18月组合正反向总费率18剩余常数', 0.980877697467804), ('§｛阶梯透支用电量价户时间段金额表号', 0.9827932715415955), ('8888:8.8:8.8', 0.9611167907714844), ('L', 0.9980158805847168), ('COSΦ', 0.9975389838218689), ('―', 0.9962407350540161), ('VA元', 0.9920234680175781), ('N', 0.9985846281051636), ('KWh', 0.8332769274711609), ('←Й∩成功失败请购电拉闸12L811T18', 0.9599760174751282)]

2023-02-15 15:37:58,831: detec_list: 接收参数：[图片路径：./photo/86/PICTURE5\3530001000101493345235.jpg，配置文件路径：photo/86ini ]
识别结果：[('当前上18月组合正反向总费率18剩余常数', 0.980877697467804), ('§｛阶梯透支用电量价户时间段金额表号', 0.9827932715415955), ('8888:8.8:8.8', 0.9611167907714844), ('L', 0.9980158805847168), ('COSΦ', 0.9975389838218689), ('―', 0.9962407350540161), ('VA元', 0.9920234680175781), ('N', 0.9985846281051636), ('KWh', 0.8332769274711609), ('←Й∩成功失败请购电拉闸12L811T18', 0.9599760174751282)]

2023-02-15 15:38:00,958: detec_list: 接收参数：[图片路径：./photo/86/PICTURE6\3530001000101493321406.jpg，配置文件路径：photo/86ini ]
识别结果：[('当前上18月组合正反向总费率18剩余常数', 0.9682919383049011), ('§｛阶梯透支用电量价户时间段金额表号', 0.9760743975639343), ('8888:8.8:8.8', 0.9059266448020935), ('L', 0.9971152544021606), ('COSΦ', 0.9987847805023193), ('―', 0.9994304776191711), ('VA元', 0.8030621409416199), ('N', 0.9992095232009888), ('kWh', 0.882805347442627), ('←Й∩成功失败请购电拉闸12L812T18', 0.9552545547485352)]

2023-02-15 15:38:00,958: detec_list: 接收参数：[图片路径：./photo/86/PICTURE6\3530001000101493321406.jpg，配置文件路径：photo/86ini ]
识别结果：[('当前上18月组合正反向总费率18剩余常数', 0.9682919383049011), ('§｛阶梯透支用电量价户时间段金额表号', 0.9760743975639343), ('8888:8.8:8.8', 0.9059266448020935), ('L', 0.9971152544021606), ('COSΦ', 0.9987847805023193), ('―', 0.9994304776191711), ('VA元', 0.8030621409416199), ('N', 0.9992095232009888), ('kWh', 0.882805347442627), ('←Й∩成功失败请购电拉闸12L812T18', 0.9552545547485352)]

