2022-06-28 10:12:05,685: detec: 接收参数：[图片路径：photo\img5\3530001000101428389914_OK144904.jpg，配置文件路径：photo\img5\config5.ini ]
识别结果：[('ZHOS', 0.9114733338356018), ('V(09)S', 0.7490144371986389), ('AMY', 0.5918968319892883)]

2022-06-28 10:12:06,132: detec: 接收参数：[图片路径：photo\img5\3530001000101428389938_OK144901.jpg，配置文件路径：photo\img5\config5.ini ]
识别结果：[('当前上18月组合正反向总费率18剩余常数', 0.9772030115127563), ('金阶梯透支用电量价户时间段金额表号', 0.9610429406166077), ('88888888', 0.9119275808334351), ('COSO', 0.8069679141044617), ('VA元', 0.9894230961799622), ('kWh', 0.9486969113349915), ('8成功失败请购电拉闸AL8OT8', 0.7983817458152771)]

2022-06-28 10:12:06,599: detec: 接收参数：[图片路径：photo\img5\3530001000101428389945_OK155744.jpg，配置文件路径：photo\img5\config5.ini ]
识别结果：[('当前上18月组合正反向总费率18剩余常数', 0.9612663388252258), ('金阶梯透支用电量价户时间段金额表号', 0.9253332614898682), ('88888888', 0.935476541519165), ('COSO', 0.8077558279037476), ('VA元', 0.9897088408470154), ('kWh', 0.8653688430786133), ('成功失败请购电拉闸L80T18', 0.8193985223770142), ('红外', 0.8668880462646484)]

2022-06-28 10:12:07,100: detec: 接收参数：[图片路径：photo\img5\3530001000101428389952_OK155813.jpg，配置文件路径：photo\img5\config5.ini ]
识别结果：[('当前上18月组合正反向总费率18剩余常数', 0.9706617593765259), ('M金阶梯透支用电量价户时间段金额表号', 0.9210149049758911), ('88888888', 0.9440195560455322), ('COSO', 0.7768493890762329), ('VA元', 0.878282368183136), ('kWh', 0.8715925216674805), ('成功失败请购电拉闸L8T8', 0.8527994751930237)]

2022-06-28 10:12:07,554: detec: 接收参数：[图片路径：photo\img5\3530001000101428389969_OK155804.jpg，配置文件路径：photo\img5\config5.ini ]
识别结果：[('当前上18月组合正反向总费率：8剩余常数', 0.9490286707878113), ('金阶梯透支用电量价户时间段金额表号', 0.964572548866272), ('88888888', 0.9910664558410645), ('COSO', 0.7843766212463379), ('VA元', 0.9845428466796875), ('kWh', 0.8801429271697998), ('成功失败请购电拉闸L8OT18', 0.8178088665008545)]

2022-06-28 10:12:08,069: detec: 接收参数：[图片路径：photo\img5\3530001000101428389983_OK155807.jpg，配置文件路径：photo\img5\config5.ini ]
识别结果：[('当前上18月组合正反向总费率18剩余常数', 0.8959618806838989), ('M金阶梯透支用电量价户时间段金额表号', 0.9448972344398499), ('88888888', 0.9936173558235168), ('COSO', 0.8393115997314453), ('VA元', 0.9884713292121887), ('kWh', 0.7701549530029297), ('成功失败请购电拉闸AL8OT8', 0.8106553554534912)]

2022-06-28 10:12:08,524: detec: 接收参数：[图片路径：photo\img5\3530001000101428390026_OK155816.jpg，配置文件路径：photo\img5\config5.ini ]
识别结果：[('当前上18月组合正反向总费率18剩余常数', 0.9697917103767395), ('金阶梯透支用电量价户时间段金额表号', 0.9684634208679199), ('88888888', 0.9900050163269043), ('COSO', 0.882804274559021), ('VA元', 0.88889080286026), ('kWh', 0.9270278811454773), ('8成功失败请购电拉闸8', 0.9074808359146118), ('800TI8', 0.7506788372993469)]

2022-06-28 10:12:08,945: detec: 接收参数：[图片路径：photo\img5\3530001000101428390040_OK155754.jpg，配置文件路径：photo\img5\config5.ini ]
识别结果：[('当前上18月组合正反向总费率！8剩余常数', 0.9339978098869324), ('M金阶梯透支用电量价户时间段金额表号', 0.9213762283325195), ('888888.88', 0.8616458177566528), ('COSO', 0.813568115234375), ('VA元', 0.9893774390220642), ('kWh', 0.9514164924621582), ('8成功失败请购电拉闸4L80T8', 0.817804217338562)]

2022-06-28 10:12:09,385: detec: 接收参数：[图片路径：photo\img5\3530001000101428390194_OK084553.jpg，配置文件路径：photo\img5\config5.ini ]
识别结果：[('当前上18月组合正反向总费率18剩余常数', 0.9712803959846497), ('M金阶梯透支用电量价户时间段金额表号', 0.9228989481925964), ('88888888', 0.9050948619842529), ('COSO', 0.8470121622085571), ('VA元', 0.9726090431213379), ('KWh', 0.7413589358329773), ('8成功失败请购电拉闸4L80T18', 0.7774387001991272)]

2022-06-28 10:12:09,825: detec: 接收参数：[图片路径：photo\img5\3530001000101428390200_OK084600.jpg，配置文件路径：photo\img5\config5.ini ]
识别结果：[('当前上18月组合正反向总费率18剩余常数', 0.9513216018676758), ('WC金阶梯透支用电量价户时间段金额表号', 0.8714935779571533), ('88888888', 0.9340482950210571), ('COSO', 0.7599861025810242), ('VA元', 0.9266078472137451), ('kWh', 0.8448931574821472), ('8成功失败请购电拉闸89T18', 0.7516546845436096)]

2022-06-28 10:12:10,274: detec: 接收参数：[图片路径：photo\img5\3530001000101428390224_OK084534.jpg，配置文件路径：photo\img5\config5.ini ]
识别结果：[('当前上18月组合正反向总费率18剩余常数', 0.9300252199172974), ('金阶梯透支用电量价户时间段金额表号', 0.9762705564498901), ('88888888', 0.9950913190841675), ('COSO', 0.9302129745483398), ('1A元', 0.8076700568199158), ('kWh', 0.7341997623443604), ('8成功失败请购电拉闸L80T8', 0.8561089634895325), ('业', 0.5916939377784729), ('红外', 0.7781259417533875)]

2022-06-28 10:12:10,718: detec: 接收参数：[图片路径：photo\img5\3530001000101428390255_OK084609.jpg，配置文件路径：photo\img5\config5.ini ]
识别结果：[('当前上18月组合正反向总费率18剩余常数', 0.9503183364868164), ('金阶梯透支用电量价户时间段金额表号', 0.919450044631958), ('88888888', 0.9851462244987488), ('COSO', 0.8640375733375549), ('VA元', 0.8320824503898621), ('kWh', 0.8849552273750305), ('8成功失败请购电拉闸L800T8', 0.850709080696106), ('外', 0.7348635196685791)]

2022-06-28 10:12:11,173: detec: 接收参数：[图片路径：photo\img5\3530001000101428390262_OK084606.jpg，配置文件路径：photo\img5\config5.ini ]
识别结果：[('当前上18月组合正反向总费率8剩余常数', 0.9018211364746094), ('MC金阶梯透支用电量价户时间段金额表号', 0.8753584027290344), ('88888888', 0.9005963802337646), ('COSO', 0.9001464247703552), ('VA元', 0.9787635803222656), ('Wh', 0.8510910272598267), ('8成功失败请购电拉间本L808', 0.7992728352546692)]

2022-06-28 10:12:11,628: detec: 接收参数：[图片路径：photo\img5\Inked111.jpg，配置文件路径：photo\img5\config5.ini ]
识别结果：[('当前上18月组合正反向总费', 0.9401410818099976), ('费18剩余常数', 0.811994194984436), ('额表号', 0.9790232181549072), ('M金阶梯透支用电量价户时间段', 0.8370581269264221), ('88888888', 0.9687275290489197), ('COSO', 0.8034073114395142), ('VA元', 0.9897642135620117), ('kWh', 0.815997838973999), ('成功失败请购电拉闸8T18', 0.8158343434333801)]

2022-06-28 10:12:12,073: detec: 接收参数：[图片路径：photo\img5\Inked222.jpg，配置文件路径：photo\img5\config5.ini ]
识别结果：[('前上18月组合正反向总', 0.9645377993583679), ('率18剩余常数', 0.9611888527870178), ('M金阶梯透支用电量价户时间段金额表号', 0.9147273302078247), ('88888888', 0.979325532913208), ('COSO', 0.8945747017860413), ('VA元', 0.989039421081543), ('kWh', 0.8649837374687195), ('成功失败请购电拉闸8T18', 0.7943331003189087)]

2022-06-28 10:12:12,531: detec: 接收参数：[图片路径：photo\img5\Inked3530001000101428390194_OK084553.jpg，配置文件路径：photo\img5\config5.ini ]
识别结果：[('当前上18月组合正反向总费率18剩余常数', 0.9707545042037964), ('段金额表号', 0.9936318397521973), ('M金阶梯透支用电量价户', 0.9062831997871399), ('88888888', 0.893265962600708), ('COSS', 0.8116082549095154), ('VA元', 0.9515882134437561), ('KWh', 0.5967267155647278), ('8成功失败请购电拉闸44L800T8', 0.7420141100883484)]

2022-06-28 10:12:12,965: detec: 接收参数：[图片路径：photo\img5\Inked3530001000101428390200_OK084600.jpg，配置文件路径：photo\img5\config5.ini ]
识别结果：[('当前上18月组合正反向总费率18剩余常数', 0.9455443620681763), ('WC金阶梯透支用电量价户时间段金额表号', 0.8724002838134766), ('88888888', 0.9855701327323914), ('COSO', 0.8125065565109253), ('VA元', 0.9242374300956726), ('kWh', 0.8423914909362793), ('8成', 0.8115473389625549), ('青购电拉闸公AL8OTI8', 0.7249131798744202)]

2022-06-28 10:13:34,395: detec: 接收参数：[图片路径：photo\img5\3530001000101428389914_OK144904.jpg，配置文件路径：photo\img5\config5.ini ]
识别结果：[('当前上18月组合正反向总费率18剩余常数', 0.9497418403625488), ('M金阶梯透支用电量价户时间段金额表号', 0.9229118824005127), ('88888888', 0.9188968539237976), ('COSO', 0.867850661277771), ('VA元', 0.9886545538902283), ('kWh', 0.8593657612800598), ('成功失败请购电拉闸8T18', 0.8054333925247192)]

2022-06-28 10:13:34,894: detec: 接收参数：[图片路径：photo\img5\3530001000101428389938_OK144901.jpg，配置文件路径：photo\img5\config5.ini ]
识别结果：[('当前上18月组合正反向总费率18剩余常数', 0.9772030115127563), ('金阶梯透支用电量价户时间段金额表号', 0.9610429406166077), ('88888888', 0.9119275808334351), ('COSO', 0.8069679141044617), ('VA元', 0.9894230961799622), ('kWh', 0.9486969113349915), ('8成功失败请购电拉闸AL8OT8', 0.7983817458152771)]

2022-06-28 10:13:35,399: detec: 接收参数：[图片路径：photo\img5\3530001000101428389945_OK155744.jpg，配置文件路径：photo\img5\config5.ini ]
识别结果：[('当前上18月组合正反向总费率18剩余常数', 0.9612663388252258), ('金阶梯透支用电量价户时间段金额表号', 0.9253332614898682), ('88888888', 0.935476541519165), ('COSO', 0.8077558279037476), ('VA元', 0.9897088408470154), ('kWh', 0.8653688430786133), ('成功失败请购电拉闸L80T18', 0.8193985223770142), ('红外', 0.8668880462646484)]

2022-06-28 10:13:35,916: detec: 接收参数：[图片路径：photo\img5\3530001000101428389952_OK155813.jpg，配置文件路径：photo\img5\config5.ini ]
识别结果：[('当前上18月组合正反向总费率18剩余常数', 0.9706617593765259), ('M金阶梯透支用电量价户时间段金额表号', 0.9210149049758911), ('88888888', 0.9440195560455322), ('COSO', 0.7768493890762329), ('VA元', 0.878282368183136), ('kWh', 0.8715925216674805), ('成功失败请购电拉闸L8T8', 0.8527994751930237)]

2022-06-28 10:13:36,406: detec: 接收参数：[图片路径：photo\img5\3530001000101428389969_OK155804.jpg，配置文件路径：photo\img5\config5.ini ]
识别结果：[('当前上18月组合正反向总费率：8剩余常数', 0.9490286707878113), ('金阶梯透支用电量价户时间段金额表号', 0.964572548866272), ('88888888', 0.9910664558410645), ('COSO', 0.7843766212463379), ('VA元', 0.9845428466796875), ('kWh', 0.8801429271697998), ('成功失败请购电拉闸L8OT18', 0.8178088665008545)]

2022-06-28 10:13:36,835: detec: 接收参数：[图片路径：photo\img5\3530001000101428389983_OK155807.jpg，配置文件路径：photo\img5\config5.ini ]
识别结果：[('当前上18月组合正反向总费率18剩余常数', 0.8959618806838989), ('M金阶梯透支用电量价户时间段金额表号', 0.9448972344398499), ('88888888', 0.9936173558235168), ('COSO', 0.8393115997314453), ('VA元', 0.9884713292121887), ('kWh', 0.7701549530029297), ('成功失败请购电拉闸AL8OT8', 0.8106553554534912)]

2022-06-28 10:13:37,260: detec: 接收参数：[图片路径：photo\img5\3530001000101428390026_OK155816.jpg，配置文件路径：photo\img5\config5.ini ]
识别结果：[('当前上18月组合正反向总费率18剩余常数', 0.9697917103767395), ('金阶梯透支用电量价户时间段金额表号', 0.9684634208679199), ('88888888', 0.9900050163269043), ('COSO', 0.882804274559021), ('VA元', 0.88889080286026), ('kWh', 0.9270278811454773), ('8成功失败请购电拉闸8', 0.9074808359146118), ('800TI8', 0.7506788372993469)]

2022-06-28 10:13:37,689: detec: 接收参数：[图片路径：photo\img5\3530001000101428390040_OK155754.jpg，配置文件路径：photo\img5\config5.ini ]
识别结果：[('当前上18月组合正反向总费率！8剩余常数', 0.9339978098869324), ('M金阶梯透支用电量价户时间段金额表号', 0.9213762283325195), ('888888.88', 0.8616458177566528), ('COSO', 0.813568115234375), ('VA元', 0.9893774390220642), ('kWh', 0.9514164924621582), ('8成功失败请购电拉闸4L80T8', 0.817804217338562)]

2022-06-28 10:13:38,111: detec: 接收参数：[图片路径：photo\img5\3530001000101428390194_OK084553.jpg，配置文件路径：photo\img5\config5.ini ]
识别结果：[('当前上18月组合正反向总费率18剩余常数', 0.9712803959846497), ('M金阶梯透支用电量价户时间段金额表号', 0.9228989481925964), ('88888888', 0.9050948619842529), ('COSO', 0.8470121622085571), ('VA元', 0.9726090431213379), ('KWh', 0.7413589358329773), ('8成功失败请购电拉闸4L80T18', 0.7774387001991272)]

2022-06-28 10:13:38,540: detec: 接收参数：[图片路径：photo\img5\3530001000101428390200_OK084600.jpg，配置文件路径：photo\img5\config5.ini ]
识别结果：[('当前上18月组合正反向总费率18剩余常数', 0.9513216018676758), ('WC金阶梯透支用电量价户时间段金额表号', 0.8714935779571533), ('88888888', 0.9340482950210571), ('COSO', 0.7599861025810242), ('VA元', 0.9266078472137451), ('kWh', 0.8448931574821472), ('8成功失败请购电拉闸89T18', 0.7516546845436096)]

2022-06-28 10:13:39,004: detec: 接收参数：[图片路径：photo\img5\3530001000101428390224_OK084534.jpg，配置文件路径：photo\img5\config5.ini ]
识别结果：[('当前上18月组合正反向总费率18剩余常数', 0.9300252199172974), ('金阶梯透支用电量价户时间段金额表号', 0.9762705564498901), ('88888888', 0.9950913190841675), ('COSO', 0.9302129745483398), ('1A元', 0.8076700568199158), ('kWh', 0.7341997623443604), ('8成功失败请购电拉闸L80T8', 0.8561089634895325), ('业', 0.5916939377784729), ('红外', 0.7781259417533875)]

2022-06-28 10:13:39,464: detec: 接收参数：[图片路径：photo\img5\3530001000101428390255_OK084609.jpg，配置文件路径：photo\img5\config5.ini ]
识别结果：[('当前上18月组合正反向总费率18剩余常数', 0.9503183364868164), ('金阶梯透支用电量价户时间段金额表号', 0.919450044631958), ('88888888', 0.9851462244987488), ('COSO', 0.8640375733375549), ('VA元', 0.8320824503898621), ('kWh', 0.8849552273750305), ('8成功失败请购电拉闸L800T8', 0.850709080696106), ('外', 0.7348635196685791)]

2022-06-28 10:13:39,907: detec: 接收参数：[图片路径：photo\img5\3530001000101428390262_OK084606.jpg，配置文件路径：photo\img5\config5.ini ]
识别结果：[('当前上18月组合正反向总费率8剩余常数', 0.9018211364746094), ('MC金阶梯透支用电量价户时间段金额表号', 0.8753584027290344), ('88888888', 0.9005963802337646), ('COSO', 0.9001464247703552), ('VA元', 0.9787635803222656), ('Wh', 0.8510910272598267), ('8成功失败请购电拉间本L808', 0.7992728352546692)]

2022-06-28 10:13:40,347: detec: 接收参数：[图片路径：photo\img5\Inked111.jpg，配置文件路径：photo\img5\config5.ini ]
识别结果：[('当前上18月组合正反向总费', 0.9401410818099976), ('费18剩余常数', 0.811994194984436), ('额表号', 0.9790232181549072), ('M金阶梯透支用电量价户时间段', 0.8370581269264221), ('88888888', 0.9687275290489197), ('COSO', 0.8034073114395142), ('VA元', 0.9897642135620117), ('kWh', 0.815997838973999), ('成功失败请购电拉闸8T18', 0.8158343434333801)]

2022-06-28 10:13:40,774: detec: 接收参数：[图片路径：photo\img5\Inked222.jpg，配置文件路径：photo\img5\config5.ini ]
识别结果：[('前上18月组合正反向总', 0.9645377993583679), ('率18剩余常数', 0.9611888527870178), ('M金阶梯透支用电量价户时间段金额表号', 0.9147273302078247), ('88888888', 0.979325532913208), ('COSO', 0.8945747017860413), ('VA元', 0.989039421081543), ('kWh', 0.8649837374687195), ('成功失败请购电拉闸8T18', 0.7943331003189087)]

2022-06-28 10:13:41,213: detec: 接收参数：[图片路径：photo\img5\Inked3530001000101428390194_OK084553.jpg，配置文件路径：photo\img5\config5.ini ]
识别结果：[('当前上18月组合正反向总费率18剩余常数', 0.9707545042037964), ('段金额表号', 0.9936318397521973), ('M金阶梯透支用电量价户', 0.9062831997871399), ('88888888', 0.893265962600708), ('COSS', 0.8116082549095154), ('VA元', 0.9515882134437561), ('KWh', 0.5967267155647278), ('8成功失败请购电拉闸44L800T8', 0.7420141100883484)]

2022-06-28 10:13:41,639: detec: 接收参数：[图片路径：photo\img5\Inked3530001000101428390200_OK084600.jpg，配置文件路径：photo\img5\config5.ini ]
识别结果：[('当前上18月组合正反向总费率18剩余常数', 0.9455443620681763), ('WC金阶梯透支用电量价户时间段金额表号', 0.8724002838134766), ('88888888', 0.9855701327323914), ('COSO', 0.8125065565109253), ('VA元', 0.9242374300956726), ('kWh', 0.8423914909362793), ('8成', 0.8115473389625549), ('青购电拉闸公AL8OTI8', 0.7249131798744202)]

2022-06-28 10:22:17,212: detec: 接收参数：[图片路径：photo\img5\3530001000101428389914_OK144904.jpg，配置文件路径：photo\img5\config5.ini ]
识别结果：[('当前上18月组合正反向总费率18剩余常数', 0.9497418403625488), ('M金阶梯透支用电量价户时间段金额表号', 0.9229118824005127), ('88888888', 0.9188968539237976), ('COSO', 0.867850661277771), ('VA元', 0.9886545538902283), ('kWh', 0.8593657612800598), ('成功失败请购电拉闸8T18', 0.8054333925247192)]

2022-06-28 10:22:17,676: detec: 接收参数：[图片路径：photo\img5\3530001000101428389938_OK144901.jpg，配置文件路径：photo\img5\config5.ini ]
识别结果：[('当前上18月组合正反向总费率18剩余常数', 0.9772030115127563), ('金阶梯透支用电量价户时间段金额表号', 0.9610429406166077), ('88888888', 0.9119275808334351), ('COSO', 0.8069679141044617), ('VA元', 0.9894230961799622), ('kWh', 0.9486969113349915), ('8成功失败请购电拉闸AL8OT8', 0.7983817458152771)]

2022-06-28 10:22:18,132: detec: 接收参数：[图片路径：photo\img5\3530001000101428389945_OK155744.jpg，配置文件路径：photo\img5\config5.ini ]
识别结果：[('当前上18月组合正反向总费率18剩余常数', 0.9612663388252258), ('金阶梯透支用电量价户时间段金额表号', 0.9253332614898682), ('88888888', 0.935476541519165), ('COSO', 0.8077558279037476), ('VA元', 0.9897088408470154), ('kWh', 0.8653688430786133), ('成功失败请购电拉闸L80T18', 0.8193985223770142), ('红外', 0.8668880462646484)]

2022-06-28 10:22:18,600: detec: 接收参数：[图片路径：photo\img5\3530001000101428389952_OK155813.jpg，配置文件路径：photo\img5\config5.ini ]
识别结果：[('当前上18月组合正反向总费率18剩余常数', 0.9706617593765259), ('M金阶梯透支用电量价户时间段金额表号', 0.9210149049758911), ('88888888', 0.9440195560455322), ('COSO', 0.7768493890762329), ('VA元', 0.878282368183136), ('kWh', 0.8715925216674805), ('成功失败请购电拉闸L8T8', 0.8527994751930237)]

2022-06-28 10:22:19,056: detec: 接收参数：[图片路径：photo\img5\3530001000101428389969_OK155804.jpg，配置文件路径：photo\img5\config5.ini ]
识别结果：[('当前上18月组合正反向总费率：8剩余常数', 0.9490286707878113), ('金阶梯透支用电量价户时间段金额表号', 0.964572548866272), ('88888888', 0.9910664558410645), ('COSO', 0.7843766212463379), ('VA元', 0.9845428466796875), ('kWh', 0.8801429271697998), ('成功失败请购电拉闸L8OT18', 0.8178088665008545)]

2022-06-28 10:22:19,482: detec: 接收参数：[图片路径：photo\img5\3530001000101428389983_OK155807.jpg，配置文件路径：photo\img5\config5.ini ]
识别结果：[('当前上18月组合正反向总费率18剩余常数', 0.8959618806838989), ('M金阶梯透支用电量价户时间段金额表号', 0.9448972344398499), ('88888888', 0.9936173558235168), ('COSO', 0.8393115997314453), ('VA元', 0.9884713292121887), ('kWh', 0.7701549530029297), ('成功失败请购电拉闸AL8OT8', 0.8106553554534912)]

2022-06-28 10:22:19,914: detec: 接收参数：[图片路径：photo\img5\3530001000101428390026_OK155816.jpg，配置文件路径：photo\img5\config5.ini ]
识别结果：[('当前上18月组合正反向总费率18剩余常数', 0.9697917103767395), ('金阶梯透支用电量价户时间段金额表号', 0.9684634208679199), ('88888888', 0.9900050163269043), ('COSO', 0.882804274559021), ('VA元', 0.88889080286026), ('kWh', 0.9270278811454773), ('8成功失败请购电拉闸8', 0.9074808359146118), ('800TI8', 0.7506788372993469)]

2022-06-28 10:22:20,341: detec: 接收参数：[图片路径：photo\img5\3530001000101428390040_OK155754.jpg，配置文件路径：photo\img5\config5.ini ]
识别结果：[('当前上18月组合正反向总费率！8剩余常数', 0.9339978098869324), ('M金阶梯透支用电量价户时间段金额表号', 0.9213762283325195), ('888888.88', 0.8616458177566528), ('COSO', 0.813568115234375), ('VA元', 0.9893774390220642), ('kWh', 0.9514164924621582), ('8成功失败请购电拉闸4L80T8', 0.817804217338562)]

2022-06-28 10:22:20,757: detec: 接收参数：[图片路径：photo\img5\3530001000101428390194_OK084553.jpg，配置文件路径：photo\img5\config5.ini ]
识别结果：[('当前上18月组合正反向总费率18剩余常数', 0.9712803959846497), ('M金阶梯透支用电量价户时间段金额表号', 0.9228989481925964), ('88888888', 0.9050948619842529), ('COSO', 0.8470121622085571), ('VA元', 0.9726090431213379), ('KWh', 0.7413589358329773), ('8成功失败请购电拉闸4L80T18', 0.7774387001991272)]

2022-06-28 10:22:21,175: detec: 接收参数：[图片路径：photo\img5\3530001000101428390200_OK084600.jpg，配置文件路径：photo\img5\config5.ini ]
识别结果：[('当前上18月组合正反向总费率18剩余常数', 0.9513216018676758), ('WC金阶梯透支用电量价户时间段金额表号', 0.8714935779571533), ('88888888', 0.9340482950210571), ('COSO', 0.7599861025810242), ('VA元', 0.9266078472137451), ('kWh', 0.8448931574821472), ('8成功失败请购电拉闸89T18', 0.7516546845436096)]

2022-06-28 10:22:21,622: detec: 接收参数：[图片路径：photo\img5\3530001000101428390224_OK084534.jpg，配置文件路径：photo\img5\config5.ini ]
识别结果：[('当前上18月组合正反向总费率18剩余常数', 0.9300252199172974), ('金阶梯透支用电量价户时间段金额表号', 0.9762705564498901), ('88888888', 0.9950913190841675), ('COSO', 0.9302129745483398), ('1A元', 0.8076700568199158), ('kWh', 0.7341997623443604), ('8成功失败请购电拉闸L80T8', 0.8561089634895325), ('业', 0.5916939377784729), ('红外', 0.7781259417533875)]

2022-06-28 10:22:22,050: detec: 接收参数：[图片路径：photo\img5\3530001000101428390255_OK084609.jpg，配置文件路径：photo\img5\config5.ini ]
识别结果：[('当前上18月组合正反向总费率18剩余常数', 0.9503183364868164), ('金阶梯透支用电量价户时间段金额表号', 0.919450044631958), ('88888888', 0.9851462244987488), ('COSO', 0.8640375733375549), ('VA元', 0.8320824503898621), ('kWh', 0.8849552273750305), ('8成功失败请购电拉闸L800T8', 0.850709080696106), ('外', 0.7348635196685791)]

2022-06-28 10:22:22,506: detec: 接收参数：[图片路径：photo\img5\3530001000101428390262_OK084606.jpg，配置文件路径：photo\img5\config5.ini ]
识别结果：[('当前上18月组合正反向总费率8剩余常数', 0.9018211364746094), ('MC金阶梯透支用电量价户时间段金额表号', 0.8753584027290344), ('88888888', 0.9005963802337646), ('COSO', 0.9001464247703552), ('VA元', 0.9787635803222656), ('Wh', 0.8510910272598267), ('8成功失败请购电拉间本L808', 0.7992728352546692)]

2022-06-28 10:22:22,957: detec: 接收参数：[图片路径：photo\img5\Inked111.jpg，配置文件路径：photo\img5\config5.ini ]
识别结果：[('当前上18月组合正反向总费', 0.9401410818099976), ('费18剩余常数', 0.811994194984436), ('额表号', 0.9790232181549072), ('M金阶梯透支用电量价户时间段', 0.8370581269264221), ('88888888', 0.9687275290489197), ('COSO', 0.8034073114395142), ('VA元', 0.9897642135620117), ('kWh', 0.815997838973999), ('成功失败请购电拉闸8T18', 0.8158343434333801)]

2022-06-28 10:22:23,393: detec: 接收参数：[图片路径：photo\img5\Inked222.jpg，配置文件路径：photo\img5\config5.ini ]
识别结果：[('前上18月组合正反向总', 0.9645377993583679), ('率18剩余常数', 0.9611888527870178), ('M金阶梯透支用电量价户时间段金额表号', 0.9147273302078247), ('88888888', 0.979325532913208), ('COSO', 0.8945747017860413), ('VA元', 0.989039421081543), ('kWh', 0.8649837374687195), ('成功失败请购电拉闸8T18', 0.7943331003189087)]

2022-06-28 10:22:23,843: detec: 接收参数：[图片路径：photo\img5\Inked3530001000101428390194_OK084553.jpg，配置文件路径：photo\img5\config5.ini ]
识别结果：[('当前上18月组合正反向总费率18剩余常数', 0.9707545042037964), ('段金额表号', 0.9936318397521973), ('M金阶梯透支用电量价户', 0.9062831997871399), ('88888888', 0.893265962600708), ('COSS', 0.8116082549095154), ('VA元', 0.9515882134437561), ('KWh', 0.5967267155647278), ('8成功失败请购电拉闸44L800T8', 0.7420141100883484)]

2022-06-28 10:22:24,267: detec: 接收参数：[图片路径：photo\img5\Inked3530001000101428390200_OK084600.jpg，配置文件路径：photo\img5\config5.ini ]
识别结果：[('当前上18月组合正反向总费率18剩余常数', 0.9455443620681763), ('WC金阶梯透支用电量价户时间段金额表号', 0.8724002838134766), ('88888888', 0.9855701327323914), ('COSO', 0.8125065565109253), ('VA元', 0.9242374300956726), ('kWh', 0.8423914909362793), ('8成', 0.8115473389625549), ('青购电拉闸公AL8OTI8', 0.7249131798744202)]

