2022-08-29 13:29:48,733: detec_shu: 接收参数：[图片路径：./photo/img1/PICTURE1\001.jpg，配置文件路径：photo/ini ]
识别结果：[('当前上18月组合反正向无有功IIIV总费率18', 0.9560205340385437), ('ABCNCOS阶梯剩余需电量费价失压流功率时间段', 0.9760205149650574), ('88888888', 0.936933696269989), ('uaUbUc-la-Ib-1e金L8Ti8', 0.7060077786445618), ('88金8 相序成功失败请购电拉闸', 0.8725124001502991)]

2022-08-29 13:29:48,734: detec_shu: 接收参数：[图片路径：./photo/img1/PICTURE1\001.jpg，配置文件路径：photo/ini ]
识别结果：[('当前上18月组合反正向无有功IIIV总费率18', 0.9560205340385437), ('ABCNCOS阶梯剩余需电量费价失压流功率时间段', 0.9760205149650574), ('88888888', 0.936933696269989), ('uaUbUc-la-Ib-1e金L8Ti8', 0.7060077786445618), ('88金8 相序成功失败请购电拉闸', 0.8725124001502991)]

2022-08-29 13:29:50,224: detec_shu: 接收参数：[图片路径：./photo/img1/PICTURE2\001.jpg，配置文件路径：photo/ini ]
识别结果：[('当前上18月组合反正向无有功IIIV总费率18', 0.9560205340385437), ('ABCNCOS阶梯剩余需电量费价失压流功率时间段', 0.9760205149650574), ('88888888', 0.936933696269989), ('uaUbUc-la-Ib-1e金L8Ti8', 0.7060077786445618), ('88金8 相序成功失败请购电拉闸', 0.8725124001502991)]

2022-08-29 13:29:50,224: detec_shu: 接收参数：[图片路径：./photo/img1/PICTURE2\001.jpg，配置文件路径：photo/ini ]
识别结果：[('当前上18月组合反正向无有功IIIV总费率18', 0.9560205340385437), ('ABCNCOS阶梯剩余需电量费价失压流功率时间段', 0.9760205149650574), ('88888888', 0.936933696269989), ('uaUbUc-la-Ib-1e金L8Ti8', 0.7060077786445618), ('88金8 相序成功失败请购电拉闸', 0.8725124001502991)]

2022-08-29 13:29:51,692: detec_shu: 接收参数：[图片路径：./photo/img1/PICTURE3\001.jpg，配置文件路径：photo/ini ]
识别结果：[('当前上18月组合反正向无有功IIIV总费率18', 0.9560205340385437), ('ABCNCOS阶梯剩余需电量费价失压流功率时间段', 0.9760205149650574), ('88888888', 0.936933696269989), ('uaUbUc-la-Ib-1e金L8Ti8', 0.7060077786445618), ('88金8 相序成功失败请购电拉闸', 0.8725124001502991)]

2022-08-29 13:29:51,692: detec_shu: 接收参数：[图片路径：./photo/img1/PICTURE3\001.jpg，配置文件路径：photo/ini ]
识别结果：[('当前上18月组合反正向无有功IIIV总费率18', 0.9560205340385437), ('ABCNCOS阶梯剩余需电量费价失压流功率时间段', 0.9760205149650574), ('88888888', 0.936933696269989), ('uaUbUc-la-Ib-1e金L8Ti8', 0.7060077786445618), ('88金8 相序成功失败请购电拉闸', 0.8725124001502991)]

2022-08-29 13:29:53,194: detec_shu: 接收参数：[图片路径：./photo/img1/PICTURE4\001.jpg，配置文件路径：photo/ini ]
识别结果：[('当前上18月组合反正向无有功IIIV总费率18', 0.9560205340385437), ('ABCNCOS阶梯剩余需电量费价失压流功率时间段', 0.9760205149650574), ('88888888', 0.936933696269989), ('uaUbUc-la-Ib-1e金L8Ti8', 0.7060077786445618), ('88金8 相序成功失败请购电拉闸', 0.8725124001502991)]

2022-08-29 13:29:53,194: detec_shu: 接收参数：[图片路径：./photo/img1/PICTURE4\001.jpg，配置文件路径：photo/ini ]
识别结果：[('当前上18月组合反正向无有功IIIV总费率18', 0.9560205340385437), ('ABCNCOS阶梯剩余需电量费价失压流功率时间段', 0.9760205149650574), ('88888888', 0.936933696269989), ('uaUbUc-la-Ib-1e金L8Ti8', 0.7060077786445618), ('88金8 相序成功失败请购电拉闸', 0.8725124001502991)]

2022-08-29 14:38:49,591: detec_shu: 接收参数：[图片路径：./photo/img1/PICTURE1\001.jpg，配置文件路径：photo/ini ]
识别结果：[('当前上18月组合反正向无有功IIIV总费率18', 0.9560205340385437), ('ABCNCOS阶梯剩余需电量费价失压流功率时间段', 0.9760205149650574), ('88888888', 0.936933696269989), ('uaUbUc-la-Ib-1e金L8Ti8', 0.7060077786445618), ('88金8 相序成功失败请购电拉闸', 0.8725124001502991)]

2022-08-29 14:38:49,591: detec_shu: 接收参数：[图片路径：./photo/img1/PICTURE1\001.jpg，配置文件路径：photo/ini ]
识别结果：[('当前上18月组合反正向无有功IIIV总费率18', 0.9560205340385437), ('ABCNCOS阶梯剩余需电量费价失压流功率时间段', 0.9760205149650574), ('88888888', 0.936933696269989), ('uaUbUc-la-Ib-1e金L8Ti8', 0.7060077786445618), ('88金8 相序成功失败请购电拉闸', 0.8725124001502991)]

2022-08-29 14:38:51,208: detec_shu: 接收参数：[图片路径：./photo/img1/PICTURE2\001.jpg，配置文件路径：photo/ini ]
识别结果：[('当前上18月组合反正向无有功IIIV总费率18', 0.9560205340385437), ('ABCNCOS阶梯剩余需电量费价失压流功率时间段', 0.9760205149650574), ('88888888', 0.936933696269989), ('uaUbUc-la-Ib-1e金L8Ti8', 0.7060077786445618), ('88金8 相序成功失败请购电拉闸', 0.8725124001502991)]

2022-08-29 14:38:51,208: detec_shu: 接收参数：[图片路径：./photo/img1/PICTURE2\001.jpg，配置文件路径：photo/ini ]
识别结果：[('当前上18月组合反正向无有功IIIV总费率18', 0.9560205340385437), ('ABCNCOS阶梯剩余需电量费价失压流功率时间段', 0.9760205149650574), ('88888888', 0.936933696269989), ('uaUbUc-la-Ib-1e金L8Ti8', 0.7060077786445618), ('88金8 相序成功失败请购电拉闸', 0.8725124001502991)]

2022-08-29 14:38:52,776: detec_shu: 接收参数：[图片路径：./photo/img1/PICTURE3\001.jpg，配置文件路径：photo/ini ]
识别结果：[('当前上18月组合反正向无有功IIIV总费率18', 0.9560205340385437), ('ABCNCOS阶梯剩余需电量费价失压流功率时间段', 0.9760205149650574), ('88888888', 0.936933696269989), ('uaUbUc-la-Ib-1e金L8Ti8', 0.7060077786445618), ('88金8 相序成功失败请购电拉闸', 0.8725124001502991)]

2022-08-29 14:38:52,776: detec_shu: 接收参数：[图片路径：./photo/img1/PICTURE3\001.jpg，配置文件路径：photo/ini ]
识别结果：[('当前上18月组合反正向无有功IIIV总费率18', 0.9560205340385437), ('ABCNCOS阶梯剩余需电量费价失压流功率时间段', 0.9760205149650574), ('88888888', 0.936933696269989), ('uaUbUc-la-Ib-1e金L8Ti8', 0.7060077786445618), ('88金8 相序成功失败请购电拉闸', 0.8725124001502991)]

2022-08-29 14:38:54,315: detec_shu: 接收参数：[图片路径：./photo/img1/PICTURE4\001.jpg，配置文件路径：photo/ini ]
识别结果：[('当前上18月组合反正向无有功IIIV总费率18', 0.9560205340385437), ('ABCNCOS阶梯剩余需电量费价失压流功率时间段', 0.9760205149650574), ('88888888', 0.936933696269989), ('uaUbUc-la-Ib-1e金L8Ti8', 0.7060077786445618), ('88金8 相序成功失败请购电拉闸', 0.8725124001502991)]

2022-08-29 14:38:54,315: detec_shu: 接收参数：[图片路径：./photo/img1/PICTURE4\001.jpg，配置文件路径：photo/ini ]
识别结果：[('当前上18月组合反正向无有功IIIV总费率18', 0.9560205340385437), ('ABCNCOS阶梯剩余需电量费价失压流功率时间段', 0.9760205149650574), ('88888888', 0.936933696269989), ('uaUbUc-la-Ib-1e金L8Ti8', 0.7060077786445618), ('88金8 相序成功失败请购电拉闸', 0.8725124001502991)]

2022-08-29 14:46:11,771: detec_list: 接收参数：[图片路径：./photo/61img/PICTURE1\3730001000000892640164.jpg，配置文件路径：photo/ini61 ]
识别结果：[('当前上18月组合反正向无有功IIIV总费率18', 0.9526405334472656), ('ABCNCOSQ阶梯剩余需电量费价失压流功率时间段', 0.9330014586448669), ('元', 0.9985949397087097), ('88', 0.8807339668273926), ('kVAh', 0.9053657054901123), ('kvarh', 0.905440628528595), ('88.888888uaubuc-la-b-1oL8T18', 0.8025065064430237), ('88金88送相序成功失败请购电拉闸', 0.8826595544815063)]

2022-08-29 14:46:11,771: detec_list: 接收参数：[图片路径：./photo/61img/PICTURE1\3730001000000892640164.jpg，配置文件路径：photo/ini61 ]
识别结果：[('当前上18月组合反正向无有功IIIV总费率18', 0.9526405334472656), ('ABCNCOSQ阶梯剩余需电量费价失压流功率时间段', 0.9330014586448669), ('元', 0.9985949397087097), ('88', 0.8807339668273926), ('kVAh', 0.9053657054901123), ('kvarh', 0.905440628528595), ('88.888888uaubuc-la-b-1oL8T18', 0.8025065064430237), ('88金88送相序成功失败请购电拉闸', 0.8826595544815063)]

2022-08-29 14:46:12,829: detec_list: 接收参数：[图片路径：./photo/61img/PICTURE1\3730001000000892641994.jpg，配置文件路径：photo/ini61 ]
识别结果：[]

2022-08-29 14:46:14,662: detec_list: 接收参数：[图片路径：./photo/61img/PICTURE1\3730001000000892663187.jpg，配置文件路径：photo/ini61 ]
识别结果：[('当前上18月组合反正向无有动IV总费', 0.8427025675773621), ('ABCNCOSΦ阶梯乘余需', 0.844143807888031), ('8888888', 0.8729215264320374), ('元', 0.9982062578201294), ('kWAh', 0.8526304364204407), ('kvarh', 0.8945221900939941), ('88888888060-1a-16-16L88T18', 0.7206806540489197), ('88金88相序成功失败请购电拉间', 0.7917710542678833)]

2022-08-29 14:46:14,662: detec_list: 接收参数：[图片路径：./photo/61img/PICTURE1\3730001000000892663187.jpg，配置文件路径：photo/ini61 ]
识别结果：[('当前上18月组合反正向无有动IV总费', 0.8427025675773621), ('ABCNCOSΦ阶梯乘余需', 0.844143807888031), ('8888888', 0.8729215264320374), ('元', 0.9982062578201294), ('kWAh', 0.8526304364204407), ('kvarh', 0.8945221900939941), ('88888888060-1a-16-16L88T18', 0.7206806540489197), ('88金88相序成功失败请购电拉间', 0.7917710542678833)]

2022-08-29 14:46:15,402: detec_list: 接收参数：[图片路径：./photo/61img/PICTURE2\3730001000000892641970.jpg，配置文件路径：photo/ini61 ]
识别结果：[]

2022-08-29 14:46:17,456: detec_list: 接收参数：[图片路径：./photo/61img/PICTURE3\3730001000000892656387.jpg，配置文件路径：photo/ini61 ]
识别结果：[('当前上18月组合反正向无有功IV总费率18', 0.9313927888870239), ('ABCNCOS0阶梯剩余需电量费价失压流功率时间段', 0.9341179728507996), ('元', 0.9988969564437866), ('kWAh', 0.9805392622947693), ('kvarh', 0.9923259019851685), ('88888888uaubc-la-1b-1oL8T18', 0.77599036693573), ('88金88送相序成功失败请购电拉闸', 0.8571298122406006)]

2022-08-29 14:46:17,456: detec_list: 接收参数：[图片路径：./photo/61img/PICTURE3\3730001000000892656387.jpg，配置文件路径：photo/ini61 ]
识别结果：[('当前上18月组合反正向无有功IV总费率18', 0.9313927888870239), ('ABCNCOS0阶梯剩余需电量费价失压流功率时间段', 0.9341179728507996), ('元', 0.9988969564437866), ('kWAh', 0.9805392622947693), ('kvarh', 0.9923259019851685), ('88888888uaubc-la-1b-1oL8T18', 0.77599036693573), ('88金88送相序成功失败请购电拉闸', 0.8571298122406006)]

2022-08-29 14:46:18,174: detec_list: 接收参数：[图片路径：./photo/61img/PICTURE3\3730001000000892660612.jpg，配置文件路径：photo/ini61 ]
识别结果：[]

2022-08-29 14:46:20,052: detec_list: 接收参数：[图片路径：./photo/61img/PICTURE4\3730001000000892630677.jpg，配置文件路径：photo/ini61 ]
识别结果：[('当前上18月组合反正向无有功IIIV总费率18', 0.9147094488143921), ('ABCNCOSO阶梯剩余需电量费价失压流功率时间段', 0.9326583743095398), ('元', 0.9973178505897522), ('-888', 0.9034281969070435), ('kWAh', 0.9576173424720764), ('kvarh', 0.9329760670661926), ('88888888uabUc-la-1b-loL8T18', 0.7869099974632263), ('88金88送相序成功失败请购电拉闸', 0.8840221166610718)]

2022-08-29 14:46:20,052: detec_list: 接收参数：[图片路径：./photo/61img/PICTURE4\3730001000000892630677.jpg，配置文件路径：photo/ini61 ]
识别结果：[('当前上18月组合反正向无有功IIIV总费率18', 0.9147094488143921), ('ABCNCOSO阶梯剩余需电量费价失压流功率时间段', 0.9326583743095398), ('元', 0.9973178505897522), ('-888', 0.9034281969070435), ('kWAh', 0.9576173424720764), ('kvarh', 0.9329760670661926), ('88888888uabUc-la-1b-loL8T18', 0.7869099974632263), ('88金88送相序成功失败请购电拉闸', 0.8840221166610718)]

2022-08-29 14:46:21,924: detec_list: 接收参数：[图片路径：./photo/61img/PICTURE4\3730001000000892679829.jpg，配置文件路径：photo/ini61 ]
识别结果：[('当前上18月组合反正向无有功IIIV总费率18', 0.9459637999534607), ('ABCNCOS@阶梯剩余需电量费价失压流功率时间段', 0.9215875864028931), ('元', 0.9960092306137085), ('kWAh', 0.9297724366188049), ('kvarh', 0.9702929258346558), ('88888888uaubuc-la-Ib-1oL8T18', 0.7891592383384705), ('88金88送相序成功失败请购电拉闸', 0.8455179929733276)]

2022-08-29 14:46:21,924: detec_list: 接收参数：[图片路径：./photo/61img/PICTURE4\3730001000000892679829.jpg，配置文件路径：photo/ini61 ]
识别结果：[('当前上18月组合反正向无有功IIIV总费率18', 0.9459637999534607), ('ABCNCOS@阶梯剩余需电量费价失压流功率时间段', 0.9215875864028931), ('元', 0.9960092306137085), ('kWAh', 0.9297724366188049), ('kvarh', 0.9702929258346558), ('88888888uaubuc-la-Ib-1oL8T18', 0.7891592383384705), ('88金88送相序成功失败请购电拉闸', 0.8455179929733276)]

2022-08-29 14:46:23,771: detec_list: 接收参数：[图片路径：./photo/61img/PICTURE5\3730001000000892645503.jpg，配置文件路径：photo/ini61 ]
识别结果：[('当前上18月组合反正向无有功IIIV总费率18', 0.917559802532196), ('ABCNCOS阶梯剩余需电量费价失压流功率时间段', 0.9705002903938293), ('元', 0.9983029365539551), ('kWAh', 0.932746410369873), ('kvarh', 0.889990508556366), ('8888.8888uaube-a-1b-lL8T18', 0.8337284922599792), ('8888送相序成功失败请购电拉闸', 0.8917795419692993)]

2022-08-29 14:46:23,771: detec_list: 接收参数：[图片路径：./photo/61img/PICTURE5\3730001000000892645503.jpg，配置文件路径：photo/ini61 ]
识别结果：[('当前上18月组合反正向无有功IIIV总费率18', 0.917559802532196), ('ABCNCOS阶梯剩余需电量费价失压流功率时间段', 0.9705002903938293), ('元', 0.9983029365539551), ('kWAh', 0.932746410369873), ('kvarh', 0.889990508556366), ('8888.8888uaube-a-1b-lL8T18', 0.8337284922599792), ('8888送相序成功失败请购电拉闸', 0.8917795419692993)]

2022-08-29 14:46:25,771: detec_list: 接收参数：[图片路径：./photo/61img/PICTURE5\3730001000000892648184.jpg，配置文件路径：photo/ini61 ]
识别结果：[('当前上18月组合反正向无有功IIIV总费率18', 0.9243872165679932), ('ABCNCOS0阶梯剩余需电量费价失压流功率时间段', 0.9539803862571716), ('元', 0.997731626033783), ('-881', 0.7753154039382935), ('kWAh', 0.8379474878311157), ('kvarh', 0.9778976440429688), ('88888888uaubUc-la-Ib-loL8T18', 0.8068394064903259), ('8888送相序成功失败请购电拉闸', 0.8864685297012329)]

2022-08-29 14:46:25,771: detec_list: 接收参数：[图片路径：./photo/61img/PICTURE5\3730001000000892648184.jpg，配置文件路径：photo/ini61 ]
识别结果：[('当前上18月组合反正向无有功IIIV总费率18', 0.9243872165679932), ('ABCNCOS0阶梯剩余需电量费价失压流功率时间段', 0.9539803862571716), ('元', 0.997731626033783), ('-881', 0.7753154039382935), ('kWAh', 0.8379474878311157), ('kvarh', 0.9778976440429688), ('88888888uaubUc-la-Ib-loL8T18', 0.8068394064903259), ('8888送相序成功失败请购电拉闸', 0.8864685297012329)]

2022-08-29 14:46:26,611: detec_list: 接收参数：[图片路径：./photo/61img/PICTURE5\3730001000000892670031.jpg，配置文件路径：photo/ini61 ]
识别结果：[]

2022-08-29 14:46:28,564: detec_list: 接收参数：[图片路径：./photo/61img/PICTURE6\3730001000000892678778.jpg，配置文件路径：photo/ini61 ]
识别结果：[('当前上18月组合反正向无有功IIV总费率18', 0.8984724283218384), ('ABCNCOS阶梯剩余需电量费价失压流功率时间段', 0.9644463658332825), ('元', 0.998651921749115), ('kWVAh', 0.7465082406997681), ('kvarh', 0.9911705851554871), ('88888888uaubuc-la-1b-loL8T18', 0.8048554062843323), ('8888送相序成功失败请购电拉闸', 0.8261101245880127)]

2022-08-29 14:46:28,564: detec_list: 接收参数：[图片路径：./photo/61img/PICTURE6\3730001000000892678778.jpg，配置文件路径：photo/ini61 ]
识别结果：[('当前上18月组合反正向无有功IIV总费率18', 0.8984724283218384), ('ABCNCOS阶梯剩余需电量费价失压流功率时间段', 0.9644463658332825), ('元', 0.998651921749115), ('kWVAh', 0.7465082406997681), ('kvarh', 0.9911705851554871), ('88888888uaubuc-la-1b-loL8T18', 0.8048554062843323), ('8888送相序成功失败请购电拉闸', 0.8261101245880127)]

2022-08-29 15:02:29,436: detec_shu: 接收参数：[图片路径：./photo/img1/PICTURE1\001.jpg，配置文件路径：photo/ini ]
识别结果：[('当前上18月组合反正向无有功IIIV总费率18', 0.9560205340385437), ('ABCNCOS阶梯剩余需电量费价失压流功率时间段', 0.9760205149650574), ('88888888', 0.936933696269989), ('uaUbUc-la-Ib-1e金L8Ti8', 0.7060077786445618), ('88金8 相序成功失败请购电拉闸', 0.8725124001502991)]

2022-08-29 15:02:29,437: detec_shu: 接收参数：[图片路径：./photo/img1/PICTURE1\001.jpg，配置文件路径：photo/ini ]
识别结果：[('当前上18月组合反正向无有功IIIV总费率18', 0.9560205340385437), ('ABCNCOS阶梯剩余需电量费价失压流功率时间段', 0.9760205149650574), ('88888888', 0.936933696269989), ('uaUbUc-la-Ib-1e金L8Ti8', 0.7060077786445618), ('88金8 相序成功失败请购电拉闸', 0.8725124001502991)]

2022-08-29 15:02:30,905: detec_shu: 接收参数：[图片路径：./photo/img1/PICTURE2\001.jpg，配置文件路径：photo/ini ]
识别结果：[('当前上18月组合反正向无有功IIIV总费率18', 0.9560205340385437), ('ABCNCOS阶梯剩余需电量费价失压流功率时间段', 0.9760205149650574), ('88888888', 0.936933696269989), ('uaUbUc-la-Ib-1e金L8Ti8', 0.7060077786445618), ('88金8 相序成功失败请购电拉闸', 0.8725124001502991)]

2022-08-29 15:02:30,905: detec_shu: 接收参数：[图片路径：./photo/img1/PICTURE2\001.jpg，配置文件路径：photo/ini ]
识别结果：[('当前上18月组合反正向无有功IIIV总费率18', 0.9560205340385437), ('ABCNCOS阶梯剩余需电量费价失压流功率时间段', 0.9760205149650574), ('88888888', 0.936933696269989), ('uaUbUc-la-Ib-1e金L8Ti8', 0.7060077786445618), ('88金8 相序成功失败请购电拉闸', 0.8725124001502991)]

2022-08-29 15:02:32,389: detec_shu: 接收参数：[图片路径：./photo/img1/PICTURE3\001.jpg，配置文件路径：photo/ini ]
识别结果：[('当前上18月组合反正向无有功IIIV总费率18', 0.9560205340385437), ('ABCNCOS阶梯剩余需电量费价失压流功率时间段', 0.9760205149650574), ('88888888', 0.936933696269989), ('uaUbUc-la-Ib-1e金L8Ti8', 0.7060077786445618), ('88金8 相序成功失败请购电拉闸', 0.8725124001502991)]

2022-08-29 15:02:32,390: detec_shu: 接收参数：[图片路径：./photo/img1/PICTURE3\001.jpg，配置文件路径：photo/ini ]
识别结果：[('当前上18月组合反正向无有功IIIV总费率18', 0.9560205340385437), ('ABCNCOS阶梯剩余需电量费价失压流功率时间段', 0.9760205149650574), ('88888888', 0.936933696269989), ('uaUbUc-la-Ib-1e金L8Ti8', 0.7060077786445618), ('88金8 相序成功失败请购电拉闸', 0.8725124001502991)]

2022-08-29 15:02:33,851: detec_shu: 接收参数：[图片路径：./photo/img1/PICTURE4\001.jpg，配置文件路径：photo/ini ]
识别结果：[('当前上18月组合反正向无有功IIIV总费率18', 0.9560205340385437), ('ABCNCOS阶梯剩余需电量费价失压流功率时间段', 0.9760205149650574), ('88888888', 0.936933696269989), ('uaUbUc-la-Ib-1e金L8Ti8', 0.7060077786445618), ('88金8 相序成功失败请购电拉闸', 0.8725124001502991)]

2022-08-29 15:02:33,851: detec_shu: 接收参数：[图片路径：./photo/img1/PICTURE4\001.jpg，配置文件路径：photo/ini ]
识别结果：[('当前上18月组合反正向无有功IIIV总费率18', 0.9560205340385437), ('ABCNCOS阶梯剩余需电量费价失压流功率时间段', 0.9760205149650574), ('88888888', 0.936933696269989), ('uaUbUc-la-Ib-1e金L8Ti8', 0.7060077786445618), ('88金8 相序成功失败请购电拉闸', 0.8725124001502991)]

2022-08-29 15:04:09,269: detec_shu: 接收参数：[图片路径：./photo/img1/PICTURE1\001.jpg，配置文件路径：photo/ini ]
识别结果：[('当前上18月组合反正向无有功IIIV总费率18', 0.9560205340385437), ('ABCNCOS阶梯剩余需电量费价失压流功率时间段', 0.9760205149650574), ('88888888', 0.936933696269989), ('uaUbUc-la-Ib-1e金L8Ti8', 0.7060077786445618), ('88金8 相序成功失败请购电拉闸', 0.8725124001502991)]

2022-08-29 15:04:09,269: detec_shu: 接收参数：[图片路径：./photo/img1/PICTURE1\001.jpg，配置文件路径：photo/ini ]
识别结果：[('当前上18月组合反正向无有功IIIV总费率18', 0.9560205340385437), ('ABCNCOS阶梯剩余需电量费价失压流功率时间段', 0.9760205149650574), ('88888888', 0.936933696269989), ('uaUbUc-la-Ib-1e金L8Ti8', 0.7060077786445618), ('88金8 相序成功失败请购电拉闸', 0.8725124001502991)]

2022-08-29 15:04:10,752: detec_shu: 接收参数：[图片路径：./photo/img1/PICTURE2\001.jpg，配置文件路径：photo/ini ]
识别结果：[('当前上18月组合反正向无有功IIIV总费率18', 0.9560205340385437), ('ABCNCOS阶梯剩余需电量费价失压流功率时间段', 0.9760205149650574), ('88888888', 0.936933696269989), ('uaUbUc-la-Ib-1e金L8Ti8', 0.7060077786445618), ('88金8 相序成功失败请购电拉闸', 0.8725124001502991)]

2022-08-29 15:04:10,752: detec_shu: 接收参数：[图片路径：./photo/img1/PICTURE2\001.jpg，配置文件路径：photo/ini ]
识别结果：[('当前上18月组合反正向无有功IIIV总费率18', 0.9560205340385437), ('ABCNCOS阶梯剩余需电量费价失压流功率时间段', 0.9760205149650574), ('88888888', 0.936933696269989), ('uaUbUc-la-Ib-1e金L8Ti8', 0.7060077786445618), ('88金8 相序成功失败请购电拉闸', 0.8725124001502991)]

2022-08-29 15:04:12,210: detec_shu: 接收参数：[图片路径：./photo/img1/PICTURE3\001.jpg，配置文件路径：photo/ini ]
识别结果：[('当前上18月组合反正向无有功IIIV总费率18', 0.9560205340385437), ('ABCNCOS阶梯剩余需电量费价失压流功率时间段', 0.9760205149650574), ('88888888', 0.936933696269989), ('uaUbUc-la-Ib-1e金L8Ti8', 0.7060077786445618), ('88金8 相序成功失败请购电拉闸', 0.8725124001502991)]

2022-08-29 15:04:12,210: detec_shu: 接收参数：[图片路径：./photo/img1/PICTURE3\001.jpg，配置文件路径：photo/ini ]
识别结果：[('当前上18月组合反正向无有功IIIV总费率18', 0.9560205340385437), ('ABCNCOS阶梯剩余需电量费价失压流功率时间段', 0.9760205149650574), ('88888888', 0.936933696269989), ('uaUbUc-la-Ib-1e金L8Ti8', 0.7060077786445618), ('88金8 相序成功失败请购电拉闸', 0.8725124001502991)]

2022-08-29 15:04:13,694: detec_shu: 接收参数：[图片路径：./photo/img1/PICTURE4\001.jpg，配置文件路径：photo/ini ]
识别结果：[('当前上18月组合反正向无有功IIIV总费率18', 0.9560205340385437), ('ABCNCOS阶梯剩余需电量费价失压流功率时间段', 0.9760205149650574), ('88888888', 0.936933696269989), ('uaUbUc-la-Ib-1e金L8Ti8', 0.7060077786445618), ('88金8 相序成功失败请购电拉闸', 0.8725124001502991)]

2022-08-29 15:04:13,694: detec_shu: 接收参数：[图片路径：./photo/img1/PICTURE4\001.jpg，配置文件路径：photo/ini ]
识别结果：[('当前上18月组合反正向无有功IIIV总费率18', 0.9560205340385437), ('ABCNCOS阶梯剩余需电量费价失压流功率时间段', 0.9760205149650574), ('88888888', 0.936933696269989), ('uaUbUc-la-Ib-1e金L8Ti8', 0.7060077786445618), ('88金8 相序成功失败请购电拉闸', 0.8725124001502991)]

2022-08-29 15:52:50,031: detec_zd: 接收参数：[图片路径：./photo/61img/PICTURE1\3730001000000892640164.jpg，配置文件路径：./photo/ini61 ]
识别结果：[('当前上18月组合反正向无有功IIIV总费率18', 0.9526405334472656), ('ABCNCOSQ阶梯剩余需电量费价失压流功率时间段', 0.9330014586448669), ('元', 0.9985949397087097), ('88', 0.8807339668273926), ('kVAh', 0.9053657054901123), ('kvarh', 0.905440628528595), ('88.888888uaubuc-la-b-1oL8T18', 0.8025065064430237), ('88金88送相序成功失败请购电拉闸', 0.8826595544815063)]

2022-08-29 15:52:50,031: detec_zd: 接收参数：[图片路径：./photo/61img/PICTURE1\3730001000000892640164.jpg，配置文件路径：./photo/ini61 ]
识别结果：[('当前上18月组合反正向无有功IIIV总费率18', 0.9526405334472656), ('ABCNCOSQ阶梯剩余需电量费价失压流功率时间段', 0.9330014586448669), ('元', 0.9985949397087097), ('88', 0.8807339668273926), ('kVAh', 0.9053657054901123), ('kvarh', 0.905440628528595), ('88.888888uaubuc-la-b-1oL8T18', 0.8025065064430237), ('88金88送相序成功失败请购电拉闸', 0.8826595544815063)]

2022-08-29 15:52:51,056: detec_zd: 接收参数：[图片路径：./photo/61img/PICTURE1\3730001000000892641994.jpg，配置文件路径：./photo/ini61 ]
识别结果：[]

2022-08-29 15:52:52,878: detec_zd: 接收参数：[图片路径：./photo/61img/PICTURE1\3730001000000892663187.jpg，配置文件路径：./photo/ini61 ]
识别结果：[('当前上18月组合反正向无有动IV总费', 0.8427025675773621), ('ABCNCOSΦ阶梯乘余需', 0.844143807888031), ('8888888', 0.8729215264320374), ('元', 0.9982062578201294), ('kWAh', 0.8526304364204407), ('kvarh', 0.8945221900939941), ('88888888060-1a-16-16L88T18', 0.7206806540489197), ('88金88相序成功失败请购电拉间', 0.7917710542678833)]

2022-08-29 15:52:52,878: detec_zd: 接收参数：[图片路径：./photo/61img/PICTURE1\3730001000000892663187.jpg，配置文件路径：./photo/ini61 ]
识别结果：[('当前上18月组合反正向无有动IV总费', 0.8427025675773621), ('ABCNCOSΦ阶梯乘余需', 0.844143807888031), ('8888888', 0.8729215264320374), ('元', 0.9982062578201294), ('kWAh', 0.8526304364204407), ('kvarh', 0.8945221900939941), ('88888888060-1a-16-16L88T18', 0.7206806540489197), ('88金88相序成功失败请购电拉间', 0.7917710542678833)]

2022-08-29 15:52:53,609: detec_zd: 接收参数：[图片路径：./photo/61img/PICTURE2\3730001000000892641970.jpg，配置文件路径：./photo/ini61 ]
识别结果：[]

2022-08-29 15:52:55,677: detec_zd: 接收参数：[图片路径：./photo/61img/PICTURE3\3730001000000892656387.jpg，配置文件路径：./photo/ini61 ]
识别结果：[('当前上18月组合反正向无有功IV总费率18', 0.9313927888870239), ('ABCNCOS0阶梯剩余需电量费价失压流功率时间段', 0.9341179728507996), ('元', 0.9988969564437866), ('kWAh', 0.9805392622947693), ('kvarh', 0.9923259019851685), ('88888888uaubc-la-1b-1oL8T18', 0.77599036693573), ('88金88送相序成功失败请购电拉闸', 0.8571298122406006)]

2022-08-29 15:52:55,677: detec_zd: 接收参数：[图片路径：./photo/61img/PICTURE3\3730001000000892656387.jpg，配置文件路径：./photo/ini61 ]
识别结果：[('当前上18月组合反正向无有功IV总费率18', 0.9313927888870239), ('ABCNCOS0阶梯剩余需电量费价失压流功率时间段', 0.9341179728507996), ('元', 0.9988969564437866), ('kWAh', 0.9805392622947693), ('kvarh', 0.9923259019851685), ('88888888uaubc-la-1b-1oL8T18', 0.77599036693573), ('88金88送相序成功失败请购电拉闸', 0.8571298122406006)]

2022-08-29 15:52:56,389: detec_zd: 接收参数：[图片路径：./photo/61img/PICTURE3\3730001000000892660612.jpg，配置文件路径：./photo/ini61 ]
识别结果：[]

2022-08-29 15:52:58,254: detec_zd: 接收参数：[图片路径：./photo/61img/PICTURE4\3730001000000892630677.jpg，配置文件路径：./photo/ini61 ]
识别结果：[('当前上18月组合反正向无有功IIIV总费率18', 0.9147094488143921), ('ABCNCOSO阶梯剩余需电量费价失压流功率时间段', 0.9326583743095398), ('元', 0.9973178505897522), ('-888', 0.9034281969070435), ('kWAh', 0.9576173424720764), ('kvarh', 0.9329760670661926), ('88888888uabUc-la-1b-loL8T18', 0.7869099974632263), ('88金88送相序成功失败请购电拉闸', 0.8840221166610718)]

2022-08-29 15:52:58,254: detec_zd: 接收参数：[图片路径：./photo/61img/PICTURE4\3730001000000892630677.jpg，配置文件路径：./photo/ini61 ]
识别结果：[('当前上18月组合反正向无有功IIIV总费率18', 0.9147094488143921), ('ABCNCOSO阶梯剩余需电量费价失压流功率时间段', 0.9326583743095398), ('元', 0.9973178505897522), ('-888', 0.9034281969070435), ('kWAh', 0.9576173424720764), ('kvarh', 0.9329760670661926), ('88888888uabUc-la-1b-loL8T18', 0.7869099974632263), ('88金88送相序成功失败请购电拉闸', 0.8840221166610718)]

2022-08-29 15:53:00,084: detec_zd: 接收参数：[图片路径：./photo/61img/PICTURE4\3730001000000892679829.jpg，配置文件路径：./photo/ini61 ]
识别结果：[('当前上18月组合反正向无有功IIIV总费率18', 0.9459637999534607), ('ABCNCOS@阶梯剩余需电量费价失压流功率时间段', 0.9215875864028931), ('元', 0.9960092306137085), ('kWAh', 0.9297724366188049), ('kvarh', 0.9702929258346558), ('88888888uaubuc-la-Ib-1oL8T18', 0.7891592383384705), ('88金88送相序成功失败请购电拉闸', 0.8455179929733276)]

2022-08-29 15:53:00,084: detec_zd: 接收参数：[图片路径：./photo/61img/PICTURE4\3730001000000892679829.jpg，配置文件路径：./photo/ini61 ]
识别结果：[('当前上18月组合反正向无有功IIIV总费率18', 0.9459637999534607), ('ABCNCOS@阶梯剩余需电量费价失压流功率时间段', 0.9215875864028931), ('元', 0.9960092306137085), ('kWAh', 0.9297724366188049), ('kvarh', 0.9702929258346558), ('88888888uaubuc-la-Ib-1oL8T18', 0.7891592383384705), ('88金88送相序成功失败请购电拉闸', 0.8455179929733276)]

2022-08-29 15:53:01,946: detec_zd: 接收参数：[图片路径：./photo/61img/PICTURE5\3730001000000892645503.jpg，配置文件路径：./photo/ini61 ]
识别结果：[('当前上18月组合反正向无有功IIIV总费率18', 0.917559802532196), ('ABCNCOS阶梯剩余需电量费价失压流功率时间段', 0.9705002903938293), ('元', 0.9983029365539551), ('kWAh', 0.932746410369873), ('kvarh', 0.889990508556366), ('8888.8888uaube-a-1b-lL8T18', 0.8337284922599792), ('8888送相序成功失败请购电拉闸', 0.8917795419692993)]

2022-08-29 15:53:01,946: detec_zd: 接收参数：[图片路径：./photo/61img/PICTURE5\3730001000000892645503.jpg，配置文件路径：./photo/ini61 ]
识别结果：[('当前上18月组合反正向无有功IIIV总费率18', 0.917559802532196), ('ABCNCOS阶梯剩余需电量费价失压流功率时间段', 0.9705002903938293), ('元', 0.9983029365539551), ('kWAh', 0.932746410369873), ('kvarh', 0.889990508556366), ('8888.8888uaube-a-1b-lL8T18', 0.8337284922599792), ('8888送相序成功失败请购电拉闸', 0.8917795419692993)]

2022-08-29 15:53:04,001: detec_zd: 接收参数：[图片路径：./photo/61img/PICTURE5\3730001000000892648184.jpg，配置文件路径：./photo/ini61 ]
识别结果：[('当前上18月组合反正向无有功IIIV总费率18', 0.9243872165679932), ('ABCNCOS0阶梯剩余需电量费价失压流功率时间段', 0.9539803862571716), ('元', 0.997731626033783), ('-881', 0.7753154039382935), ('kWAh', 0.8379474878311157), ('kvarh', 0.9778976440429688), ('88888888uaubUc-la-Ib-loL8T18', 0.8068394064903259), ('8888送相序成功失败请购电拉闸', 0.8864685297012329)]

2022-08-29 15:53:04,001: detec_zd: 接收参数：[图片路径：./photo/61img/PICTURE5\3730001000000892648184.jpg，配置文件路径：./photo/ini61 ]
识别结果：[('当前上18月组合反正向无有功IIIV总费率18', 0.9243872165679932), ('ABCNCOS0阶梯剩余需电量费价失压流功率时间段', 0.9539803862571716), ('元', 0.997731626033783), ('-881', 0.7753154039382935), ('kWAh', 0.8379474878311157), ('kvarh', 0.9778976440429688), ('88888888uaubUc-la-Ib-loL8T18', 0.8068394064903259), ('8888送相序成功失败请购电拉闸', 0.8864685297012329)]

2022-08-29 15:53:04,836: detec_zd: 接收参数：[图片路径：./photo/61img/PICTURE5\3730001000000892670031.jpg，配置文件路径：./photo/ini61 ]
识别结果：[]

2022-08-29 15:53:06,723: detec_zd: 接收参数：[图片路径：./photo/61img/PICTURE6\3730001000000892678778.jpg，配置文件路径：./photo/ini61 ]
识别结果：[('当前上18月组合反正向无有功IIV总费率18', 0.8984724283218384), ('ABCNCOS阶梯剩余需电量费价失压流功率时间段', 0.9644463658332825), ('元', 0.998651921749115), ('kWVAh', 0.7465082406997681), ('kvarh', 0.9911705851554871), ('88888888uaubuc-la-1b-loL8T18', 0.8048554062843323), ('8888送相序成功失败请购电拉闸', 0.8261101245880127)]

2022-08-29 15:53:06,723: detec_zd: 接收参数：[图片路径：./photo/61img/PICTURE6\3730001000000892678778.jpg，配置文件路径：./photo/ini61 ]
识别结果：[('当前上18月组合反正向无有功IIV总费率18', 0.8984724283218384), ('ABCNCOS阶梯剩余需电量费价失压流功率时间段', 0.9644463658332825), ('元', 0.998651921749115), ('kWVAh', 0.7465082406997681), ('kvarh', 0.9911705851554871), ('88888888uaubuc-la-1b-loL8T18', 0.8048554062843323), ('8888送相序成功失败请购电拉闸', 0.8261101245880127)]

2022-08-29 15:53:47,425: detec_zd: 接收参数：[图片路径：./photo/61img/PICTURE1\3730001000000892640164.jpg，配置文件路径：./photo/ini61 ]
识别结果：[('当前上18月组合反正向无有功IIIV总费率18', 0.9526405334472656), ('ABCNCOSQ阶梯剩余需电量费价失压流功率时间段', 0.9330014586448669), ('元', 0.9985949397087097), ('88', 0.8807339668273926), ('kVAh', 0.9053657054901123), ('kvarh', 0.905440628528595), ('88.888888uaubuc-la-b-1oL8T18', 0.8025065064430237), ('88金88送相序成功失败请购电拉闸', 0.8826595544815063)]

2022-08-29 15:53:47,425: detec_zd: 接收参数：[图片路径：./photo/61img/PICTURE1\3730001000000892640164.jpg，配置文件路径：./photo/ini61 ]
识别结果：[('当前上18月组合反正向无有功IIIV总费率18', 0.9526405334472656), ('ABCNCOSQ阶梯剩余需电量费价失压流功率时间段', 0.9330014586448669), ('元', 0.9985949397087097), ('88', 0.8807339668273926), ('kVAh', 0.9053657054901123), ('kvarh', 0.905440628528595), ('88.888888uaubuc-la-b-1oL8T18', 0.8025065064430237), ('88金88送相序成功失败请购电拉闸', 0.8826595544815063)]

2022-08-29 15:53:48,462: detec_zd: 接收参数：[图片路径：./photo/61img/PICTURE1\3730001000000892641994.jpg，配置文件路径：./photo/ini61 ]
识别结果：[]

2022-08-29 15:53:50,249: detec_zd: 接收参数：[图片路径：./photo/61img/PICTURE1\3730001000000892663187.jpg，配置文件路径：./photo/ini61 ]
识别结果：[('当前上18月组合反正向无有动IV总费', 0.8427025675773621), ('ABCNCOSΦ阶梯乘余需', 0.844143807888031), ('8888888', 0.8729215264320374), ('元', 0.9982062578201294), ('kWAh', 0.8526304364204407), ('kvarh', 0.8945221900939941), ('88888888060-1a-16-16L88T18', 0.7206806540489197), ('88金88相序成功失败请购电拉间', 0.7917710542678833)]

2022-08-29 15:53:50,249: detec_zd: 接收参数：[图片路径：./photo/61img/PICTURE1\3730001000000892663187.jpg，配置文件路径：./photo/ini61 ]
识别结果：[('当前上18月组合反正向无有动IV总费', 0.8427025675773621), ('ABCNCOSΦ阶梯乘余需', 0.844143807888031), ('8888888', 0.8729215264320374), ('元', 0.9982062578201294), ('kWAh', 0.8526304364204407), ('kvarh', 0.8945221900939941), ('88888888060-1a-16-16L88T18', 0.7206806540489197), ('88金88相序成功失败请购电拉间', 0.7917710542678833)]

2022-08-29 15:53:50,956: detec_zd: 接收参数：[图片路径：./photo/61img/PICTURE2\3730001000000892641970.jpg，配置文件路径：./photo/ini61 ]
识别结果：[]

2022-08-29 15:53:53,016: detec_zd: 接收参数：[图片路径：./photo/61img/PICTURE3\3730001000000892656387.jpg，配置文件路径：./photo/ini61 ]
识别结果：[('当前上18月组合反正向无有功IV总费率18', 0.9313927888870239), ('ABCNCOS0阶梯剩余需电量费价失压流功率时间段', 0.9341179728507996), ('元', 0.9988969564437866), ('kWAh', 0.9805392622947693), ('kvarh', 0.9923259019851685), ('88888888uaubc-la-1b-1oL8T18', 0.77599036693573), ('88金88送相序成功失败请购电拉闸', 0.8571298122406006)]

2022-08-29 15:53:53,016: detec_zd: 接收参数：[图片路径：./photo/61img/PICTURE3\3730001000000892656387.jpg，配置文件路径：./photo/ini61 ]
识别结果：[('当前上18月组合反正向无有功IV总费率18', 0.9313927888870239), ('ABCNCOS0阶梯剩余需电量费价失压流功率时间段', 0.9341179728507996), ('元', 0.9988969564437866), ('kWAh', 0.9805392622947693), ('kvarh', 0.9923259019851685), ('88888888uaubc-la-1b-1oL8T18', 0.77599036693573), ('88金88送相序成功失败请购电拉闸', 0.8571298122406006)]

2022-08-29 15:53:53,732: detec_zd: 接收参数：[图片路径：./photo/61img/PICTURE3\3730001000000892660612.jpg，配置文件路径：./photo/ini61 ]
识别结果：[]

2022-08-29 15:53:55,576: detec_zd: 接收参数：[图片路径：./photo/61img/PICTURE4\3730001000000892630677.jpg，配置文件路径：./photo/ini61 ]
识别结果：[('当前上18月组合反正向无有功IIIV总费率18', 0.9147094488143921), ('ABCNCOSO阶梯剩余需电量费价失压流功率时间段', 0.9326583743095398), ('元', 0.9973178505897522), ('-888', 0.9034281969070435), ('kWAh', 0.9576173424720764), ('kvarh', 0.9329760670661926), ('88888888uabUc-la-1b-loL8T18', 0.7869099974632263), ('88金88送相序成功失败请购电拉闸', 0.8840221166610718)]

2022-08-29 15:53:55,576: detec_zd: 接收参数：[图片路径：./photo/61img/PICTURE4\3730001000000892630677.jpg，配置文件路径：./photo/ini61 ]
识别结果：[('当前上18月组合反正向无有功IIIV总费率18', 0.9147094488143921), ('ABCNCOSO阶梯剩余需电量费价失压流功率时间段', 0.9326583743095398), ('元', 0.9973178505897522), ('-888', 0.9034281969070435), ('kWAh', 0.9576173424720764), ('kvarh', 0.9329760670661926), ('88888888uabUc-la-1b-loL8T18', 0.7869099974632263), ('88金88送相序成功失败请购电拉闸', 0.8840221166610718)]

2022-08-29 15:53:57,407: detec_zd: 接收参数：[图片路径：./photo/61img/PICTURE4\3730001000000892679829.jpg，配置文件路径：./photo/ini61 ]
识别结果：[('当前上18月组合反正向无有功IIIV总费率18', 0.9459637999534607), ('ABCNCOS@阶梯剩余需电量费价失压流功率时间段', 0.9215875864028931), ('元', 0.9960092306137085), ('kWAh', 0.9297724366188049), ('kvarh', 0.9702929258346558), ('88888888uaubuc-la-Ib-1oL8T18', 0.7891592383384705), ('88金88送相序成功失败请购电拉闸', 0.8455179929733276)]

2022-08-29 15:53:57,407: detec_zd: 接收参数：[图片路径：./photo/61img/PICTURE4\3730001000000892679829.jpg，配置文件路径：./photo/ini61 ]
识别结果：[('当前上18月组合反正向无有功IIIV总费率18', 0.9459637999534607), ('ABCNCOS@阶梯剩余需电量费价失压流功率时间段', 0.9215875864028931), ('元', 0.9960092306137085), ('kWAh', 0.9297724366188049), ('kvarh', 0.9702929258346558), ('88888888uaubuc-la-Ib-1oL8T18', 0.7891592383384705), ('88金88送相序成功失败请购电拉闸', 0.8455179929733276)]

2022-08-29 15:53:59,246: detec_zd: 接收参数：[图片路径：./photo/61img/PICTURE5\3730001000000892645503.jpg，配置文件路径：./photo/ini61 ]
识别结果：[('当前上18月组合反正向无有功IIIV总费率18', 0.917559802532196), ('ABCNCOS阶梯剩余需电量费价失压流功率时间段', 0.9705002903938293), ('元', 0.9983029365539551), ('kWAh', 0.932746410369873), ('kvarh', 0.889990508556366), ('8888.8888uaube-a-1b-lL8T18', 0.8337284922599792), ('8888送相序成功失败请购电拉闸', 0.8917795419692993)]

2022-08-29 15:53:59,246: detec_zd: 接收参数：[图片路径：./photo/61img/PICTURE5\3730001000000892645503.jpg，配置文件路径：./photo/ini61 ]
识别结果：[('当前上18月组合反正向无有功IIIV总费率18', 0.917559802532196), ('ABCNCOS阶梯剩余需电量费价失压流功率时间段', 0.9705002903938293), ('元', 0.9983029365539551), ('kWAh', 0.932746410369873), ('kvarh', 0.889990508556366), ('8888.8888uaube-a-1b-lL8T18', 0.8337284922599792), ('8888送相序成功失败请购电拉闸', 0.8917795419692993)]

2022-08-29 15:54:01,237: detec_zd: 接收参数：[图片路径：./photo/61img/PICTURE5\3730001000000892648184.jpg，配置文件路径：./photo/ini61 ]
识别结果：[('当前上18月组合反正向无有功IIIV总费率18', 0.9243872165679932), ('ABCNCOS0阶梯剩余需电量费价失压流功率时间段', 0.9539803862571716), ('元', 0.997731626033783), ('-881', 0.7753154039382935), ('kWAh', 0.8379474878311157), ('kvarh', 0.9778976440429688), ('88888888uaubUc-la-Ib-loL8T18', 0.8068394064903259), ('8888送相序成功失败请购电拉闸', 0.8864685297012329)]

2022-08-29 15:54:01,237: detec_zd: 接收参数：[图片路径：./photo/61img/PICTURE5\3730001000000892648184.jpg，配置文件路径：./photo/ini61 ]
识别结果：[('当前上18月组合反正向无有功IIIV总费率18', 0.9243872165679932), ('ABCNCOS0阶梯剩余需电量费价失压流功率时间段', 0.9539803862571716), ('元', 0.997731626033783), ('-881', 0.7753154039382935), ('kWAh', 0.8379474878311157), ('kvarh', 0.9778976440429688), ('88888888uaubUc-la-Ib-loL8T18', 0.8068394064903259), ('8888送相序成功失败请购电拉闸', 0.8864685297012329)]

2022-08-29 15:54:02,047: detec_zd: 接收参数：[图片路径：./photo/61img/PICTURE5\3730001000000892670031.jpg，配置文件路径：./photo/ini61 ]
识别结果：[]

2022-08-29 15:54:03,932: detec_zd: 接收参数：[图片路径：./photo/61img/PICTURE6\3730001000000892678778.jpg，配置文件路径：./photo/ini61 ]
识别结果：[('当前上18月组合反正向无有功IIV总费率18', 0.8984724283218384), ('ABCNCOS阶梯剩余需电量费价失压流功率时间段', 0.9644463658332825), ('元', 0.998651921749115), ('kWVAh', 0.7465082406997681), ('kvarh', 0.9911705851554871), ('88888888uaubuc-la-1b-loL8T18', 0.8048554062843323), ('8888送相序成功失败请购电拉闸', 0.8261101245880127)]

2022-08-29 15:54:03,932: detec_zd: 接收参数：[图片路径：./photo/61img/PICTURE6\3730001000000892678778.jpg，配置文件路径：./photo/ini61 ]
识别结果：[('当前上18月组合反正向无有功IIV总费率18', 0.8984724283218384), ('ABCNCOS阶梯剩余需电量费价失压流功率时间段', 0.9644463658332825), ('元', 0.998651921749115), ('kWVAh', 0.7465082406997681), ('kvarh', 0.9911705851554871), ('88888888uaubuc-la-1b-loL8T18', 0.8048554062843323), ('8888送相序成功失败请购电拉闸', 0.8261101245880127)]

2022-08-29 16:10:52,301: detec_zd: 接收参数：[图片路径：./photo/61img/PICTURE1\3730001000000892640164.jpg，配置文件路径：./photo/ini61 ]
识别结果：[('当前上18月组合反正向无有功IIIV总费率18', 0.9526405334472656), ('ABCNCOSQ阶梯剩余需电量费价失压流功率时间段', 0.9330014586448669), ('元', 0.9985949397087097), ('88', 0.8807339668273926), ('kVAh', 0.9053657054901123), ('kvarh', 0.905440628528595), ('88.888888uaubuc-la-b-1oL8T18', 0.8025065064430237), ('88金88送相序成功失败请购电拉闸', 0.8826595544815063)]

2022-08-29 16:10:52,301: detec_zd: 接收参数：[图片路径：./photo/61img/PICTURE1\3730001000000892640164.jpg，配置文件路径：./photo/ini61 ]
识别结果：[('当前上18月组合反正向无有功IIIV总费率18', 0.9526405334472656), ('ABCNCOSQ阶梯剩余需电量费价失压流功率时间段', 0.9330014586448669), ('元', 0.9985949397087097), ('88', 0.8807339668273926), ('kVAh', 0.9053657054901123), ('kvarh', 0.905440628528595), ('88.888888uaubuc-la-b-1oL8T18', 0.8025065064430237), ('88金88送相序成功失败请购电拉闸', 0.8826595544815063)]

