2023-03-03 12:53:36,642: detec_list: 接收参数：[图片路径：./photo/yin1/PICTURE1\1.jpg，配置文件路径：photo/yinini ]
识别结果：[('当前上18月组合正反向总费率18剩余常数', 0.9606739282608032), ('§｛阶梯透支用电量价户时间段金额表号', 0.9781016111373901), ('8888:8.8:8.8', 0.9208080172538757), ('L', 0.9982074499130249), ('COSΦ', 0.9792039394378662), ('―', 0.8129939436912537), ('VA元', 0.980370283126831), ('N', 0.9981745481491089), ('kWh', 0.7889726161956787), ('←Й∩成功失败请购电拉闸12L812T18', 0.9260472655296326)]

2023-03-03 12:53:36,643: detec_list: 接收参数：[图片路径：./photo/yin1/PICTURE1\1.jpg，配置文件路径：photo/yinini ]
识别结果：[('当前上18月组合正反向总费率18剩余常数', 0.9606739282608032), ('§｛阶梯透支用电量价户时间段金额表号', 0.9781016111373901), ('8888:8.8:8.8', 0.9208080172538757), ('L', 0.9982074499130249), ('COSΦ', 0.9792039394378662), ('―', 0.8129939436912537), ('VA元', 0.980370283126831), ('N', 0.9981745481491089), ('kWh', 0.7889726161956787), ('←Й∩成功失败请购电拉闸12L812T18', 0.9260472655296326)]

2023-03-03 12:53:38,850: detec_list: 接收参数：[图片路径：./photo/yin1/PICTURE2\2.jpg，配置文件路径：photo/yinini ]
识别结果：[('当前上18月组合正反向总费率18剩余常数', 0.9709054827690125), ('§｛阶梯透支用电量价户时间段金额表号', 0.9963745474815369), ('8888:8.8:8.8', 0.9727150797843933), ('L', 0.9984102249145508), ('COSΦ', 0.9928070902824402), ('―', 0.9989795088768005), ('VA元', 0.9849562644958496), ('N', 0.9948683977127075), ('KWh', 0.7667220234870911), ('←Й∩成功失败请购电拉闸12L812T18', 0.9219880700111389)]

2023-03-03 12:53:38,850: detec_list: 接收参数：[图片路径：./photo/yin1/PICTURE2\2.jpg，配置文件路径：photo/yinini ]
识别结果：[('当前上18月组合正反向总费率18剩余常数', 0.9709054827690125), ('§｛阶梯透支用电量价户时间段金额表号', 0.9963745474815369), ('8888:8.8:8.8', 0.9727150797843933), ('L', 0.9984102249145508), ('COSΦ', 0.9928070902824402), ('―', 0.9989795088768005), ('VA元', 0.9849562644958496), ('N', 0.9948683977127075), ('KWh', 0.7667220234870911), ('←Й∩成功失败请购电拉闸12L812T18', 0.9219880700111389)]

2023-03-03 12:53:41,024: detec_list: 接收参数：[图片路径：./photo/yin1/PICTURE3\3.jpg，配置文件路径：photo/yinini ]
识别结果：[('当前上18月组合正反向总费率18剩余常数', 0.9608882665634155), ('§｛阶梯透支用电量价户时间段金额表号', 0.9553994536399841), ('8888:8.8:8.8', 0.9929621815681458), ('L', 0.9990897178649902), ('COSΦ', 0.9985795021057129), ('VA元', 0.9712993502616882), ('―', 0.5101728439331055), ('N', 0.9967687129974365), ('kWh', 0.8610062599182129), ('←Й∩成功失败请购电拉闸12L812T18', 0.9516488909721375)]

2023-03-03 12:53:41,024: detec_list: 接收参数：[图片路径：./photo/yin1/PICTURE3\3.jpg，配置文件路径：photo/yinini ]
识别结果：[('当前上18月组合正反向总费率18剩余常数', 0.9608882665634155), ('§｛阶梯透支用电量价户时间段金额表号', 0.9553994536399841), ('8888:8.8:8.8', 0.9929621815681458), ('L', 0.9990897178649902), ('COSΦ', 0.9985795021057129), ('VA元', 0.9712993502616882), ('―', 0.5101728439331055), ('N', 0.9967687129974365), ('kWh', 0.8610062599182129), ('←Й∩成功失败请购电拉闸12L812T18', 0.9516488909721375)]

2023-03-03 12:53:43,127: detec_list: 接收参数：[图片路径：./photo/yin1/PICTURE4\4.jpg，配置文件路径：photo/yinini ]
识别结果：[('当前上18月组合正反向总费率18剩余常数', 0.9458702206611633), ('§｛阶梯透支用电量价户时间段金额表号', 0.9483217000961304), ('8888:8.8:8.8', 0.963293731212616), ('L', 0.9983332753181458), ('COSΦ', 0.9815701246261597), ('―', 0.9333397746086121), ('VA元', 0.9875247478485107), ('N', 0.593603789806366), ('kWh', 0.8178207874298096), ('←Й∩成功失败请购电拉闸12L812T18', 0.9762542247772217)]

2023-03-03 12:53:43,127: detec_list: 接收参数：[图片路径：./photo/yin1/PICTURE4\4.jpg，配置文件路径：photo/yinini ]
识别结果：[('当前上18月组合正反向总费率18剩余常数', 0.9458702206611633), ('§｛阶梯透支用电量价户时间段金额表号', 0.9483217000961304), ('8888:8.8:8.8', 0.963293731212616), ('L', 0.9983332753181458), ('COSΦ', 0.9815701246261597), ('―', 0.9333397746086121), ('VA元', 0.9875247478485107), ('N', 0.593603789806366), ('kWh', 0.8178207874298096), ('←Й∩成功失败请购电拉闸12L812T18', 0.9762542247772217)]

2023-03-03 12:53:45,278: detec_list: 接收参数：[图片路径：./photo/yin1/PICTURE5\5.jpg，配置文件路径：photo/yinini ]
识别结果：[('当前上18月组合正反向总费率18剩余常数', 0.9414369463920593), ('§｛阶梯透支用电量价户时间段金额表号', 0.9963353872299194), ('8888:8.8:8.8', 0.9229292869567871), ('L', 0.5899378657341003), ('COSΦ', 0.9529694318771362), ('―', 0.9961658716201782), ('VA元', 0.9908129572868347), ('N', 0.9808318018913269), ('KWh', 0.8343698382377625), ('←Й∩成功失败请购电拉闸12L812T18', 0.9864175319671631)]

2023-03-03 12:53:45,278: detec_list: 接收参数：[图片路径：./photo/yin1/PICTURE5\5.jpg，配置文件路径：photo/yinini ]
识别结果：[('当前上18月组合正反向总费率18剩余常数', 0.9414369463920593), ('§｛阶梯透支用电量价户时间段金额表号', 0.9963353872299194), ('8888:8.8:8.8', 0.9229292869567871), ('L', 0.5899378657341003), ('COSΦ', 0.9529694318771362), ('―', 0.9961658716201782), ('VA元', 0.9908129572868347), ('N', 0.9808318018913269), ('KWh', 0.8343698382377625), ('←Й∩成功失败请购电拉闸12L812T18', 0.9864175319671631)]

2023-03-03 12:53:47,525: detec_list: 接收参数：[图片路径：./photo/yin1/PICTURE6\6.jpg，配置文件路径：photo/yinini ]
识别结果：[('当前上18月组合正反向总费率18剩余常数', 0.9785333871841431), ('W', 0.6612415909767151), ('阶梯透支用电量价户时间段金额表号', 0.9962315559387207), ('8888:8.8:8.8', 0.9479096531867981), ('COSΦ', 0.9242578148841858), ('L', 0.5101258158683777), ('VA元', 0.9162316918373108), ('―', 0.9999570846557617), ('N', 0.9955279231071472), ('kWh', 0.8625066876411438), ('←Й∩成功失败请购电拉闸12L812T18', 0.9938741326332092)]

2023-03-03 12:53:47,525: detec_list: 接收参数：[图片路径：./photo/yin1/PICTURE6\6.jpg，配置文件路径：photo/yinini ]
识别结果：[('当前上18月组合正反向总费率18剩余常数', 0.9785333871841431), ('W', 0.6612415909767151), ('阶梯透支用电量价户时间段金额表号', 0.9962315559387207), ('8888:8.8:8.8', 0.9479096531867981), ('COSΦ', 0.9242578148841858), ('L', 0.5101258158683777), ('VA元', 0.9162316918373108), ('―', 0.9999570846557617), ('N', 0.9955279231071472), ('kWh', 0.8625066876411438), ('←Й∩成功失败请购电拉闸12L812T18', 0.9938741326332092)]

2023-03-03 12:55:10,075: detec_list: 接收参数：[图片路径：./photo/yin1/PICTURE1\1.jpg，配置文件路径：photo/yinini ]
识别结果：[('当前上18月组合正反向总费率18剩余常数', 0.9606739282608032), ('§｛阶梯透支用电量价户时间段金额表号', 0.9781016111373901), ('8888:8.8:8.8', 0.9208080172538757), ('L', 0.9982074499130249), ('COSΦ', 0.9792039394378662), ('―', 0.8129939436912537), ('VA元', 0.980370283126831), ('N', 0.9981745481491089), ('kWh', 0.7889726161956787), ('←Й∩成功失败请购电拉闸12L812T18', 0.9260472655296326)]

2023-03-03 12:55:10,075: detec_list: 接收参数：[图片路径：./photo/yin1/PICTURE1\1.jpg，配置文件路径：photo/yinini ]
识别结果：[('当前上18月组合正反向总费率18剩余常数', 0.9606739282608032), ('§｛阶梯透支用电量价户时间段金额表号', 0.9781016111373901), ('8888:8.8:8.8', 0.9208080172538757), ('L', 0.9982074499130249), ('COSΦ', 0.9792039394378662), ('―', 0.8129939436912537), ('VA元', 0.980370283126831), ('N', 0.9981745481491089), ('kWh', 0.7889726161956787), ('←Й∩成功失败请购电拉闸12L812T18', 0.9260472655296326)]

2023-03-03 12:55:12,434: detec_list: 接收参数：[图片路径：./photo/yin1/PICTURE2\2.jpg，配置文件路径：photo/yinini ]
识别结果：[('当前上18月组合正反向总费率18剩余常数', 0.9709054827690125), ('§｛阶梯透支用电量价户时间段金额表号', 0.9963745474815369), ('8888:8.8:8.8', 0.9727150797843933), ('L', 0.9984102249145508), ('COSΦ', 0.9928070902824402), ('―', 0.9989795088768005), ('VA元', 0.9849562644958496), ('N', 0.9948683977127075), ('KWh', 0.7667220234870911), ('←Й∩成功失败请购电拉闸12L812T18', 0.9219880700111389)]

2023-03-03 12:55:12,434: detec_list: 接收参数：[图片路径：./photo/yin1/PICTURE2\2.jpg，配置文件路径：photo/yinini ]
识别结果：[('当前上18月组合正反向总费率18剩余常数', 0.9709054827690125), ('§｛阶梯透支用电量价户时间段金额表号', 0.9963745474815369), ('8888:8.8:8.8', 0.9727150797843933), ('L', 0.9984102249145508), ('COSΦ', 0.9928070902824402), ('―', 0.9989795088768005), ('VA元', 0.9849562644958496), ('N', 0.9948683977127075), ('KWh', 0.7667220234870911), ('←Й∩成功失败请购电拉闸12L812T18', 0.9219880700111389)]

2023-03-03 12:55:14,768: detec_list: 接收参数：[图片路径：./photo/yin1/PICTURE3\3.jpg，配置文件路径：photo/yinini ]
识别结果：[('当前上18月组合正反向总费率18剩余常数', 0.9608882665634155), ('§｛阶梯透支用电量价户时间段金额表号', 0.9553994536399841), ('8888:8.8:8.8', 0.9929621815681458), ('L', 0.9990897178649902), ('COSΦ', 0.9985795021057129), ('VA元', 0.9712993502616882), ('―', 0.5101728439331055), ('N', 0.9967687129974365), ('kWh', 0.8610062599182129), ('←Й∩成功失败请购电拉闸12L812T18', 0.9516488909721375)]

2023-03-03 12:55:14,768: detec_list: 接收参数：[图片路径：./photo/yin1/PICTURE3\3.jpg，配置文件路径：photo/yinini ]
识别结果：[('当前上18月组合正反向总费率18剩余常数', 0.9608882665634155), ('§｛阶梯透支用电量价户时间段金额表号', 0.9553994536399841), ('8888:8.8:8.8', 0.9929621815681458), ('L', 0.9990897178649902), ('COSΦ', 0.9985795021057129), ('VA元', 0.9712993502616882), ('―', 0.5101728439331055), ('N', 0.9967687129974365), ('kWh', 0.8610062599182129), ('←Й∩成功失败请购电拉闸12L812T18', 0.9516488909721375)]

2023-03-03 12:55:16,988: detec_list: 接收参数：[图片路径：./photo/yin1/PICTURE4\4.jpg，配置文件路径：photo/yinini ]
识别结果：[('当前上18月组合正反向总费率18剩余常数', 0.9458702206611633), ('§｛阶梯透支用电量价户时间段金额表号', 0.9483217000961304), ('8888:8.8:8.8', 0.963293731212616), ('L', 0.9983332753181458), ('COSΦ', 0.9815701246261597), ('―', 0.9333397746086121), ('VA元', 0.9875247478485107), ('N', 0.593603789806366), ('kWh', 0.8178207874298096), ('←Й∩成功失败请购电拉闸12L812T18', 0.9762542247772217)]

2023-03-03 12:55:16,988: detec_list: 接收参数：[图片路径：./photo/yin1/PICTURE4\4.jpg，配置文件路径：photo/yinini ]
识别结果：[('当前上18月组合正反向总费率18剩余常数', 0.9458702206611633), ('§｛阶梯透支用电量价户时间段金额表号', 0.9483217000961304), ('8888:8.8:8.8', 0.963293731212616), ('L', 0.9983332753181458), ('COSΦ', 0.9815701246261597), ('―', 0.9333397746086121), ('VA元', 0.9875247478485107), ('N', 0.593603789806366), ('kWh', 0.8178207874298096), ('←Й∩成功失败请购电拉闸12L812T18', 0.9762542247772217)]

2023-03-03 12:55:19,304: detec_list: 接收参数：[图片路径：./photo/yin1/PICTURE5\5.jpg，配置文件路径：photo/yinini ]
识别结果：[('当前上18月组合正反向总费率18剩余常数', 0.9414369463920593), ('§｛阶梯透支用电量价户时间段金额表号', 0.9963353872299194), ('8888:8.8:8.8', 0.9229292869567871), ('L', 0.5899378657341003), ('COSΦ', 0.9529694318771362), ('―', 0.9961658716201782), ('VA元', 0.9908129572868347), ('N', 0.9808318018913269), ('KWh', 0.8343698382377625), ('←Й∩成功失败请购电拉闸12L812T18', 0.9864175319671631)]

2023-03-03 12:55:19,304: detec_list: 接收参数：[图片路径：./photo/yin1/PICTURE5\5.jpg，配置文件路径：photo/yinini ]
识别结果：[('当前上18月组合正反向总费率18剩余常数', 0.9414369463920593), ('§｛阶梯透支用电量价户时间段金额表号', 0.9963353872299194), ('8888:8.8:8.8', 0.9229292869567871), ('L', 0.5899378657341003), ('COSΦ', 0.9529694318771362), ('―', 0.9961658716201782), ('VA元', 0.9908129572868347), ('N', 0.9808318018913269), ('KWh', 0.8343698382377625), ('←Й∩成功失败请购电拉闸12L812T18', 0.9864175319671631)]

2023-03-03 12:55:21,712: detec_list: 接收参数：[图片路径：./photo/yin1/PICTURE6\6.jpg，配置文件路径：photo/yinini ]
识别结果：[('当前上18月组合正反向总费率18剩余常数', 0.9785333871841431), ('W', 0.6612415909767151), ('阶梯透支用电量价户时间段金额表号', 0.9962315559387207), ('8888:8.8:8.8', 0.9479096531867981), ('COSΦ', 0.9242578148841858), ('L', 0.5101258158683777), ('VA元', 0.9162316918373108), ('―', 0.9999570846557617), ('N', 0.9955279231071472), ('kWh', 0.8625066876411438), ('←Й∩成功失败请购电拉闸12L812T18', 0.9938741326332092)]

2023-03-03 12:55:21,712: detec_list: 接收参数：[图片路径：./photo/yin1/PICTURE6\6.jpg，配置文件路径：photo/yinini ]
识别结果：[('当前上18月组合正反向总费率18剩余常数', 0.9785333871841431), ('W', 0.6612415909767151), ('阶梯透支用电量价户时间段金额表号', 0.9962315559387207), ('8888:8.8:8.8', 0.9479096531867981), ('COSΦ', 0.9242578148841858), ('L', 0.5101258158683777), ('VA元', 0.9162316918373108), ('―', 0.9999570846557617), ('N', 0.9955279231071472), ('kWh', 0.8625066876411438), ('←Й∩成功失败请购电拉闸12L812T18', 0.9938741326332092)]

2023-03-03 12:55:28,454: detec_list: 接收参数：[图片路径：./photo/yin1/PICTURE1\1.jpg，配置文件路径：photo/yinini ]
识别结果：[('当前上18月组合正反向总费率18剩余常数', 0.9606739282608032), ('§｛阶梯透支用电量价户时间段金额表号', 0.9781016111373901), ('8888:8.8:8.8', 0.9208080172538757), ('L', 0.9982074499130249), ('COSΦ', 0.9792039394378662), ('―', 0.8129939436912537), ('VA元', 0.980370283126831), ('N', 0.9981745481491089), ('kWh', 0.7889726161956787), ('←Й∩成功失败请购电拉闸12L812T18', 0.9260472655296326)]

2023-03-03 12:55:28,454: detec_list: 接收参数：[图片路径：./photo/yin1/PICTURE1\1.jpg，配置文件路径：photo/yinini ]
识别结果：[('当前上18月组合正反向总费率18剩余常数', 0.9606739282608032), ('§｛阶梯透支用电量价户时间段金额表号', 0.9781016111373901), ('8888:8.8:8.8', 0.9208080172538757), ('L', 0.9982074499130249), ('COSΦ', 0.9792039394378662), ('―', 0.8129939436912537), ('VA元', 0.980370283126831), ('N', 0.9981745481491089), ('kWh', 0.7889726161956787), ('←Й∩成功失败请购电拉闸12L812T18', 0.9260472655296326)]

2023-03-03 12:55:30,767: detec_list: 接收参数：[图片路径：./photo/yin1/PICTURE2\2.jpg，配置文件路径：photo/yinini ]
识别结果：[('当前上18月组合正反向总费率18剩余常数', 0.9709054827690125), ('§｛阶梯透支用电量价户时间段金额表号', 0.9963745474815369), ('8888:8.8:8.8', 0.9727150797843933), ('L', 0.9984102249145508), ('COSΦ', 0.9928070902824402), ('―', 0.9989795088768005), ('VA元', 0.9849562644958496), ('N', 0.9948683977127075), ('KWh', 0.7667220234870911), ('←Й∩成功失败请购电拉闸12L812T18', 0.9219880700111389)]

2023-03-03 12:55:30,767: detec_list: 接收参数：[图片路径：./photo/yin1/PICTURE2\2.jpg，配置文件路径：photo/yinini ]
识别结果：[('当前上18月组合正反向总费率18剩余常数', 0.9709054827690125), ('§｛阶梯透支用电量价户时间段金额表号', 0.9963745474815369), ('8888:8.8:8.8', 0.9727150797843933), ('L', 0.9984102249145508), ('COSΦ', 0.9928070902824402), ('―', 0.9989795088768005), ('VA元', 0.9849562644958496), ('N', 0.9948683977127075), ('KWh', 0.7667220234870911), ('←Й∩成功失败请购电拉闸12L812T18', 0.9219880700111389)]

2023-03-03 12:55:33,001: detec_list: 接收参数：[图片路径：./photo/yin1/PICTURE3\3.jpg，配置文件路径：photo/yinini ]
识别结果：[('当前上18月组合正反向总费率18剩余常数', 0.9608882665634155), ('§｛阶梯透支用电量价户时间段金额表号', 0.9553994536399841), ('8888:8.8:8.8', 0.9929621815681458), ('L', 0.9990897178649902), ('COSΦ', 0.9985795021057129), ('VA元', 0.9712993502616882), ('―', 0.5101728439331055), ('N', 0.9967687129974365), ('kWh', 0.8610062599182129), ('←Й∩成功失败请购电拉闸12L812T18', 0.9516488909721375)]

2023-03-03 12:55:33,001: detec_list: 接收参数：[图片路径：./photo/yin1/PICTURE3\3.jpg，配置文件路径：photo/yinini ]
识别结果：[('当前上18月组合正反向总费率18剩余常数', 0.9608882665634155), ('§｛阶梯透支用电量价户时间段金额表号', 0.9553994536399841), ('8888:8.8:8.8', 0.9929621815681458), ('L', 0.9990897178649902), ('COSΦ', 0.9985795021057129), ('VA元', 0.9712993502616882), ('―', 0.5101728439331055), ('N', 0.9967687129974365), ('kWh', 0.8610062599182129), ('←Й∩成功失败请购电拉闸12L812T18', 0.9516488909721375)]

2023-03-03 12:55:35,603: detec_list: 接收参数：[图片路径：./photo/yin1/PICTURE4\4.jpg，配置文件路径：photo/yinini ]
识别结果：[('当前上18月组合正反向总费率18剩余常数', 0.9458702206611633), ('§｛阶梯透支用电量价户时间段金额表号', 0.9483217000961304), ('8888:8.8:8.8', 0.963293731212616), ('L', 0.9983332753181458), ('COSΦ', 0.9815701246261597), ('―', 0.9333397746086121), ('VA元', 0.9875247478485107), ('N', 0.593603789806366), ('kWh', 0.8178207874298096), ('←Й∩成功失败请购电拉闸12L812T18', 0.9762542247772217)]

2023-03-03 12:55:35,603: detec_list: 接收参数：[图片路径：./photo/yin1/PICTURE4\4.jpg，配置文件路径：photo/yinini ]
识别结果：[('当前上18月组合正反向总费率18剩余常数', 0.9458702206611633), ('§｛阶梯透支用电量价户时间段金额表号', 0.9483217000961304), ('8888:8.8:8.8', 0.963293731212616), ('L', 0.9983332753181458), ('COSΦ', 0.9815701246261597), ('―', 0.9333397746086121), ('VA元', 0.9875247478485107), ('N', 0.593603789806366), ('kWh', 0.8178207874298096), ('←Й∩成功失败请购电拉闸12L812T18', 0.9762542247772217)]

2023-03-03 12:55:38,198: detec_list: 接收参数：[图片路径：./photo/yin1/PICTURE5\5.jpg，配置文件路径：photo/yinini ]
识别结果：[('当前上18月组合正反向总费率18剩余常数', 0.9414369463920593), ('§｛阶梯透支用电量价户时间段金额表号', 0.9963353872299194), ('8888:8.8:8.8', 0.9229292869567871), ('L', 0.5899378657341003), ('COSΦ', 0.9529694318771362), ('―', 0.9961658716201782), ('VA元', 0.9908129572868347), ('N', 0.9808318018913269), ('KWh', 0.8343698382377625), ('←Й∩成功失败请购电拉闸12L812T18', 0.9864175319671631)]

2023-03-03 12:55:38,198: detec_list: 接收参数：[图片路径：./photo/yin1/PICTURE5\5.jpg，配置文件路径：photo/yinini ]
识别结果：[('当前上18月组合正反向总费率18剩余常数', 0.9414369463920593), ('§｛阶梯透支用电量价户时间段金额表号', 0.9963353872299194), ('8888:8.8:8.8', 0.9229292869567871), ('L', 0.5899378657341003), ('COSΦ', 0.9529694318771362), ('―', 0.9961658716201782), ('VA元', 0.9908129572868347), ('N', 0.9808318018913269), ('KWh', 0.8343698382377625), ('←Й∩成功失败请购电拉闸12L812T18', 0.9864175319671631)]

2023-03-03 12:55:40,915: detec_list: 接收参数：[图片路径：./photo/yin1/PICTURE6\6.jpg，配置文件路径：photo/yinini ]
识别结果：[('当前上18月组合正反向总费率18剩余常数', 0.9785333871841431), ('W', 0.6612415909767151), ('阶梯透支用电量价户时间段金额表号', 0.9962315559387207), ('8888:8.8:8.8', 0.9479096531867981), ('COSΦ', 0.9242578148841858), ('L', 0.5101258158683777), ('VA元', 0.9162316918373108), ('―', 0.9999570846557617), ('N', 0.9955279231071472), ('kWh', 0.8625066876411438), ('←Й∩成功失败请购电拉闸12L812T18', 0.9938741326332092)]

2023-03-03 12:55:40,915: detec_list: 接收参数：[图片路径：./photo/yin1/PICTURE6\6.jpg，配置文件路径：photo/yinini ]
识别结果：[('当前上18月组合正反向总费率18剩余常数', 0.9785333871841431), ('W', 0.6612415909767151), ('阶梯透支用电量价户时间段金额表号', 0.9962315559387207), ('8888:8.8:8.8', 0.9479096531867981), ('COSΦ', 0.9242578148841858), ('L', 0.5101258158683777), ('VA元', 0.9162316918373108), ('―', 0.9999570846557617), ('N', 0.9955279231071472), ('kWh', 0.8625066876411438), ('←Й∩成功失败请购电拉闸12L812T18', 0.9938741326332092)]

2023-03-03 13:11:44,915: detec_list: 接收参数：[图片路径：./photo/yin1/PICTURE1\1.jpg，配置文件路径：photo/yin1ini ]
识别结果：[('当前上18月组合正反向总费率18剩余常数', 0.9632485508918762), ('§｛阶梯透支用电量价户时间段金额表号', 0.9850720763206482), ('8888:8.8:8.8', 0.9201529026031494), ('L', 0.9987778067588806), ('COSΦ', 0.9402976036071777), ('―', 0.9681021571159363), ('VA元', 0.9870468974113464), ('N', 0.8869233727455139), ('KWh', 0.8385230898857117), ('←Й∩成功失败请购电拉闸12L812T18', 0.9656778573989868)]

2023-03-03 13:11:44,915: detec_list: 接收参数：[图片路径：./photo/yin1/PICTURE1\1.jpg，配置文件路径：photo/yin1ini ]
识别结果：[('当前上18月组合正反向总费率18剩余常数', 0.9632485508918762), ('§｛阶梯透支用电量价户时间段金额表号', 0.9850720763206482), ('8888:8.8:8.8', 0.9201529026031494), ('L', 0.9987778067588806), ('COSΦ', 0.9402976036071777), ('―', 0.9681021571159363), ('VA元', 0.9870468974113464), ('N', 0.8869233727455139), ('KWh', 0.8385230898857117), ('←Й∩成功失败请购电拉闸12L812T18', 0.9656778573989868)]

2023-03-03 13:11:47,060: detec_list: 接收参数：[图片路径：./photo/yin1/PICTURE2\2.jpg，配置文件路径：photo/yin1ini ]
识别结果：[('当前上18月组合正反向总费率18剩余常数', 0.9906445741653442), ('§｛阶梯透支用电量价户时间段金额表号', 0.9664931297302246), ('8888:8.8:8.8', 0.9685065746307373), ('L', 0.8707960247993469), ('COSΦ', 0.978747546672821), ('―', 0.999925971031189), ('VA元', 0.9864983558654785), ('N', 0.9970376491546631), ('KWh', 0.8000293374061584), ('←Й∩成功失败请购电拉闸12L812T18', 0.9599727988243103)]

2023-03-03 13:11:47,061: detec_list: 接收参数：[图片路径：./photo/yin1/PICTURE2\2.jpg，配置文件路径：photo/yin1ini ]
识别结果：[('当前上18月组合正反向总费率18剩余常数', 0.9906445741653442), ('§｛阶梯透支用电量价户时间段金额表号', 0.9664931297302246), ('8888:8.8:8.8', 0.9685065746307373), ('L', 0.8707960247993469), ('COSΦ', 0.978747546672821), ('―', 0.999925971031189), ('VA元', 0.9864983558654785), ('N', 0.9970376491546631), ('KWh', 0.8000293374061584), ('←Й∩成功失败请购电拉闸12L812T18', 0.9599727988243103)]

2023-03-03 13:11:49,242: detec_list: 接收参数：[图片路径：./photo/yin1/PICTURE3\3.jpg，配置文件路径：photo/yin1ini ]
识别结果：[('当前上18月组合正反向总费率18剩余常数', 0.9703329205513), ('§｛阶梯透支用电量价户时间段金额表号', 0.9957865476608276), ('8888:8.8:8.8', 0.8988744616508484), ('L', 0.5865872502326965), ('COSΦ', 0.939185619354248), ('―', 0.8422036170959473), ('VA元', 0.8341128826141357), ('N', 0.9971851706504822), ('kWh', 0.8346008658409119), ('←Й∩成功失败请购电拉闸12L812T18', 0.9948716759681702)]

2023-03-03 13:11:49,242: detec_list: 接收参数：[图片路径：./photo/yin1/PICTURE3\3.jpg，配置文件路径：photo/yin1ini ]
识别结果：[('当前上18月组合正反向总费率18剩余常数', 0.9703329205513), ('§｛阶梯透支用电量价户时间段金额表号', 0.9957865476608276), ('8888:8.8:8.8', 0.8988744616508484), ('L', 0.5865872502326965), ('COSΦ', 0.939185619354248), ('―', 0.8422036170959473), ('VA元', 0.8341128826141357), ('N', 0.9971851706504822), ('kWh', 0.8346008658409119), ('←Й∩成功失败请购电拉闸12L812T18', 0.9948716759681702)]

2023-03-03 13:11:51,377: detec_list: 接收参数：[图片路径：./photo/yin1/PICTURE4\4.jpg，配置文件路径：photo/yin1ini ]
识别结果：[('当前上18月组合正反向总费率18剩余常数', 0.9609442949295044), ('§｛阶梯透支用电量价户时间段金额表号', 0.9560554623603821), ('8888:8.8:8.8', 0.9719088077545166), ('L', 0.9981160163879395), ('COSΦ', 0.9736786484718323), ('―', 0.8022926449775696), ('VA元', 0.9900398850440979), ('N', 0.9973626732826233), ('kWh', 0.8786197304725647), ('←Й∩成功失败请购电拉闸12L812T18', 0.9891952276229858)]

2023-03-03 13:11:51,377: detec_list: 接收参数：[图片路径：./photo/yin1/PICTURE4\4.jpg，配置文件路径：photo/yin1ini ]
识别结果：[('当前上18月组合正反向总费率18剩余常数', 0.9609442949295044), ('§｛阶梯透支用电量价户时间段金额表号', 0.9560554623603821), ('8888:8.8:8.8', 0.9719088077545166), ('L', 0.9981160163879395), ('COSΦ', 0.9736786484718323), ('―', 0.8022926449775696), ('VA元', 0.9900398850440979), ('N', 0.9973626732826233), ('kWh', 0.8786197304725647), ('←Й∩成功失败请购电拉闸12L812T18', 0.9891952276229858)]

2023-03-03 13:11:53,803: detec_list: 接收参数：[图片路径：./photo/yin1/PICTURE5\5.jpg，配置文件路径：photo/yin1ini ]
识别结果：[('当前上18月组合正反向总费率18剩余常数', 0.9669927358627319), ('§｛阶梯透支用电量价户时间段金额表号', 0.9399299621582031), ('8888:8.8:8.8', 0.9113450646400452), ('L', 0.6766046285629272), ('COSΦ', 0.9371111392974854), ('―', 0.9999706745147705), ('―', 0.7557286620140076), ('VA元', 0.9884368777275085), ('N', 0.9937641620635986), ('KWh', 0.7936949729919434), ('←Й∩成功失败请购电拉闸12L812T18', 0.9649186730384827)]

2023-03-03 13:11:53,803: detec_list: 接收参数：[图片路径：./photo/yin1/PICTURE5\5.jpg，配置文件路径：photo/yin1ini ]
识别结果：[('当前上18月组合正反向总费率18剩余常数', 0.9669927358627319), ('§｛阶梯透支用电量价户时间段金额表号', 0.9399299621582031), ('8888:8.8:8.8', 0.9113450646400452), ('L', 0.6766046285629272), ('COSΦ', 0.9371111392974854), ('―', 0.9999706745147705), ('―', 0.7557286620140076), ('VA元', 0.9884368777275085), ('N', 0.9937641620635986), ('KWh', 0.7936949729919434), ('←Й∩成功失败请购电拉闸12L812T18', 0.9649186730384827)]

2023-03-03 13:11:55,977: detec_list: 接收参数：[图片路径：./photo/yin1/PICTURE6\6.jpg，配置文件路径：photo/yin1ini ]
识别结果：[('当前上18月组合正反向总费率18剩余常数', 0.9384849667549133), ('§｛阶梯透支用电量价户时间段金额表号', 0.9718990325927734), ('8888:8.8:8.8', 0.908139705657959), ('COSΦ', 0.9518166184425354), ('L', 0.9979854822158813), ('VA元', 0.9690991044044495), ('―', 0.9999055862426758), ('N', 0.9936302304267883), ('kWh', 0.8178362250328064), ('←Й∩成功失败请购电拉闸12L812T18', 0.9481229782104492)]

2023-03-03 13:11:55,977: detec_list: 接收参数：[图片路径：./photo/yin1/PICTURE6\6.jpg，配置文件路径：photo/yin1ini ]
识别结果：[('当前上18月组合正反向总费率18剩余常数', 0.9384849667549133), ('§｛阶梯透支用电量价户时间段金额表号', 0.9718990325927734), ('8888:8.8:8.8', 0.908139705657959), ('COSΦ', 0.9518166184425354), ('L', 0.9979854822158813), ('VA元', 0.9690991044044495), ('―', 0.9999055862426758), ('N', 0.9936302304267883), ('kWh', 0.8178362250328064), ('←Й∩成功失败请购电拉闸12L812T18', 0.9481229782104492)]

