2022-08-28 11:30:01,096: detec_shu: 接收参数：[图片路径：./photo/img33/PICTURE1\1330001000080019356314637962615387119065.jpg，配置文件路径：photo/ini33 ]
识别结果：[('632578', 0.837519645690918), ('h', 0.7065878510475159)]

2022-08-28 11:30:01,096: detec_shu: 接收参数：[图片路径：./photo/img33/PICTURE1\1330001000080019356314637962615387119065.jpg，配置文件路径：photo/ini33 ]
识别结果：[('632578', 0.837519645690918), ('h', 0.7065878510475159)]

2022-08-28 11:30:02,162: detec_shu: 接收参数：[图片路径：./photo/img33/PICTURE2\1330001000080062297602637962563170083351.jpg，配置文件路径：photo/ini33 ]
识别结果：[('当前', 0.9745551347732544), ('电量', 0.9076080322265625), ('k.Wh', 0.7367082834243774)]

2022-08-28 11:30:02,170: detec_shu: 接收参数：[图片路径：./photo/img33/PICTURE2\1330001000080062297602637962563170083351.jpg，配置文件路径：photo/ini33 ]
识别结果：[('当前', 0.9745551347732544), ('电量', 0.9076080322265625), ('k.Wh', 0.7367082834243774)]

2022-08-28 11:30:03,889: detec_shu: 接收参数：[图片路径：./photo/img33/PICTURE3\1330001000080142481242637962534425316863.jpg，配置文件路径：photo/ini33 ]
识别结果：[('当前', 0.9474875330924988), ('尖', 0.9967622756958008), ('电量', 0.983454704284668), ('时间股金额表号', 0.9572938680648804), ('88323.', 0.6770696640014648), ('kWh', 0.9011802673339844)]

2022-08-28 11:30:03,889: detec_shu: 接收参数：[图片路径：./photo/img33/PICTURE3\1330001000080142481242637962534425316863.jpg，配置文件路径：photo/ini33 ]
识别结果：[('当前', 0.9474875330924988), ('尖', 0.9967622756958008), ('电量', 0.983454704284668), ('时间股金额表号', 0.9572938680648804), ('88323.', 0.6770696640014648), ('kWh', 0.9011802673339844)]

2022-08-28 11:30:05,519: detec_shu: 接收参数：[图片路径：./photo/img33/PICTURE4\1330001000080142321654637964195703746745.jpg，配置文件路径：photo/ini33 ]
识别结果：[('当前', 0.9924163818359375), ('总', 0.9998024106025696), ('电量', 0.9976761937141418), ('1413549.', 0.9188475608825684), ('kWh', 0.9700672626495361), ('区', 0.635126531124115)]

2022-08-28 11:30:05,519: detec_shu: 接收参数：[图片路径：./photo/img33/PICTURE4\1330001000080142321654637964195703746745.jpg，配置文件路径：photo/ini33 ]
识别结果：[('当前', 0.9924163818359375), ('总', 0.9998024106025696), ('电量', 0.9976761937141418), ('1413549.', 0.9188475608825684), ('kWh', 0.9700672626495361), ('区', 0.635126531124115)]

2022-08-28 12:23:24,898: detec_shu: 接收参数：[图片路径：./photo/img33/PICTURE1\1330001000080019356314637962615387119065.jpg，配置文件路径：photo/ini33 ]
识别结果：[('632578', 0.837519645690918), ('h', 0.7065878510475159)]

2022-08-28 12:23:24,898: detec_shu: 接收参数：[图片路径：./photo/img33/PICTURE1\1330001000080019356314637962615387119065.jpg，配置文件路径：photo/ini33 ]
识别结果：[('632578', 0.837519645690918), ('h', 0.7065878510475159)]

2022-08-28 12:23:26,044: detec_shu: 接收参数：[图片路径：./photo/img33/PICTURE2\1330001000080062297602637962563170083351.jpg，配置文件路径：photo/ini33 ]
识别结果：[('当前', 0.9745551347732544), ('电量', 0.9076080322265625), ('k.Wh', 0.7367082834243774)]

2022-08-28 12:23:26,044: detec_shu: 接收参数：[图片路径：./photo/img33/PICTURE2\1330001000080062297602637962563170083351.jpg，配置文件路径：photo/ini33 ]
识别结果：[('当前', 0.9745551347732544), ('电量', 0.9076080322265625), ('k.Wh', 0.7367082834243774)]

2022-08-28 12:23:27,840: detec_shu: 接收参数：[图片路径：./photo/img33/PICTURE3\1330001000080142481242637962534425316863.jpg，配置文件路径：photo/ini33 ]
识别结果：[('当前', 0.9474875330924988), ('尖', 0.9967622756958008), ('电量', 0.983454704284668), ('时间股金额表号', 0.9572938680648804), ('88323.', 0.6770696640014648), ('kWh', 0.9011802673339844)]

2022-08-28 12:23:27,841: detec_shu: 接收参数：[图片路径：./photo/img33/PICTURE3\1330001000080142481242637962534425316863.jpg，配置文件路径：photo/ini33 ]
识别结果：[('当前', 0.9474875330924988), ('尖', 0.9967622756958008), ('电量', 0.983454704284668), ('时间股金额表号', 0.9572938680648804), ('88323.', 0.6770696640014648), ('kWh', 0.9011802673339844)]

2022-08-28 12:23:29,647: detec_shu: 接收参数：[图片路径：./photo/img33/PICTURE4\1330001000080142321654637964195703746745.jpg，配置文件路径：photo/ini33 ]
识别结果：[('当前', 0.9924163818359375), ('总', 0.9998024106025696), ('电量', 0.9976761937141418), ('1413549.', 0.9188475608825684), ('kWh', 0.9700672626495361), ('区', 0.635126531124115)]

2022-08-28 12:23:29,647: detec_shu: 接收参数：[图片路径：./photo/img33/PICTURE4\1330001000080142321654637964195703746745.jpg，配置文件路径：photo/ini33 ]
识别结果：[('当前', 0.9924163818359375), ('总', 0.9998024106025696), ('电量', 0.9976761937141418), ('1413549.', 0.9188475608825684), ('kWh', 0.9700672626495361), ('区', 0.635126531124115)]

2022-08-28 12:26:27,291: detec_shu: 接收参数：[图片路径：./photo/img1/PICTURE1\001.jpg，配置文件路径：photo/ini ]
识别结果：[('当前上18月组合反正向无有功IIIV总费率18', 0.9560205340385437), ('ABCNCOS阶梯剩余需电量费价失压流功率时间段', 0.9760205149650574), ('88888888', 0.936933696269989), ('uaUbUc-la-Ib-1e金L8Ti8', 0.7060077786445618), ('88金8 相序成功失败请购电拉闸', 0.8725124001502991)]

2022-08-28 12:26:27,291: detec_shu: 接收参数：[图片路径：./photo/img1/PICTURE1\001.jpg，配置文件路径：photo/ini ]
识别结果：[('当前上18月组合反正向无有功IIIV总费率18', 0.9560205340385437), ('ABCNCOS阶梯剩余需电量费价失压流功率时间段', 0.9760205149650574), ('88888888', 0.936933696269989), ('uaUbUc-la-Ib-1e金L8Ti8', 0.7060077786445618), ('88金8 相序成功失败请购电拉闸', 0.8725124001502991)]

2022-08-28 12:26:28,902: detec_shu: 接收参数：[图片路径：./photo/img1/PICTURE2\001.jpg，配置文件路径：photo/ini ]
识别结果：[('当前上18月组合反正向无有功IIIV总费率18', 0.9560205340385437), ('ABCNCOS阶梯剩余需电量费价失压流功率时间段', 0.9760205149650574), ('88888888', 0.936933696269989), ('uaUbUc-la-Ib-1e金L8Ti8', 0.7060077786445618), ('88金8 相序成功失败请购电拉闸', 0.8725124001502991)]

2022-08-28 12:26:28,902: detec_shu: 接收参数：[图片路径：./photo/img1/PICTURE2\001.jpg，配置文件路径：photo/ini ]
识别结果：[('当前上18月组合反正向无有功IIIV总费率18', 0.9560205340385437), ('ABCNCOS阶梯剩余需电量费价失压流功率时间段', 0.9760205149650574), ('88888888', 0.936933696269989), ('uaUbUc-la-Ib-1e金L8Ti8', 0.7060077786445618), ('88金8 相序成功失败请购电拉闸', 0.8725124001502991)]

2022-08-28 12:26:30,461: detec_shu: 接收参数：[图片路径：./photo/img1/PICTURE3\001.jpg，配置文件路径：photo/ini ]
识别结果：[('当前上18月组合反正向无有功IIIV总费率18', 0.9560205340385437), ('ABCNCOS阶梯剩余需电量费价失压流功率时间段', 0.9760205149650574), ('88888888', 0.936933696269989), ('uaUbUc-la-Ib-1e金L8Ti8', 0.7060077786445618), ('88金8 相序成功失败请购电拉闸', 0.8725124001502991)]

2022-08-28 12:26:30,461: detec_shu: 接收参数：[图片路径：./photo/img1/PICTURE3\001.jpg，配置文件路径：photo/ini ]
识别结果：[('当前上18月组合反正向无有功IIIV总费率18', 0.9560205340385437), ('ABCNCOS阶梯剩余需电量费价失压流功率时间段', 0.9760205149650574), ('88888888', 0.936933696269989), ('uaUbUc-la-Ib-1e金L8Ti8', 0.7060077786445618), ('88金8 相序成功失败请购电拉闸', 0.8725124001502991)]

2022-08-28 12:26:31,997: detec_shu: 接收参数：[图片路径：./photo/img1/PICTURE4\001.jpg，配置文件路径：photo/ini ]
识别结果：[('当前上18月组合反正向无有功IIIV总费率18', 0.9560205340385437), ('ABCNCOS阶梯剩余需电量费价失压流功率时间段', 0.9760205149650574), ('88888888', 0.936933696269989), ('uaUbUc-la-Ib-1e金L8Ti8', 0.7060077786445618), ('88金8 相序成功失败请购电拉闸', 0.8725124001502991)]

2022-08-28 12:26:31,997: detec_shu: 接收参数：[图片路径：./photo/img1/PICTURE4\001.jpg，配置文件路径：photo/ini ]
识别结果：[('当前上18月组合反正向无有功IIIV总费率18', 0.9560205340385437), ('ABCNCOS阶梯剩余需电量费价失压流功率时间段', 0.9760205149650574), ('88888888', 0.936933696269989), ('uaUbUc-la-Ib-1e金L8Ti8', 0.7060077786445618), ('88金8 相序成功失败请购电拉闸', 0.8725124001502991)]

