2023-02-09 11:06:58,620: detec_list: 接收参数：[图片路径：./photo/NG230209/PICTURE1\3530001000101493259563.jpg，配置文件路径：photo/ini89 ]
识别结果：[('当前上18月组合正反向总费率18剩余', 0.9831889271736145), ('§｛阶梯透支用电量价户时间段金额', 0.9633473753929138), ('8888:8.8:8.8', 0.9058522582054138), ('L', 0.5484009981155396), ('―', 0.9994922876358032), ('N', 0.998023271560669)]

2023-02-09 11:06:58,620: detec_list: 接收参数：[图片路径：./photo/NG230209/PICTURE1\3530001000101493259563.jpg，配置文件路径：photo/ini89 ]
识别结果：[('当前上18月组合正反向总费率18剩余', 0.9831889271736145), ('§｛阶梯透支用电量价户时间段金额', 0.9633473753929138), ('8888:8.8:8.8', 0.9058522582054138), ('L', 0.5484009981155396), ('―', 0.9994922876358032), ('N', 0.998023271560669)]

2023-02-09 11:07:00,835: detec_list: 接收参数：[图片路径：./photo/NG230209/PICTURE2\3530001000101493321420.jpg，配置文件路径：photo/ini89 ]
识别结果：[('当前上18月组合正反向总费率18剩余常', 0.9009353518486023), ('§｛阶梯透支用电量价户时间段金额表', 0.9718720316886902), ('8888:8.8:8.8', 0.9787538051605225), ('L', 0.998314619064331), ('COSC', 0.8090856671333313), ('―', 0.9722974300384521), ('VA元', 0.9583404064178467), ('N', 0.9992411136627197), ('KW', 0.9002690315246582), ('1功败购中拉', 0.8246710896492004)]

2023-02-09 11:07:00,835: detec_list: 接收参数：[图片路径：./photo/NG230209/PICTURE2\3530001000101493321420.jpg，配置文件路径：photo/ini89 ]
识别结果：[('当前上18月组合正反向总费率18剩余常', 0.9009353518486023), ('§｛阶梯透支用电量价户时间段金额表', 0.9718720316886902), ('8888:8.8:8.8', 0.9787538051605225), ('L', 0.998314619064331), ('COSC', 0.8090856671333313), ('―', 0.9722974300384521), ('VA元', 0.9583404064178467), ('N', 0.9992411136627197), ('KW', 0.9002690315246582), ('1功败购中拉', 0.8246710896492004)]

2023-02-09 11:07:03,425: detec_list: 接收参数：[图片路径：./photo/NG230209/PICTURE3\3530001000101493283858.jpg，配置文件路径：photo/ini89 ]
识别结果：[('I―xt', 0.6600849032402039), ('―', 0.7388942241668701), ('§｛阶梯透支用电量价户时间段金额表号', 0.9869814515113831), ('8888:8.8:8.8', 0.9146418571472168), ('COSΦ', 0.9951832890510559), ('VA元', 0.990536630153656), ('V', 0.8470613956451416), ('kWh', 0.9048650860786438), ('←Й∩成功失败请购电拉闸12L812T18', 0.9843642711639404), ('中', 0.9844558238983154), ('跳闸', 0.8735666275024414), ('红外', 0.9436927437782288)]

2023-02-09 11:07:03,425: detec_list: 接收参数：[图片路径：./photo/NG230209/PICTURE3\3530001000101493283858.jpg，配置文件路径：photo/ini89 ]
识别结果：[('I―xt', 0.6600849032402039), ('―', 0.7388942241668701), ('§｛阶梯透支用电量价户时间段金额表号', 0.9869814515113831), ('8888:8.8:8.8', 0.9146418571472168), ('COSΦ', 0.9951832890510559), ('VA元', 0.990536630153656), ('V', 0.8470613956451416), ('kWh', 0.9048650860786438), ('←Й∩成功失败请购电拉闸12L812T18', 0.9843642711639404), ('中', 0.9844558238983154), ('跳闸', 0.8735666275024414), ('红外', 0.9436927437782288)]

2023-02-09 11:07:05,520: detec_list: 接收参数：[图片路径：./photo/NG230209/PICTURE4\3530001000101493328757.jpg，配置文件路径：photo/ini89 ]
识别结果：[('当前上18月组合正反向总费率18剩余常', 0.995975911617279), ('§｛阶梯透支用电量价户时间段金额表', 0.9970710277557373), ('8888:8.8:8.8', 0.9781394600868225), ('L', 0.9363897442817688), ('CO', 0.9958376884460449), ('―', 0.9966828227043152), ('VA', 0.9912940859794617), ('N', 0.9991291165351868), ('KW', 0.7150678038597107), ('←Й∩成功失败请购电拉闸12L812T1', 0.9770129323005676)]

2023-02-09 11:07:05,520: detec_list: 接收参数：[图片路径：./photo/NG230209/PICTURE4\3530001000101493328757.jpg，配置文件路径：photo/ini89 ]
识别结果：[('当前上18月组合正反向总费率18剩余常', 0.995975911617279), ('§｛阶梯透支用电量价户时间段金额表', 0.9970710277557373), ('8888:8.8:8.8', 0.9781394600868225), ('L', 0.9363897442817688), ('CO', 0.9958376884460449), ('―', 0.9966828227043152), ('VA', 0.9912940859794617), ('N', 0.9991291165351868), ('KW', 0.7150678038597107), ('←Й∩成功失败请购电拉闸12L812T1', 0.9770129323005676)]

2023-02-09 11:07:07,259: detec_list: 接收参数：[图片路径：./photo/NG230209/PICTURE5\3530001000101493283780.jpg，配置文件路径：photo/ini89 ]
识别结果：[('上18月组合正反向总费率18剩余常数', 0.9839872717857361), ('阶梯透支用电量价户时间段金额表号', 0.9724594354629517), ('8888:8.8:8.8', 0.9066317677497864), ('COSΦ', 0.9980183243751526), ('VA元', 0.9871435761451721), ('kWh', 0.883730947971344), ('∩成功失败请购电拉闸12L812T18', 0.9861332178115845)]

2023-02-09 11:07:07,261: detec_list: 接收参数：[图片路径：./photo/NG230209/PICTURE5\3530001000101493283780.jpg，配置文件路径：photo/ini89 ]
识别结果：[('上18月组合正反向总费率18剩余常数', 0.9839872717857361), ('阶梯透支用电量价户时间段金额表号', 0.9724594354629517), ('8888:8.8:8.8', 0.9066317677497864), ('COSΦ', 0.9980183243751526), ('VA元', 0.9871435761451721), ('kWh', 0.883730947971344), ('∩成功失败请购电拉闸12L812T18', 0.9861332178115845)]

2023-02-09 11:07:10,331: detec_list: 接收参数：[图片路径：./photo/NG230209/PICTURE6\3530001000101493321482.jpg，配置文件路径：photo/ini89 ]
识别结果：[('L', 0.9968196153640747), ('8888:8.8:8.8', 0.9573521614074707), ('COSΦ', 0.9488751888275146), ('―', 0.9974507689476013), ('VA元', 0.9871004223823547), ('N', 0.9982737302780151), ('kWh', 0.8246321082115173), ('←Й∩成功失败请购电拉闸12L812T18', 0.9540076851844788), ('脉冲', 0.5769563317298889), ('跳闸', 0.8929505348205566), ('红外', 0.9238113164901733), ('―', 0.5564956068992615)]

2023-02-09 11:07:10,331: detec_list: 接收参数：[图片路径：./photo/NG230209/PICTURE6\3530001000101493321482.jpg，配置文件路径：photo/ini89 ]
识别结果：[('L', 0.9968196153640747), ('8888:8.8:8.8', 0.9573521614074707), ('COSΦ', 0.9488751888275146), ('―', 0.9974507689476013), ('VA元', 0.9871004223823547), ('N', 0.9982737302780151), ('kWh', 0.8246321082115173), ('←Й∩成功失败请购电拉闸12L812T18', 0.9540076851844788), ('脉冲', 0.5769563317298889), ('跳闸', 0.8929505348205566), ('红外', 0.9238113164901733), ('―', 0.5564956068992615)]

2023-02-09 11:07:42,490: detec_list: 接收参数：[图片路径：./photo/NG230209/PICTURE1\3530001000101493259563.jpg，配置文件路径：photo/ini89 ]
识别结果：[('当前上18月组合正反向总费率18剩余', 0.9831889271736145), ('§｛阶梯透支用电量价户时间段金额', 0.9633473753929138), ('8888:8.8:8.8', 0.9058522582054138), ('L', 0.5484009981155396), ('―', 0.9994922876358032), ('N', 0.998023271560669)]

2023-02-09 11:07:42,490: detec_list: 接收参数：[图片路径：./photo/NG230209/PICTURE1\3530001000101493259563.jpg，配置文件路径：photo/ini89 ]
识别结果：[('当前上18月组合正反向总费率18剩余', 0.9831889271736145), ('§｛阶梯透支用电量价户时间段金额', 0.9633473753929138), ('8888:8.8:8.8', 0.9058522582054138), ('L', 0.5484009981155396), ('―', 0.9994922876358032), ('N', 0.998023271560669)]

2023-02-09 11:07:44,952: detec_list: 接收参数：[图片路径：./photo/NG230209/PICTURE2\3530001000101493321420.jpg，配置文件路径：photo/ini89 ]
识别结果：[('当前上18月组合正反向总费率18剩余常', 0.9009353518486023), ('§｛阶梯透支用电量价户时间段金额表', 0.9718720316886902), ('8888:8.8:8.8', 0.9787538051605225), ('L', 0.998314619064331), ('COSC', 0.8090856671333313), ('―', 0.9722974300384521), ('VA元', 0.9583404064178467), ('N', 0.9992411136627197), ('KW', 0.9002690315246582), ('1功败购中拉', 0.8246710896492004)]

2023-02-09 11:07:44,952: detec_list: 接收参数：[图片路径：./photo/NG230209/PICTURE2\3530001000101493321420.jpg，配置文件路径：photo/ini89 ]
识别结果：[('当前上18月组合正反向总费率18剩余常', 0.9009353518486023), ('§｛阶梯透支用电量价户时间段金额表', 0.9718720316886902), ('8888:8.8:8.8', 0.9787538051605225), ('L', 0.998314619064331), ('COSC', 0.8090856671333313), ('―', 0.9722974300384521), ('VA元', 0.9583404064178467), ('N', 0.9992411136627197), ('KW', 0.9002690315246582), ('1功败购中拉', 0.8246710896492004)]

2023-02-09 11:07:47,862: detec_list: 接收参数：[图片路径：./photo/NG230209/PICTURE3\3530001000101493283858.jpg，配置文件路径：photo/ini89 ]
识别结果：[('I―xt', 0.6600849032402039), ('―', 0.7388942241668701), ('§｛阶梯透支用电量价户时间段金额表号', 0.9869814515113831), ('8888:8.8:8.8', 0.9146418571472168), ('COSΦ', 0.9951832890510559), ('VA元', 0.990536630153656), ('V', 0.8470613956451416), ('kWh', 0.9048650860786438), ('←Й∩成功失败请购电拉闸12L812T18', 0.9843642711639404), ('中', 0.9844558238983154), ('跳闸', 0.8735666275024414), ('红外', 0.9436927437782288)]

2023-02-09 11:07:47,862: detec_list: 接收参数：[图片路径：./photo/NG230209/PICTURE3\3530001000101493283858.jpg，配置文件路径：photo/ini89 ]
识别结果：[('I―xt', 0.6600849032402039), ('―', 0.7388942241668701), ('§｛阶梯透支用电量价户时间段金额表号', 0.9869814515113831), ('8888:8.8:8.8', 0.9146418571472168), ('COSΦ', 0.9951832890510559), ('VA元', 0.990536630153656), ('V', 0.8470613956451416), ('kWh', 0.9048650860786438), ('←Й∩成功失败请购电拉闸12L812T18', 0.9843642711639404), ('中', 0.9844558238983154), ('跳闸', 0.8735666275024414), ('红外', 0.9436927437782288)]

2023-02-09 11:16:33,705: detec_list: 接收参数：[图片路径：./photo/NG230209/PICTURE1\3530001000101493259563.jpg，配置文件路径：photo/230209ini ]
识别结果：[('当前上18月组合正反向总费率18剩余常数', 0.9213639497756958), ('§｛阶梯透支用电量价户时间段金额表号', 0.9410195350646973), ('8888:8.8:8.8', 0.9641122221946716), ('L', 0.9975510239601135), ('COSΦ', 0.9980268478393555), ('―', 0.9995325803756714), ('VA元', 0.9805158972740173), ('N', 0.9987151622772217), ('KWh', 0.85300612449646), ('←Й∩成功失败请购电拉闸12L812T18', 0.969879150390625)]

2023-02-09 11:16:33,705: detec_list: 接收参数：[图片路径：./photo/NG230209/PICTURE1\3530001000101493259563.jpg，配置文件路径：photo/230209ini ]
识别结果：[('当前上18月组合正反向总费率18剩余常数', 0.9213639497756958), ('§｛阶梯透支用电量价户时间段金额表号', 0.9410195350646973), ('8888:8.8:8.8', 0.9641122221946716), ('L', 0.9975510239601135), ('COSΦ', 0.9980268478393555), ('―', 0.9995325803756714), ('VA元', 0.9805158972740173), ('N', 0.9987151622772217), ('KWh', 0.85300612449646), ('←Й∩成功失败请购电拉闸12L812T18', 0.969879150390625)]

2023-02-09 11:16:35,904: detec_list: 接收参数：[图片路径：./photo/NG230209/PICTURE2\3530001000101493321420.jpg，配置文件路径：photo/230209ini ]
识别结果：[('当前上18月组合正反向总费率18剩余常数', 0.9657901525497437), ('§｛阶梯透支用电量价户时间段金额表号', 0.9377200603485107), ('8888:8.8:8.8', 0.9703385829925537), ('L', 0.9981592297554016), ('COSΦ', 0.9914776086807251), ('―', 0.993194580078125), ('VA元', 0.9855917096138), ('N', 0.9993370175361633), ('KWh', 0.8690465092658997), ('←Й∩成功失败请购电拉闸12L812T18', 0.9466173052787781)]

2023-02-09 11:16:35,904: detec_list: 接收参数：[图片路径：./photo/NG230209/PICTURE2\3530001000101493321420.jpg，配置文件路径：photo/230209ini ]
识别结果：[('当前上18月组合正反向总费率18剩余常数', 0.9657901525497437), ('§｛阶梯透支用电量价户时间段金额表号', 0.9377200603485107), ('8888:8.8:8.8', 0.9703385829925537), ('L', 0.9981592297554016), ('COSΦ', 0.9914776086807251), ('―', 0.993194580078125), ('VA元', 0.9855917096138), ('N', 0.9993370175361633), ('KWh', 0.8690465092658997), ('←Й∩成功失败请购电拉闸12L812T18', 0.9466173052787781)]

2023-02-09 11:16:38,099: detec_list: 接收参数：[图片路径：./photo/NG230209/PICTURE3\3530001000101493283858.jpg，配置文件路径：photo/230209ini ]
识别结果：[('当前上18月组合正反向总费率18剩余常数', 0.9569516181945801), ('§｛阶梯透支用电量价户时间段金额表号', 0.9283936023712158), ('8888:8.8:8.8', 0.9116492867469788), ('L', 0.8809539079666138), ('COSΦ', 0.9974603056907654), ('―', 0.9971047043800354), ('VA元', 0.7489253878593445), ('N', 0.998957633972168), ('kWh', 0.9050253033638), ('←Й∩成功失败请购电拉闸12L812T18', 0.9709578156471252)]

2023-02-09 11:16:38,099: detec_list: 接收参数：[图片路径：./photo/NG230209/PICTURE3\3530001000101493283858.jpg，配置文件路径：photo/230209ini ]
识别结果：[('当前上18月组合正反向总费率18剩余常数', 0.9569516181945801), ('§｛阶梯透支用电量价户时间段金额表号', 0.9283936023712158), ('8888:8.8:8.8', 0.9116492867469788), ('L', 0.8809539079666138), ('COSΦ', 0.9974603056907654), ('―', 0.9971047043800354), ('VA元', 0.7489253878593445), ('N', 0.998957633972168), ('kWh', 0.9050253033638), ('←Й∩成功失败请购电拉闸12L812T18', 0.9709578156471252)]

2023-02-09 11:16:40,315: detec_list: 接收参数：[图片路径：./photo/NG230209/PICTURE4\3530001000101493328757.jpg，配置文件路径：photo/230209ini ]
识别结果：[('当前上18月组合正反向总费率18剩余常数', 0.9498294591903687), ('§｛阶梯透支用电量价户时间段金额表号', 0.9878331422805786), ('8888:8.8:8.8', 0.930732786655426), ('L', 0.840228796005249), ('COSΦ', 0.9985328912734985), ('―', 0.997075080871582), ('VA元', 0.9857080578804016), ('N', 0.8650987148284912), ('kWh', 0.8666093945503235), ('←Й∩成功失败请购电拉闸12L812T18', 0.9414623379707336)]

2023-02-09 11:16:40,315: detec_list: 接收参数：[图片路径：./photo/NG230209/PICTURE4\3530001000101493328757.jpg，配置文件路径：photo/230209ini ]
识别结果：[('当前上18月组合正反向总费率18剩余常数', 0.9498294591903687), ('§｛阶梯透支用电量价户时间段金额表号', 0.9878331422805786), ('8888:8.8:8.8', 0.930732786655426), ('L', 0.840228796005249), ('COSΦ', 0.9985328912734985), ('―', 0.997075080871582), ('VA元', 0.9857080578804016), ('N', 0.8650987148284912), ('kWh', 0.8666093945503235), ('←Й∩成功失败请购电拉闸12L812T18', 0.9414623379707336)]

2023-02-09 11:16:42,446: detec_list: 接收参数：[图片路径：./photo/NG230209/PICTURE5\3530001000101493283780.jpg，配置文件路径：photo/230209ini ]
识别结果：[('当前上18月组合正反向总费率18剩余常数', 0.976287841796875), ('§｛阶梯透支用电量价户时间段金额表号', 0.9738555550575256), ('8888:8.8:8.8', 0.9826837182044983), ('L', 0.9971925616264343), ('COSΦ', 0.9930591583251953), ('―', 0.8568950891494751), ('VA元', 0.9867214560508728), ('N', 0.997740626335144), ('kWh', 0.8771435618400574), ('←Й∩成功失败请购电拉闸12L812T18', 0.9800060391426086)]

2023-02-09 11:16:42,446: detec_list: 接收参数：[图片路径：./photo/NG230209/PICTURE5\3530001000101493283780.jpg，配置文件路径：photo/230209ini ]
识别结果：[('当前上18月组合正反向总费率18剩余常数', 0.976287841796875), ('§｛阶梯透支用电量价户时间段金额表号', 0.9738555550575256), ('8888:8.8:8.8', 0.9826837182044983), ('L', 0.9971925616264343), ('COSΦ', 0.9930591583251953), ('―', 0.8568950891494751), ('VA元', 0.9867214560508728), ('N', 0.997740626335144), ('kWh', 0.8771435618400574), ('←Й∩成功失败请购电拉闸12L812T18', 0.9800060391426086)]

2023-02-09 11:16:44,589: detec_list: 接收参数：[图片路径：./photo/NG230209/PICTURE6\3530001000101493321482.jpg，配置文件路径：photo/230209ini ]
识别结果：[('当前上18月组合正反向总费率18剩余常数', 0.9574249982833862), ('§｛阶梯透支用电量价户时间段金额表号', 0.9669559597969055), ('8888:8.8:8.8', 0.9145871996879578), ('L', 0.9970133304595947), ('COSΦ', 0.9902672171592712), ('―', 0.9925740957260132), ('VA元', 0.8855665326118469), ('N', 0.999213457107544), ('kWh', 0.8222634196281433), ('←Й∩成功失败请购电拉闸12L812T18', 0.977130115032196)]

2023-02-09 11:16:44,589: detec_list: 接收参数：[图片路径：./photo/NG230209/PICTURE6\3530001000101493321482.jpg，配置文件路径：photo/230209ini ]
识别结果：[('当前上18月组合正反向总费率18剩余常数', 0.9574249982833862), ('§｛阶梯透支用电量价户时间段金额表号', 0.9669559597969055), ('8888:8.8:8.8', 0.9145871996879578), ('L', 0.9970133304595947), ('COSΦ', 0.9902672171592712), ('―', 0.9925740957260132), ('VA元', 0.8855665326118469), ('N', 0.999213457107544), ('kWh', 0.8222634196281433), ('←Й∩成功失败请购电拉闸12L812T18', 0.977130115032196)]

2023-02-09 13:40:11,850: detec_list: 接收参数：[图片路径：./photo/NG230209/PICTURE1\3530001000101493259563.jpg，配置文件路径：photo/230209ini ]
识别结果：[('当前上18月组合正反向总费率18剩余常数', 0.9213639497756958), ('§｛阶梯透支用电量价户时间段金额表号', 0.9410195350646973), ('8888:8.8:8.8', 0.9641122221946716), ('L', 0.9975510239601135), ('COSΦ', 0.9980268478393555), ('―', 0.9995325803756714), ('VA元', 0.9805158972740173), ('N', 0.9987151622772217), ('KWh', 0.85300612449646), ('←Й∩成功失败请购电拉闸12L812T18', 0.969879150390625)]

2023-02-09 13:40:11,850: detec_list: 接收参数：[图片路径：./photo/NG230209/PICTURE1\3530001000101493259563.jpg，配置文件路径：photo/230209ini ]
识别结果：[('当前上18月组合正反向总费率18剩余常数', 0.9213639497756958), ('§｛阶梯透支用电量价户时间段金额表号', 0.9410195350646973), ('8888:8.8:8.8', 0.9641122221946716), ('L', 0.9975510239601135), ('COSΦ', 0.9980268478393555), ('―', 0.9995325803756714), ('VA元', 0.9805158972740173), ('N', 0.9987151622772217), ('KWh', 0.85300612449646), ('←Й∩成功失败请购电拉闸12L812T18', 0.969879150390625)]

2023-02-09 13:40:13,988: detec_list: 接收参数：[图片路径：./photo/NG230209/PICTURE2\3530001000101493321420.jpg，配置文件路径：photo/230209ini ]
识别结果：[('当前上18月组合正反向总费率18剩余常数', 0.9657901525497437), ('§｛阶梯透支用电量价户时间段金额表号', 0.9377200603485107), ('8888:8.8:8.8', 0.9703385829925537), ('L', 0.9981592297554016), ('COSΦ', 0.9914776086807251), ('―', 0.993194580078125), ('VA元', 0.9855917096138), ('N', 0.9993370175361633), ('KWh', 0.8690465092658997), ('←Й∩成功失败请购电拉闸12L812T18', 0.9466173052787781)]

2023-02-09 13:40:13,989: detec_list: 接收参数：[图片路径：./photo/NG230209/PICTURE2\3530001000101493321420.jpg，配置文件路径：photo/230209ini ]
识别结果：[('当前上18月组合正反向总费率18剩余常数', 0.9657901525497437), ('§｛阶梯透支用电量价户时间段金额表号', 0.9377200603485107), ('8888:8.8:8.8', 0.9703385829925537), ('L', 0.9981592297554016), ('COSΦ', 0.9914776086807251), ('―', 0.993194580078125), ('VA元', 0.9855917096138), ('N', 0.9993370175361633), ('KWh', 0.8690465092658997), ('←Й∩成功失败请购电拉闸12L812T18', 0.9466173052787781)]

2023-02-09 13:40:16,115: detec_list: 接收参数：[图片路径：./photo/NG230209/PICTURE3\3530001000101493283858.jpg，配置文件路径：photo/230209ini ]
识别结果：[('当前上18月组合正反向总费率18剩余常数', 0.9569516181945801), ('§｛阶梯透支用电量价户时间段金额表号', 0.9283936023712158), ('8888:8.8:8.8', 0.9116492867469788), ('L', 0.8809539079666138), ('COSΦ', 0.9974603056907654), ('―', 0.9971047043800354), ('VA元', 0.7489253878593445), ('N', 0.998957633972168), ('kWh', 0.9050253033638), ('←Й∩成功失败请购电拉闸12L812T18', 0.9709578156471252)]

2023-02-09 13:40:16,116: detec_list: 接收参数：[图片路径：./photo/NG230209/PICTURE3\3530001000101493283858.jpg，配置文件路径：photo/230209ini ]
识别结果：[('当前上18月组合正反向总费率18剩余常数', 0.9569516181945801), ('§｛阶梯透支用电量价户时间段金额表号', 0.9283936023712158), ('8888:8.8:8.8', 0.9116492867469788), ('L', 0.8809539079666138), ('COSΦ', 0.9974603056907654), ('―', 0.9971047043800354), ('VA元', 0.7489253878593445), ('N', 0.998957633972168), ('kWh', 0.9050253033638), ('←Й∩成功失败请购电拉闸12L812T18', 0.9709578156471252)]

2023-02-09 13:43:57,005: detec_list: 接收参数：[图片路径：photo/89/PICTURE1\3530001000101493283797.jpg，配置文件路径：photo/88ini ]
识别结果：[('上18月组合正反向总费率18剩余常数', 0.9572661519050598), ('当阶梯透支用电量价户时间段金额表号', 0.9703925848007202), ('8888:8.8:8.8', 0.8623418807983398), ('COSΦ', 0.9953905940055847), ('VA元', 0.82188481092453), ('kWh', 0.8847050666809082), ('∩成功失败请购电拉闸12L812T18', 0.9595716595649719), ('闸', 0.8761462569236755), ('4T', 0.9115540981292725), ('外', 0.7330240607261658)]

2023-02-09 13:43:57,005: detec_list: 接收参数：[图片路径：photo/89/PICTURE1\3530001000101493283797.jpg，配置文件路径：photo/88ini ]
识别结果：[('上18月组合正反向总费率18剩余常数', 0.9572661519050598), ('当阶梯透支用电量价户时间段金额表号', 0.9703925848007202), ('8888:8.8:8.8', 0.8623418807983398), ('COSΦ', 0.9953905940055847), ('VA元', 0.82188481092453), ('kWh', 0.8847050666809082), ('∩成功失败请购电拉闸12L812T18', 0.9595716595649719), ('闸', 0.8761462569236755), ('4T', 0.9115540981292725), ('外', 0.7330240607261658)]

2023-02-09 13:43:59,617: detec_list: 接收参数：[图片路径：photo/89/PICTURE2\3530001000101493328733.jpg，配置文件路径：photo/88ini ]
识别结果：[('当前上18月组合正反向总费率18剩余常数', 0.9175243377685547), ('§｛阶梯透支用电量价户时间段金额表号', 0.973416268825531), ('8888:8.8:8.8', 0.9677338004112244), ('L', 0.9985393285751343), ('COSΦ', 0.9923821687698364), ('―', 0.9986031651496887), ('VA元', 0.9241673946380615), ('N', 0.9994189739227295), ('KWh', 0.8746936321258545), ('←Й∩成功失败请购电拉闸12L812T18', 0.9434381723403931), ('前', 0.5652820467948914), ('1T', 0.5614204406738281)]

2023-02-09 13:43:59,617: detec_list: 接收参数：[图片路径：photo/89/PICTURE2\3530001000101493328733.jpg，配置文件路径：photo/88ini ]
识别结果：[('当前上18月组合正反向总费率18剩余常数', 0.9175243377685547), ('§｛阶梯透支用电量价户时间段金额表号', 0.973416268825531), ('8888:8.8:8.8', 0.9677338004112244), ('L', 0.9985393285751343), ('COSΦ', 0.9923821687698364), ('―', 0.9986031651496887), ('VA元', 0.9241673946380615), ('N', 0.9994189739227295), ('KWh', 0.8746936321258545), ('←Й∩成功失败请购电拉闸12L812T18', 0.9434381723403931), ('前', 0.5652820467948914), ('1T', 0.5614204406738281)]

2023-02-09 13:44:01,971: detec_list: 接收参数：[图片路径：photo/89/PICTURE3\3530001000101493325534.jpg，配置文件路径：photo/88ini ]
识别结果：[('2021E214-31', 0.8584808111190796), ('LPA', 0.8584368824958801), ('GB/T1T215.321', 0.9136644601821899), ('当前上18月组合正反向总费率18剩余常数', 0.9418255090713501), ('§｛阶梯透支用电量价户时间段金额表号', 0.9617148041725159), ('8888:8.8:8.8', 0.9534663558006287), ('L', 0.9974002838134766), ('COSΦ', 0.9913164377212524), ('―', 0.9987233281135559), ('VA元', 0.9792564511299133), ('N', 0.955390989780426), ('kWh', 0.8617962002754211)]

2023-02-09 13:44:01,971: detec_list: 接收参数：[图片路径：photo/89/PICTURE3\3530001000101493325534.jpg，配置文件路径：photo/88ini ]
识别结果：[('2021E214-31', 0.8584808111190796), ('LPA', 0.8584368824958801), ('GB/T1T215.321', 0.9136644601821899), ('当前上18月组合正反向总费率18剩余常数', 0.9418255090713501), ('§｛阶梯透支用电量价户时间段金额表号', 0.9617148041725159), ('8888:8.8:8.8', 0.9534663558006287), ('L', 0.9974002838134766), ('COSΦ', 0.9913164377212524), ('―', 0.9987233281135559), ('VA元', 0.9792564511299133), ('N', 0.955390989780426), ('kWh', 0.8617962002754211)]

2023-02-09 13:44:04,108: detec_list: 接收参数：[图片路径：photo/89/PICTURE4\10Error.jpg，配置文件路径：photo/88ini ]
识别结果：[('前上18月组合正反向总费率18剩余常数', 0.9364891052246094), ('｛阶梯透支用电量价户时间段金额表号', 0.9811376929283142), ('8888:8.8:8.8', 0.9542884826660156), ('COSΦ', 0.9987198710441589), ('―', 0.6558858156204224), ('VA元', 0.9474119544029236), ('kWh', 0.8566663265228271), ('｛∩∩成功失败请购电拉闸1L12', 0.7121694684028625)]

2023-02-09 13:44:04,108: detec_list: 接收参数：[图片路径：photo/89/PICTURE4\10Error.jpg，配置文件路径：photo/88ini ]
识别结果：[('前上18月组合正反向总费率18剩余常数', 0.9364891052246094), ('｛阶梯透支用电量价户时间段金额表号', 0.9811376929283142), ('8888:8.8:8.8', 0.9542884826660156), ('COSΦ', 0.9987198710441589), ('―', 0.6558858156204224), ('VA元', 0.9474119544029236), ('kWh', 0.8566663265228271), ('｛∩∩成功失败请购电拉闸1L12', 0.7121694684028625)]

2023-02-09 13:44:05,853: detec_list: 接收参数：[图片路径：photo/89/PICTURE5\3530001000101493328740.jpg，配置文件路径：photo/88ini ]
识别结果：[('当前上18月组合正反向总费率18剩余', 0.9512292146682739), ('§｛阶梯透支用电量价户时间段金额', 0.9622169733047485), ('8888:8.8:8.8', 0.9906441569328308), ('L', 0.5204189419746399), ('―', 0.9992874264717102), ('N', 0.9989014863967896), ('←Й∩成功失败请购电拉闸12L812', 0.9650934338569641)]

2023-02-09 13:44:05,853: detec_list: 接收参数：[图片路径：photo/89/PICTURE5\3530001000101493328740.jpg，配置文件路径：photo/88ini ]
识别结果：[('当前上18月组合正反向总费率18剩余', 0.9512292146682739), ('§｛阶梯透支用电量价户时间段金额', 0.9622169733047485), ('8888:8.8:8.8', 0.9906441569328308), ('L', 0.5204189419746399), ('―', 0.9992874264717102), ('N', 0.9989014863967896), ('←Й∩成功失败请购电拉闸12L812', 0.9650934338569641)]

2023-02-09 13:44:07,487: detec_list: 接收参数：[图片路径：photo/89/PICTURE6\3530001000101493328719.jpg，配置文件路径：photo/88ini ]
识别结果：[('A', 0.6175005435943604), ('2021E214-31', 0.9352700710296631), ('GB/T17215.321-202', 0.9602874517440796), ('当前上18月组合正反向总费率18剩余常数', 0.9826854467391968), ('§｛阶梯透支用电量价户时间段金额表号', 0.9969692230224609)]

2023-02-09 13:44:07,487: detec_list: 接收参数：[图片路径：photo/89/PICTURE6\3530001000101493328719.jpg，配置文件路径：photo/88ini ]
识别结果：[('A', 0.6175005435943604), ('2021E214-31', 0.9352700710296631), ('GB/T17215.321-202', 0.9602874517440796), ('当前上18月组合正反向总费率18剩余常数', 0.9826854467391968), ('§｛阶梯透支用电量价户时间段金额表号', 0.9969692230224609)]

2023-02-09 13:44:43,578: detec_list: 接收参数：[图片路径：photo/88/PICTURE1\3530001000101493321444.jpg，配置文件路径：photo/88ini ]
识别结果：[('当前上18月组合正反向总费率18剩余常数', 0.9398676156997681), ('§｛阶梯透支用电量价户时间段金额表号', 0.9745977520942688), ('8888:8.8:8.8', 0.9471607804298401), ('L', 0.5334388613700867), ('COSΦ', 0.9953117370605469), ('―', 0.9990301132202148), ('VA元', 0.9884503483772278), ('N', 0.9989297986030579), ('kWh', 0.8233302235603333), ('←Й∩成功失败请购电拉闸12L812T18', 0.9728591442108154)]

2023-02-09 13:44:43,579: detec_list: 接收参数：[图片路径：photo/88/PICTURE1\3530001000101493321444.jpg，配置文件路径：photo/88ini ]
识别结果：[('当前上18月组合正反向总费率18剩余常数', 0.9398676156997681), ('§｛阶梯透支用电量价户时间段金额表号', 0.9745977520942688), ('8888:8.8:8.8', 0.9471607804298401), ('L', 0.5334388613700867), ('COSΦ', 0.9953117370605469), ('―', 0.9990301132202148), ('VA元', 0.9884503483772278), ('N', 0.9989297986030579), ('kWh', 0.8233302235603333), ('←Й∩成功失败请购电拉闸12L812T18', 0.9728591442108154)]

2023-02-09 13:44:45,613: detec_list: 接收参数：[图片路径：photo/88/PICTURE2\3530001000101493259570.jpg，配置文件路径：photo/88ini ]
识别结果：[('当前上18月组合正反向总费率18剩余常数', 0.9388418197631836), ('§｛阶梯透支用电量价户时间段金额表号', 0.987798810005188), ('8888:8.8:8.8', 0.9850618243217468), ('L', 0.9974666833877563), ('COSΦ', 0.9890449047088623), ('―', 0.9989620447158813), ('VA元', 0.873389720916748), ('N', 0.9987624883651733), ('KWh', 0.7864534258842468), ('←Й∩成功失败请购电拉闸12L812T18', 0.9569034576416016)]

2023-02-09 13:44:45,613: detec_list: 接收参数：[图片路径：photo/88/PICTURE2\3530001000101493259570.jpg，配置文件路径：photo/88ini ]
识别结果：[('当前上18月组合正反向总费率18剩余常数', 0.9388418197631836), ('§｛阶梯透支用电量价户时间段金额表号', 0.987798810005188), ('8888:8.8:8.8', 0.9850618243217468), ('L', 0.9974666833877563), ('COSΦ', 0.9890449047088623), ('―', 0.9989620447158813), ('VA元', 0.873389720916748), ('N', 0.9987624883651733), ('KWh', 0.7864534258842468), ('←Й∩成功失败请购电拉闸12L812T18', 0.9569034576416016)]

2023-02-09 13:44:47,721: detec_list: 接收参数：[图片路径：photo/88/PICTURE3\3530001000101493259549.jpg，配置文件路径：photo/88ini ]
识别结果：[('当前上18月组合正反向总费率18剩余常数', 0.948334813117981), ('§｛阶梯透支用电量价户时间段金额表号', 0.9946503043174744), ('8888:8.8:8.8', 0.9527714252471924), ('L', 0.9973370432853699), ('COSΦ', 0.9977946281433105), ('―', 0.9982572197914124), ('VA元', 0.9854122996330261), ('N', 0.9976381063461304), ('kWh', 0.8866600394248962), ('←Й∩成功失败请购电拉闸12L812T18', 0.9651073813438416)]

2023-02-09 13:44:47,721: detec_list: 接收参数：[图片路径：photo/88/PICTURE3\3530001000101493259549.jpg，配置文件路径：photo/88ini ]
识别结果：[('当前上18月组合正反向总费率18剩余常数', 0.948334813117981), ('§｛阶梯透支用电量价户时间段金额表号', 0.9946503043174744), ('8888:8.8:8.8', 0.9527714252471924), ('L', 0.9973370432853699), ('COSΦ', 0.9977946281433105), ('―', 0.9982572197914124), ('VA元', 0.9854122996330261), ('N', 0.9976381063461304), ('kWh', 0.8866600394248962), ('←Й∩成功失败请购电拉闸12L812T18', 0.9651073813438416)]

2023-02-09 13:44:49,820: detec_list: 接收参数：[图片路径：photo/88/PICTURE4\3530001000101493321468.jpg，配置文件路径：photo/88ini ]
识别结果：[('当前上18月组合正反向总费率18剩余常数', 0.9951841235160828), ('§｛阶梯透支用电量价户时间段金额表号', 0.995196521282196), ('8888:8.8:8.8', 0.9284369349479675), ('L', 0.6400274038314819), ('COSΦ', 0.9963660836219788), ('―', 0.998102605342865), ('VA元', 0.9869696497917175), ('N', 0.9980308413505554), ('kWh', 0.9155486226081848), ('←Й∩成功失败请购电拉闸12L812T18', 0.9581679701805115)]

2023-02-09 13:44:49,820: detec_list: 接收参数：[图片路径：photo/88/PICTURE4\3530001000101493321468.jpg，配置文件路径：photo/88ini ]
识别结果：[('当前上18月组合正反向总费率18剩余常数', 0.9951841235160828), ('§｛阶梯透支用电量价户时间段金额表号', 0.995196521282196), ('8888:8.8:8.8', 0.9284369349479675), ('L', 0.6400274038314819), ('COSΦ', 0.9963660836219788), ('―', 0.998102605342865), ('VA元', 0.9869696497917175), ('N', 0.9980308413505554), ('kWh', 0.9155486226081848), ('←Й∩成功失败请购电拉闸12L812T18', 0.9581679701805115)]

2023-02-09 13:44:51,938: detec_list: 接收参数：[图片路径：photo/88/PICTURE5\3530001000101493321499.jpg，配置文件路径：photo/88ini ]
识别结果：[('当前上18月组合正反向总费率18剩余常数', 0.9628322720527649), ('§｛阶梯透支用电量价户时间段金额表号', 0.9676945209503174), ('8888:8.8:8.8', 0.9394139647483826), ('L', 0.9965205192565918), ('COSΦ', 0.9796500205993652), ('―', 0.9967560172080994), ('VA元', 0.9093377590179443), ('N', 0.9509797692298889), ('kWh', 0.8517147898674011), ('←Й∩成功失败请购电拉闸12L812T18', 0.9884564876556396)]

2023-02-09 13:44:51,939: detec_list: 接收参数：[图片路径：photo/88/PICTURE5\3530001000101493321499.jpg，配置文件路径：photo/88ini ]
识别结果：[('当前上18月组合正反向总费率18剩余常数', 0.9628322720527649), ('§｛阶梯透支用电量价户时间段金额表号', 0.9676945209503174), ('8888:8.8:8.8', 0.9394139647483826), ('L', 0.9965205192565918), ('COSΦ', 0.9796500205993652), ('―', 0.9967560172080994), ('VA元', 0.9093377590179443), ('N', 0.9509797692298889), ('kWh', 0.8517147898674011), ('←Й∩成功失败请购电拉闸12L812T18', 0.9884564876556396)]

2023-02-09 13:44:54,015: detec_list: 接收参数：[图片路径：photo/88/PICTURE6\3530001000101493321475.jpg，配置文件路径：photo/88ini ]
识别结果：[('当前上18月组合正反向总费率18剩余常数', 0.9042981266975403), ('§｛阶梯透支用电量价户时间段金额表号', 0.9961477518081665), ('8888:8.8:8.8', 0.9682793617248535), ('L', 0.9981873631477356), ('COSΦ', 0.9980835914611816), ('―', 0.9971689581871033), ('VA元', 0.9893067479133606), ('N', 0.9973305463790894), ('kWh', 0.8283163905143738), ('←Й∩成功失败请购电拉闸12L812T18', 0.942539393901825)]

2023-02-09 13:44:54,015: detec_list: 接收参数：[图片路径：photo/88/PICTURE6\3530001000101493321475.jpg，配置文件路径：photo/88ini ]
识别结果：[('当前上18月组合正反向总费率18剩余常数', 0.9042981266975403), ('§｛阶梯透支用电量价户时间段金额表号', 0.9961477518081665), ('8888:8.8:8.8', 0.9682793617248535), ('L', 0.9981873631477356), ('COSΦ', 0.9980835914611816), ('―', 0.9971689581871033), ('VA元', 0.9893067479133606), ('N', 0.9973305463790894), ('kWh', 0.8283163905143738), ('←Й∩成功失败请购电拉闸12L812T18', 0.942539393901825)]

2023-02-09 15:28:20,860: detec_list: 接收参数：[图片路径：./photo/NG230209/PICTURE1\3530001000101493259563.jpg，配置文件路径：photo/230209ini ]
识别结果：[('当前上18月组合正反向总费率18剩余常数', 0.9213639497756958), ('§｛阶梯透支用电量价户时间段金额表号', 0.9410195350646973), ('8888:8.8:8.8', 0.9641122221946716), ('L', 0.9975510239601135), ('COSΦ', 0.9980268478393555), ('―', 0.9995325803756714), ('VA元', 0.9805158972740173), ('N', 0.9987151622772217), ('KWh', 0.85300612449646), ('←Й∩成功失败请购电拉闸12L812T18', 0.969879150390625)]

2023-02-09 15:28:20,861: detec_list: 接收参数：[图片路径：./photo/NG230209/PICTURE1\3530001000101493259563.jpg，配置文件路径：photo/230209ini ]
识别结果：[('当前上18月组合正反向总费率18剩余常数', 0.9213639497756958), ('§｛阶梯透支用电量价户时间段金额表号', 0.9410195350646973), ('8888:8.8:8.8', 0.9641122221946716), ('L', 0.9975510239601135), ('COSΦ', 0.9980268478393555), ('―', 0.9995325803756714), ('VA元', 0.9805158972740173), ('N', 0.9987151622772217), ('KWh', 0.85300612449646), ('←Й∩成功失败请购电拉闸12L812T18', 0.969879150390625)]

2023-02-09 15:28:23,005: detec_list: 接收参数：[图片路径：./photo/NG230209/PICTURE2\3530001000101493321420.jpg，配置文件路径：photo/230209ini ]
识别结果：[('当前上18月组合正反向总费率18剩余常数', 0.9657901525497437), ('§｛阶梯透支用电量价户时间段金额表号', 0.9377200603485107), ('8888:8.8:8.8', 0.9703385829925537), ('L', 0.9981592297554016), ('COSΦ', 0.9914776086807251), ('―', 0.993194580078125), ('VA元', 0.9855917096138), ('N', 0.9993370175361633), ('KWh', 0.8690465092658997), ('←Й∩成功失败请购电拉闸12L812T18', 0.9466173052787781)]

2023-02-09 15:28:23,006: detec_list: 接收参数：[图片路径：./photo/NG230209/PICTURE2\3530001000101493321420.jpg，配置文件路径：photo/230209ini ]
识别结果：[('当前上18月组合正反向总费率18剩余常数', 0.9657901525497437), ('§｛阶梯透支用电量价户时间段金额表号', 0.9377200603485107), ('8888:8.8:8.8', 0.9703385829925537), ('L', 0.9981592297554016), ('COSΦ', 0.9914776086807251), ('―', 0.993194580078125), ('VA元', 0.9855917096138), ('N', 0.9993370175361633), ('KWh', 0.8690465092658997), ('←Й∩成功失败请购电拉闸12L812T18', 0.9466173052787781)]

2023-02-09 15:28:25,122: detec_list: 接收参数：[图片路径：./photo/NG230209/PICTURE3\3530001000101493283858.jpg，配置文件路径：photo/230209ini ]
识别结果：[('当前上18月组合正反向总费率18剩余常数', 0.9569516181945801), ('§｛阶梯透支用电量价户时间段金额表号', 0.9283936023712158), ('8888:8.8:8.8', 0.9116492867469788), ('L', 0.8809539079666138), ('COSΦ', 0.9974603056907654), ('―', 0.9971047043800354), ('VA元', 0.7489253878593445), ('N', 0.998957633972168), ('kWh', 0.9050253033638), ('←Й∩成功失败请购电拉闸12L812T18', 0.9709578156471252)]

2023-02-09 15:28:25,122: detec_list: 接收参数：[图片路径：./photo/NG230209/PICTURE3\3530001000101493283858.jpg，配置文件路径：photo/230209ini ]
识别结果：[('当前上18月组合正反向总费率18剩余常数', 0.9569516181945801), ('§｛阶梯透支用电量价户时间段金额表号', 0.9283936023712158), ('8888:8.8:8.8', 0.9116492867469788), ('L', 0.8809539079666138), ('COSΦ', 0.9974603056907654), ('―', 0.9971047043800354), ('VA元', 0.7489253878593445), ('N', 0.998957633972168), ('kWh', 0.9050253033638), ('←Й∩成功失败请购电拉闸12L812T18', 0.9709578156471252)]

2023-02-09 15:28:27,238: detec_list: 接收参数：[图片路径：./photo/NG230209/PICTURE4\3530001000101493328757.jpg，配置文件路径：photo/230209ini ]
识别结果：[('当前上18月组合正反向总费率18剩余常数', 0.9498294591903687), ('§｛阶梯透支用电量价户时间段金额表号', 0.9878331422805786), ('8888:8.8:8.8', 0.930732786655426), ('L', 0.840228796005249), ('COSΦ', 0.9985328912734985), ('―', 0.997075080871582), ('VA元', 0.9857080578804016), ('N', 0.8650987148284912), ('kWh', 0.8666093945503235), ('←Й∩成功失败请购电拉闸12L812T18', 0.9414623379707336)]

2023-02-09 15:28:27,238: detec_list: 接收参数：[图片路径：./photo/NG230209/PICTURE4\3530001000101493328757.jpg，配置文件路径：photo/230209ini ]
识别结果：[('当前上18月组合正反向总费率18剩余常数', 0.9498294591903687), ('§｛阶梯透支用电量价户时间段金额表号', 0.9878331422805786), ('8888:8.8:8.8', 0.930732786655426), ('L', 0.840228796005249), ('COSΦ', 0.9985328912734985), ('―', 0.997075080871582), ('VA元', 0.9857080578804016), ('N', 0.8650987148284912), ('kWh', 0.8666093945503235), ('←Й∩成功失败请购电拉闸12L812T18', 0.9414623379707336)]

2023-02-09 15:28:29,326: detec_list: 接收参数：[图片路径：./photo/NG230209/PICTURE5\3530001000101493283780.jpg，配置文件路径：photo/230209ini ]
识别结果：[('当前上18月组合正反向总费率18剩余常数', 0.976287841796875), ('§｛阶梯透支用电量价户时间段金额表号', 0.9738555550575256), ('8888:8.8:8.8', 0.9826837182044983), ('L', 0.9971925616264343), ('COSΦ', 0.9930591583251953), ('―', 0.8568950891494751), ('VA元', 0.9867214560508728), ('N', 0.997740626335144), ('kWh', 0.8771435618400574), ('←Й∩成功失败请购电拉闸12L812T18', 0.9800060391426086)]

2023-02-09 15:28:29,326: detec_list: 接收参数：[图片路径：./photo/NG230209/PICTURE5\3530001000101493283780.jpg，配置文件路径：photo/230209ini ]
识别结果：[('当前上18月组合正反向总费率18剩余常数', 0.976287841796875), ('§｛阶梯透支用电量价户时间段金额表号', 0.9738555550575256), ('8888:8.8:8.8', 0.9826837182044983), ('L', 0.9971925616264343), ('COSΦ', 0.9930591583251953), ('―', 0.8568950891494751), ('VA元', 0.9867214560508728), ('N', 0.997740626335144), ('kWh', 0.8771435618400574), ('←Й∩成功失败请购电拉闸12L812T18', 0.9800060391426086)]

2023-02-09 15:28:31,437: detec_list: 接收参数：[图片路径：./photo/NG230209/PICTURE6\3530001000101493321482.jpg，配置文件路径：photo/230209ini ]
识别结果：[('当前上18月组合正反向总费率18剩余常数', 0.9574249982833862), ('§｛阶梯透支用电量价户时间段金额表号', 0.9669559597969055), ('8888:8.8:8.8', 0.9145871996879578), ('L', 0.9970133304595947), ('COSΦ', 0.9902672171592712), ('―', 0.9925740957260132), ('VA元', 0.8855665326118469), ('N', 0.999213457107544), ('kWh', 0.8222634196281433), ('←Й∩成功失败请购电拉闸12L812T18', 0.977130115032196)]

2023-02-09 15:28:31,437: detec_list: 接收参数：[图片路径：./photo/NG230209/PICTURE6\3530001000101493321482.jpg，配置文件路径：photo/230209ini ]
识别结果：[('当前上18月组合正反向总费率18剩余常数', 0.9574249982833862), ('§｛阶梯透支用电量价户时间段金额表号', 0.9669559597969055), ('8888:8.8:8.8', 0.9145871996879578), ('L', 0.9970133304595947), ('COSΦ', 0.9902672171592712), ('―', 0.9925740957260132), ('VA元', 0.8855665326118469), ('N', 0.999213457107544), ('kWh', 0.8222634196281433), ('←Й∩成功失败请购电拉闸12L812T18', 0.977130115032196)]

2023-02-09 15:28:44,953: detec_list: 接收参数：[图片路径：./photo/NG230209/PICTURE1\3530001000101493259563.jpg，配置文件路径：photo/230209ini ]
识别结果：[('当前上18月组合正反向总费率18剩余常数', 0.9213639497756958), ('§｛阶梯透支用电量价户时间段金额表号', 0.9410195350646973), ('8888:8.8:8.8', 0.9641122221946716), ('L', 0.9975510239601135), ('COSΦ', 0.9980268478393555), ('―', 0.9995325803756714), ('VA元', 0.9805158972740173), ('N', 0.9987151622772217), ('KWh', 0.85300612449646), ('←Й∩成功失败请购电拉闸12L812T18', 0.969879150390625)]

2023-02-09 15:28:44,954: detec_list: 接收参数：[图片路径：./photo/NG230209/PICTURE1\3530001000101493259563.jpg，配置文件路径：photo/230209ini ]
识别结果：[('当前上18月组合正反向总费率18剩余常数', 0.9213639497756958), ('§｛阶梯透支用电量价户时间段金额表号', 0.9410195350646973), ('8888:8.8:8.8', 0.9641122221946716), ('L', 0.9975510239601135), ('COSΦ', 0.9980268478393555), ('―', 0.9995325803756714), ('VA元', 0.9805158972740173), ('N', 0.9987151622772217), ('KWh', 0.85300612449646), ('←Й∩成功失败请购电拉闸12L812T18', 0.969879150390625)]

2023-02-09 15:28:47,153: detec_list: 接收参数：[图片路径：./photo/NG230209/PICTURE2\3530001000101493321420.jpg，配置文件路径：photo/230209ini ]
识别结果：[('当前上18月组合正反向总费率18剩余常数', 0.9657901525497437), ('§｛阶梯透支用电量价户时间段金额表号', 0.9377200603485107), ('8888:8.8:8.8', 0.9703385829925537), ('L', 0.9981592297554016), ('COSΦ', 0.9914776086807251), ('―', 0.993194580078125), ('VA元', 0.9855917096138), ('N', 0.9993370175361633), ('KWh', 0.8690465092658997), ('←Й∩成功失败请购电拉闸12L812T18', 0.9466173052787781)]

2023-02-09 15:28:47,153: detec_list: 接收参数：[图片路径：./photo/NG230209/PICTURE2\3530001000101493321420.jpg，配置文件路径：photo/230209ini ]
识别结果：[('当前上18月组合正反向总费率18剩余常数', 0.9657901525497437), ('§｛阶梯透支用电量价户时间段金额表号', 0.9377200603485107), ('8888:8.8:8.8', 0.9703385829925537), ('L', 0.9981592297554016), ('COSΦ', 0.9914776086807251), ('―', 0.993194580078125), ('VA元', 0.9855917096138), ('N', 0.9993370175361633), ('KWh', 0.8690465092658997), ('←Й∩成功失败请购电拉闸12L812T18', 0.9466173052787781)]

2023-02-09 15:28:49,348: detec_list: 接收参数：[图片路径：./photo/NG230209/PICTURE3\3530001000101493283858.jpg，配置文件路径：photo/230209ini ]
识别结果：[('当前上18月组合正反向总费率18剩余常数', 0.9569516181945801), ('§｛阶梯透支用电量价户时间段金额表号', 0.9283936023712158), ('8888:8.8:8.8', 0.9116492867469788), ('L', 0.8809539079666138), ('COSΦ', 0.9974603056907654), ('―', 0.9971047043800354), ('VA元', 0.7489253878593445), ('N', 0.998957633972168), ('kWh', 0.9050253033638), ('←Й∩成功失败请购电拉闸12L812T18', 0.9709578156471252)]

2023-02-09 15:28:49,349: detec_list: 接收参数：[图片路径：./photo/NG230209/PICTURE3\3530001000101493283858.jpg，配置文件路径：photo/230209ini ]
识别结果：[('当前上18月组合正反向总费率18剩余常数', 0.9569516181945801), ('§｛阶梯透支用电量价户时间段金额表号', 0.9283936023712158), ('8888:8.8:8.8', 0.9116492867469788), ('L', 0.8809539079666138), ('COSΦ', 0.9974603056907654), ('―', 0.9971047043800354), ('VA元', 0.7489253878593445), ('N', 0.998957633972168), ('kWh', 0.9050253033638), ('←Й∩成功失败请购电拉闸12L812T18', 0.9709578156471252)]

2023-02-09 15:28:51,495: detec_list: 接收参数：[图片路径：./photo/NG230209/PICTURE4\3530001000101493328757.jpg，配置文件路径：photo/230209ini ]
识别结果：[('当前上18月组合正反向总费率18剩余常数', 0.9498294591903687), ('§｛阶梯透支用电量价户时间段金额表号', 0.9878331422805786), ('8888:8.8:8.8', 0.930732786655426), ('L', 0.840228796005249), ('COSΦ', 0.9985328912734985), ('―', 0.997075080871582), ('VA元', 0.9857080578804016), ('N', 0.8650987148284912), ('kWh', 0.8666093945503235), ('←Й∩成功失败请购电拉闸12L812T18', 0.9414623379707336)]

2023-02-09 15:28:51,495: detec_list: 接收参数：[图片路径：./photo/NG230209/PICTURE4\3530001000101493328757.jpg，配置文件路径：photo/230209ini ]
识别结果：[('当前上18月组合正反向总费率18剩余常数', 0.9498294591903687), ('§｛阶梯透支用电量价户时间段金额表号', 0.9878331422805786), ('8888:8.8:8.8', 0.930732786655426), ('L', 0.840228796005249), ('COSΦ', 0.9985328912734985), ('―', 0.997075080871582), ('VA元', 0.9857080578804016), ('N', 0.8650987148284912), ('kWh', 0.8666093945503235), ('←Й∩成功失败请购电拉闸12L812T18', 0.9414623379707336)]

2023-02-09 15:28:53,623: detec_list: 接收参数：[图片路径：./photo/NG230209/PICTURE5\3530001000101493283780.jpg，配置文件路径：photo/230209ini ]
识别结果：[('当前上18月组合正反向总费率18剩余常数', 0.976287841796875), ('§｛阶梯透支用电量价户时间段金额表号', 0.9738555550575256), ('8888:8.8:8.8', 0.9826837182044983), ('L', 0.9971925616264343), ('COSΦ', 0.9930591583251953), ('―', 0.8568950891494751), ('VA元', 0.9867214560508728), ('N', 0.997740626335144), ('kWh', 0.8771435618400574), ('←Й∩成功失败请购电拉闸12L812T18', 0.9800060391426086)]

2023-02-09 15:28:53,623: detec_list: 接收参数：[图片路径：./photo/NG230209/PICTURE5\3530001000101493283780.jpg，配置文件路径：photo/230209ini ]
识别结果：[('当前上18月组合正反向总费率18剩余常数', 0.976287841796875), ('§｛阶梯透支用电量价户时间段金额表号', 0.9738555550575256), ('8888:8.8:8.8', 0.9826837182044983), ('L', 0.9971925616264343), ('COSΦ', 0.9930591583251953), ('―', 0.8568950891494751), ('VA元', 0.9867214560508728), ('N', 0.997740626335144), ('kWh', 0.8771435618400574), ('←Й∩成功失败请购电拉闸12L812T18', 0.9800060391426086)]

2023-02-09 15:28:55,808: detec_list: 接收参数：[图片路径：./photo/NG230209/PICTURE6\3530001000101493321482.jpg，配置文件路径：photo/230209ini ]
识别结果：[('当前上18月组合正反向总费率18剩余常数', 0.9574249982833862), ('§｛阶梯透支用电量价户时间段金额表号', 0.9669559597969055), ('8888:8.8:8.8', 0.9145871996879578), ('L', 0.9970133304595947), ('COSΦ', 0.9902672171592712), ('―', 0.9925740957260132), ('VA元', 0.8855665326118469), ('N', 0.999213457107544), ('kWh', 0.8222634196281433), ('←Й∩成功失败请购电拉闸12L812T18', 0.977130115032196)]

2023-02-09 15:28:55,808: detec_list: 接收参数：[图片路径：./photo/NG230209/PICTURE6\3530001000101493321482.jpg，配置文件路径：photo/230209ini ]
识别结果：[('当前上18月组合正反向总费率18剩余常数', 0.9574249982833862), ('§｛阶梯透支用电量价户时间段金额表号', 0.9669559597969055), ('8888:8.8:8.8', 0.9145871996879578), ('L', 0.9970133304595947), ('COSΦ', 0.9902672171592712), ('―', 0.9925740957260132), ('VA元', 0.8855665326118469), ('N', 0.999213457107544), ('kWh', 0.8222634196281433), ('←Й∩成功失败请购电拉闸12L812T18', 0.977130115032196)]

2023-02-09 15:29:13,527: detec_list: 接收参数：[图片路径：./photo/NG230209/PICTURE1\3530001000101493259563.jpg，配置文件路径：photo/230209ini ]
识别结果：[('当前上18月组合正反向总费率18剩余常数', 0.9213639497756958), ('§｛阶梯透支用电量价户时间段金额表号', 0.9410195350646973), ('8888:8.8:8.8', 0.9641122221946716), ('L', 0.9975510239601135), ('COSΦ', 0.9980268478393555), ('―', 0.9995325803756714), ('VA元', 0.9805158972740173), ('N', 0.9987151622772217), ('KWh', 0.85300612449646), ('←Й∩成功失败请购电拉闸12L812T18', 0.969879150390625)]

2023-02-09 15:29:13,527: detec_list: 接收参数：[图片路径：./photo/NG230209/PICTURE1\3530001000101493259563.jpg，配置文件路径：photo/230209ini ]
识别结果：[('当前上18月组合正反向总费率18剩余常数', 0.9213639497756958), ('§｛阶梯透支用电量价户时间段金额表号', 0.9410195350646973), ('8888:8.8:8.8', 0.9641122221946716), ('L', 0.9975510239601135), ('COSΦ', 0.9980268478393555), ('―', 0.9995325803756714), ('VA元', 0.9805158972740173), ('N', 0.9987151622772217), ('KWh', 0.85300612449646), ('←Й∩成功失败请购电拉闸12L812T18', 0.969879150390625)]

2023-02-09 15:29:15,616: detec_list: 接收参数：[图片路径：./photo/NG230209/PICTURE2\3530001000101493321420.jpg，配置文件路径：photo/230209ini ]
识别结果：[('当前上18月组合正反向总费率18剩余常数', 0.9657901525497437), ('§｛阶梯透支用电量价户时间段金额表号', 0.9377200603485107), ('8888:8.8:8.8', 0.9703385829925537), ('L', 0.9981592297554016), ('COSΦ', 0.9914776086807251), ('―', 0.993194580078125), ('VA元', 0.9855917096138), ('N', 0.9993370175361633), ('KWh', 0.8690465092658997), ('←Й∩成功失败请购电拉闸12L812T18', 0.9466173052787781)]

2023-02-09 15:29:15,616: detec_list: 接收参数：[图片路径：./photo/NG230209/PICTURE2\3530001000101493321420.jpg，配置文件路径：photo/230209ini ]
识别结果：[('当前上18月组合正反向总费率18剩余常数', 0.9657901525497437), ('§｛阶梯透支用电量价户时间段金额表号', 0.9377200603485107), ('8888:8.8:8.8', 0.9703385829925537), ('L', 0.9981592297554016), ('COSΦ', 0.9914776086807251), ('―', 0.993194580078125), ('VA元', 0.9855917096138), ('N', 0.9993370175361633), ('KWh', 0.8690465092658997), ('←Й∩成功失败请购电拉闸12L812T18', 0.9466173052787781)]

2023-02-09 15:29:17,755: detec_list: 接收参数：[图片路径：./photo/NG230209/PICTURE3\3530001000101493283858.jpg，配置文件路径：photo/230209ini ]
识别结果：[('当前上18月组合正反向总费率18剩余常数', 0.9569516181945801), ('§｛阶梯透支用电量价户时间段金额表号', 0.9283936023712158), ('8888:8.8:8.8', 0.9116492867469788), ('L', 0.8809539079666138), ('COSΦ', 0.9974603056907654), ('―', 0.9971047043800354), ('VA元', 0.7489253878593445), ('N', 0.998957633972168), ('kWh', 0.9050253033638), ('←Й∩成功失败请购电拉闸12L812T18', 0.9709578156471252)]

2023-02-09 15:29:17,755: detec_list: 接收参数：[图片路径：./photo/NG230209/PICTURE3\3530001000101493283858.jpg，配置文件路径：photo/230209ini ]
识别结果：[('当前上18月组合正反向总费率18剩余常数', 0.9569516181945801), ('§｛阶梯透支用电量价户时间段金额表号', 0.9283936023712158), ('8888:8.8:8.8', 0.9116492867469788), ('L', 0.8809539079666138), ('COSΦ', 0.9974603056907654), ('―', 0.9971047043800354), ('VA元', 0.7489253878593445), ('N', 0.998957633972168), ('kWh', 0.9050253033638), ('←Й∩成功失败请购电拉闸12L812T18', 0.9709578156471252)]

2023-02-09 15:29:19,936: detec_list: 接收参数：[图片路径：./photo/NG230209/PICTURE4\3530001000101493328757.jpg，配置文件路径：photo/230209ini ]
识别结果：[('当前上18月组合正反向总费率18剩余常数', 0.9498294591903687), ('§｛阶梯透支用电量价户时间段金额表号', 0.9878331422805786), ('8888:8.8:8.8', 0.930732786655426), ('L', 0.840228796005249), ('COSΦ', 0.9985328912734985), ('―', 0.997075080871582), ('VA元', 0.9857080578804016), ('N', 0.8650987148284912), ('kWh', 0.8666093945503235), ('←Й∩成功失败请购电拉闸12L812T18', 0.9414623379707336)]

2023-02-09 15:29:19,936: detec_list: 接收参数：[图片路径：./photo/NG230209/PICTURE4\3530001000101493328757.jpg，配置文件路径：photo/230209ini ]
识别结果：[('当前上18月组合正反向总费率18剩余常数', 0.9498294591903687), ('§｛阶梯透支用电量价户时间段金额表号', 0.9878331422805786), ('8888:8.8:8.8', 0.930732786655426), ('L', 0.840228796005249), ('COSΦ', 0.9985328912734985), ('―', 0.997075080871582), ('VA元', 0.9857080578804016), ('N', 0.8650987148284912), ('kWh', 0.8666093945503235), ('←Й∩成功失败请购电拉闸12L812T18', 0.9414623379707336)]

2023-02-09 15:29:22,005: detec_list: 接收参数：[图片路径：./photo/NG230209/PICTURE5\3530001000101493283780.jpg，配置文件路径：photo/230209ini ]
识别结果：[('当前上18月组合正反向总费率18剩余常数', 0.976287841796875), ('§｛阶梯透支用电量价户时间段金额表号', 0.9738555550575256), ('8888:8.8:8.8', 0.9826837182044983), ('L', 0.9971925616264343), ('COSΦ', 0.9930591583251953), ('―', 0.8568950891494751), ('VA元', 0.9867214560508728), ('N', 0.997740626335144), ('kWh', 0.8771435618400574), ('←Й∩成功失败请购电拉闸12L812T18', 0.9800060391426086)]

2023-02-09 15:29:22,006: detec_list: 接收参数：[图片路径：./photo/NG230209/PICTURE5\3530001000101493283780.jpg，配置文件路径：photo/230209ini ]
识别结果：[('当前上18月组合正反向总费率18剩余常数', 0.976287841796875), ('§｛阶梯透支用电量价户时间段金额表号', 0.9738555550575256), ('8888:8.8:8.8', 0.9826837182044983), ('L', 0.9971925616264343), ('COSΦ', 0.9930591583251953), ('―', 0.8568950891494751), ('VA元', 0.9867214560508728), ('N', 0.997740626335144), ('kWh', 0.8771435618400574), ('←Й∩成功失败请购电拉闸12L812T18', 0.9800060391426086)]

2023-02-09 15:29:24,081: detec_list: 接收参数：[图片路径：./photo/NG230209/PICTURE6\3530001000101493321482.jpg，配置文件路径：photo/230209ini ]
识别结果：[('当前上18月组合正反向总费率18剩余常数', 0.9574249982833862), ('§｛阶梯透支用电量价户时间段金额表号', 0.9669559597969055), ('8888:8.8:8.8', 0.9145871996879578), ('L', 0.9970133304595947), ('COSΦ', 0.9902672171592712), ('―', 0.9925740957260132), ('VA元', 0.8855665326118469), ('N', 0.999213457107544), ('kWh', 0.8222634196281433), ('←Й∩成功失败请购电拉闸12L812T18', 0.977130115032196)]

2023-02-09 15:29:24,081: detec_list: 接收参数：[图片路径：./photo/NG230209/PICTURE6\3530001000101493321482.jpg，配置文件路径：photo/230209ini ]
识别结果：[('当前上18月组合正反向总费率18剩余常数', 0.9574249982833862), ('§｛阶梯透支用电量价户时间段金额表号', 0.9669559597969055), ('8888:8.8:8.8', 0.9145871996879578), ('L', 0.9970133304595947), ('COSΦ', 0.9902672171592712), ('―', 0.9925740957260132), ('VA元', 0.8855665326118469), ('N', 0.999213457107544), ('kWh', 0.8222634196281433), ('←Й∩成功失败请购电拉闸12L812T18', 0.977130115032196)]

2023-02-09 15:34:09,264: detec_list: 接收参数：[图片路径：./photo/NG230209/PICTURE1\3530001000101493259563.jpg，配置文件路径：photo/230209ini ]
识别结果：[('当前上18月组合正反向总费率18剩余常数', 0.9213639497756958), ('§｛阶梯透支用电量价户时间段金额表号', 0.9410195350646973), ('8888:8.8:8.8', 0.9641122221946716), ('L', 0.9975510239601135), ('COSΦ', 0.9980268478393555), ('―', 0.9995325803756714), ('VA元', 0.9805158972740173), ('N', 0.9987151622772217), ('KWh', 0.85300612449646), ('←Й∩成功失败请购电拉闸12L812T18', 0.969879150390625)]

2023-02-09 15:34:09,264: detec_list: 接收参数：[图片路径：./photo/NG230209/PICTURE1\3530001000101493259563.jpg，配置文件路径：photo/230209ini ]
识别结果：[('当前上18月组合正反向总费率18剩余常数', 0.9213639497756958), ('§｛阶梯透支用电量价户时间段金额表号', 0.9410195350646973), ('8888:8.8:8.8', 0.9641122221946716), ('L', 0.9975510239601135), ('COSΦ', 0.9980268478393555), ('―', 0.9995325803756714), ('VA元', 0.9805158972740173), ('N', 0.9987151622772217), ('KWh', 0.85300612449646), ('←Й∩成功失败请购电拉闸12L812T18', 0.969879150390625)]

2023-02-09 15:34:11,472: detec_list: 接收参数：[图片路径：./photo/NG230209/PICTURE2\3530001000101493321420.jpg，配置文件路径：photo/230209ini ]
识别结果：[('当前上18月组合正反向总费率18剩余常数', 0.9657901525497437), ('§｛阶梯透支用电量价户时间段金额表号', 0.9377200603485107), ('8888:8.8:8.8', 0.9703385829925537), ('L', 0.9981592297554016), ('COSΦ', 0.9914776086807251), ('―', 0.993194580078125), ('VA元', 0.9855917096138), ('N', 0.9993370175361633), ('KWh', 0.8690465092658997), ('←Й∩成功失败请购电拉闸12L812T18', 0.9466173052787781)]

2023-02-09 15:34:11,472: detec_list: 接收参数：[图片路径：./photo/NG230209/PICTURE2\3530001000101493321420.jpg，配置文件路径：photo/230209ini ]
识别结果：[('当前上18月组合正反向总费率18剩余常数', 0.9657901525497437), ('§｛阶梯透支用电量价户时间段金额表号', 0.9377200603485107), ('8888:8.8:8.8', 0.9703385829925537), ('L', 0.9981592297554016), ('COSΦ', 0.9914776086807251), ('―', 0.993194580078125), ('VA元', 0.9855917096138), ('N', 0.9993370175361633), ('KWh', 0.8690465092658997), ('←Й∩成功失败请购电拉闸12L812T18', 0.9466173052787781)]

2023-02-09 15:34:13,652: detec_list: 接收参数：[图片路径：./photo/NG230209/PICTURE3\3530001000101493283858.jpg，配置文件路径：photo/230209ini ]
识别结果：[('当前上18月组合正反向总费率18剩余常数', 0.9569516181945801), ('§｛阶梯透支用电量价户时间段金额表号', 0.9283936023712158), ('8888:8.8:8.8', 0.9116492867469788), ('L', 0.8809539079666138), ('COSΦ', 0.9974603056907654), ('―', 0.9971047043800354), ('VA元', 0.7489253878593445), ('N', 0.998957633972168), ('kWh', 0.9050253033638), ('←Й∩成功失败请购电拉闸12L812T18', 0.9709578156471252)]

2023-02-09 15:34:13,652: detec_list: 接收参数：[图片路径：./photo/NG230209/PICTURE3\3530001000101493283858.jpg，配置文件路径：photo/230209ini ]
识别结果：[('当前上18月组合正反向总费率18剩余常数', 0.9569516181945801), ('§｛阶梯透支用电量价户时间段金额表号', 0.9283936023712158), ('8888:8.8:8.8', 0.9116492867469788), ('L', 0.8809539079666138), ('COSΦ', 0.9974603056907654), ('―', 0.9971047043800354), ('VA元', 0.7489253878593445), ('N', 0.998957633972168), ('kWh', 0.9050253033638), ('←Й∩成功失败请购电拉闸12L812T18', 0.9709578156471252)]

2023-02-09 15:34:15,830: detec_list: 接收参数：[图片路径：./photo/NG230209/PICTURE4\3530001000101493328757.jpg，配置文件路径：photo/230209ini ]
识别结果：[('当前上18月组合正反向总费率18剩余常数', 0.9498294591903687), ('§｛阶梯透支用电量价户时间段金额表号', 0.9878331422805786), ('8888:8.8:8.8', 0.930732786655426), ('L', 0.840228796005249), ('COSΦ', 0.9985328912734985), ('―', 0.997075080871582), ('VA元', 0.9857080578804016), ('N', 0.8650987148284912), ('kWh', 0.8666093945503235), ('←Й∩成功失败请购电拉闸12L812T18', 0.9414623379707336)]

2023-02-09 15:34:15,830: detec_list: 接收参数：[图片路径：./photo/NG230209/PICTURE4\3530001000101493328757.jpg，配置文件路径：photo/230209ini ]
识别结果：[('当前上18月组合正反向总费率18剩余常数', 0.9498294591903687), ('§｛阶梯透支用电量价户时间段金额表号', 0.9878331422805786), ('8888:8.8:8.8', 0.930732786655426), ('L', 0.840228796005249), ('COSΦ', 0.9985328912734985), ('―', 0.997075080871582), ('VA元', 0.9857080578804016), ('N', 0.8650987148284912), ('kWh', 0.8666093945503235), ('←Й∩成功失败请购电拉闸12L812T18', 0.9414623379707336)]

2023-02-09 15:34:17,980: detec_list: 接收参数：[图片路径：./photo/NG230209/PICTURE5\3530001000101493283780.jpg，配置文件路径：photo/230209ini ]
识别结果：[('当前上18月组合正反向总费率18剩余常数', 0.976287841796875), ('§｛阶梯透支用电量价户时间段金额表号', 0.9738555550575256), ('8888:8.8:8.8', 0.9826837182044983), ('L', 0.9971925616264343), ('COSΦ', 0.9930591583251953), ('―', 0.8568950891494751), ('VA元', 0.9867214560508728), ('N', 0.997740626335144), ('kWh', 0.8771435618400574), ('←Й∩成功失败请购电拉闸12L812T18', 0.9800060391426086)]

2023-02-09 15:34:17,980: detec_list: 接收参数：[图片路径：./photo/NG230209/PICTURE5\3530001000101493283780.jpg，配置文件路径：photo/230209ini ]
识别结果：[('当前上18月组合正反向总费率18剩余常数', 0.976287841796875), ('§｛阶梯透支用电量价户时间段金额表号', 0.9738555550575256), ('8888:8.8:8.8', 0.9826837182044983), ('L', 0.9971925616264343), ('COSΦ', 0.9930591583251953), ('―', 0.8568950891494751), ('VA元', 0.9867214560508728), ('N', 0.997740626335144), ('kWh', 0.8771435618400574), ('←Й∩成功失败请购电拉闸12L812T18', 0.9800060391426086)]

2023-02-09 15:34:20,139: detec_list: 接收参数：[图片路径：./photo/NG230209/PICTURE6\3530001000101493321482.jpg，配置文件路径：photo/230209ini ]
识别结果：[('当前上18月组合正反向总费率18剩余常数', 0.9574249982833862), ('§｛阶梯透支用电量价户时间段金额表号', 0.9669559597969055), ('8888:8.8:8.8', 0.9145871996879578), ('L', 0.9970133304595947), ('COSΦ', 0.9902672171592712), ('―', 0.9925740957260132), ('VA元', 0.8855665326118469), ('N', 0.999213457107544), ('kWh', 0.8222634196281433), ('←Й∩成功失败请购电拉闸12L812T18', 0.977130115032196)]

2023-02-09 15:34:20,139: detec_list: 接收参数：[图片路径：./photo/NG230209/PICTURE6\3530001000101493321482.jpg，配置文件路径：photo/230209ini ]
识别结果：[('当前上18月组合正反向总费率18剩余常数', 0.9574249982833862), ('§｛阶梯透支用电量价户时间段金额表号', 0.9669559597969055), ('8888:8.8:8.8', 0.9145871996879578), ('L', 0.9970133304595947), ('COSΦ', 0.9902672171592712), ('―', 0.9925740957260132), ('VA元', 0.8855665326118469), ('N', 0.999213457107544), ('kWh', 0.8222634196281433), ('←Й∩成功失败请购电拉闸12L812T18', 0.977130115032196)]

2023-02-09 15:36:51,475: detec_list: 接收参数：[图片路径：./photo/NG230209/PICTURE1\3530001000101493259563.jpg，配置文件路径：photo/230209ini ]
识别结果：[('当前上18月组合正反向总费率18剩余常数', 0.9213639497756958), ('§｛阶梯透支用电量价户时间段金额表号', 0.9410195350646973), ('8888:8.8:8.8', 0.9641122221946716), ('L', 0.9975510239601135), ('COSΦ', 0.9980268478393555), ('―', 0.9995325803756714), ('VA元', 0.9805158972740173), ('N', 0.9987151622772217), ('KWh', 0.85300612449646), ('←Й∩成功失败请购电拉闸12L812T18', 0.969879150390625)]

2023-02-09 15:36:51,475: detec_list: 接收参数：[图片路径：./photo/NG230209/PICTURE1\3530001000101493259563.jpg，配置文件路径：photo/230209ini ]
识别结果：[('当前上18月组合正反向总费率18剩余常数', 0.9213639497756958), ('§｛阶梯透支用电量价户时间段金额表号', 0.9410195350646973), ('8888:8.8:8.8', 0.9641122221946716), ('L', 0.9975510239601135), ('COSΦ', 0.9980268478393555), ('―', 0.9995325803756714), ('VA元', 0.9805158972740173), ('N', 0.9987151622772217), ('KWh', 0.85300612449646), ('←Й∩成功失败请购电拉闸12L812T18', 0.969879150390625)]

2023-02-09 15:36:53,612: detec_list: 接收参数：[图片路径：./photo/NG230209/PICTURE2\3530001000101493321420.jpg，配置文件路径：photo/230209ini ]
识别结果：[('当前上18月组合正反向总费率18剩余常数', 0.9657901525497437), ('§｛阶梯透支用电量价户时间段金额表号', 0.9377200603485107), ('8888:8.8:8.8', 0.9703385829925537), ('L', 0.9981592297554016), ('COSΦ', 0.9914776086807251), ('―', 0.993194580078125), ('VA元', 0.9855917096138), ('N', 0.9993370175361633), ('KWh', 0.8690465092658997), ('←Й∩成功失败请购电拉闸12L812T18', 0.9466173052787781)]

2023-02-09 15:36:53,612: detec_list: 接收参数：[图片路径：./photo/NG230209/PICTURE2\3530001000101493321420.jpg，配置文件路径：photo/230209ini ]
识别结果：[('当前上18月组合正反向总费率18剩余常数', 0.9657901525497437), ('§｛阶梯透支用电量价户时间段金额表号', 0.9377200603485107), ('8888:8.8:8.8', 0.9703385829925537), ('L', 0.9981592297554016), ('COSΦ', 0.9914776086807251), ('―', 0.993194580078125), ('VA元', 0.9855917096138), ('N', 0.9993370175361633), ('KWh', 0.8690465092658997), ('←Й∩成功失败请购电拉闸12L812T18', 0.9466173052787781)]

2023-02-09 15:36:55,726: detec_list: 接收参数：[图片路径：./photo/NG230209/PICTURE3\3530001000101493283858.jpg，配置文件路径：photo/230209ini ]
识别结果：[('当前上18月组合正反向总费率18剩余常数', 0.9569516181945801), ('§｛阶梯透支用电量价户时间段金额表号', 0.9283936023712158), ('8888:8.8:8.8', 0.9116492867469788), ('L', 0.8809539079666138), ('COSΦ', 0.9974603056907654), ('―', 0.9971047043800354), ('VA元', 0.7489253878593445), ('N', 0.998957633972168), ('kWh', 0.9050253033638), ('←Й∩成功失败请购电拉闸12L812T18', 0.9709578156471252)]

2023-02-09 15:36:55,726: detec_list: 接收参数：[图片路径：./photo/NG230209/PICTURE3\3530001000101493283858.jpg，配置文件路径：photo/230209ini ]
识别结果：[('当前上18月组合正反向总费率18剩余常数', 0.9569516181945801), ('§｛阶梯透支用电量价户时间段金额表号', 0.9283936023712158), ('8888:8.8:8.8', 0.9116492867469788), ('L', 0.8809539079666138), ('COSΦ', 0.9974603056907654), ('―', 0.9971047043800354), ('VA元', 0.7489253878593445), ('N', 0.998957633972168), ('kWh', 0.9050253033638), ('←Й∩成功失败请购电拉闸12L812T18', 0.9709578156471252)]

2023-02-09 15:36:57,912: detec_list: 接收参数：[图片路径：./photo/NG230209/PICTURE4\3530001000101493328757.jpg，配置文件路径：photo/230209ini ]
识别结果：[('当前上18月组合正反向总费率18剩余常数', 0.9498294591903687), ('§｛阶梯透支用电量价户时间段金额表号', 0.9878331422805786), ('8888:8.8:8.8', 0.930732786655426), ('L', 0.840228796005249), ('COSΦ', 0.9985328912734985), ('―', 0.997075080871582), ('VA元', 0.9857080578804016), ('N', 0.8650987148284912), ('kWh', 0.8666093945503235), ('←Й∩成功失败请购电拉闸12L812T18', 0.9414623379707336)]

2023-02-09 15:36:57,912: detec_list: 接收参数：[图片路径：./photo/NG230209/PICTURE4\3530001000101493328757.jpg，配置文件路径：photo/230209ini ]
识别结果：[('当前上18月组合正反向总费率18剩余常数', 0.9498294591903687), ('§｛阶梯透支用电量价户时间段金额表号', 0.9878331422805786), ('8888:8.8:8.8', 0.930732786655426), ('L', 0.840228796005249), ('COSΦ', 0.9985328912734985), ('―', 0.997075080871582), ('VA元', 0.9857080578804016), ('N', 0.8650987148284912), ('kWh', 0.8666093945503235), ('←Й∩成功失败请购电拉闸12L812T18', 0.9414623379707336)]

2023-02-09 15:37:00,003: detec_list: 接收参数：[图片路径：./photo/NG230209/PICTURE5\3530001000101493283780.jpg，配置文件路径：photo/230209ini ]
识别结果：[('当前上18月组合正反向总费率18剩余常数', 0.976287841796875), ('§｛阶梯透支用电量价户时间段金额表号', 0.9738555550575256), ('8888:8.8:8.8', 0.9826837182044983), ('L', 0.9971925616264343), ('COSΦ', 0.9930591583251953), ('―', 0.8568950891494751), ('VA元', 0.9867214560508728), ('N', 0.997740626335144), ('kWh', 0.8771435618400574), ('←Й∩成功失败请购电拉闸12L812T18', 0.9800060391426086)]

2023-02-09 15:37:00,003: detec_list: 接收参数：[图片路径：./photo/NG230209/PICTURE5\3530001000101493283780.jpg，配置文件路径：photo/230209ini ]
识别结果：[('当前上18月组合正反向总费率18剩余常数', 0.976287841796875), ('§｛阶梯透支用电量价户时间段金额表号', 0.9738555550575256), ('8888:8.8:8.8', 0.9826837182044983), ('L', 0.9971925616264343), ('COSΦ', 0.9930591583251953), ('―', 0.8568950891494751), ('VA元', 0.9867214560508728), ('N', 0.997740626335144), ('kWh', 0.8771435618400574), ('←Й∩成功失败请购电拉闸12L812T18', 0.9800060391426086)]

2023-02-09 15:37:02,088: detec_list: 接收参数：[图片路径：./photo/NG230209/PICTURE6\3530001000101493321482.jpg，配置文件路径：photo/230209ini ]
识别结果：[('当前上18月组合正反向总费率18剩余常数', 0.9574249982833862), ('§｛阶梯透支用电量价户时间段金额表号', 0.9669559597969055), ('8888:8.8:8.8', 0.9145871996879578), ('L', 0.9970133304595947), ('COSΦ', 0.9902672171592712), ('―', 0.9925740957260132), ('VA元', 0.8855665326118469), ('N', 0.999213457107544), ('kWh', 0.8222634196281433), ('←Й∩成功失败请购电拉闸12L812T18', 0.977130115032196)]

2023-02-09 15:37:02,088: detec_list: 接收参数：[图片路径：./photo/NG230209/PICTURE6\3530001000101493321482.jpg，配置文件路径：photo/230209ini ]
识别结果：[('当前上18月组合正反向总费率18剩余常数', 0.9574249982833862), ('§｛阶梯透支用电量价户时间段金额表号', 0.9669559597969055), ('8888:8.8:8.8', 0.9145871996879578), ('L', 0.9970133304595947), ('COSΦ', 0.9902672171592712), ('―', 0.9925740957260132), ('VA元', 0.8855665326118469), ('N', 0.999213457107544), ('kWh', 0.8222634196281433), ('←Й∩成功失败请购电拉闸12L812T18', 0.977130115032196)]

2023-02-09 15:39:21,534: detec_list: 接收参数：[图片路径：./photo/89/PICTURE1\3530001000101493283797.jpg，配置文件路径：photo/ini89 ]
识别结果：[('当前上18月组合正反向总费率18剩余常数', 0.9567868113517761), ('§｛阶梯透支用电量价户时间段金额表号', 0.9901055693626404), ('8888:8.8:8.8', 0.9517423510551453), ('L', 0.9973224997520447), ('COSΦ', 0.998400092124939), ('―', 0.9995192289352417), ('VA元', 0.988663911819458), ('N', 0.9987469911575317), ('kWh', 0.9032643437385559), ('←Й∩成功失败请购电拉闸12L812T18', 0.9701791405677795)]

2023-02-09 15:39:21,534: detec_list: 接收参数：[图片路径：./photo/89/PICTURE1\3530001000101493283797.jpg，配置文件路径：photo/ini89 ]
识别结果：[('当前上18月组合正反向总费率18剩余常数', 0.9567868113517761), ('§｛阶梯透支用电量价户时间段金额表号', 0.9901055693626404), ('8888:8.8:8.8', 0.9517423510551453), ('L', 0.9973224997520447), ('COSΦ', 0.998400092124939), ('―', 0.9995192289352417), ('VA元', 0.988663911819458), ('N', 0.9987469911575317), ('kWh', 0.9032643437385559), ('←Й∩成功失败请购电拉闸12L812T18', 0.9701791405677795)]

2023-02-09 15:39:23,770: detec_list: 接收参数：[图片路径：./photo/89/PICTURE2\3530001000101493328733.jpg，配置文件路径：photo/ini89 ]
识别结果：[('当前上18月组合正反向总费率18剩余常数', 0.9577962756156921), ('§｛阶梯透支用电量价户时间段金额表号', 0.99605792760849), ('8888:8.8:8.8', 0.9436049461364746), ('L', 0.996098518371582), ('COSΦ', 0.9945505857467651), ('―', 0.9988306164741516), ('VA元', 0.876178503036499), ('N', 0.6460753679275513), ('kWh', 0.8301277160644531), ('←Й∩成功失败请购电拉闸12L812T18', 0.9697293639183044)]

2023-02-09 15:39:23,770: detec_list: 接收参数：[图片路径：./photo/89/PICTURE2\3530001000101493328733.jpg，配置文件路径：photo/ini89 ]
识别结果：[('当前上18月组合正反向总费率18剩余常数', 0.9577962756156921), ('§｛阶梯透支用电量价户时间段金额表号', 0.99605792760849), ('8888:8.8:8.8', 0.9436049461364746), ('L', 0.996098518371582), ('COSΦ', 0.9945505857467651), ('―', 0.9988306164741516), ('VA元', 0.876178503036499), ('N', 0.6460753679275513), ('kWh', 0.8301277160644531), ('←Й∩成功失败请购电拉闸12L812T18', 0.9697293639183044)]

2023-02-09 15:39:25,965: detec_list: 接收参数：[图片路径：./photo/89/PICTURE3\3530001000101493325534.jpg，配置文件路径：photo/ini89 ]
识别结果：[('当前上18月组合正反向总费率18剩余常数', 0.9780305027961731), ('§｛阶梯透支用电量价户时间段金额表号', 0.9497491717338562), ('8888:8.8:8.8', 0.9330610632896423), ('L', 0.9978582262992859), ('COSΦ', 0.9978697299957275), ('―', 0.9987508058547974), ('VA元', 0.9798581600189209), ('N', 0.9985318183898926), ('kWh', 0.9197719693183899), ('←Й∩成功失败请购电拉闸12L812T18', 0.9909089803695679)]

2023-02-09 15:39:25,965: detec_list: 接收参数：[图片路径：./photo/89/PICTURE3\3530001000101493325534.jpg，配置文件路径：photo/ini89 ]
识别结果：[('当前上18月组合正反向总费率18剩余常数', 0.9780305027961731), ('§｛阶梯透支用电量价户时间段金额表号', 0.9497491717338562), ('8888:8.8:8.8', 0.9330610632896423), ('L', 0.9978582262992859), ('COSΦ', 0.9978697299957275), ('―', 0.9987508058547974), ('VA元', 0.9798581600189209), ('N', 0.9985318183898926), ('kWh', 0.9197719693183899), ('←Й∩成功失败请购电拉闸12L812T18', 0.9909089803695679)]

2023-02-09 15:39:28,173: detec_list: 接收参数：[图片路径：./photo/89/PICTURE4\10Error.jpg，配置文件路径：photo/ini89 ]
识别结果：[('当前上18月组合正反向总费率18剩余常数', 0.9674199819564819), ('§｛阶梯透支用电量价户时间段金额表号', 0.9676334857940674), ('8888:8.8:8.8', 0.9119539260864258), ('L', 0.9985426664352417), ('COSΦ', 0.9984018802642822), ('―', 0.9968069791793823), ('VA元', 0.985287606716156), ('N', 0.9992107152938843), ('kWh', 0.8992478251457214), ('←Й∩成功失败请购电拉闸12L812T18', 0.9500404000282288)]

2023-02-09 15:39:28,173: detec_list: 接收参数：[图片路径：./photo/89/PICTURE4\10Error.jpg，配置文件路径：photo/ini89 ]
识别结果：[('当前上18月组合正反向总费率18剩余常数', 0.9674199819564819), ('§｛阶梯透支用电量价户时间段金额表号', 0.9676334857940674), ('8888:8.8:8.8', 0.9119539260864258), ('L', 0.9985426664352417), ('COSΦ', 0.9984018802642822), ('―', 0.9968069791793823), ('VA元', 0.985287606716156), ('N', 0.9992107152938843), ('kWh', 0.8992478251457214), ('←Й∩成功失败请购电拉闸12L812T18', 0.9500404000282288)]

2023-02-09 15:39:30,420: detec_list: 接收参数：[图片路径：./photo/89/PICTURE5\3530001000101493328740.jpg，配置文件路径：photo/ini89 ]
识别结果：[('当前上18月组合正反向总费率18剩余常数', 0.960858166217804), ('§｛阶梯透支用电量价户时间段金额表号', 0.9892268776893616), ('8888:8.8:8.8', 0.9229604601860046), ('L', 0.7876232862472534), ('COSΦ', 0.9952677488327026), ('―', 0.9987874627113342), ('VA元', 0.9876911044120789), ('N', 0.9986742734909058), ('kWh', 0.7811985611915588), ('←Й∩成功失败请购电拉闸12L812T18', 0.973361074924469)]

2023-02-09 15:39:30,420: detec_list: 接收参数：[图片路径：./photo/89/PICTURE5\3530001000101493328740.jpg，配置文件路径：photo/ini89 ]
识别结果：[('当前上18月组合正反向总费率18剩余常数', 0.960858166217804), ('§｛阶梯透支用电量价户时间段金额表号', 0.9892268776893616), ('8888:8.8:8.8', 0.9229604601860046), ('L', 0.7876232862472534), ('COSΦ', 0.9952677488327026), ('―', 0.9987874627113342), ('VA元', 0.9876911044120789), ('N', 0.9986742734909058), ('kWh', 0.7811985611915588), ('←Й∩成功失败请购电拉闸12L812T18', 0.973361074924469)]

2023-02-09 15:39:32,647: detec_list: 接收参数：[图片路径：./photo/89/PICTURE6\3530001000101493328719.jpg，配置文件路径：photo/ini89 ]
识别结果：[('当前上18月组合正反向总费率18剩余常数', 0.9632548093795776), ('§｛阶梯透支用电量价户时间段金额表号', 0.9515274167060852), ('8888:8.8:8.8', 0.9821483492851257), ('L', 0.9974274039268494), ('COSΦ', 0.9957233667373657), ('―', 0.9985895752906799), ('VA元', 0.8737039566040039), ('N', 0.9974760413169861), ('kWh', 0.8842939734458923), ('←Й∩成功失败请购电拉闸12L812T18', 0.9715051054954529)]

2023-02-09 15:39:32,647: detec_list: 接收参数：[图片路径：./photo/89/PICTURE6\3530001000101493328719.jpg，配置文件路径：photo/ini89 ]
识别结果：[('当前上18月组合正反向总费率18剩余常数', 0.9632548093795776), ('§｛阶梯透支用电量价户时间段金额表号', 0.9515274167060852), ('8888:8.8:8.8', 0.9821483492851257), ('L', 0.9974274039268494), ('COSΦ', 0.9957233667373657), ('―', 0.9985895752906799), ('VA元', 0.8737039566040039), ('N', 0.9974760413169861), ('kWh', 0.8842939734458923), ('←Й∩成功失败请购电拉闸12L812T18', 0.9715051054954529)]

2023-02-09 15:52:04,759: detec_list: 接收参数：[图片路径：./photo/NG230209/PICTURE1\3530001000101493259563.jpg，配置文件路径：photo/88ini ]
识别结果：[('当前上18月组合正反向总费率18剩余常数', 0.9903554916381836), ('§｛阶梯透支用电量价户时间段金额表号', 0.9106027483940125), ('8888:8.8:8.8', 0.9641957879066467), ('L', 0.9981544613838196), ('COSΦ', 0.8658571243286133), ('―', 0.9993401169776917), ('VA元', 0.9750702977180481), ('N', 0.9991043210029602), ('KWh', 0.7339646220207214), ('←Й∩成功失败请购电拉闸12L812T18', 0.972672700881958)]

2023-02-09 15:52:04,759: detec_list: 接收参数：[图片路径：./photo/NG230209/PICTURE1\3530001000101493259563.jpg，配置文件路径：photo/88ini ]
识别结果：[('当前上18月组合正反向总费率18剩余常数', 0.9903554916381836), ('§｛阶梯透支用电量价户时间段金额表号', 0.9106027483940125), ('8888:8.8:8.8', 0.9641957879066467), ('L', 0.9981544613838196), ('COSΦ', 0.8658571243286133), ('―', 0.9993401169776917), ('VA元', 0.9750702977180481), ('N', 0.9991043210029602), ('KWh', 0.7339646220207214), ('←Й∩成功失败请购电拉闸12L812T18', 0.972672700881958)]

2023-02-09 15:52:06,975: detec_list: 接收参数：[图片路径：./photo/NG230209/PICTURE2\3530001000101493321420.jpg，配置文件路径：photo/88ini ]
识别结果：[('当前上18月组合正反向总费率18剩余常数', 0.9650424122810364), ('§｛阶梯透支用电量价户时间段金额表号', 0.9853706359863281), ('8888:8.8:8.8', 0.939383327960968), ('L', 0.9980046153068542), ('COSΦ', 0.9881200790405273), ('―', 0.9930226802825928), ('VA元', 0.9866324067115784), ('N', 0.9993730187416077), ('KWh', 0.8494698405265808), ('←Й∩成功失败请购电拉闸12L812T18', 0.9409345984458923)]

2023-02-09 15:52:06,975: detec_list: 接收参数：[图片路径：./photo/NG230209/PICTURE2\3530001000101493321420.jpg，配置文件路径：photo/88ini ]
识别结果：[('当前上18月组合正反向总费率18剩余常数', 0.9650424122810364), ('§｛阶梯透支用电量价户时间段金额表号', 0.9853706359863281), ('8888:8.8:8.8', 0.939383327960968), ('L', 0.9980046153068542), ('COSΦ', 0.9881200790405273), ('―', 0.9930226802825928), ('VA元', 0.9866324067115784), ('N', 0.9993730187416077), ('KWh', 0.8494698405265808), ('←Й∩成功失败请购电拉闸12L812T18', 0.9409345984458923)]

2023-02-09 15:52:09,211: detec_list: 接收参数：[图片路径：./photo/NG230209/PICTURE3\3530001000101493283858.jpg，配置文件路径：photo/88ini ]
识别结果：[('当前上18月组合正反向总费率18剩余常数', 0.9843798875808716), ('§｛阶梯透支用电量价户时间段金额表号', 0.9495569467544556), ('8888:8.8:8.8', 0.9324057102203369), ('L', 0.9872944951057434), ('COSΦ', 0.9108830690383911), ('―', 0.998439371585846), ('VA元', 0.9928193092346191), ('N', 0.9772564172744751), ('kWh', 0.8957757353782654), ('←Й∩成功失败请购电拉闸12L812T18', 0.9813382625579834)]

2023-02-09 15:52:09,211: detec_list: 接收参数：[图片路径：./photo/NG230209/PICTURE3\3530001000101493283858.jpg，配置文件路径：photo/88ini ]
识别结果：[('当前上18月组合正反向总费率18剩余常数', 0.9843798875808716), ('§｛阶梯透支用电量价户时间段金额表号', 0.9495569467544556), ('8888:8.8:8.8', 0.9324057102203369), ('L', 0.9872944951057434), ('COSΦ', 0.9108830690383911), ('―', 0.998439371585846), ('VA元', 0.9928193092346191), ('N', 0.9772564172744751), ('kWh', 0.8957757353782654), ('←Й∩成功失败请购电拉闸12L812T18', 0.9813382625579834)]

2023-02-09 15:52:11,484: detec_list: 接收参数：[图片路径：./photo/NG230209/PICTURE4\3530001000101493328757.jpg，配置文件路径：photo/88ini ]
识别结果：[('当前上18月组合正反向总费率18剩余常数', 0.9528884887695312), ('§｛阶梯透支用电量价户时间段金额表号', 0.9473045468330383), ('8888:8.8:8.8', 0.9798335433006287), ('L', 0.8727306723594666), ('COSΦ', 0.9983460903167725), ('―', 0.9957790374755859), ('VA元', 0.8628531098365784), ('N', 0.9985013008117676), ('kWh', 0.8852213025093079), ('←Й∩成功失败请购电拉闸12L812T18', 0.9650455713272095)]

2023-02-09 15:52:11,484: detec_list: 接收参数：[图片路径：./photo/NG230209/PICTURE4\3530001000101493328757.jpg，配置文件路径：photo/88ini ]
识别结果：[('当前上18月组合正反向总费率18剩余常数', 0.9528884887695312), ('§｛阶梯透支用电量价户时间段金额表号', 0.9473045468330383), ('8888:8.8:8.8', 0.9798335433006287), ('L', 0.8727306723594666), ('COSΦ', 0.9983460903167725), ('―', 0.9957790374755859), ('VA元', 0.8628531098365784), ('N', 0.9985013008117676), ('kWh', 0.8852213025093079), ('←Й∩成功失败请购电拉闸12L812T18', 0.9650455713272095)]

2023-02-09 15:52:13,766: detec_list: 接收参数：[图片路径：./photo/NG230209/PICTURE5\3530001000101493283780.jpg，配置文件路径：photo/88ini ]
识别结果：[('当前上18月组合正反向总费率18剩余常数', 0.9932238459587097), ('§｛阶梯透支用电量价户时间段金额表号', 0.9676849842071533), ('8888:8.8:8.8', 0.9831315875053406), ('L', 0.9961581826210022), ('COSΦ', 0.9986204504966736), ('―', 0.9975342750549316), ('VA元', 0.7326863408088684), ('N', 0.9992393255233765), ('kWh', 0.8955521583557129), ('←Й∩成功失败请购电拉闸12L812T18', 0.969078004360199)]

2023-02-09 15:52:13,766: detec_list: 接收参数：[图片路径：./photo/NG230209/PICTURE5\3530001000101493283780.jpg，配置文件路径：photo/88ini ]
识别结果：[('当前上18月组合正反向总费率18剩余常数', 0.9932238459587097), ('§｛阶梯透支用电量价户时间段金额表号', 0.9676849842071533), ('8888:8.8:8.8', 0.9831315875053406), ('L', 0.9961581826210022), ('COSΦ', 0.9986204504966736), ('―', 0.9975342750549316), ('VA元', 0.7326863408088684), ('N', 0.9992393255233765), ('kWh', 0.8955521583557129), ('←Й∩成功失败请购电拉闸12L812T18', 0.969078004360199)]

2023-02-09 15:52:15,946: detec_list: 接收参数：[图片路径：./photo/NG230209/PICTURE6\3530001000101493321482.jpg，配置文件路径：photo/88ini ]
识别结果：[('当前上18月组合正反向总费率18剩余常数', 0.934384822845459), ('§｛阶梯透支用电量价户时间段金额表号', 0.9654843211174011), ('8888:8.8:8.8', 0.9847642779350281), ('L', 0.9973596930503845), ('COSΦ', 0.970542311668396), ('―', 0.9939701557159424), ('VA元', 0.9562748074531555), ('N', 0.5209062695503235), ('kWh', 0.8551383018493652), ('←Й∩成功失败请购电拉闸12L812T18', 0.9820924997329712)]

2023-02-09 15:52:15,946: detec_list: 接收参数：[图片路径：./photo/NG230209/PICTURE6\3530001000101493321482.jpg，配置文件路径：photo/88ini ]
识别结果：[('当前上18月组合正反向总费率18剩余常数', 0.934384822845459), ('§｛阶梯透支用电量价户时间段金额表号', 0.9654843211174011), ('8888:8.8:8.8', 0.9847642779350281), ('L', 0.9973596930503845), ('COSΦ', 0.970542311668396), ('―', 0.9939701557159424), ('VA元', 0.9562748074531555), ('N', 0.5209062695503235), ('kWh', 0.8551383018493652), ('←Й∩成功失败请购电拉闸12L812T18', 0.9820924997329712)]

2023-02-09 15:58:58,426: detec_list: 接收参数：[图片路径：./photo/8902/PICTURE1\3530001000101493280567.jpg，配置文件路径：photo/88ini ]
识别结果：[('当前上18月组合正反向总费率18剩余常数', 0.9861164093017578), ('§｛阶梯透支用电量价户时间段金额表号', 0.9464175701141357), ('8888:8.8:8.8', 0.9606122970581055), ('L', 0.9914044141769409), ('COSΦ', 0.9940544366836548), ('―', 0.9992178678512573), ('VA元', 0.9913333058357239), ('N', 0.9984927177429199), ('KWh', 0.8602260947227478), ('←Й∩成功失败请购电拉闸12L812T18', 0.9871556758880615)]

2023-02-09 15:58:58,426: detec_list: 接收参数：[图片路径：./photo/8902/PICTURE1\3530001000101493280567.jpg，配置文件路径：photo/88ini ]
识别结果：[('当前上18月组合正反向总费率18剩余常数', 0.9861164093017578), ('§｛阶梯透支用电量价户时间段金额表号', 0.9464175701141357), ('8888:8.8:8.8', 0.9606122970581055), ('L', 0.9914044141769409), ('COSΦ', 0.9940544366836548), ('―', 0.9992178678512573), ('VA元', 0.9913333058357239), ('N', 0.9984927177429199), ('KWh', 0.8602260947227478), ('←Й∩成功失败请购电拉闸12L812T18', 0.9871556758880615)]

2023-02-09 15:59:00,602: detec_list: 接收参数：[图片路径：./photo/8902/PICTURE2\3530001000101493280499.jpg，配置文件路径：photo/88ini ]
识别结果：[('当前上18月组合正反向总费率18剩余常数', 0.9806488156318665), ('§｛阶梯透支用电量价户时间段金额表号', 0.9751834869384766), ('8888:8.8:8.8', 0.9891982078552246), ('L', 0.9970352649688721), ('COSΦ', 0.9764540195465088), ('―', 0.9989035129547119), ('VA元', 0.8532150387763977), ('N', 0.9986366629600525), ('KWh', 0.8074241280555725), ('←Й∩成功失败请购电拉闸12L812T18', 0.9422865509986877)]

2023-02-09 15:59:00,602: detec_list: 接收参数：[图片路径：./photo/8902/PICTURE2\3530001000101493280499.jpg，配置文件路径：photo/88ini ]
识别结果：[('当前上18月组合正反向总费率18剩余常数', 0.9806488156318665), ('§｛阶梯透支用电量价户时间段金额表号', 0.9751834869384766), ('8888:8.8:8.8', 0.9891982078552246), ('L', 0.9970352649688721), ('COSΦ', 0.9764540195465088), ('―', 0.9989035129547119), ('VA元', 0.8532150387763977), ('N', 0.9986366629600525), ('KWh', 0.8074241280555725), ('←Й∩成功失败请购电拉闸12L812T18', 0.9422865509986877)]

2023-02-09 15:59:02,802: detec_list: 接收参数：[图片路径：./photo/8902/PICTURE3\3530001000101493259532.jpg，配置文件路径：photo/88ini ]
识别结果：[('当前上18月组合正反向总费率18剩余常数', 0.9668420553207397), ('§｛阶梯透支用电量价户时间段金额表号', 0.942755937576294), ('8888:8.8:8.8', 0.9375812411308289), ('L', 0.9973189234733582), ('COSΦ', 0.9973688125610352), ('―', 0.9977262616157532), ('VA元', 0.9253306984901428), ('N', 0.9988524913787842), ('kWh', 0.8954026699066162), ('←Й∩成功失败请购电拉闸12L812T18', 0.9730471968650818)]

2023-02-09 15:59:02,802: detec_list: 接收参数：[图片路径：./photo/8902/PICTURE3\3530001000101493259532.jpg，配置文件路径：photo/88ini ]
识别结果：[('当前上18月组合正反向总费率18剩余常数', 0.9668420553207397), ('§｛阶梯透支用电量价户时间段金额表号', 0.942755937576294), ('8888:8.8:8.8', 0.9375812411308289), ('L', 0.9973189234733582), ('COSΦ', 0.9973688125610352), ('―', 0.9977262616157532), ('VA元', 0.9253306984901428), ('N', 0.9988524913787842), ('kWh', 0.8954026699066162), ('←Й∩成功失败请购电拉闸12L812T18', 0.9730471968650818)]

2023-02-09 15:59:05,028: detec_list: 接收参数：[图片路径：./photo/8902/PICTURE4\3530001000101493325565.jpg，配置文件路径：photo/88ini ]
识别结果：[('当前上18月组合正反向总费率18剩余常数', 0.9737735986709595), ('§｛阶梯透支用电量价户时间段金额表号', 0.9821650981903076), ('8888:8.8:8.8', 0.9692781567573547), ('L', 0.5419306755065918), ('COSΦ', 0.9445816278457642), ('―', 0.9729912281036377), ('VA元', 0.9907753467559814), ('N', 0.9968902468681335), ('kWh', 0.7501818537712097), ('←Й∩成功失败请购电拉闸12L812T18', 0.9606220126152039)]

2023-02-09 15:59:05,028: detec_list: 接收参数：[图片路径：./photo/8902/PICTURE4\3530001000101493325565.jpg，配置文件路径：photo/88ini ]
识别结果：[('当前上18月组合正反向总费率18剩余常数', 0.9737735986709595), ('§｛阶梯透支用电量价户时间段金额表号', 0.9821650981903076), ('8888:8.8:8.8', 0.9692781567573547), ('L', 0.5419306755065918), ('COSΦ', 0.9445816278457642), ('―', 0.9729912281036377), ('VA元', 0.9907753467559814), ('N', 0.9968902468681335), ('kWh', 0.7501818537712097), ('←Й∩成功失败请购电拉闸12L812T18', 0.9606220126152039)]

2023-02-09 15:59:07,230: detec_list: 接收参数：[图片路径：./photo/8902/PICTURE5\3530001000101493328818.jpg，配置文件路径：photo/88ini ]
识别结果：[('当前上18月组合正反向总费率18剩余常数', 0.9850410223007202), ('§｛阶梯透支用电量价户时间段金额表号', 0.9392234683036804), ('8888:8.8:8.8', 0.9726687073707581), ('L', 0.9972105622291565), ('COSΦ', 0.9845088720321655), ('―', 0.9974421262741089), ('VA元', 0.9916496276855469), ('N', 0.9987339377403259), ('kWh', 0.8447285294532776), ('←Й∩成功失败请购电拉闸12L812T18', 0.9666818976402283)]

2023-02-09 15:59:07,230: detec_list: 接收参数：[图片路径：./photo/8902/PICTURE5\3530001000101493328818.jpg，配置文件路径：photo/88ini ]
识别结果：[('当前上18月组合正反向总费率18剩余常数', 0.9850410223007202), ('§｛阶梯透支用电量价户时间段金额表号', 0.9392234683036804), ('8888:8.8:8.8', 0.9726687073707581), ('L', 0.9972105622291565), ('COSΦ', 0.9845088720321655), ('―', 0.9974421262741089), ('VA元', 0.9916496276855469), ('N', 0.9987339377403259), ('kWh', 0.8447285294532776), ('←Й∩成功失败请购电拉闸12L812T18', 0.9666818976402283)]

2023-02-09 15:59:09,359: detec_list: 接收参数：[图片路径：./photo/8902/PICTURE6\3530001000101493328801.jpg，配置文件路径：photo/88ini ]
识别结果：[('当前上18月组合正反向总费率18剩余常数', 0.9110668897628784), ('§｛阶梯透支用电量价户时间段金额表号', 0.9841453433036804), ('8888:8.8:8.8', 0.9786338210105896), ('L', 0.9972789883613586), ('COSΦ', 0.8660198450088501), ('―', 0.9990412592887878), ('VA元', 0.9286160469055176), ('N', 0.9974406957626343), ('kWh', 0.8312976956367493), ('←Й∩成功失败请购电拉闸12L812T18', 0.958953320980072)]

2023-02-09 15:59:09,359: detec_list: 接收参数：[图片路径：./photo/8902/PICTURE6\3530001000101493328801.jpg，配置文件路径：photo/88ini ]
识别结果：[('当前上18月组合正反向总费率18剩余常数', 0.9110668897628784), ('§｛阶梯透支用电量价户时间段金额表号', 0.9841453433036804), ('8888:8.8:8.8', 0.9786338210105896), ('L', 0.9972789883613586), ('COSΦ', 0.8660198450088501), ('―', 0.9990412592887878), ('VA元', 0.9286160469055176), ('N', 0.9974406957626343), ('kWh', 0.8312976956367493), ('←Й∩成功失败请购电拉闸12L812T18', 0.958953320980072)]

2023-02-09 16:01:43,075: detec_list: 接收参数：[图片路径：./photo/8802/PICTURE1\3530001000101493328764.jpg，配置文件路径：photo/ini89 ]
识别结果：[('当前上18月组合正反向总费率18剩余常数', 0.9710232019424438), ('§｛阶梯透支用电量价户时间段金额表号', 0.9844446778297424), ('8888:8.8:8.8', 0.9389350414276123), ('L', 0.9960272312164307), ('COSΦ', 0.9948335886001587), ('―', 0.998855471611023), ('VA元', 0.9845099449157715), ('N', 0.9976844787597656), ('kWh', 0.8738009333610535), ('←Й∩成功失败请购电拉闸12L812T18', 0.9231544733047485)]

2023-02-09 16:01:43,075: detec_list: 接收参数：[图片路径：./photo/8802/PICTURE1\3530001000101493328764.jpg，配置文件路径：photo/ini89 ]
识别结果：[('当前上18月组合正反向总费率18剩余常数', 0.9710232019424438), ('§｛阶梯透支用电量价户时间段金额表号', 0.9844446778297424), ('8888:8.8:8.8', 0.9389350414276123), ('L', 0.9960272312164307), ('COSΦ', 0.9948335886001587), ('―', 0.998855471611023), ('VA元', 0.9845099449157715), ('N', 0.9976844787597656), ('kWh', 0.8738009333610535), ('←Й∩成功失败请购电拉闸12L812T18', 0.9231544733047485)]

2023-02-09 16:01:45,288: detec_list: 接收参数：[图片路径：./photo/8802/PICTURE2\3530001000101493283773.jpg，配置文件路径：photo/ini89 ]
识别结果：[('当前上18月组合正反向总费率18剩余常数', 0.9859926104545593), ('§｛阶梯透支用电量价户时间段金额表号', 0.9667575359344482), ('8888:8.8:8.8', 0.9035913944244385), ('L', 0.9761684536933899), ('COSΦ', 0.996884822845459), ('―', 0.9962484240531921), ('VA元', 0.9025893211364746), ('N', 0.9988503456115723), ('KWh', 0.8533873558044434), ('←Й∩成功失败请购电拉闸12L812T18', 0.9843923449516296)]

2023-02-09 16:01:45,288: detec_list: 接收参数：[图片路径：./photo/8802/PICTURE2\3530001000101493283773.jpg，配置文件路径：photo/ini89 ]
识别结果：[('当前上18月组合正反向总费率18剩余常数', 0.9859926104545593), ('§｛阶梯透支用电量价户时间段金额表号', 0.9667575359344482), ('8888:8.8:8.8', 0.9035913944244385), ('L', 0.9761684536933899), ('COSΦ', 0.996884822845459), ('―', 0.9962484240531921), ('VA元', 0.9025893211364746), ('N', 0.9988503456115723), ('KWh', 0.8533873558044434), ('←Й∩成功失败请购电拉闸12L812T18', 0.9843923449516296)]

2023-02-09 16:01:47,544: detec_list: 接收参数：[图片路径：./photo/8802/PICTURE3\3530001000101493283711.jpg，配置文件路径：photo/ini89 ]
识别结果：[('当前上18月组合正反向总费率18剩余常数', 0.9477483034133911), ('§｛阶梯透支用电量价户时间段金额表号', 0.9691115021705627), ('8888:8.8:8.8', 0.9197978973388672), ('L', 0.9956772923469543), ('COSΦ', 0.9986655712127686), ('―', 0.9987315535545349), ('VA元', 0.9870349764823914), ('N', 0.9989429116249084), ('kWh', 0.9302599430084229), ('←Й∩成功失败请购电拉闸12L812T18', 0.9433843493461609)]

2023-02-09 16:01:47,544: detec_list: 接收参数：[图片路径：./photo/8802/PICTURE3\3530001000101493283711.jpg，配置文件路径：photo/ini89 ]
识别结果：[('当前上18月组合正反向总费率18剩余常数', 0.9477483034133911), ('§｛阶梯透支用电量价户时间段金额表号', 0.9691115021705627), ('8888:8.8:8.8', 0.9197978973388672), ('L', 0.9956772923469543), ('COSΦ', 0.9986655712127686), ('―', 0.9987315535545349), ('VA元', 0.9870349764823914), ('N', 0.9989429116249084), ('kWh', 0.9302599430084229), ('←Й∩成功失败请购电拉闸12L812T18', 0.9433843493461609)]

2023-02-09 16:01:49,794: detec_list: 接收参数：[图片路径：./photo/8802/PICTURE4\3530001000101493325572.jpg，配置文件路径：photo/ini89 ]
识别结果：[('当前上18月组合正反向总费率18剩余常数', 0.9754212498664856), ('§｛阶梯透支用电量价户时间段金额表号', 0.9534805417060852), ('8888:8.8:8.8', 0.9502005577087402), ('L', 0.547974705696106), ('COSΦ', 0.9046719074249268), ('―', 0.9987722039222717), ('VA元', 0.98751300573349), ('N', 0.9974613189697266), ('kWh', 0.9343263506889343), ('←Й∩成功失败请购电拉闸12L812T18', 0.9869317412376404)]

2023-02-09 16:01:49,794: detec_list: 接收参数：[图片路径：./photo/8802/PICTURE4\3530001000101493325572.jpg，配置文件路径：photo/ini89 ]
识别结果：[('当前上18月组合正反向总费率18剩余常数', 0.9754212498664856), ('§｛阶梯透支用电量价户时间段金额表号', 0.9534805417060852), ('8888:8.8:8.8', 0.9502005577087402), ('L', 0.547974705696106), ('COSΦ', 0.9046719074249268), ('―', 0.9987722039222717), ('VA元', 0.98751300573349), ('N', 0.9974613189697266), ('kWh', 0.9343263506889343), ('←Й∩成功失败请购电拉闸12L812T18', 0.9869317412376404)]

2023-02-09 16:01:51,984: detec_list: 接收参数：[图片路径：./photo/8802/PICTURE5\3530001000101493321437.jpg，配置文件路径：photo/ini89 ]
识别结果：[('当前上18月组合正反向总费率18剩余常数', 0.9470770955085754), ('§｛阶梯透支用电量价户时间段金额表号', 0.9622029662132263), ('8888:8.8:8.8', 0.9156486988067627), ('L', 0.7839822769165039), ('COSΦ', 0.932196855545044), ('―', 0.9986145496368408), ('VA元', 0.9852597117424011), ('N', 0.9994634985923767), ('kWh', 0.9017878174781799), ('←Й∩成功失败请购电拉闸12L812T18', 0.9569751620292664)]

2023-02-09 16:01:51,984: detec_list: 接收参数：[图片路径：./photo/8802/PICTURE5\3530001000101493321437.jpg，配置文件路径：photo/ini89 ]
识别结果：[('当前上18月组合正反向总费率18剩余常数', 0.9470770955085754), ('§｛阶梯透支用电量价户时间段金额表号', 0.9622029662132263), ('8888:8.8:8.8', 0.9156486988067627), ('L', 0.7839822769165039), ('COSΦ', 0.932196855545044), ('―', 0.9986145496368408), ('VA元', 0.9852597117424011), ('N', 0.9994634985923767), ('kWh', 0.9017878174781799), ('←Й∩成功失败请购电拉闸12L812T18', 0.9569751620292664)]

2023-02-09 16:01:54,180: detec_list: 接收参数：[图片路径：./photo/8802/PICTURE6\3530001000101493259570.jpg，配置文件路径：photo/ini89 ]
识别结果：[('当前上18月组合正反向总费率18剩余常数', 0.9843200445175171), ('§｛阶梯透支用电量价户时间段金额表号', 0.9853100180625916), ('8888:8.8:8.8', 0.9792755246162415), ('L', 0.9971739053726196), ('COSΦ', 0.9984715580940247), ('―', 0.9984721541404724), ('VA元', 0.9939290881156921), ('N', 0.9991951584815979), ('kWh', 0.9128022789955139), ('←Й∩成功失败请购电拉闸12L812T18', 0.9888656735420227)]

2023-02-09 16:01:54,180: detec_list: 接收参数：[图片路径：./photo/8802/PICTURE6\3530001000101493259570.jpg，配置文件路径：photo/ini89 ]
识别结果：[('当前上18月组合正反向总费率18剩余常数', 0.9843200445175171), ('§｛阶梯透支用电量价户时间段金额表号', 0.9853100180625916), ('8888:8.8:8.8', 0.9792755246162415), ('L', 0.9971739053726196), ('COSΦ', 0.9984715580940247), ('―', 0.9984721541404724), ('VA元', 0.9939290881156921), ('N', 0.9991951584815979), ('kWh', 0.9128022789955139), ('←Й∩成功失败请购电拉闸12L812T18', 0.9888656735420227)]

2023-02-09 16:22:13,089: detec_list: 接收参数：[图片路径：./photo/8802/PICTURE1\3530001000101493328764.jpg，配置文件路径：photo/ini89 ]
识别结果：[('当前上18月组合正反向总费率18剩余常数', 0.9710232019424438), ('§｛阶梯透支用电量价户时间段金额表号', 0.9844446778297424), ('8888:8.8:8.8', 0.9389350414276123), ('L', 0.9960272312164307), ('COSΦ', 0.9948335886001587), ('―', 0.998855471611023), ('VA元', 0.9845099449157715), ('N', 0.9976844787597656), ('kWh', 0.8738009333610535), ('←Й∩成功失败请购电拉闸12L812T18', 0.9231544733047485)]

2023-02-09 16:22:13,089: detec_list: 接收参数：[图片路径：./photo/8802/PICTURE1\3530001000101493328764.jpg，配置文件路径：photo/ini89 ]
识别结果：[('当前上18月组合正反向总费率18剩余常数', 0.9710232019424438), ('§｛阶梯透支用电量价户时间段金额表号', 0.9844446778297424), ('8888:8.8:8.8', 0.9389350414276123), ('L', 0.9960272312164307), ('COSΦ', 0.9948335886001587), ('―', 0.998855471611023), ('VA元', 0.9845099449157715), ('N', 0.9976844787597656), ('kWh', 0.8738009333610535), ('←Й∩成功失败请购电拉闸12L812T18', 0.9231544733047485)]

2023-02-09 16:22:15,347: detec_list: 接收参数：[图片路径：./photo/8802/PICTURE2\3530001000101493283773.jpg，配置文件路径：photo/ini89 ]
识别结果：[('当前上18月组合正反向总费率18剩余常数', 0.9859926104545593), ('§｛阶梯透支用电量价户时间段金额表号', 0.9667575359344482), ('8888:8.8:8.8', 0.9035913944244385), ('L', 0.9761684536933899), ('COSΦ', 0.996884822845459), ('―', 0.9962484240531921), ('VA元', 0.9025893211364746), ('N', 0.9988503456115723), ('KWh', 0.8533873558044434), ('←Й∩成功失败请购电拉闸12L812T18', 0.9843923449516296)]

2023-02-09 16:22:15,347: detec_list: 接收参数：[图片路径：./photo/8802/PICTURE2\3530001000101493283773.jpg，配置文件路径：photo/ini89 ]
识别结果：[('当前上18月组合正反向总费率18剩余常数', 0.9859926104545593), ('§｛阶梯透支用电量价户时间段金额表号', 0.9667575359344482), ('8888:8.8:8.8', 0.9035913944244385), ('L', 0.9761684536933899), ('COSΦ', 0.996884822845459), ('―', 0.9962484240531921), ('VA元', 0.9025893211364746), ('N', 0.9988503456115723), ('KWh', 0.8533873558044434), ('←Й∩成功失败请购电拉闸12L812T18', 0.9843923449516296)]

2023-02-09 16:22:17,600: detec_list: 接收参数：[图片路径：./photo/8802/PICTURE3\3530001000101493283711.jpg，配置文件路径：photo/ini89 ]
识别结果：[('当前上18月组合正反向总费率18剩余常数', 0.9477483034133911), ('§｛阶梯透支用电量价户时间段金额表号', 0.9691115021705627), ('8888:8.8:8.8', 0.9197978973388672), ('L', 0.9956772923469543), ('COSΦ', 0.9986655712127686), ('―', 0.9987315535545349), ('VA元', 0.9870349764823914), ('N', 0.9989429116249084), ('kWh', 0.9302599430084229), ('←Й∩成功失败请购电拉闸12L812T18', 0.9433843493461609)]

2023-02-09 16:22:17,600: detec_list: 接收参数：[图片路径：./photo/8802/PICTURE3\3530001000101493283711.jpg，配置文件路径：photo/ini89 ]
识别结果：[('当前上18月组合正反向总费率18剩余常数', 0.9477483034133911), ('§｛阶梯透支用电量价户时间段金额表号', 0.9691115021705627), ('8888:8.8:8.8', 0.9197978973388672), ('L', 0.9956772923469543), ('COSΦ', 0.9986655712127686), ('―', 0.9987315535545349), ('VA元', 0.9870349764823914), ('N', 0.9989429116249084), ('kWh', 0.9302599430084229), ('←Й∩成功失败请购电拉闸12L812T18', 0.9433843493461609)]

2023-02-09 16:22:19,855: detec_list: 接收参数：[图片路径：./photo/8802/PICTURE4\3530001000101493325572.jpg，配置文件路径：photo/ini89 ]
识别结果：[('当前上18月组合正反向总费率18剩余常数', 0.9754212498664856), ('§｛阶梯透支用电量价户时间段金额表号', 0.9534805417060852), ('8888:8.8:8.8', 0.9502005577087402), ('L', 0.547974705696106), ('COSΦ', 0.9046719074249268), ('―', 0.9987722039222717), ('VA元', 0.98751300573349), ('N', 0.9974613189697266), ('kWh', 0.9343263506889343), ('←Й∩成功失败请购电拉闸12L812T18', 0.9869317412376404)]

2023-02-09 16:22:19,855: detec_list: 接收参数：[图片路径：./photo/8802/PICTURE4\3530001000101493325572.jpg，配置文件路径：photo/ini89 ]
识别结果：[('当前上18月组合正反向总费率18剩余常数', 0.9754212498664856), ('§｛阶梯透支用电量价户时间段金额表号', 0.9534805417060852), ('8888:8.8:8.8', 0.9502005577087402), ('L', 0.547974705696106), ('COSΦ', 0.9046719074249268), ('―', 0.9987722039222717), ('VA元', 0.98751300573349), ('N', 0.9974613189697266), ('kWh', 0.9343263506889343), ('←Й∩成功失败请购电拉闸12L812T18', 0.9869317412376404)]

2023-02-09 16:22:22,095: detec_list: 接收参数：[图片路径：./photo/8802/PICTURE5\3530001000101493321437.jpg，配置文件路径：photo/ini89 ]
识别结果：[('当前上18月组合正反向总费率18剩余常数', 0.9470770955085754), ('§｛阶梯透支用电量价户时间段金额表号', 0.9622029662132263), ('8888:8.8:8.8', 0.9156486988067627), ('L', 0.7839822769165039), ('COSΦ', 0.932196855545044), ('―', 0.9986145496368408), ('VA元', 0.9852597117424011), ('N', 0.9994634985923767), ('kWh', 0.9017878174781799), ('←Й∩成功失败请购电拉闸12L812T18', 0.9569751620292664)]

2023-02-09 16:22:22,095: detec_list: 接收参数：[图片路径：./photo/8802/PICTURE5\3530001000101493321437.jpg，配置文件路径：photo/ini89 ]
识别结果：[('当前上18月组合正反向总费率18剩余常数', 0.9470770955085754), ('§｛阶梯透支用电量价户时间段金额表号', 0.9622029662132263), ('8888:8.8:8.8', 0.9156486988067627), ('L', 0.7839822769165039), ('COSΦ', 0.932196855545044), ('―', 0.9986145496368408), ('VA元', 0.9852597117424011), ('N', 0.9994634985923767), ('kWh', 0.9017878174781799), ('←Й∩成功失败请购电拉闸12L812T18', 0.9569751620292664)]

2023-02-09 16:22:24,254: detec_list: 接收参数：[图片路径：./photo/8802/PICTURE6\3530001000101493259570.jpg，配置文件路径：photo/ini89 ]
识别结果：[('当前上18月组合正反向总费率18剩余常数', 0.9843200445175171), ('§｛阶梯透支用电量价户时间段金额表号', 0.9853100180625916), ('8888:8.8:8.8', 0.9792755246162415), ('L', 0.9971739053726196), ('COSΦ', 0.9984715580940247), ('―', 0.9984721541404724), ('VA元', 0.9939290881156921), ('N', 0.9991951584815979), ('kWh', 0.9128022789955139), ('←Й∩成功失败请购电拉闸12L812T18', 0.9888656735420227)]

2023-02-09 16:22:24,254: detec_list: 接收参数：[图片路径：./photo/8802/PICTURE6\3530001000101493259570.jpg，配置文件路径：photo/ini89 ]
识别结果：[('当前上18月组合正反向总费率18剩余常数', 0.9843200445175171), ('§｛阶梯透支用电量价户时间段金额表号', 0.9853100180625916), ('8888:8.8:8.8', 0.9792755246162415), ('L', 0.9971739053726196), ('COSΦ', 0.9984715580940247), ('―', 0.9984721541404724), ('VA元', 0.9939290881156921), ('N', 0.9991951584815979), ('kWh', 0.9128022789955139), ('←Й∩成功失败请购电拉闸12L812T18', 0.9888656735420227)]

