2022-07-26 10:45:16,701: detec_all: 接收参数：[图片路径：./photo/img11/PICTURE1\3530001000101427171442.jpg，配置文件路径：./photo/ini11 ]
识别结果：[('★', 0.9999768733978271), ('当前上18月组合反正向无有功IIIV总费率18', 0.9537138938903809), ('ABCNCOSΦ阶梯剩余需电量费价失压流功率时间段', 0.9417386054992676), ('8888888888', 0.9999434351921082), ('元', 0.9991136193275452), ('―', 0.975265622138977), ('KWAh', 0.9668530225753784), ('Kvarh', 0.9733190536499023), ('88888888UaUbUc-Ia-Ib-Ic△L8◎T18', 0.9657671451568604), ('88氘§｛∩ē阀Й逆相序成功失败请购电拉闸', 0.9267396330833435)]

2022-07-26 10:45:16,713: detec_all: 接收参数：[图片路径：./photo/img11/PICTURE1\3530001000101427171442.jpg，配置文件路径：./photo/ini11 ]
识别结果：[('★', 0.9999768733978271), ('当前上18月组合反正向无有功IIIV总费率18', 0.9537138938903809), ('ABCNCOSΦ阶梯剩余需电量费价失压流功率时间段', 0.9417386054992676), ('8888888888', 0.9999434351921082), ('元', 0.9991136193275452), ('―', 0.975265622138977), ('KWAh', 0.9668530225753784), ('Kvarh', 0.9733190536499023), ('88888888UaUbUc-Ia-Ib-Ic△L8◎T18', 0.9657671451568604), ('88氘§｛∩ē阀Й逆相序成功失败请购电拉闸', 0.9267396330833435)]

2022-07-26 10:47:00,224: detec_all: 接收参数：[图片路径：./photo/img11/PICTURE1\3530001000101427171442.jpg，配置文件路径：./photo/ini11 ]
识别结果：[('★', 0.9999768733978271), ('当前上18月组合反正向无有功IIIV总费率18', 0.9537138938903809), ('ABCNCOSΦ阶梯剩余需电量费价失压流功率时间段', 0.9417386054992676), ('8888888888', 0.9999434351921082), ('元', 0.9991136193275452), ('―', 0.975265622138977), ('KWAh', 0.9668530225753784), ('Kvarh', 0.9733190536499023), ('88888888UaUbUc-Ia-Ib-Ic△L8◎T18', 0.9657671451568604), ('88氘§｛∩ē阀Й逆相序成功失败请购电拉闸', 0.9267396330833435)]

2022-07-26 10:47:00,224: detec_all: 接收参数：[图片路径：./photo/img11/PICTURE1\3530001000101427171442.jpg，配置文件路径：./photo/ini11 ]
识别结果：[('★', 0.9999768733978271), ('当前上18月组合反正向无有功IIIV总费率18', 0.9537138938903809), ('ABCNCOSΦ阶梯剩余需电量费价失压流功率时间段', 0.9417386054992676), ('8888888888', 0.9999434351921082), ('元', 0.9991136193275452), ('―', 0.975265622138977), ('KWAh', 0.9668530225753784), ('Kvarh', 0.9733190536499023), ('88888888UaUbUc-Ia-Ib-Ic△L8◎T18', 0.9657671451568604), ('88氘§｛∩ē阀Й逆相序成功失败请购电拉闸', 0.9267396330833435)]

2022-07-26 10:47:08,864: detec_all: 接收参数：[图片路径：./photo/img11/PICTURE2\3530001000101427171480.jpg，配置文件路径：./photo/ini11 ]
识别结果：[('★', 0.9999829530715942), ('当前上18月组合反正向无有功IIIV总费率18', 0.9305428862571716), ('ABCNCOSΦ阶梯剩余需电量费价失压流动率时间段', 0.9645254015922546), ('8888888888', 0.9781198501586914), ('元', 0.9995397329330444), ('―', 0.6548712253570557), ('KWAh', 0.9996632933616638), ('Kvarh', 0.9905063509941101), ('88888888UaUbUc-Ia-Ib-Ic△L8◎T18', 0.9663615822792053), ('88氘§｛∩ē阀Й逆相序成功失败请购电拉闸', 0.9874221086502075)]

2022-07-26 10:47:08,864: detec_all: 接收参数：[图片路径：./photo/img11/PICTURE2\3530001000101427171480.jpg，配置文件路径：./photo/ini11 ]
识别结果：[('★', 0.9999829530715942), ('当前上18月组合反正向无有功IIIV总费率18', 0.9305428862571716), ('ABCNCOSΦ阶梯剩余需电量费价失压流动率时间段', 0.9645254015922546), ('8888888888', 0.9781198501586914), ('元', 0.9995397329330444), ('―', 0.6548712253570557), ('KWAh', 0.9996632933616638), ('Kvarh', 0.9905063509941101), ('88888888UaUbUc-Ia-Ib-Ic△L8◎T18', 0.9663615822792053), ('88氘§｛∩ē阀Й逆相序成功失败请购电拉闸', 0.9874221086502075)]

2022-07-26 10:52:35,905: detec_all: 接收参数：[图片路径：./photo/img11/PICTURE1\3530001000101427171442.jpg，配置文件路径：./photo/ini11 ]
识别结果：[('★', 0.9999768733978271), ('当前上18月组合反正向无有功IIIV总费率18', 0.9537138938903809), ('ABCNCOSΦ阶梯剩余需电量费价失压流功率时间段', 0.9417386054992676), ('8888888888', 0.9999434351921082), ('元', 0.9991136193275452), ('―', 0.975265622138977), ('KWAh', 0.9668530225753784), ('Kvarh', 0.9733190536499023), ('88888888UaUbUc-Ia-Ib-Ic△L8◎T18', 0.9657671451568604), ('88氘§｛∩ē阀Й逆相序成功失败请购电拉闸', 0.9267396330833435)]

2022-07-26 10:52:35,906: detec_all: 接收参数：[图片路径：./photo/img11/PICTURE1\3530001000101427171442.jpg，配置文件路径：./photo/ini11 ]
识别结果：[('★', 0.9999768733978271), ('当前上18月组合反正向无有功IIIV总费率18', 0.9537138938903809), ('ABCNCOSΦ阶梯剩余需电量费价失压流功率时间段', 0.9417386054992676), ('8888888888', 0.9999434351921082), ('元', 0.9991136193275452), ('―', 0.975265622138977), ('KWAh', 0.9668530225753784), ('Kvarh', 0.9733190536499023), ('88888888UaUbUc-Ia-Ib-Ic△L8◎T18', 0.9657671451568604), ('88氘§｛∩ē阀Й逆相序成功失败请购电拉闸', 0.9267396330833435)]

2022-07-26 10:52:46,414: detec_all: 接收参数：[图片路径：./photo/img11/PICTURE2\3530001000101427171480.jpg，配置文件路径：./photo/ini11 ]
识别结果：[('★', 0.9999829530715942), ('当前上18月组合反正向无有功IIIV总费率18', 0.9305428862571716), ('ABCNCOSΦ阶梯剩余需电量费价失压流动率时间段', 0.9645254015922546), ('8888888888', 0.9781198501586914), ('元', 0.9995397329330444), ('―', 0.6548712253570557), ('KWAh', 0.9996632933616638), ('Kvarh', 0.9905063509941101), ('88888888UaUbUc-Ia-Ib-Ic△L8◎T18', 0.9663615822792053), ('88氘§｛∩ē阀Й逆相序成功失败请购电拉闸', 0.9874221086502075)]

2022-07-26 10:52:46,414: detec_all: 接收参数：[图片路径：./photo/img11/PICTURE2\3530001000101427171480.jpg，配置文件路径：./photo/ini11 ]
识别结果：[('★', 0.9999829530715942), ('当前上18月组合反正向无有功IIIV总费率18', 0.9305428862571716), ('ABCNCOSΦ阶梯剩余需电量费价失压流动率时间段', 0.9645254015922546), ('8888888888', 0.9781198501586914), ('元', 0.9995397329330444), ('―', 0.6548712253570557), ('KWAh', 0.9996632933616638), ('Kvarh', 0.9905063509941101), ('88888888UaUbUc-Ia-Ib-Ic△L8◎T18', 0.9663615822792053), ('88氘§｛∩ē阀Й逆相序成功失败请购电拉闸', 0.9874221086502075)]

2022-07-26 10:53:31,958: detec_all: 接收参数：[图片路径：./photo/img11/PICTURE1\3530001000101427171442.jpg，配置文件路径：./photo/ini11 ]
识别结果：[('★', 0.9999768733978271), ('当前上18月组合反正向无有功IIIV总费率18', 0.9537138938903809), ('ABCNCOSΦ阶梯剩余需电量费价失压流功率时间段', 0.9417386054992676), ('8888888888', 0.9999434351921082), ('元', 0.9991136193275452), ('―', 0.975265622138977), ('KWAh', 0.9668530225753784), ('Kvarh', 0.9733190536499023), ('88888888UaUbUc-Ia-Ib-Ic△L8◎T18', 0.9657671451568604), ('88氘§｛∩ē阀Й逆相序成功失败请购电拉闸', 0.9267396330833435)]

2022-07-26 10:53:31,958: detec_all: 接收参数：[图片路径：./photo/img11/PICTURE1\3530001000101427171442.jpg，配置文件路径：./photo/ini11 ]
识别结果：[('★', 0.9999768733978271), ('当前上18月组合反正向无有功IIIV总费率18', 0.9537138938903809), ('ABCNCOSΦ阶梯剩余需电量费价失压流功率时间段', 0.9417386054992676), ('8888888888', 0.9999434351921082), ('元', 0.9991136193275452), ('―', 0.975265622138977), ('KWAh', 0.9668530225753784), ('Kvarh', 0.9733190536499023), ('88888888UaUbUc-Ia-Ib-Ic△L8◎T18', 0.9657671451568604), ('88氘§｛∩ē阀Й逆相序成功失败请购电拉闸', 0.9267396330833435)]

2022-07-26 10:53:42,373: detec_all: 接收参数：[图片路径：./photo/img11/PICTURE2\3530001000101427171480.jpg，配置文件路径：./photo/ini11 ]
识别结果：[('★', 0.9999829530715942), ('当前上18月组合反正向无有功IIIV总费率18', 0.9305428862571716), ('ABCNCOSΦ阶梯剩余需电量费价失压流动率时间段', 0.9645254015922546), ('8888888888', 0.9781198501586914), ('元', 0.9995397329330444), ('―', 0.6548712253570557), ('KWAh', 0.9996632933616638), ('Kvarh', 0.9905063509941101), ('88888888UaUbUc-Ia-Ib-Ic△L8◎T18', 0.9663615822792053), ('88氘§｛∩ē阀Й逆相序成功失败请购电拉闸', 0.9874221086502075)]

2022-07-26 10:53:42,374: detec_all: 接收参数：[图片路径：./photo/img11/PICTURE2\3530001000101427171480.jpg，配置文件路径：./photo/ini11 ]
识别结果：[('★', 0.9999829530715942), ('当前上18月组合反正向无有功IIIV总费率18', 0.9305428862571716), ('ABCNCOSΦ阶梯剩余需电量费价失压流动率时间段', 0.9645254015922546), ('8888888888', 0.9781198501586914), ('元', 0.9995397329330444), ('―', 0.6548712253570557), ('KWAh', 0.9996632933616638), ('Kvarh', 0.9905063509941101), ('88888888UaUbUc-Ia-Ib-Ic△L8◎T18', 0.9663615822792053), ('88氘§｛∩ē阀Й逆相序成功失败请购电拉闸', 0.9874221086502075)]

2022-07-26 10:55:33,909: detec_all: 接收参数：[图片路径：./photo/img11/PICTURE1\3530001000101427171442.jpg，配置文件路径：./photo/ini11 ]
识别结果：[('★', 0.9999768733978271), ('当前上18月组合反正向无有功IIIV总费率18', 0.9537138938903809), ('ABCNCOSΦ阶梯剩余需电量费价失压流功率时间段', 0.9417386054992676), ('8888888888', 0.9999434351921082), ('元', 0.9991136193275452), ('―', 0.975265622138977), ('KWAh', 0.9668530225753784), ('Kvarh', 0.9733190536499023), ('88888888UaUbUc-Ia-Ib-Ic△L8◎T18', 0.9657671451568604), ('88氘§｛∩ē阀Й逆相序成功失败请购电拉闸', 0.9267396330833435)]

2022-07-26 10:55:33,909: detec_all: 接收参数：[图片路径：./photo/img11/PICTURE1\3530001000101427171442.jpg，配置文件路径：./photo/ini11 ]
识别结果：[('★', 0.9999768733978271), ('当前上18月组合反正向无有功IIIV总费率18', 0.9537138938903809), ('ABCNCOSΦ阶梯剩余需电量费价失压流功率时间段', 0.9417386054992676), ('8888888888', 0.9999434351921082), ('元', 0.9991136193275452), ('―', 0.975265622138977), ('KWAh', 0.9668530225753784), ('Kvarh', 0.9733190536499023), ('88888888UaUbUc-Ia-Ib-Ic△L8◎T18', 0.9657671451568604), ('88氘§｛∩ē阀Й逆相序成功失败请购电拉闸', 0.9267396330833435)]

2022-07-26 10:55:44,483: detec_all: 接收参数：[图片路径：./photo/img11/PICTURE2\3530001000101427171480.jpg，配置文件路径：./photo/ini11 ]
识别结果：[('★', 0.9999829530715942), ('当前上18月组合反正向无有功IIIV总费率18', 0.9305428862571716), ('ABCNCOSΦ阶梯剩余需电量费价失压流动率时间段', 0.9645254015922546), ('8888888888', 0.9781198501586914), ('元', 0.9995397329330444), ('―', 0.6548712253570557), ('KWAh', 0.9996632933616638), ('Kvarh', 0.9905063509941101), ('88888888UaUbUc-Ia-Ib-Ic△L8◎T18', 0.9663615822792053), ('88氘§｛∩ē阀Й逆相序成功失败请购电拉闸', 0.9874221086502075)]

2022-07-26 10:55:44,483: detec_all: 接收参数：[图片路径：./photo/img11/PICTURE2\3530001000101427171480.jpg，配置文件路径：./photo/ini11 ]
识别结果：[('★', 0.9999829530715942), ('当前上18月组合反正向无有功IIIV总费率18', 0.9305428862571716), ('ABCNCOSΦ阶梯剩余需电量费价失压流动率时间段', 0.9645254015922546), ('8888888888', 0.9781198501586914), ('元', 0.9995397329330444), ('―', 0.6548712253570557), ('KWAh', 0.9996632933616638), ('Kvarh', 0.9905063509941101), ('88888888UaUbUc-Ia-Ib-Ic△L8◎T18', 0.9663615822792053), ('88氘§｛∩ē阀Й逆相序成功失败请购电拉闸', 0.9874221086502075)]

2022-07-26 10:56:50,989: detec_all: 接收参数：[图片路径：./photo/img11/PICTURE1\3530001000101427171442.jpg，配置文件路径：./photo/ini11 ]
识别结果：[('★', 0.9999768733978271), ('当前上18月组合反正向无有功IIIV总费率18', 0.9537138938903809), ('ABCNCOSΦ阶梯剩余需电量费价失压流功率时间段', 0.9417386054992676), ('8888888888', 0.9999434351921082), ('元', 0.9991136193275452), ('―', 0.975265622138977), ('KWAh', 0.9668530225753784), ('Kvarh', 0.9733190536499023), ('88888888UaUbUc-Ia-Ib-Ic△L8◎T18', 0.9657671451568604), ('88氘§｛∩ē阀Й逆相序成功失败请购电拉闸', 0.9267396330833435)]

2022-07-26 10:56:50,990: detec_all: 接收参数：[图片路径：./photo/img11/PICTURE1\3530001000101427171442.jpg，配置文件路径：./photo/ini11 ]
识别结果：[('★', 0.9999768733978271), ('当前上18月组合反正向无有功IIIV总费率18', 0.9537138938903809), ('ABCNCOSΦ阶梯剩余需电量费价失压流功率时间段', 0.9417386054992676), ('8888888888', 0.9999434351921082), ('元', 0.9991136193275452), ('―', 0.975265622138977), ('KWAh', 0.9668530225753784), ('Kvarh', 0.9733190536499023), ('88888888UaUbUc-Ia-Ib-Ic△L8◎T18', 0.9657671451568604), ('88氘§｛∩ē阀Й逆相序成功失败请购电拉闸', 0.9267396330833435)]

2022-07-26 10:56:58,213: detec_all: 接收参数：[图片路径：./photo/img11/PICTURE2\3530001000101427171480.jpg，配置文件路径：./photo/ini11 ]
识别结果：[('★', 0.9999829530715942), ('当前上18月组合反正向无有功IIIV总费率18', 0.9305428862571716), ('ABCNCOSΦ阶梯剩余需电量费价失压流动率时间段', 0.9645254015922546), ('8888888888', 0.9781198501586914), ('元', 0.9995397329330444), ('―', 0.6548712253570557), ('KWAh', 0.9996632933616638), ('Kvarh', 0.9905063509941101), ('88888888UaUbUc-Ia-Ib-Ic△L8◎T18', 0.9663615822792053), ('88氘§｛∩ē阀Й逆相序成功失败请购电拉闸', 0.9874221086502075)]

2022-07-26 10:56:58,213: detec_all: 接收参数：[图片路径：./photo/img11/PICTURE2\3530001000101427171480.jpg，配置文件路径：./photo/ini11 ]
识别结果：[('★', 0.9999829530715942), ('当前上18月组合反正向无有功IIIV总费率18', 0.9305428862571716), ('ABCNCOSΦ阶梯剩余需电量费价失压流动率时间段', 0.9645254015922546), ('8888888888', 0.9781198501586914), ('元', 0.9995397329330444), ('―', 0.6548712253570557), ('KWAh', 0.9996632933616638), ('Kvarh', 0.9905063509941101), ('88888888UaUbUc-Ia-Ib-Ic△L8◎T18', 0.9663615822792053), ('88氘§｛∩ē阀Й逆相序成功失败请购电拉闸', 0.9874221086502075)]

2022-07-26 11:08:34,334: detec_all: 接收参数：[图片路径：./photo/img11/PICTURE1\3530001000101427171442.jpg，配置文件路径：./photo/ini11 ]
识别结果：[('★', 0.9999768733978271), ('当前上18月组合反正向无有功IIIV总费率18', 0.9537138938903809), ('ABCNCOSΦ阶梯剩余需电量费价失压流功率时间段', 0.9417386054992676), ('8888888888', 0.9999434351921082), ('元', 0.9991136193275452), ('―', 0.975265622138977), ('KWAh', 0.9668530225753784), ('Kvarh', 0.9733190536499023), ('88888888UaUbUc-Ia-Ib-Ic△L8◎T18', 0.9657671451568604), ('88氘§｛∩ē阀Й逆相序成功失败请购电拉闸', 0.9267396330833435)]

2022-07-26 11:08:34,334: detec_all: 接收参数：[图片路径：./photo/img11/PICTURE1\3530001000101427171442.jpg，配置文件路径：./photo/ini11 ]
识别结果：[('★', 0.9999768733978271), ('当前上18月组合反正向无有功IIIV总费率18', 0.9537138938903809), ('ABCNCOSΦ阶梯剩余需电量费价失压流功率时间段', 0.9417386054992676), ('8888888888', 0.9999434351921082), ('元', 0.9991136193275452), ('―', 0.975265622138977), ('KWAh', 0.9668530225753784), ('Kvarh', 0.9733190536499023), ('88888888UaUbUc-Ia-Ib-Ic△L8◎T18', 0.9657671451568604), ('88氘§｛∩ē阀Й逆相序成功失败请购电拉闸', 0.9267396330833435)]

2022-07-26 11:08:39,649: detec_all: 接收参数：[图片路径：./photo/img11/PICTURE2\3530001000101427171480.jpg，配置文件路径：./photo/ini11 ]
识别结果：[('★', 0.9999829530715942), ('当前上18月组合反正向无有功IIIV总费率18', 0.9305428862571716), ('ABCNCOSΦ阶梯剩余需电量费价失压流动率时间段', 0.9645254015922546), ('8888888888', 0.9781198501586914), ('元', 0.9995397329330444), ('―', 0.6548712253570557), ('KWAh', 0.9996632933616638), ('Kvarh', 0.9905063509941101), ('88888888UaUbUc-Ia-Ib-Ic△L8◎T18', 0.9663615822792053), ('88氘§｛∩ē阀Й逆相序成功失败请购电拉闸', 0.9874221086502075)]

2022-07-26 11:08:39,649: detec_all: 接收参数：[图片路径：./photo/img11/PICTURE2\3530001000101427171480.jpg，配置文件路径：./photo/ini11 ]
识别结果：[('★', 0.9999829530715942), ('当前上18月组合反正向无有功IIIV总费率18', 0.9305428862571716), ('ABCNCOSΦ阶梯剩余需电量费价失压流动率时间段', 0.9645254015922546), ('8888888888', 0.9781198501586914), ('元', 0.9995397329330444), ('―', 0.6548712253570557), ('KWAh', 0.9996632933616638), ('Kvarh', 0.9905063509941101), ('88888888UaUbUc-Ia-Ib-Ic△L8◎T18', 0.9663615822792053), ('88氘§｛∩ē阀Й逆相序成功失败请购电拉闸', 0.9874221086502075)]

2022-07-26 11:09:08,647: detec_all: 接收参数：[图片路径：./photo/img11/PICTURE1\3530001000101427171442.jpg，配置文件路径：./photo/ini11 ]
识别结果：[('★', 0.9999768733978271), ('当前上18月组合反正向无有功IIIV总费率18', 0.9537138938903809), ('ABCNCOSΦ阶梯剩余需电量费价失压流功率时间段', 0.9417386054992676), ('8888888888', 0.9999434351921082), ('元', 0.9991136193275452), ('―', 0.975265622138977), ('KWAh', 0.9668530225753784), ('Kvarh', 0.9733190536499023), ('88888888UaUbUc-Ia-Ib-Ic△L8◎T18', 0.9657671451568604), ('88氘§｛∩ē阀Й逆相序成功失败请购电拉闸', 0.9267396330833435)]

2022-07-26 11:09:08,647: detec_all: 接收参数：[图片路径：./photo/img11/PICTURE1\3530001000101427171442.jpg，配置文件路径：./photo/ini11 ]
识别结果：[('★', 0.9999768733978271), ('当前上18月组合反正向无有功IIIV总费率18', 0.9537138938903809), ('ABCNCOSΦ阶梯剩余需电量费价失压流功率时间段', 0.9417386054992676), ('8888888888', 0.9999434351921082), ('元', 0.9991136193275452), ('―', 0.975265622138977), ('KWAh', 0.9668530225753784), ('Kvarh', 0.9733190536499023), ('88888888UaUbUc-Ia-Ib-Ic△L8◎T18', 0.9657671451568604), ('88氘§｛∩ē阀Й逆相序成功失败请购电拉闸', 0.9267396330833435)]

2022-07-26 11:09:14,024: detec_all: 接收参数：[图片路径：./photo/img11/PICTURE2\3530001000101427171480.jpg，配置文件路径：./photo/ini11 ]
识别结果：[('★', 0.9999829530715942), ('当前上18月组合反正向无有功IIIV总费率18', 0.9305428862571716), ('ABCNCOSΦ阶梯剩余需电量费价失压流动率时间段', 0.9645254015922546), ('8888888888', 0.9781198501586914), ('元', 0.9995397329330444), ('―', 0.6548712253570557), ('KWAh', 0.9996632933616638), ('Kvarh', 0.9905063509941101), ('88888888UaUbUc-Ia-Ib-Ic△L8◎T18', 0.9663615822792053), ('88氘§｛∩ē阀Й逆相序成功失败请购电拉闸', 0.9874221086502075)]

2022-07-26 11:09:14,024: detec_all: 接收参数：[图片路径：./photo/img11/PICTURE2\3530001000101427171480.jpg，配置文件路径：./photo/ini11 ]
识别结果：[('★', 0.9999829530715942), ('当前上18月组合反正向无有功IIIV总费率18', 0.9305428862571716), ('ABCNCOSΦ阶梯剩余需电量费价失压流动率时间段', 0.9645254015922546), ('8888888888', 0.9781198501586914), ('元', 0.9995397329330444), ('―', 0.6548712253570557), ('KWAh', 0.9996632933616638), ('Kvarh', 0.9905063509941101), ('88888888UaUbUc-Ia-Ib-Ic△L8◎T18', 0.9663615822792053), ('88氘§｛∩ē阀Й逆相序成功失败请购电拉闸', 0.9874221086502075)]

2022-07-26 11:10:36,147: detec_all: 接收参数：[图片路径：./photo/img11/PICTURE1\3530001000101427171442.jpg，配置文件路径：./photo/ini11 ]
识别结果：[('★', 0.9999768733978271), ('当前上18月组合反正向无有功IIIV总费率18', 0.9537138938903809), ('ABCNCOSΦ阶梯剩余需电量费价失压流功率时间段', 0.9417386054992676), ('8888888888', 0.9999434351921082), ('元', 0.9991136193275452), ('―', 0.975265622138977), ('KWAh', 0.9668530225753784), ('Kvarh', 0.9733190536499023), ('88888888UaUbUc-Ia-Ib-Ic△L8◎T18', 0.9657671451568604), ('88氘§｛∩ē阀Й逆相序成功失败请购电拉闸', 0.9267396330833435)]

2022-07-26 11:10:36,149: detec_all: 接收参数：[图片路径：./photo/img11/PICTURE1\3530001000101427171442.jpg，配置文件路径：./photo/ini11 ]
识别结果：[('★', 0.9999768733978271), ('当前上18月组合反正向无有功IIIV总费率18', 0.9537138938903809), ('ABCNCOSΦ阶梯剩余需电量费价失压流功率时间段', 0.9417386054992676), ('8888888888', 0.9999434351921082), ('元', 0.9991136193275452), ('―', 0.975265622138977), ('KWAh', 0.9668530225753784), ('Kvarh', 0.9733190536499023), ('88888888UaUbUc-Ia-Ib-Ic△L8◎T18', 0.9657671451568604), ('88氘§｛∩ē阀Й逆相序成功失败请购电拉闸', 0.9267396330833435)]

2022-07-26 11:10:41,477: detec_all: 接收参数：[图片路径：./photo/img11/PICTURE2\3530001000101427171480.jpg，配置文件路径：./photo/ini11 ]
识别结果：[('★', 0.9999829530715942), ('当前上18月组合反正向无有功IIIV总费率18', 0.9305428862571716), ('ABCNCOSΦ阶梯剩余需电量费价失压流动率时间段', 0.9645254015922546), ('8888888888', 0.9781198501586914), ('元', 0.9995397329330444), ('―', 0.6548712253570557), ('KWAh', 0.9996632933616638), ('Kvarh', 0.9905063509941101), ('88888888UaUbUc-Ia-Ib-Ic△L8◎T18', 0.9663615822792053), ('88氘§｛∩ē阀Й逆相序成功失败请购电拉闸', 0.9874221086502075)]

2022-07-26 11:10:41,477: detec_all: 接收参数：[图片路径：./photo/img11/PICTURE2\3530001000101427171480.jpg，配置文件路径：./photo/ini11 ]
识别结果：[('★', 0.9999829530715942), ('当前上18月组合反正向无有功IIIV总费率18', 0.9305428862571716), ('ABCNCOSΦ阶梯剩余需电量费价失压流动率时间段', 0.9645254015922546), ('8888888888', 0.9781198501586914), ('元', 0.9995397329330444), ('―', 0.6548712253570557), ('KWAh', 0.9996632933616638), ('Kvarh', 0.9905063509941101), ('88888888UaUbUc-Ia-Ib-Ic△L8◎T18', 0.9663615822792053), ('88氘§｛∩ē阀Й逆相序成功失败请购电拉闸', 0.9874221086502075)]

2022-07-26 11:12:50,178: detec_all: 接收参数：[图片路径：./photo/img11/PICTURE1\3530001000101427171442.jpg，配置文件路径：./photo/ini11 ]
识别结果：[('★', 0.9999768733978271), ('当前上18月组合反正向无有功IIIV总费率18', 0.9537138938903809), ('ABCNCOSΦ阶梯剩余需电量费价失压流功率时间段', 0.9417386054992676), ('8888888888', 0.9999434351921082), ('元', 0.9991136193275452), ('―', 0.975265622138977), ('KWAh', 0.9668530225753784), ('Kvarh', 0.9733190536499023), ('88888888UaUbUc-Ia-Ib-Ic△L8◎T18', 0.9657671451568604), ('88氘§｛∩ē阀Й逆相序成功失败请购电拉闸', 0.9267396330833435)]

2022-07-26 11:12:50,179: detec_all: 接收参数：[图片路径：./photo/img11/PICTURE1\3530001000101427171442.jpg，配置文件路径：./photo/ini11 ]
识别结果：[('★', 0.9999768733978271), ('当前上18月组合反正向无有功IIIV总费率18', 0.9537138938903809), ('ABCNCOSΦ阶梯剩余需电量费价失压流功率时间段', 0.9417386054992676), ('8888888888', 0.9999434351921082), ('元', 0.9991136193275452), ('―', 0.975265622138977), ('KWAh', 0.9668530225753784), ('Kvarh', 0.9733190536499023), ('88888888UaUbUc-Ia-Ib-Ic△L8◎T18', 0.9657671451568604), ('88氘§｛∩ē阀Й逆相序成功失败请购电拉闸', 0.9267396330833435)]

2022-07-26 11:12:57,424: detec_all: 接收参数：[图片路径：./photo/img11/PICTURE2\3530001000101427171480.jpg，配置文件路径：./photo/ini11 ]
识别结果：[('★', 0.9999829530715942), ('当前上18月组合反正向无有功IIIV总费率18', 0.9305428862571716), ('ABCNCOSΦ阶梯剩余需电量费价失压流动率时间段', 0.9645254015922546), ('8888888888', 0.9781198501586914), ('元', 0.9995397329330444), ('―', 0.6548712253570557), ('KWAh', 0.9996632933616638), ('Kvarh', 0.9905063509941101), ('88888888UaUbUc-Ia-Ib-Ic△L8◎T18', 0.9663615822792053), ('88氘§｛∩ē阀Й逆相序成功失败请购电拉闸', 0.9874221086502075)]

2022-07-26 11:12:57,424: detec_all: 接收参数：[图片路径：./photo/img11/PICTURE2\3530001000101427171480.jpg，配置文件路径：./photo/ini11 ]
识别结果：[('★', 0.9999829530715942), ('当前上18月组合反正向无有功IIIV总费率18', 0.9305428862571716), ('ABCNCOSΦ阶梯剩余需电量费价失压流动率时间段', 0.9645254015922546), ('8888888888', 0.9781198501586914), ('元', 0.9995397329330444), ('―', 0.6548712253570557), ('KWAh', 0.9996632933616638), ('Kvarh', 0.9905063509941101), ('88888888UaUbUc-Ia-Ib-Ic△L8◎T18', 0.9663615822792053), ('88氘§｛∩ē阀Й逆相序成功失败请购电拉闸', 0.9874221086502075)]

2022-07-26 11:33:00,051: detec_all: 接收参数：[图片路径：./photo/img11/PICTURE1\3530001000101427171442.jpg，配置文件路径：./photo/ini11 ]
识别结果：[('当前上18月组合反正向无有功IIIV总费率18', 0.9464264512062073), ('ABCNCOSΦ阶梯剩余需电量费价失压流功率时间段', 0.9429691433906555), ('8888888888', 0.9864891171455383), ('元', 0.9960607886314392), ('kWAh', 0.9047132730484009), ('kvarh', 0.9447425007820129), ('8888.8888uaubUc-la-Ib-IcL88T18', 0.8099737763404846), ('88金8逆相序成功失败请购电拉闸', 0.9223750829696655)]

2022-07-26 11:33:00,051: detec_all: 接收参数：[图片路径：./photo/img11/PICTURE1\3530001000101427171442.jpg，配置文件路径：./photo/ini11 ]
识别结果：[('当前上18月组合反正向无有功IIIV总费率18', 0.9464264512062073), ('ABCNCOSΦ阶梯剩余需电量费价失压流功率时间段', 0.9429691433906555), ('8888888888', 0.9864891171455383), ('元', 0.9960607886314392), ('kWAh', 0.9047132730484009), ('kvarh', 0.9447425007820129), ('8888.8888uaubUc-la-Ib-IcL88T18', 0.8099737763404846), ('88金8逆相序成功失败请购电拉闸', 0.9223750829696655)]

2022-07-26 11:33:07,334: detec_all: 接收参数：[图片路径：./photo/img11/PICTURE2\3530001000101427171480.jpg，配置文件路径：./photo/ini11 ]
识别结果：[('当前上18月组合反正向无有功IIIV总费率18', 0.9409324526786804), ('ABCNCOS阶梯剩余需电量费价失压流功率时间段', 0.9728579521179199), ('8888888888', 0.9491314888000488), ('元', 0.9983067512512207), ('kWAh', 0.9819252490997314), ('kvarh', 0.9641159772872925), ('8888.8888uaubUc-Ia-Ib-IcL88T18', 0.8451235294342041), ('88金8逆相序成功失败请购电拉闸', 0.8814621567726135)]

2022-07-26 11:33:07,334: detec_all: 接收参数：[图片路径：./photo/img11/PICTURE2\3530001000101427171480.jpg，配置文件路径：./photo/ini11 ]
识别结果：[('当前上18月组合反正向无有功IIIV总费率18', 0.9409324526786804), ('ABCNCOS阶梯剩余需电量费价失压流功率时间段', 0.9728579521179199), ('8888888888', 0.9491314888000488), ('元', 0.9983067512512207), ('kWAh', 0.9819252490997314), ('kvarh', 0.9641159772872925), ('8888.8888uaubUc-Ia-Ib-IcL88T18', 0.8451235294342041), ('88金8逆相序成功失败请购电拉闸', 0.8814621567726135)]

2022-07-26 11:34:34,274: detec_all: 接收参数：[图片路径：./photo/img11/PICTURE1\3530001000101427171442.jpg，配置文件路径：./photo/ini11 ]
识别结果：[('★', 0.9999768733978271), ('当前上18月组合反正向无有功IIIV总费率18', 0.9537138938903809), ('ABCNCOSΦ阶梯剩余需电量费价失压流功率时间段', 0.9417386054992676), ('8888888888', 0.9999434351921082), ('元', 0.9991136193275452), ('―', 0.975265622138977), ('KWAh', 0.9668530225753784), ('Kvarh', 0.9733190536499023), ('88888888UaUbUc-Ia-Ib-Ic△L8◎T18', 0.9657671451568604), ('88氘§｛∩ē阀Й逆相序成功失败请购电拉闸', 0.9267396330833435)]

2022-07-26 11:34:34,274: detec_all: 接收参数：[图片路径：./photo/img11/PICTURE1\3530001000101427171442.jpg，配置文件路径：./photo/ini11 ]
识别结果：[('★', 0.9999768733978271), ('当前上18月组合反正向无有功IIIV总费率18', 0.9537138938903809), ('ABCNCOSΦ阶梯剩余需电量费价失压流功率时间段', 0.9417386054992676), ('8888888888', 0.9999434351921082), ('元', 0.9991136193275452), ('―', 0.975265622138977), ('KWAh', 0.9668530225753784), ('Kvarh', 0.9733190536499023), ('88888888UaUbUc-Ia-Ib-Ic△L8◎T18', 0.9657671451568604), ('88氘§｛∩ē阀Й逆相序成功失败请购电拉闸', 0.9267396330833435)]

2022-07-26 11:34:41,660: detec_all: 接收参数：[图片路径：./photo/img11/PICTURE2\3530001000101427171480.jpg，配置文件路径：./photo/ini11 ]
识别结果：[('★', 0.9999829530715942), ('当前上18月组合反正向无有功IIIV总费率18', 0.9305428862571716), ('ABCNCOSΦ阶梯剩余需电量费价失压流动率时间段', 0.9645254015922546), ('8888888888', 0.9781198501586914), ('元', 0.9995397329330444), ('―', 0.6548712253570557), ('KWAh', 0.9996632933616638), ('Kvarh', 0.9905063509941101), ('88888888UaUbUc-Ia-Ib-Ic△L8◎T18', 0.9663615822792053), ('88氘§｛∩ē阀Й逆相序成功失败请购电拉闸', 0.9874221086502075)]

2022-07-26 11:34:41,660: detec_all: 接收参数：[图片路径：./photo/img11/PICTURE2\3530001000101427171480.jpg，配置文件路径：./photo/ini11 ]
识别结果：[('★', 0.9999829530715942), ('当前上18月组合反正向无有功IIIV总费率18', 0.9305428862571716), ('ABCNCOSΦ阶梯剩余需电量费价失压流动率时间段', 0.9645254015922546), ('8888888888', 0.9781198501586914), ('元', 0.9995397329330444), ('―', 0.6548712253570557), ('KWAh', 0.9996632933616638), ('Kvarh', 0.9905063509941101), ('88888888UaUbUc-Ia-Ib-Ic△L8◎T18', 0.9663615822792053), ('88氘§｛∩ē阀Й逆相序成功失败请购电拉闸', 0.9874221086502075)]

2022-07-26 11:36:00,688: detec_all: 接收参数：[图片路径：./photo/img11/PICTURE1\3530001000101427171442.jpg，配置文件路径：./photo/ini11 ]
识别结果：[('★', 0.9999768733978271), ('当前上18月组合反正向无有功IIIV总费率18', 0.9537138938903809), ('ABCNCOSΦ阶梯剩余需电量费价失压流功率时间段', 0.9417386054992676), ('8888888888', 0.9999434351921082), ('元', 0.9991136193275452), ('―', 0.975265622138977), ('KWAh', 0.9668530225753784), ('Kvarh', 0.9733190536499023), ('88888888UaUbUc-Ia-Ib-Ic△L8◎T18', 0.9657671451568604), ('88氘§｛∩ē阀Й逆相序成功失败请购电拉闸', 0.9267396330833435)]

2022-07-26 11:36:00,688: detec_all: 接收参数：[图片路径：./photo/img11/PICTURE1\3530001000101427171442.jpg，配置文件路径：./photo/ini11 ]
识别结果：[('★', 0.9999768733978271), ('当前上18月组合反正向无有功IIIV总费率18', 0.9537138938903809), ('ABCNCOSΦ阶梯剩余需电量费价失压流功率时间段', 0.9417386054992676), ('8888888888', 0.9999434351921082), ('元', 0.9991136193275452), ('―', 0.975265622138977), ('KWAh', 0.9668530225753784), ('Kvarh', 0.9733190536499023), ('88888888UaUbUc-Ia-Ib-Ic△L8◎T18', 0.9657671451568604), ('88氘§｛∩ē阀Й逆相序成功失败请购电拉闸', 0.9267396330833435)]

2022-07-26 11:36:08,050: detec_all: 接收参数：[图片路径：./photo/img11/PICTURE1\Inked3530001000101427171442.jpg，配置文件路径：./photo/ini11 ]
识别结果：[('★', 0.9999749660491943), ('当前上18月组合反正向无有功IIIV总费率18', 0.9543899297714233), ('ABCNCOSΦ阶梯剩余需电量费价失压流功率时间段', 0.9364441633224487), ('8888888888', 0.9999434351921082), ('元', 0.9991075396537781), ('―', 0.970243513584137), ('KWAh', 0.9659183025360107), ('Kvarh', 0.9743396639823914), ('88888888UaUbUc-Ia-Ib-Ic△L8◎T18', 0.9653059244155884), ('88氘§｛∩ē阀Й逆相序成功失败请购电拉闸', 0.92650306224823)]

2022-07-26 11:36:08,050: detec_all: 接收参数：[图片路径：./photo/img11/PICTURE1\Inked3530001000101427171442.jpg，配置文件路径：./photo/ini11 ]
识别结果：[('★', 0.9999749660491943), ('当前上18月组合反正向无有功IIIV总费率18', 0.9543899297714233), ('ABCNCOSΦ阶梯剩余需电量费价失压流功率时间段', 0.9364441633224487), ('8888888888', 0.9999434351921082), ('元', 0.9991075396537781), ('―', 0.970243513584137), ('KWAh', 0.9659183025360107), ('Kvarh', 0.9743396639823914), ('88888888UaUbUc-Ia-Ib-Ic△L8◎T18', 0.9653059244155884), ('88氘§｛∩ē阀Й逆相序成功失败请购电拉闸', 0.92650306224823)]

2022-07-26 11:36:15,566: detec_all: 接收参数：[图片路径：./photo/img11/PICTURE2\3530001000101427171480.jpg，配置文件路径：./photo/ini11 ]
识别结果：[('★', 0.9999829530715942), ('当前上18月组合反正向无有功IIIV总费率18', 0.9305428862571716), ('ABCNCOSΦ阶梯剩余需电量费价失压流动率时间段', 0.9645254015922546), ('8888888888', 0.9781198501586914), ('元', 0.9995397329330444), ('―', 0.6548712253570557), ('KWAh', 0.9996632933616638), ('Kvarh', 0.9905063509941101), ('88888888UaUbUc-Ia-Ib-Ic△L8◎T18', 0.9663615822792053), ('88氘§｛∩ē阀Й逆相序成功失败请购电拉闸', 0.9874221086502075)]

2022-07-26 11:36:15,566: detec_all: 接收参数：[图片路径：./photo/img11/PICTURE2\3530001000101427171480.jpg，配置文件路径：./photo/ini11 ]
识别结果：[('★', 0.9999829530715942), ('当前上18月组合反正向无有功IIIV总费率18', 0.9305428862571716), ('ABCNCOSΦ阶梯剩余需电量费价失压流动率时间段', 0.9645254015922546), ('8888888888', 0.9781198501586914), ('元', 0.9995397329330444), ('―', 0.6548712253570557), ('KWAh', 0.9996632933616638), ('Kvarh', 0.9905063509941101), ('88888888UaUbUc-Ia-Ib-Ic△L8◎T18', 0.9663615822792053), ('88氘§｛∩ē阀Й逆相序成功失败请购电拉闸', 0.9874221086502075)]

2022-07-26 11:38:38,234: detec_all: 接收参数：[图片路径：./photo/img11/PICTURE1\3530001000101427171442.jpg，配置文件路径：./photo/ini11 ]
识别结果：[('当前上18月组合反正向无有功IIIV总费率18', 0.9464264512062073), ('ABCNCOSΦ阶梯剩余需电量费价失压流功率时间段', 0.9429691433906555), ('8888888888', 0.9864891171455383), ('元', 0.9960607886314392), ('kWAh', 0.9047132730484009), ('kvarh', 0.9447425007820129), ('8888.8888uaubUc-la-Ib-IcL88T18', 0.8099737763404846), ('88金8逆相序成功失败请购电拉闸', 0.9223750829696655)]

2022-07-26 11:38:38,234: detec_all: 接收参数：[图片路径：./photo/img11/PICTURE1\3530001000101427171442.jpg，配置文件路径：./photo/ini11 ]
识别结果：[('当前上18月组合反正向无有功IIIV总费率18', 0.9464264512062073), ('ABCNCOSΦ阶梯剩余需电量费价失压流功率时间段', 0.9429691433906555), ('8888888888', 0.9864891171455383), ('元', 0.9960607886314392), ('kWAh', 0.9047132730484009), ('kvarh', 0.9447425007820129), ('8888.8888uaubUc-la-Ib-IcL88T18', 0.8099737763404846), ('88金8逆相序成功失败请购电拉闸', 0.9223750829696655)]

2022-07-26 11:38:45,934: detec_all: 接收参数：[图片路径：./photo/img11/PICTURE1\Inked3530001000101427171442.jpg，配置文件路径：./photo/ini11 ]
识别结果：[('当前上18月组合反正向无有功IIIV总费率18', 0.9503688216209412), ('ABCNCOS阶梯剩余需电量费价失压流功率时间段', 0.9838703274726868), ('8888888888', 0.9862833023071289), ('元', 0.9961023330688477), ('kWAh', 0.8883686661720276), ('kvarh', 0.9454785585403442), ('8888.8888uaubUc-la-Ib-IcL88T18', 0.8065440654754639), ('88金8逆相序成功失败请购电拉闸', 0.9197362661361694)]

2022-07-26 11:38:45,934: detec_all: 接收参数：[图片路径：./photo/img11/PICTURE1\Inked3530001000101427171442.jpg，配置文件路径：./photo/ini11 ]
识别结果：[('当前上18月组合反正向无有功IIIV总费率18', 0.9503688216209412), ('ABCNCOS阶梯剩余需电量费价失压流功率时间段', 0.9838703274726868), ('8888888888', 0.9862833023071289), ('元', 0.9961023330688477), ('kWAh', 0.8883686661720276), ('kvarh', 0.9454785585403442), ('8888.8888uaubUc-la-Ib-IcL88T18', 0.8065440654754639), ('88金8逆相序成功失败请购电拉闸', 0.9197362661361694)]

2022-07-26 11:38:53,368: detec_all: 接收参数：[图片路径：./photo/img11/PICTURE2\3530001000101427171480.jpg，配置文件路径：./photo/ini11 ]
识别结果：[('当前上18月组合反正向无有功IIIV总费率18', 0.9409324526786804), ('ABCNCOS阶梯剩余需电量费价失压流功率时间段', 0.9728579521179199), ('8888888888', 0.9491314888000488), ('元', 0.9983067512512207), ('kWAh', 0.9819252490997314), ('kvarh', 0.9641159772872925), ('8888.8888uaubUc-Ia-Ib-IcL88T18', 0.8451235294342041), ('88金8逆相序成功失败请购电拉闸', 0.8814621567726135)]

2022-07-26 11:38:53,368: detec_all: 接收参数：[图片路径：./photo/img11/PICTURE2\3530001000101427171480.jpg，配置文件路径：./photo/ini11 ]
识别结果：[('当前上18月组合反正向无有功IIIV总费率18', 0.9409324526786804), ('ABCNCOS阶梯剩余需电量费价失压流功率时间段', 0.9728579521179199), ('8888888888', 0.9491314888000488), ('元', 0.9983067512512207), ('kWAh', 0.9819252490997314), ('kvarh', 0.9641159772872925), ('8888.8888uaubUc-Ia-Ib-IcL88T18', 0.8451235294342041), ('88金8逆相序成功失败请购电拉闸', 0.8814621567726135)]

2022-07-26 11:39:33,049: detec_all: 接收参数：[图片路径：./photo/img11/PICTURE1\3530001000101427171442.jpg，配置文件路径：./photo/ini11 ]
识别结果：[('★', 0.9999768733978271), ('当前上18月组合反正向无有功IIIV总费率18', 0.9537138938903809), ('ABCNCOSΦ阶梯剩余需电量费价失压流功率时间段', 0.9417386054992676), ('8888888888', 0.9999434351921082), ('元', 0.9991136193275452), ('―', 0.975265622138977), ('KWAh', 0.9668530225753784), ('Kvarh', 0.9733190536499023), ('88888888UaUbUc-Ia-Ib-Ic△L8◎T18', 0.9657671451568604), ('88氘§｛∩ē阀Й逆相序成功失败请购电拉闸', 0.9267396330833435)]

2022-07-26 11:39:33,050: detec_all: 接收参数：[图片路径：./photo/img11/PICTURE1\3530001000101427171442.jpg，配置文件路径：./photo/ini11 ]
识别结果：[('★', 0.9999768733978271), ('当前上18月组合反正向无有功IIIV总费率18', 0.9537138938903809), ('ABCNCOSΦ阶梯剩余需电量费价失压流功率时间段', 0.9417386054992676), ('8888888888', 0.9999434351921082), ('元', 0.9991136193275452), ('―', 0.975265622138977), ('KWAh', 0.9668530225753784), ('Kvarh', 0.9733190536499023), ('88888888UaUbUc-Ia-Ib-Ic△L8◎T18', 0.9657671451568604), ('88氘§｛∩ē阀Й逆相序成功失败请购电拉闸', 0.9267396330833435)]

2022-07-26 11:39:40,510: detec_all: 接收参数：[图片路径：./photo/img11/PICTURE1\Inked3530001000101427171442.jpg，配置文件路径：./photo/ini11 ]
识别结果：[('★', 0.9999749660491943), ('当前上18月组合反正向无有功IIIV总费率18', 0.9543899297714233), ('ABCNCOSΦ阶梯剩余需电量费价失压流功率时间段', 0.9364441633224487), ('8888888888', 0.9999434351921082), ('元', 0.9991075396537781), ('―', 0.970243513584137), ('KWAh', 0.9659183025360107), ('Kvarh', 0.9743396639823914), ('88888888UaUbUc-Ia-Ib-Ic△L8◎T18', 0.9653059244155884), ('88氘§｛∩ē阀Й逆相序成功失败请购电拉闸', 0.92650306224823)]

2022-07-26 11:39:40,510: detec_all: 接收参数：[图片路径：./photo/img11/PICTURE1\Inked3530001000101427171442.jpg，配置文件路径：./photo/ini11 ]
识别结果：[('★', 0.9999749660491943), ('当前上18月组合反正向无有功IIIV总费率18', 0.9543899297714233), ('ABCNCOSΦ阶梯剩余需电量费价失压流功率时间段', 0.9364441633224487), ('8888888888', 0.9999434351921082), ('元', 0.9991075396537781), ('―', 0.970243513584137), ('KWAh', 0.9659183025360107), ('Kvarh', 0.9743396639823914), ('88888888UaUbUc-Ia-Ib-Ic△L8◎T18', 0.9653059244155884), ('88氘§｛∩ē阀Й逆相序成功失败请购电拉闸', 0.92650306224823)]

2022-07-26 11:39:47,980: detec_all: 接收参数：[图片路径：./photo/img11/PICTURE2\3530001000101427171480.jpg，配置文件路径：./photo/ini11 ]
识别结果：[('★', 0.9999829530715942), ('当前上18月组合反正向无有功IIIV总费率18', 0.9305428862571716), ('ABCNCOSΦ阶梯剩余需电量费价失压流动率时间段', 0.9645254015922546), ('8888888888', 0.9781198501586914), ('元', 0.9995397329330444), ('―', 0.6548712253570557), ('KWAh', 0.9996632933616638), ('Kvarh', 0.9905063509941101), ('88888888UaUbUc-Ia-Ib-Ic△L8◎T18', 0.9663615822792053), ('88氘§｛∩ē阀Й逆相序成功失败请购电拉闸', 0.9874221086502075)]

2022-07-26 11:39:47,980: detec_all: 接收参数：[图片路径：./photo/img11/PICTURE2\3530001000101427171480.jpg，配置文件路径：./photo/ini11 ]
识别结果：[('★', 0.9999829530715942), ('当前上18月组合反正向无有功IIIV总费率18', 0.9305428862571716), ('ABCNCOSΦ阶梯剩余需电量费价失压流动率时间段', 0.9645254015922546), ('8888888888', 0.9781198501586914), ('元', 0.9995397329330444), ('―', 0.6548712253570557), ('KWAh', 0.9996632933616638), ('Kvarh', 0.9905063509941101), ('88888888UaUbUc-Ia-Ib-Ic△L8◎T18', 0.9663615822792053), ('88氘§｛∩ē阀Й逆相序成功失败请购电拉闸', 0.9874221086502075)]

2022-07-26 11:57:05,508: detec_all: 接收参数：[图片路径：./photo/img11/PICTURE1\3530001000101427171442.jpg，配置文件路径：./photo/ini11 ]
识别结果：[('★', 0.9999768733978271), ('当前上18月组合反正向无有功IIIV总费率18', 0.9537138938903809), ('ABCNCOSΦ阶梯剩余需电量费价失压流功率时间段', 0.9417386054992676), ('8888888888', 0.9999434351921082), ('元', 0.9991136193275452), ('―', 0.975265622138977), ('KWAh', 0.9668530225753784), ('Kvarh', 0.9733190536499023), ('88888888UaUbUc-Ia-Ib-Ic△L8◎T18', 0.9657671451568604), ('88氘§｛∩ē阀Й逆相序成功失败请购电拉闸', 0.9267396330833435)]

2022-07-26 11:57:05,509: detec_all: 接收参数：[图片路径：./photo/img11/PICTURE1\3530001000101427171442.jpg，配置文件路径：./photo/ini11 ]
识别结果：[('★', 0.9999768733978271), ('当前上18月组合反正向无有功IIIV总费率18', 0.9537138938903809), ('ABCNCOSΦ阶梯剩余需电量费价失压流功率时间段', 0.9417386054992676), ('8888888888', 0.9999434351921082), ('元', 0.9991136193275452), ('―', 0.975265622138977), ('KWAh', 0.9668530225753784), ('Kvarh', 0.9733190536499023), ('88888888UaUbUc-Ia-Ib-Ic△L8◎T18', 0.9657671451568604), ('88氘§｛∩ē阀Й逆相序成功失败请购电拉闸', 0.9267396330833435)]

2022-07-26 11:57:12,870: detec_all: 接收参数：[图片路径：./photo/img11/PICTURE1\Inked3530001000101427171442.jpg，配置文件路径：./photo/ini11 ]
识别结果：[('★', 0.9999749660491943), ('当前上18月组合反正向无有功IIIV总费率18', 0.9543899297714233), ('ABCNCOSΦ阶梯剩余需电量费价失压流功率时间段', 0.9364441633224487), ('8888888888', 0.9999434351921082), ('元', 0.9991075396537781), ('―', 0.970243513584137), ('KWAh', 0.9659183025360107), ('Kvarh', 0.9743396639823914), ('88888888UaUbUc-Ia-Ib-Ic△L8◎T18', 0.9653059244155884), ('88氘§｛∩ē阀Й逆相序成功失败请购电拉闸', 0.92650306224823)]

2022-07-26 11:57:12,870: detec_all: 接收参数：[图片路径：./photo/img11/PICTURE1\Inked3530001000101427171442.jpg，配置文件路径：./photo/ini11 ]
识别结果：[('★', 0.9999749660491943), ('当前上18月组合反正向无有功IIIV总费率18', 0.9543899297714233), ('ABCNCOSΦ阶梯剩余需电量费价失压流功率时间段', 0.9364441633224487), ('8888888888', 0.9999434351921082), ('元', 0.9991075396537781), ('―', 0.970243513584137), ('KWAh', 0.9659183025360107), ('Kvarh', 0.9743396639823914), ('88888888UaUbUc-Ia-Ib-Ic△L8◎T18', 0.9653059244155884), ('88氘§｛∩ē阀Й逆相序成功失败请购电拉闸', 0.92650306224823)]

2022-07-26 11:57:20,199: detec_all: 接收参数：[图片路径：./photo/img11/PICTURE2\3530001000101427171480.jpg，配置文件路径：./photo/ini11 ]
识别结果：[('★', 0.9999829530715942), ('当前上18月组合反正向无有功IIIV总费率18', 0.9305428862571716), ('ABCNCOSΦ阶梯剩余需电量费价失压流动率时间段', 0.9645254015922546), ('8888888888', 0.9781198501586914), ('元', 0.9995397329330444), ('―', 0.6548712253570557), ('KWAh', 0.9996632933616638), ('Kvarh', 0.9905063509941101), ('88888888UaUbUc-Ia-Ib-Ic△L8◎T18', 0.9663615822792053), ('88氘§｛∩ē阀Й逆相序成功失败请购电拉闸', 0.9874221086502075)]

2022-07-26 11:57:20,199: detec_all: 接收参数：[图片路径：./photo/img11/PICTURE2\3530001000101427171480.jpg，配置文件路径：./photo/ini11 ]
识别结果：[('★', 0.9999829530715942), ('当前上18月组合反正向无有功IIIV总费率18', 0.9305428862571716), ('ABCNCOSΦ阶梯剩余需电量费价失压流动率时间段', 0.9645254015922546), ('8888888888', 0.9781198501586914), ('元', 0.9995397329330444), ('―', 0.6548712253570557), ('KWAh', 0.9996632933616638), ('Kvarh', 0.9905063509941101), ('88888888UaUbUc-Ia-Ib-Ic△L8◎T18', 0.9663615822792053), ('88氘§｛∩ē阀Й逆相序成功失败请购电拉闸', 0.9874221086502075)]

2022-07-26 15:03:55,424: detec_all: 接收参数：[图片路径：./photo/img11/PICTURE1\3530001000101427171442.jpg，配置文件路径：./photo/ini11 ]
识别结果：[('★', 0.9999768733978271), ('当前上18月组合反正向无有功IIIV总费率18', 0.9537138938903809), ('ABCNCOSΦ阶梯剩余需电量费价失压流功率时间段', 0.9417386054992676), ('8888888888', 0.9999434351921082), ('元', 0.9991136193275452), ('―', 0.975265622138977), ('KWAh', 0.9668530225753784), ('Kvarh', 0.9733190536499023), ('88888888UaUbUc-Ia-Ib-Ic△L8◎T18', 0.9657671451568604), ('88氘§｛∩ē阀Й逆相序成功失败请购电拉闸', 0.9267396330833435)]

2022-07-26 15:03:55,424: detec_all: 接收参数：[图片路径：./photo/img11/PICTURE1\3530001000101427171442.jpg，配置文件路径：./photo/ini11 ]
识别结果：[('★', 0.9999768733978271), ('当前上18月组合反正向无有功IIIV总费率18', 0.9537138938903809), ('ABCNCOSΦ阶梯剩余需电量费价失压流功率时间段', 0.9417386054992676), ('8888888888', 0.9999434351921082), ('元', 0.9991136193275452), ('―', 0.975265622138977), ('KWAh', 0.9668530225753784), ('Kvarh', 0.9733190536499023), ('88888888UaUbUc-Ia-Ib-Ic△L8◎T18', 0.9657671451568604), ('88氘§｛∩ē阀Й逆相序成功失败请购电拉闸', 0.9267396330833435)]

2022-07-26 15:04:02,968: detec_all: 接收参数：[图片路径：./photo/img11/PICTURE1\Inked3530001000101427171442.jpg，配置文件路径：./photo/ini11 ]
识别结果：[('★', 0.9999749660491943), ('当前上18月组合反正向无有功IIIV总费率18', 0.9543899297714233), ('ABCNCOSΦ阶梯剩余需电量费价失压流功率时间段', 0.9364441633224487), ('8888888888', 0.9999434351921082), ('元', 0.9991075396537781), ('―', 0.970243513584137), ('KWAh', 0.9659183025360107), ('Kvarh', 0.9743396639823914), ('88888888UaUbUc-Ia-Ib-Ic△L8◎T18', 0.9653059244155884), ('88氘§｛∩ē阀Й逆相序成功失败请购电拉闸', 0.92650306224823)]

2022-07-26 15:04:02,968: detec_all: 接收参数：[图片路径：./photo/img11/PICTURE1\Inked3530001000101427171442.jpg，配置文件路径：./photo/ini11 ]
识别结果：[('★', 0.9999749660491943), ('当前上18月组合反正向无有功IIIV总费率18', 0.9543899297714233), ('ABCNCOSΦ阶梯剩余需电量费价失压流功率时间段', 0.9364441633224487), ('8888888888', 0.9999434351921082), ('元', 0.9991075396537781), ('―', 0.970243513584137), ('KWAh', 0.9659183025360107), ('Kvarh', 0.9743396639823914), ('88888888UaUbUc-Ia-Ib-Ic△L8◎T18', 0.9653059244155884), ('88氘§｛∩ē阀Й逆相序成功失败请购电拉闸', 0.92650306224823)]

2022-07-26 15:04:10,408: detec_all: 接收参数：[图片路径：./photo/img11/PICTURE2\3530001000101427171480.jpg，配置文件路径：./photo/ini11 ]
识别结果：[('★', 0.9999829530715942), ('当前上18月组合反正向无有功IIIV总费率18', 0.9305428862571716), ('ABCNCOSΦ阶梯剩余需电量费价失压流动率时间段', 0.9645254015922546), ('8888888888', 0.9781198501586914), ('元', 0.9995397329330444), ('―', 0.6548712253570557), ('KWAh', 0.9996632933616638), ('Kvarh', 0.9905063509941101), ('88888888UaUbUc-Ia-Ib-Ic△L8◎T18', 0.9663615822792053), ('88氘§｛∩ē阀Й逆相序成功失败请购电拉闸', 0.9874221086502075)]

2022-07-26 15:04:10,408: detec_all: 接收参数：[图片路径：./photo/img11/PICTURE2\3530001000101427171480.jpg，配置文件路径：./photo/ini11 ]
识别结果：[('★', 0.9999829530715942), ('当前上18月组合反正向无有功IIIV总费率18', 0.9305428862571716), ('ABCNCOSΦ阶梯剩余需电量费价失压流动率时间段', 0.9645254015922546), ('8888888888', 0.9781198501586914), ('元', 0.9995397329330444), ('―', 0.6548712253570557), ('KWAh', 0.9996632933616638), ('Kvarh', 0.9905063509941101), ('88888888UaUbUc-Ia-Ib-Ic△L8◎T18', 0.9663615822792053), ('88氘§｛∩ē阀Й逆相序成功失败请购电拉闸', 0.9874221086502075)]

2022-07-26 15:48:09,058: detec_all: 接收参数：[图片路径：./photo/img11/PICTURE1\3530001000101427171442.jpg，配置文件路径：./photo/ini11 ]
识别结果：[('★', 0.9999768733978271), ('当前上18月组合反正向无有功IIIV总费率18', 0.9537138938903809), ('ABCNCOSΦ阶梯剩余需电量费价失压流功率时间段', 0.9417386054992676), ('8888888888', 0.9999434351921082), ('元', 0.9991136193275452), ('―', 0.975265622138977), ('KWAh', 0.9668530225753784), ('Kvarh', 0.9733190536499023), ('88888888UaUbUc-Ia-Ib-Ic△L8◎T18', 0.9657671451568604), ('88氘§｛∩ē阀Й逆相序成功失败请购电拉闸', 0.9267396330833435)]

2022-07-26 15:48:09,059: detec_all: 接收参数：[图片路径：./photo/img11/PICTURE1\3530001000101427171442.jpg，配置文件路径：./photo/ini11 ]
识别结果：[('★', 0.9999768733978271), ('当前上18月组合反正向无有功IIIV总费率18', 0.9537138938903809), ('ABCNCOSΦ阶梯剩余需电量费价失压流功率时间段', 0.9417386054992676), ('8888888888', 0.9999434351921082), ('元', 0.9991136193275452), ('―', 0.975265622138977), ('KWAh', 0.9668530225753784), ('Kvarh', 0.9733190536499023), ('88888888UaUbUc-Ia-Ib-Ic△L8◎T18', 0.9657671451568604), ('88氘§｛∩ē阀Й逆相序成功失败请购电拉闸', 0.9267396330833435)]

2022-07-26 15:48:16,970: detec_all: 接收参数：[图片路径：./photo/img11/PICTURE1\Inked3530001000101427171442.jpg，配置文件路径：./photo/ini11 ]
识别结果：[('★', 0.9999657869338989), ('月组合反正向无有功IIIV总费率18', 0.9603374004364014), ('ABCNCOSΦ阶梯剩余需电量费价失压流功率时间段', 0.9326954483985901), ('8888888888', 0.9999469518661499), ('元', 0.9990968704223633), ('―', 0.8219155073165894), ('KWAh', 0.9659183025360107), ('Kvarh', 0.9882582426071167), ('8UaUbUc-Ia-Ib-Ic△L8◎T18', 0.9278069138526917), ('88氘wn', 0.570067822933197), ('Й逆相序成功失败请购电拉闸', 0.9499661326408386)]

2022-07-26 15:48:16,970: detec_all: 接收参数：[图片路径：./photo/img11/PICTURE1\Inked3530001000101427171442.jpg，配置文件路径：./photo/ini11 ]
识别结果：[('★', 0.9999657869338989), ('月组合反正向无有功IIIV总费率18', 0.9603374004364014), ('ABCNCOSΦ阶梯剩余需电量费价失压流功率时间段', 0.9326954483985901), ('8888888888', 0.9999469518661499), ('元', 0.9990968704223633), ('―', 0.8219155073165894), ('KWAh', 0.9659183025360107), ('Kvarh', 0.9882582426071167), ('8UaUbUc-Ia-Ib-Ic△L8◎T18', 0.9278069138526917), ('88氘wn', 0.570067822933197), ('Й逆相序成功失败请购电拉闸', 0.9499661326408386)]

2022-07-26 15:48:24,185: detec_all: 接收参数：[图片路径：./photo/img11/PICTURE2\3530001000101427171480.jpg，配置文件路径：./photo/ini11 ]
识别结果：[('★', 0.9999829530715942), ('当前上18月组合反正向无有功IIIV总费率18', 0.9305428862571716), ('ABCNCOSΦ阶梯剩余需电量费价失压流动率时间段', 0.9645254015922546), ('8888888888', 0.9781198501586914), ('元', 0.9995397329330444), ('―', 0.6548712253570557), ('KWAh', 0.9996632933616638), ('Kvarh', 0.9905063509941101), ('88888888UaUbUc-Ia-Ib-Ic△L8◎T18', 0.9663615822792053), ('88氘§｛∩ē阀Й逆相序成功失败请购电拉闸', 0.9874221086502075)]

2022-07-26 15:48:24,185: detec_all: 接收参数：[图片路径：./photo/img11/PICTURE2\3530001000101427171480.jpg，配置文件路径：./photo/ini11 ]
识别结果：[('★', 0.9999829530715942), ('当前上18月组合反正向无有功IIIV总费率18', 0.9305428862571716), ('ABCNCOSΦ阶梯剩余需电量费价失压流动率时间段', 0.9645254015922546), ('8888888888', 0.9781198501586914), ('元', 0.9995397329330444), ('―', 0.6548712253570557), ('KWAh', 0.9996632933616638), ('Kvarh', 0.9905063509941101), ('88888888UaUbUc-Ia-Ib-Ic△L8◎T18', 0.9663615822792053), ('88氘§｛∩ē阀Й逆相序成功失败请购电拉闸', 0.9874221086502075)]

2022-07-26 15:48:59,896: detec_list: 接收参数：[图片路径：./photo/img11/PICTURE1\3530001000101427171442.jpg，配置文件路径：./photo/ini11 ]
识别结果：[('★', 0.9999768733978271), ('当前上18月组合反正向无有功IIIV总费率18', 0.9537138938903809), ('ABCNCOSΦ阶梯剩余需电量费价失压流功率时间段', 0.9417386054992676), ('8888888888', 0.9999434351921082), ('元', 0.9991136193275452), ('―', 0.975265622138977), ('KWAh', 0.9668530225753784), ('Kvarh', 0.9733190536499023), ('88888888UaUbUc-Ia-Ib-Ic△L8◎T18', 0.9657671451568604), ('88氘§｛∩ē阀Й逆相序成功失败请购电拉闸', 0.9267396330833435)]

2022-07-26 15:48:59,896: detec_list: 接收参数：[图片路径：./photo/img11/PICTURE1\3530001000101427171442.jpg，配置文件路径：./photo/ini11 ]
识别结果：[('★', 0.9999768733978271), ('当前上18月组合反正向无有功IIIV总费率18', 0.9537138938903809), ('ABCNCOSΦ阶梯剩余需电量费价失压流功率时间段', 0.9417386054992676), ('8888888888', 0.9999434351921082), ('元', 0.9991136193275452), ('―', 0.975265622138977), ('KWAh', 0.9668530225753784), ('Kvarh', 0.9733190536499023), ('88888888UaUbUc-Ia-Ib-Ic△L8◎T18', 0.9657671451568604), ('88氘§｛∩ē阀Й逆相序成功失败请购电拉闸', 0.9267396330833435)]

2022-07-26 15:49:03,489: detec_list: 接收参数：[图片路径：./photo/img11/PICTURE1\Inked3530001000101427171442.jpg，配置文件路径：./photo/ini11 ]
识别结果：[('★', 0.9999657869338989), ('月组合反正向无有功IIIV总费率18', 0.9603374004364014), ('ABCNCOSΦ阶梯剩余需电量费价失压流功率时间段', 0.9326954483985901), ('8888888888', 0.9999469518661499), ('元', 0.9990968704223633), ('―', 0.8219155073165894), ('KWAh', 0.9659183025360107), ('Kvarh', 0.9882582426071167), ('8UaUbUc-Ia-Ib-Ic△L8◎T18', 0.9278069138526917), ('88氘wn', 0.570067822933197), ('Й逆相序成功失败请购电拉闸', 0.9499661326408386)]

2022-07-26 15:49:03,489: detec_list: 接收参数：[图片路径：./photo/img11/PICTURE1\Inked3530001000101427171442.jpg，配置文件路径：./photo/ini11 ]
识别结果：[('★', 0.9999657869338989), ('月组合反正向无有功IIIV总费率18', 0.9603374004364014), ('ABCNCOSΦ阶梯剩余需电量费价失压流功率时间段', 0.9326954483985901), ('8888888888', 0.9999469518661499), ('元', 0.9990968704223633), ('―', 0.8219155073165894), ('KWAh', 0.9659183025360107), ('Kvarh', 0.9882582426071167), ('8UaUbUc-Ia-Ib-Ic△L8◎T18', 0.9278069138526917), ('88氘wn', 0.570067822933197), ('Й逆相序成功失败请购电拉闸', 0.9499661326408386)]

2022-07-26 15:49:06,447: detec_list: 接收参数：[图片路径：./photo/img11/PICTURE2\3530001000101427171480.jpg，配置文件路径：./photo/ini11 ]
识别结果：[('★', 0.9999829530715942), ('当前上18月组合反正向无有功IIIV总费率18', 0.9305428862571716), ('ABCNCOSΦ阶梯剩余需电量费价失压流动率时间段', 0.9645254015922546), ('8888888888', 0.9781198501586914), ('元', 0.9995397329330444), ('―', 0.6548712253570557), ('KWAh', 0.9996632933616638), ('Kvarh', 0.9905063509941101), ('88888888UaUbUc-Ia-Ib-Ic△L8◎T18', 0.9663615822792053), ('88氘§｛∩ē阀Й逆相序成功失败请购电拉闸', 0.9874221086502075)]

2022-07-26 15:49:06,447: detec_list: 接收参数：[图片路径：./photo/img11/PICTURE2\3530001000101427171480.jpg，配置文件路径：./photo/ini11 ]
识别结果：[('★', 0.9999829530715942), ('当前上18月组合反正向无有功IIIV总费率18', 0.9305428862571716), ('ABCNCOSΦ阶梯剩余需电量费价失压流动率时间段', 0.9645254015922546), ('8888888888', 0.9781198501586914), ('元', 0.9995397329330444), ('―', 0.6548712253570557), ('KWAh', 0.9996632933616638), ('Kvarh', 0.9905063509941101), ('88888888UaUbUc-Ia-Ib-Ic△L8◎T18', 0.9663615822792053), ('88氘§｛∩ē阀Й逆相序成功失败请购电拉闸', 0.9874221086502075)]

2022-07-26 15:50:13,457: detec_list: 接收参数：[图片路径：./photo/img11/PICTURE1\3530001000101427171442.jpg，配置文件路径：./photo/ini11 ]
识别结果：[('★', 0.9999768733978271), ('当前上18月组合反正向无有功IIIV总费率18', 0.9537138938903809), ('ABCNCOSΦ阶梯剩余需电量费价失压流功率时间段', 0.9417386054992676), ('8888888888', 0.9999434351921082), ('元', 0.9991136193275452), ('―', 0.975265622138977), ('KWAh', 0.9668530225753784), ('Kvarh', 0.9733190536499023), ('88888888UaUbUc-Ia-Ib-Ic△L8◎T18', 0.9657671451568604), ('88氘§｛∩ē阀Й逆相序成功失败请购电拉闸', 0.9267396330833435)]

2022-07-26 15:50:13,457: detec_list: 接收参数：[图片路径：./photo/img11/PICTURE1\3530001000101427171442.jpg，配置文件路径：./photo/ini11 ]
识别结果：[('★', 0.9999768733978271), ('当前上18月组合反正向无有功IIIV总费率18', 0.9537138938903809), ('ABCNCOSΦ阶梯剩余需电量费价失压流功率时间段', 0.9417386054992676), ('8888888888', 0.9999434351921082), ('元', 0.9991136193275452), ('―', 0.975265622138977), ('KWAh', 0.9668530225753784), ('Kvarh', 0.9733190536499023), ('88888888UaUbUc-Ia-Ib-Ic△L8◎T18', 0.9657671451568604), ('88氘§｛∩ē阀Й逆相序成功失败请购电拉闸', 0.9267396330833435)]

2022-07-26 15:50:17,202: detec_list: 接收参数：[图片路径：./photo/img11/PICTURE1\Inked3530001000101427171442.jpg，配置文件路径：./photo/ini11 ]
识别结果：[('★', 0.9999657869338989), ('月组合反正向无有功IIIV总费率18', 0.9603374004364014), ('ABCNCOSΦ阶梯剩余需电量费价失压流功率时间段', 0.9326954483985901), ('8888888888', 0.9999469518661499), ('元', 0.9990968704223633), ('―', 0.8219155073165894), ('KWAh', 0.9659183025360107), ('Kvarh', 0.9882582426071167), ('8UaUbUc-Ia-Ib-Ic△L8◎T18', 0.9278069138526917), ('88氘wn', 0.570067822933197), ('Й逆相序成功失败请购电拉闸', 0.9499661326408386)]

2022-07-26 15:50:17,202: detec_list: 接收参数：[图片路径：./photo/img11/PICTURE1\Inked3530001000101427171442.jpg，配置文件路径：./photo/ini11 ]
识别结果：[('★', 0.9999657869338989), ('月组合反正向无有功IIIV总费率18', 0.9603374004364014), ('ABCNCOSΦ阶梯剩余需电量费价失压流功率时间段', 0.9326954483985901), ('8888888888', 0.9999469518661499), ('元', 0.9990968704223633), ('―', 0.8219155073165894), ('KWAh', 0.9659183025360107), ('Kvarh', 0.9882582426071167), ('8UaUbUc-Ia-Ib-Ic△L8◎T18', 0.9278069138526917), ('88氘wn', 0.570067822933197), ('Й逆相序成功失败请购电拉闸', 0.9499661326408386)]

2022-07-26 15:50:20,289: detec_list: 接收参数：[图片路径：./photo/img11/PICTURE2\3530001000101427171480.jpg，配置文件路径：./photo/ini11 ]
识别结果：[('★', 0.9999829530715942), ('当前上18月组合反正向无有功IIIV总费率18', 0.9305428862571716), ('ABCNCOSΦ阶梯剩余需电量费价失压流动率时间段', 0.9645254015922546), ('8888888888', 0.9781198501586914), ('元', 0.9995397329330444), ('―', 0.6548712253570557), ('KWAh', 0.9996632933616638), ('Kvarh', 0.9905063509941101), ('88888888UaUbUc-Ia-Ib-Ic△L8◎T18', 0.9663615822792053), ('88氘§｛∩ē阀Й逆相序成功失败请购电拉闸', 0.9874221086502075)]

2022-07-26 15:50:20,289: detec_list: 接收参数：[图片路径：./photo/img11/PICTURE2\3530001000101427171480.jpg，配置文件路径：./photo/ini11 ]
识别结果：[('★', 0.9999829530715942), ('当前上18月组合反正向无有功IIIV总费率18', 0.9305428862571716), ('ABCNCOSΦ阶梯剩余需电量费价失压流动率时间段', 0.9645254015922546), ('8888888888', 0.9781198501586914), ('元', 0.9995397329330444), ('―', 0.6548712253570557), ('KWAh', 0.9996632933616638), ('Kvarh', 0.9905063509941101), ('88888888UaUbUc-Ia-Ib-Ic△L8◎T18', 0.9663615822792053), ('88氘§｛∩ē阀Й逆相序成功失败请购电拉闸', 0.9874221086502075)]

2022-07-26 15:53:54,527: detec_list: 接收参数：[图片路径：./photo/img11/PICTURE1\3530001000101427171442.jpg，配置文件路径：./photo/ini11 ]
识别结果：[('★', 0.9999768733978271), ('当前上18月组合反正向无有功IIIV总费率18', 0.9537138938903809), ('ABCNCOSΦ阶梯剩余需电量费价失压流功率时间段', 0.9417386054992676), ('8888888888', 0.9999434351921082), ('元', 0.9991136193275452), ('―', 0.975265622138977), ('KWAh', 0.9668530225753784), ('Kvarh', 0.9733190536499023), ('88888888UaUbUc-Ia-Ib-Ic△L8◎T18', 0.9657671451568604), ('88氘§｛∩ē阀Й逆相序成功失败请购电拉闸', 0.9267396330833435)]

2022-07-26 15:53:54,528: detec_list: 接收参数：[图片路径：./photo/img11/PICTURE1\3530001000101427171442.jpg，配置文件路径：./photo/ini11 ]
识别结果：[('★', 0.9999768733978271), ('当前上18月组合反正向无有功IIIV总费率18', 0.9537138938903809), ('ABCNCOSΦ阶梯剩余需电量费价失压流功率时间段', 0.9417386054992676), ('8888888888', 0.9999434351921082), ('元', 0.9991136193275452), ('―', 0.975265622138977), ('KWAh', 0.9668530225753784), ('Kvarh', 0.9733190536499023), ('88888888UaUbUc-Ia-Ib-Ic△L8◎T18', 0.9657671451568604), ('88氘§｛∩ē阀Й逆相序成功失败请购电拉闸', 0.9267396330833435)]

2022-07-26 15:53:58,069: detec_list: 接收参数：[图片路径：./photo/img11/PICTURE1\Inked3530001000101427171442.jpg，配置文件路径：./photo/ini11 ]
识别结果：[('★', 0.9999657869338989), ('月组合反正向无有功IIIV总费率18', 0.9603374004364014), ('ABCNCOSΦ阶梯剩余需电量费价失压流功率时间段', 0.9326954483985901), ('8888888888', 0.9999469518661499), ('元', 0.9990968704223633), ('―', 0.8219155073165894), ('KWAh', 0.9659183025360107), ('Kvarh', 0.9882582426071167), ('8UaUbUc-Ia-Ib-Ic△L8◎T18', 0.9278069138526917), ('88氘wn', 0.570067822933197), ('Й逆相序成功失败请购电拉闸', 0.9499661326408386)]

2022-07-26 15:53:58,069: detec_list: 接收参数：[图片路径：./photo/img11/PICTURE1\Inked3530001000101427171442.jpg，配置文件路径：./photo/ini11 ]
识别结果：[('★', 0.9999657869338989), ('月组合反正向无有功IIIV总费率18', 0.9603374004364014), ('ABCNCOSΦ阶梯剩余需电量费价失压流功率时间段', 0.9326954483985901), ('8888888888', 0.9999469518661499), ('元', 0.9990968704223633), ('―', 0.8219155073165894), ('KWAh', 0.9659183025360107), ('Kvarh', 0.9882582426071167), ('8UaUbUc-Ia-Ib-Ic△L8◎T18', 0.9278069138526917), ('88氘wn', 0.570067822933197), ('Й逆相序成功失败请购电拉闸', 0.9499661326408386)]

2022-07-26 15:54:01,000: detec_list: 接收参数：[图片路径：./photo/img11/PICTURE2\3530001000101427171480.jpg，配置文件路径：./photo/ini11 ]
识别结果：[('★', 0.9999829530715942), ('当前上18月组合反正向无有功IIIV总费率18', 0.9305428862571716), ('ABCNCOSΦ阶梯剩余需电量费价失压流动率时间段', 0.9645254015922546), ('8888888888', 0.9781198501586914), ('元', 0.9995397329330444), ('―', 0.6548712253570557), ('KWAh', 0.9996632933616638), ('Kvarh', 0.9905063509941101), ('88888888UaUbUc-Ia-Ib-Ic△L8◎T18', 0.9663615822792053), ('88氘§｛∩ē阀Й逆相序成功失败请购电拉闸', 0.9874221086502075)]

2022-07-26 15:54:01,000: detec_list: 接收参数：[图片路径：./photo/img11/PICTURE2\3530001000101427171480.jpg，配置文件路径：./photo/ini11 ]
识别结果：[('★', 0.9999829530715942), ('当前上18月组合反正向无有功IIIV总费率18', 0.9305428862571716), ('ABCNCOSΦ阶梯剩余需电量费价失压流动率时间段', 0.9645254015922546), ('8888888888', 0.9781198501586914), ('元', 0.9995397329330444), ('―', 0.6548712253570557), ('KWAh', 0.9996632933616638), ('Kvarh', 0.9905063509941101), ('88888888UaUbUc-Ia-Ib-Ic△L8◎T18', 0.9663615822792053), ('88氘§｛∩ē阀Й逆相序成功失败请购电拉闸', 0.9874221086502075)]

2022-07-26 15:59:14,326: detec_list: 接收参数：[图片路径：./photo/img11/PICTURE1\3530001000101427171442.jpg，配置文件路径：./photo/ini11 ]
识别结果：[('★', 0.9999768733978271), ('当前上18月组合反正向无有功IIIV总费率18', 0.9537138938903809), ('ABCNCOSΦ阶梯剩余需电量费价失压流功率时间段', 0.9417386054992676), ('8888888888', 0.9999434351921082), ('元', 0.9991136193275452), ('―', 0.975265622138977), ('KWAh', 0.9668530225753784), ('Kvarh', 0.9733190536499023), ('88888888UaUbUc-Ia-Ib-Ic△L8◎T18', 0.9657671451568604), ('88氘§｛∩ē阀Й逆相序成功失败请购电拉闸', 0.9267396330833435)]

2022-07-26 15:59:14,327: detec_list: 接收参数：[图片路径：./photo/img11/PICTURE1\3530001000101427171442.jpg，配置文件路径：./photo/ini11 ]
识别结果：[('★', 0.9999768733978271), ('当前上18月组合反正向无有功IIIV总费率18', 0.9537138938903809), ('ABCNCOSΦ阶梯剩余需电量费价失压流功率时间段', 0.9417386054992676), ('8888888888', 0.9999434351921082), ('元', 0.9991136193275452), ('―', 0.975265622138977), ('KWAh', 0.9668530225753784), ('Kvarh', 0.9733190536499023), ('88888888UaUbUc-Ia-Ib-Ic△L8◎T18', 0.9657671451568604), ('88氘§｛∩ē阀Й逆相序成功失败请购电拉闸', 0.9267396330833435)]

2022-07-26 15:59:17,911: detec_list: 接收参数：[图片路径：./photo/img11/PICTURE1\Inked3530001000101427171442.jpg，配置文件路径：./photo/ini11 ]
识别结果：[('★', 0.9999657869338989), ('月组合反正向无有功IIIV总费率18', 0.9603374004364014), ('ABCNCOSΦ阶梯剩余需电量费价失压流功率时间段', 0.9326954483985901), ('8888888888', 0.9999469518661499), ('元', 0.9990968704223633), ('―', 0.8219155073165894), ('KWAh', 0.9659183025360107), ('Kvarh', 0.9882582426071167), ('8UaUbUc-Ia-Ib-Ic△L8◎T18', 0.9278069138526917), ('88氘wn', 0.570067822933197), ('Й逆相序成功失败请购电拉闸', 0.9499661326408386)]

2022-07-26 15:59:17,911: detec_list: 接收参数：[图片路径：./photo/img11/PICTURE1\Inked3530001000101427171442.jpg，配置文件路径：./photo/ini11 ]
识别结果：[('★', 0.9999657869338989), ('月组合反正向无有功IIIV总费率18', 0.9603374004364014), ('ABCNCOSΦ阶梯剩余需电量费价失压流功率时间段', 0.9326954483985901), ('8888888888', 0.9999469518661499), ('元', 0.9990968704223633), ('―', 0.8219155073165894), ('KWAh', 0.9659183025360107), ('Kvarh', 0.9882582426071167), ('8UaUbUc-Ia-Ib-Ic△L8◎T18', 0.9278069138526917), ('88氘wn', 0.570067822933197), ('Й逆相序成功失败请购电拉闸', 0.9499661326408386)]

2022-07-26 15:59:20,872: detec_list: 接收参数：[图片路径：./photo/img11/PICTURE2\3530001000101427171480.jpg，配置文件路径：./photo/ini11 ]
识别结果：[('★', 0.9999829530715942), ('当前上18月组合反正向无有功IIIV总费率18', 0.9305428862571716), ('ABCNCOSΦ阶梯剩余需电量费价失压流动率时间段', 0.9645254015922546), ('8888888888', 0.9781198501586914), ('元', 0.9995397329330444), ('―', 0.6548712253570557), ('KWAh', 0.9996632933616638), ('Kvarh', 0.9905063509941101), ('88888888UaUbUc-Ia-Ib-Ic△L8◎T18', 0.9663615822792053), ('88氘§｛∩ē阀Й逆相序成功失败请购电拉闸', 0.9874221086502075)]

2022-07-26 15:59:20,872: detec_list: 接收参数：[图片路径：./photo/img11/PICTURE2\3530001000101427171480.jpg，配置文件路径：./photo/ini11 ]
识别结果：[('★', 0.9999829530715942), ('当前上18月组合反正向无有功IIIV总费率18', 0.9305428862571716), ('ABCNCOSΦ阶梯剩余需电量费价失压流动率时间段', 0.9645254015922546), ('8888888888', 0.9781198501586914), ('元', 0.9995397329330444), ('―', 0.6548712253570557), ('KWAh', 0.9996632933616638), ('Kvarh', 0.9905063509941101), ('88888888UaUbUc-Ia-Ib-Ic△L8◎T18', 0.9663615822792053), ('88氘§｛∩ē阀Й逆相序成功失败请购电拉闸', 0.9874221086502075)]

2022-07-26 16:05:38,200: detec_list: 接收参数：[图片路径：./photo/img11/PICTURE1\3530001000101427171442.jpg，配置文件路径：./photo/ini11 ]
识别结果：[('★', 0.9999768733978271), ('当前上18月组合反正向无有功IIIV总费率18', 0.9537138938903809), ('ABCNCOSΦ阶梯剩余需电量费价失压流功率时间段', 0.9417386054992676), ('8888888888', 0.9999434351921082), ('元', 0.9991136193275452), ('―', 0.975265622138977), ('KWAh', 0.9668530225753784), ('Kvarh', 0.9733190536499023), ('88888888UaUbUc-Ia-Ib-Ic△L8◎T18', 0.9657671451568604), ('88氘§｛∩ē阀Й逆相序成功失败请购电拉闸', 0.9267396330833435)]

2022-07-26 16:05:38,201: detec_list: 接收参数：[图片路径：./photo/img11/PICTURE1\3530001000101427171442.jpg，配置文件路径：./photo/ini11 ]
识别结果：[('★', 0.9999768733978271), ('当前上18月组合反正向无有功IIIV总费率18', 0.9537138938903809), ('ABCNCOSΦ阶梯剩余需电量费价失压流功率时间段', 0.9417386054992676), ('8888888888', 0.9999434351921082), ('元', 0.9991136193275452), ('―', 0.975265622138977), ('KWAh', 0.9668530225753784), ('Kvarh', 0.9733190536499023), ('88888888UaUbUc-Ia-Ib-Ic△L8◎T18', 0.9657671451568604), ('88氘§｛∩ē阀Й逆相序成功失败请购电拉闸', 0.9267396330833435)]

2022-07-26 16:05:41,727: detec_list: 接收参数：[图片路径：./photo/img11/PICTURE1\Inked3530001000101427171442.jpg，配置文件路径：./photo/ini11 ]
识别结果：[('★', 0.9999657869338989), ('月组合反正向无有功IIIV总费率18', 0.9603374004364014), ('ABCNCOSΦ阶梯剩余需电量费价失压流功率时间段', 0.9326954483985901), ('8888888888', 0.9999469518661499), ('元', 0.9990968704223633), ('―', 0.8219155073165894), ('KWAh', 0.9659183025360107), ('Kvarh', 0.9882582426071167), ('8UaUbUc-Ia-Ib-Ic△L8◎T18', 0.9278069138526917), ('88氘wn', 0.570067822933197), ('Й逆相序成功失败请购电拉闸', 0.9499661326408386)]

2022-07-26 16:05:41,727: detec_list: 接收参数：[图片路径：./photo/img11/PICTURE1\Inked3530001000101427171442.jpg，配置文件路径：./photo/ini11 ]
识别结果：[('★', 0.9999657869338989), ('月组合反正向无有功IIIV总费率18', 0.9603374004364014), ('ABCNCOSΦ阶梯剩余需电量费价失压流功率时间段', 0.9326954483985901), ('8888888888', 0.9999469518661499), ('元', 0.9990968704223633), ('―', 0.8219155073165894), ('KWAh', 0.9659183025360107), ('Kvarh', 0.9882582426071167), ('8UaUbUc-Ia-Ib-Ic△L8◎T18', 0.9278069138526917), ('88氘wn', 0.570067822933197), ('Й逆相序成功失败请购电拉闸', 0.9499661326408386)]

2022-07-26 16:05:44,666: detec_list: 接收参数：[图片路径：./photo/img11/PICTURE2\3530001000101427171480.jpg，配置文件路径：./photo/ini11 ]
识别结果：[('★', 0.9999829530715942), ('当前上18月组合反正向无有功IIIV总费率18', 0.9305428862571716), ('ABCNCOSΦ阶梯剩余需电量费价失压流动率时间段', 0.9645254015922546), ('8888888888', 0.9781198501586914), ('元', 0.9995397329330444), ('―', 0.6548712253570557), ('KWAh', 0.9996632933616638), ('Kvarh', 0.9905063509941101), ('88888888UaUbUc-Ia-Ib-Ic△L8◎T18', 0.9663615822792053), ('88氘§｛∩ē阀Й逆相序成功失败请购电拉闸', 0.9874221086502075)]

2022-07-26 16:05:44,666: detec_list: 接收参数：[图片路径：./photo/img11/PICTURE2\3530001000101427171480.jpg，配置文件路径：./photo/ini11 ]
识别结果：[('★', 0.9999829530715942), ('当前上18月组合反正向无有功IIIV总费率18', 0.9305428862571716), ('ABCNCOSΦ阶梯剩余需电量费价失压流动率时间段', 0.9645254015922546), ('8888888888', 0.9781198501586914), ('元', 0.9995397329330444), ('―', 0.6548712253570557), ('KWAh', 0.9996632933616638), ('Kvarh', 0.9905063509941101), ('88888888UaUbUc-Ia-Ib-Ic△L8◎T18', 0.9663615822792053), ('88氘§｛∩ē阀Й逆相序成功失败请购电拉闸', 0.9874221086502075)]

2022-07-26 16:22:16,588: detec_list: 接收参数：[图片路径：./photo/img11/PICTURE1\3530001000101427171442.jpg，配置文件路径：./photo/ini11 ]
识别结果：[('★', 0.9999768733978271), ('当前上18月组合反正向无有功IIIV总费率18', 0.9537138938903809), ('ABCNCOSΦ阶梯剩余需电量费价失压流功率时间段', 0.9417386054992676), ('8888888888', 0.9999434351921082), ('元', 0.9991136193275452), ('―', 0.975265622138977), ('KWAh', 0.9668530225753784), ('Kvarh', 0.9733190536499023), ('88888888UaUbUc-Ia-Ib-Ic△L8◎T18', 0.9657671451568604), ('88氘§｛∩ē阀Й逆相序成功失败请购电拉闸', 0.9267396330833435)]

2022-07-26 16:22:16,588: detec_list: 接收参数：[图片路径：./photo/img11/PICTURE1\3530001000101427171442.jpg，配置文件路径：./photo/ini11 ]
识别结果：[('★', 0.9999768733978271), ('当前上18月组合反正向无有功IIIV总费率18', 0.9537138938903809), ('ABCNCOSΦ阶梯剩余需电量费价失压流功率时间段', 0.9417386054992676), ('8888888888', 0.9999434351921082), ('元', 0.9991136193275452), ('―', 0.975265622138977), ('KWAh', 0.9668530225753784), ('Kvarh', 0.9733190536499023), ('88888888UaUbUc-Ia-Ib-Ic△L8◎T18', 0.9657671451568604), ('88氘§｛∩ē阀Й逆相序成功失败请购电拉闸', 0.9267396330833435)]

2022-07-26 16:22:20,034: detec_list: 接收参数：[图片路径：./photo/img11/PICTURE1\Inked3530001000101427171442.jpg，配置文件路径：./photo/ini11 ]
识别结果：[('★', 0.9999657869338989), ('月组合反正向无有功IIIV总费率18', 0.9603374004364014), ('ABCNCOSΦ阶梯剩余需电量费价失压流功率时间段', 0.9326954483985901), ('8888888888', 0.9999469518661499), ('元', 0.9990968704223633), ('―', 0.8219155073165894), ('KWAh', 0.9659183025360107), ('Kvarh', 0.9882582426071167), ('8UaUbUc-Ia-Ib-Ic△L8◎T18', 0.9278069138526917), ('88氘wn', 0.570067822933197), ('Й逆相序成功失败请购电拉闸', 0.9499661326408386)]

2022-07-26 16:22:20,034: detec_list: 接收参数：[图片路径：./photo/img11/PICTURE1\Inked3530001000101427171442.jpg，配置文件路径：./photo/ini11 ]
识别结果：[('★', 0.9999657869338989), ('月组合反正向无有功IIIV总费率18', 0.9603374004364014), ('ABCNCOSΦ阶梯剩余需电量费价失压流功率时间段', 0.9326954483985901), ('8888888888', 0.9999469518661499), ('元', 0.9990968704223633), ('―', 0.8219155073165894), ('KWAh', 0.9659183025360107), ('Kvarh', 0.9882582426071167), ('8UaUbUc-Ia-Ib-Ic△L8◎T18', 0.9278069138526917), ('88氘wn', 0.570067822933197), ('Й逆相序成功失败请购电拉闸', 0.9499661326408386)]

2022-07-26 16:22:22,905: detec_list: 接收参数：[图片路径：./photo/img11/PICTURE2\3530001000101427171480.jpg，配置文件路径：./photo/ini11 ]
识别结果：[('★', 0.9999829530715942), ('当前上18月组合反正向无有功IIIV总费率18', 0.9305428862571716), ('ABCNCOSΦ阶梯剩余需电量费价失压流动率时间段', 0.9645254015922546), ('8888888888', 0.9781198501586914), ('元', 0.9995397329330444), ('―', 0.6548712253570557), ('KWAh', 0.9996632933616638), ('Kvarh', 0.9905063509941101), ('88888888UaUbUc-Ia-Ib-Ic△L8◎T18', 0.9663615822792053), ('88氘§｛∩ē阀Й逆相序成功失败请购电拉闸', 0.9874221086502075)]

2022-07-26 16:22:22,905: detec_list: 接收参数：[图片路径：./photo/img11/PICTURE2\3530001000101427171480.jpg，配置文件路径：./photo/ini11 ]
识别结果：[('★', 0.9999829530715942), ('当前上18月组合反正向无有功IIIV总费率18', 0.9305428862571716), ('ABCNCOSΦ阶梯剩余需电量费价失压流动率时间段', 0.9645254015922546), ('8888888888', 0.9781198501586914), ('元', 0.9995397329330444), ('―', 0.6548712253570557), ('KWAh', 0.9996632933616638), ('Kvarh', 0.9905063509941101), ('88888888UaUbUc-Ia-Ib-Ic△L8◎T18', 0.9663615822792053), ('88氘§｛∩ē阀Й逆相序成功失败请购电拉闸', 0.9874221086502075)]

2022-07-26 16:47:24,343: detec_list: 接收参数：[图片路径：./photo/img11/PICTURE1\3530001000101427171442.jpg，配置文件路径：./photo/ini11 ]
识别结果：[('★', 0.9999768733978271), ('当前上18月组合反正向无有功IIIV总费率18', 0.9537138938903809), ('ABCNCOSΦ阶梯剩余需电量费价失压流功率时间段', 0.9417386054992676), ('8888888888', 0.9999434351921082), ('元', 0.9991136193275452), ('―', 0.975265622138977), ('KWAh', 0.9668530225753784), ('Kvarh', 0.9733190536499023), ('88888888UaUbUc-Ia-Ib-Ic△L8◎T18', 0.9657671451568604), ('88氘§｛∩ē阀Й逆相序成功失败请购电拉闸', 0.9267396330833435)]

2022-07-26 16:47:24,344: detec_list: 接收参数：[图片路径：./photo/img11/PICTURE1\3530001000101427171442.jpg，配置文件路径：./photo/ini11 ]
识别结果：[('★', 0.9999768733978271), ('当前上18月组合反正向无有功IIIV总费率18', 0.9537138938903809), ('ABCNCOSΦ阶梯剩余需电量费价失压流功率时间段', 0.9417386054992676), ('8888888888', 0.9999434351921082), ('元', 0.9991136193275452), ('―', 0.975265622138977), ('KWAh', 0.9668530225753784), ('Kvarh', 0.9733190536499023), ('88888888UaUbUc-Ia-Ib-Ic△L8◎T18', 0.9657671451568604), ('88氘§｛∩ē阀Й逆相序成功失败请购电拉闸', 0.9267396330833435)]

2022-07-26 16:47:27,960: detec_list: 接收参数：[图片路径：./photo/img11/PICTURE1\Inked3530001000101427171442.jpg，配置文件路径：./photo/ini11 ]
识别结果：[('★', 0.9999657869338989), ('月组合反正向无有功IIIV总费率18', 0.9603374004364014), ('ABCNCOSΦ阶梯剩余需电量费价失压流功率时间段', 0.9326954483985901), ('8888888888', 0.9999469518661499), ('元', 0.9990968704223633), ('―', 0.8219155073165894), ('KWAh', 0.9659183025360107), ('Kvarh', 0.9882582426071167), ('8UaUbUc-Ia-Ib-Ic△L8◎T18', 0.9278069138526917), ('88氘wn', 0.570067822933197), ('Й逆相序成功失败请购电拉闸', 0.9499661326408386)]

2022-07-26 16:47:27,960: detec_list: 接收参数：[图片路径：./photo/img11/PICTURE1\Inked3530001000101427171442.jpg，配置文件路径：./photo/ini11 ]
识别结果：[('★', 0.9999657869338989), ('月组合反正向无有功IIIV总费率18', 0.9603374004364014), ('ABCNCOSΦ阶梯剩余需电量费价失压流功率时间段', 0.9326954483985901), ('8888888888', 0.9999469518661499), ('元', 0.9990968704223633), ('―', 0.8219155073165894), ('KWAh', 0.9659183025360107), ('Kvarh', 0.9882582426071167), ('8UaUbUc-Ia-Ib-Ic△L8◎T18', 0.9278069138526917), ('88氘wn', 0.570067822933197), ('Й逆相序成功失败请购电拉闸', 0.9499661326408386)]

2022-07-26 16:47:30,953: detec_list: 接收参数：[图片路径：./photo/img11/PICTURE2\3530001000101427171480.jpg，配置文件路径：./photo/ini11 ]
识别结果：[('★', 0.9999829530715942), ('当前上18月组合反正向无有功IIIV总费率18', 0.9305428862571716), ('ABCNCOSΦ阶梯剩余需电量费价失压流动率时间段', 0.9645254015922546), ('8888888888', 0.9781198501586914), ('元', 0.9995397329330444), ('―', 0.6548712253570557), ('KWAh', 0.9996632933616638), ('Kvarh', 0.9905063509941101), ('88888888UaUbUc-Ia-Ib-Ic△L8◎T18', 0.9663615822792053), ('88氘§｛∩ē阀Й逆相序成功失败请购电拉闸', 0.9874221086502075)]

2022-07-26 16:47:30,953: detec_list: 接收参数：[图片路径：./photo/img11/PICTURE2\3530001000101427171480.jpg，配置文件路径：./photo/ini11 ]
识别结果：[('★', 0.9999829530715942), ('当前上18月组合反正向无有功IIIV总费率18', 0.9305428862571716), ('ABCNCOSΦ阶梯剩余需电量费价失压流动率时间段', 0.9645254015922546), ('8888888888', 0.9781198501586914), ('元', 0.9995397329330444), ('―', 0.6548712253570557), ('KWAh', 0.9996632933616638), ('Kvarh', 0.9905063509941101), ('88888888UaUbUc-Ia-Ib-Ic△L8◎T18', 0.9663615822792053), ('88氘§｛∩ē阀Й逆相序成功失败请购电拉闸', 0.9874221086502075)]

